[2026-03-12T11:05:49.649+0000] {processor.py:161} INFO - Started process (PID=95) to work on /home/airflow/.local/lib/python3.8/site-packages/airflow/example_dags/example_branch_operator.py
[2026-03-12T11:05:49.651+0000] {processor.py:830} INFO - Processing file /home/airflow/.local/lib/python3.8/site-packages/airflow/example_dags/example_branch_operator.py for tasks to queue
[2026-03-12T11:05:49.655+0000] {logging_mixin.py:188} INFO - [2026-03-12T11:05:49.655+0000] {dagbag.py:538} INFO - Filling up the DagBag from /home/airflow/.local/lib/python3.8/site-packages/airflow/example_dags/example_branch_operator.py
[2026-03-12T11:05:49.720+0000] {processor.py:840} INFO - DAG(s) 'example_branch_operator' retrieved from /home/airflow/.local/lib/python3.8/site-packages/airflow/example_dags/example_branch_operator.py
[2026-03-12T11:05:49.760+0000] {logging_mixin.py:188} INFO - [2026-03-12T11:05:49.759+0000] {dag.py:3036} INFO - Sync 1 DAGs
[2026-03-12T11:05:49.848+0000] {logging_mixin.py:188} INFO - [2026-03-12T11:05:49.847+0000] {dag.py:3823} INFO - Setting next_dagrun for example_branch_operator to 2026-03-11 00:00:00+00:00, run_after=2026-03-12 00:00:00+00:00
[2026-03-12T11:05:49.891+0000] {processor.py:183} INFO - Processing /home/airflow/.local/lib/python3.8/site-packages/airflow/example_dags/example_branch_operator.py took 0.248 seconds
[2026-03-12T11:06:20.154+0000] {processor.py:161} INFO - Started process (PID=150) to work on /home/airflow/.local/lib/python3.8/site-packages/airflow/example_dags/example_branch_operator.py
[2026-03-12T11:06:20.158+0000] {processor.py:830} INFO - Processing file /home/airflow/.local/lib/python3.8/site-packages/airflow/example_dags/example_branch_operator.py for tasks to queue
[2026-03-12T11:06:20.161+0000] {logging_mixin.py:188} INFO - [2026-03-12T11:06:20.160+0000] {dagbag.py:538} INFO - Filling up the DagBag from /home/airflow/.local/lib/python3.8/site-packages/airflow/example_dags/example_branch_operator.py
[2026-03-12T11:06:20.193+0000] {processor.py:840} INFO - DAG(s) 'example_branch_operator' retrieved from /home/airflow/.local/lib/python3.8/site-packages/airflow/example_dags/example_branch_operator.py
[2026-03-12T11:06:20.318+0000] {logging_mixin.py:188} INFO - [2026-03-12T11:06:20.317+0000] {dag.py:3036} INFO - Sync 1 DAGs
[2026-03-12T11:06:20.341+0000] {logging_mixin.py:188} INFO - [2026-03-12T11:06:20.341+0000] {dag.py:3823} INFO - Setting next_dagrun for example_branch_operator to 2026-03-11 00:00:00+00:00, run_after=2026-03-12 00:00:00+00:00
[2026-03-12T11:06:20.365+0000] {processor.py:183} INFO - Processing /home/airflow/.local/lib/python3.8/site-packages/airflow/example_dags/example_branch_operator.py took 0.216 seconds
[2026-03-12T11:06:51.237+0000] {processor.py:161} INFO - Started process (PID=205) to work on /home/airflow/.local/lib/python3.8/site-packages/airflow/example_dags/example_branch_operator.py
[2026-03-12T11:06:51.240+0000] {processor.py:830} INFO - Processing file /home/airflow/.local/lib/python3.8/site-packages/airflow/example_dags/example_branch_operator.py for tasks to queue
[2026-03-12T11:06:51.243+0000] {logging_mixin.py:188} INFO - [2026-03-12T11:06:51.242+0000] {dagbag.py:538} INFO - Filling up the DagBag from /home/airflow/.local/lib/python3.8/site-packages/airflow/example_dags/example_branch_operator.py
[2026-03-12T11:06:51.259+0000] {processor.py:840} INFO - DAG(s) 'example_branch_operator' retrieved from /home/airflow/.local/lib/python3.8/site-packages/airflow/example_dags/example_branch_operator.py
[2026-03-12T11:06:51.298+0000] {logging_mixin.py:188} INFO - [2026-03-12T11:06:51.298+0000] {dag.py:3036} INFO - Sync 1 DAGs
[2026-03-12T11:06:51.319+0000] {logging_mixin.py:188} INFO - [2026-03-12T11:06:51.319+0000] {dag.py:3823} INFO - Setting next_dagrun for example_branch_operator to 2026-03-11 00:00:00+00:00, run_after=2026-03-12 00:00:00+00:00
[2026-03-12T11:06:51.342+0000] {processor.py:183} INFO - Processing /home/airflow/.local/lib/python3.8/site-packages/airflow/example_dags/example_branch_operator.py took 0.108 seconds
[2026-03-12T11:07:21.804+0000] {processor.py:161} INFO - Started process (PID=260) to work on /home/airflow/.local/lib/python3.8/site-packages/airflow/example_dags/example_branch_operator.py
[2026-03-12T11:07:21.805+0000] {processor.py:830} INFO - Processing file /home/airflow/.local/lib/python3.8/site-packages/airflow/example_dags/example_branch_operator.py for tasks to queue
[2026-03-12T11:07:21.808+0000] {logging_mixin.py:188} INFO - [2026-03-12T11:07:21.807+0000] {dagbag.py:538} INFO - Filling up the DagBag from /home/airflow/.local/lib/python3.8/site-packages/airflow/example_dags/example_branch_operator.py
[2026-03-12T11:07:21.824+0000] {processor.py:840} INFO - DAG(s) 'example_branch_operator' retrieved from /home/airflow/.local/lib/python3.8/site-packages/airflow/example_dags/example_branch_operator.py
[2026-03-12T11:07:21.852+0000] {logging_mixin.py:188} INFO - [2026-03-12T11:07:21.852+0000] {dag.py:3036} INFO - Sync 1 DAGs
[2026-03-12T11:07:21.874+0000] {logging_mixin.py:188} INFO - [2026-03-12T11:07:21.874+0000] {dag.py:3823} INFO - Setting next_dagrun for example_branch_operator to 2026-03-11 00:00:00+00:00, run_after=2026-03-12 00:00:00+00:00
[2026-03-12T11:07:21.906+0000] {processor.py:183} INFO - Processing /home/airflow/.local/lib/python3.8/site-packages/airflow/example_dags/example_branch_operator.py took 0.105 seconds
[2026-03-12T11:07:52.362+0000] {processor.py:161} INFO - Started process (PID=315) to work on /home/airflow/.local/lib/python3.8/site-packages/airflow/example_dags/example_branch_operator.py
[2026-03-12T11:07:52.364+0000] {processor.py:830} INFO - Processing file /home/airflow/.local/lib/python3.8/site-packages/airflow/example_dags/example_branch_operator.py for tasks to queue
[2026-03-12T11:07:52.366+0000] {logging_mixin.py:188} INFO - [2026-03-12T11:07:52.366+0000] {dagbag.py:538} INFO - Filling up the DagBag from /home/airflow/.local/lib/python3.8/site-packages/airflow/example_dags/example_branch_operator.py
[2026-03-12T11:07:52.391+0000] {processor.py:840} INFO - DAG(s) 'example_branch_operator' retrieved from /home/airflow/.local/lib/python3.8/site-packages/airflow/example_dags/example_branch_operator.py
[2026-03-12T11:07:52.420+0000] {logging_mixin.py:188} INFO - [2026-03-12T11:07:52.419+0000] {dag.py:3036} INFO - Sync 1 DAGs
[2026-03-12T11:07:52.442+0000] {logging_mixin.py:188} INFO - [2026-03-12T11:07:52.442+0000] {dag.py:3823} INFO - Setting next_dagrun for example_branch_operator to 2026-03-11 00:00:00+00:00, run_after=2026-03-12 00:00:00+00:00
[2026-03-12T11:07:52.463+0000] {processor.py:183} INFO - Processing /home/airflow/.local/lib/python3.8/site-packages/airflow/example_dags/example_branch_operator.py took 0.105 seconds
[2026-03-12T11:08:22.602+0000] {processor.py:161} INFO - Started process (PID=370) to work on /home/airflow/.local/lib/python3.8/site-packages/airflow/example_dags/example_branch_operator.py
[2026-03-12T11:08:22.603+0000] {processor.py:830} INFO - Processing file /home/airflow/.local/lib/python3.8/site-packages/airflow/example_dags/example_branch_operator.py for tasks to queue
[2026-03-12T11:08:22.605+0000] {logging_mixin.py:188} INFO - [2026-03-12T11:08:22.605+0000] {dagbag.py:538} INFO - Filling up the DagBag from /home/airflow/.local/lib/python3.8/site-packages/airflow/example_dags/example_branch_operator.py
[2026-03-12T11:08:22.618+0000] {processor.py:840} INFO - DAG(s) 'example_branch_operator' retrieved from /home/airflow/.local/lib/python3.8/site-packages/airflow/example_dags/example_branch_operator.py
[2026-03-12T11:08:22.640+0000] {logging_mixin.py:188} INFO - [2026-03-12T11:08:22.640+0000] {dag.py:3036} INFO - Sync 1 DAGs
[2026-03-12T11:08:22.657+0000] {logging_mixin.py:188} INFO - [2026-03-12T11:08:22.657+0000] {dag.py:3823} INFO - Setting next_dagrun for example_branch_operator to 2026-03-11 00:00:00+00:00, run_after=2026-03-12 00:00:00+00:00
[2026-03-12T11:08:22.684+0000] {processor.py:183} INFO - Processing /home/airflow/.local/lib/python3.8/site-packages/airflow/example_dags/example_branch_operator.py took 0.084 seconds
[2026-03-12T11:08:53.422+0000] {processor.py:161} INFO - Started process (PID=425) to work on /home/airflow/.local/lib/python3.8/site-packages/airflow/example_dags/example_branch_operator.py
[2026-03-12T11:08:53.424+0000] {processor.py:830} INFO - Processing file /home/airflow/.local/lib/python3.8/site-packages/airflow/example_dags/example_branch_operator.py for tasks to queue
[2026-03-12T11:08:53.428+0000] {logging_mixin.py:188} INFO - [2026-03-12T11:08:53.428+0000] {dagbag.py:538} INFO - Filling up the DagBag from /home/airflow/.local/lib/python3.8/site-packages/airflow/example_dags/example_branch_operator.py
[2026-03-12T11:08:53.446+0000] {processor.py:840} INFO - DAG(s) 'example_branch_operator' retrieved from /home/airflow/.local/lib/python3.8/site-packages/airflow/example_dags/example_branch_operator.py
[2026-03-12T11:08:53.473+0000] {logging_mixin.py:188} INFO - [2026-03-12T11:08:53.473+0000] {dag.py:3036} INFO - Sync 1 DAGs
[2026-03-12T11:08:53.496+0000] {logging_mixin.py:188} INFO - [2026-03-12T11:08:53.495+0000] {dag.py:3823} INFO - Setting next_dagrun for example_branch_operator to 2026-03-11 00:00:00+00:00, run_after=2026-03-12 00:00:00+00:00
[2026-03-12T11:08:53.515+0000] {processor.py:183} INFO - Processing /home/airflow/.local/lib/python3.8/site-packages/airflow/example_dags/example_branch_operator.py took 0.096 seconds
[2026-03-12T11:09:24.044+0000] {processor.py:161} INFO - Started process (PID=480) to work on /home/airflow/.local/lib/python3.8/site-packages/airflow/example_dags/example_branch_operator.py
[2026-03-12T11:09:24.046+0000] {processor.py:830} INFO - Processing file /home/airflow/.local/lib/python3.8/site-packages/airflow/example_dags/example_branch_operator.py for tasks to queue
[2026-03-12T11:09:24.052+0000] {logging_mixin.py:188} INFO - [2026-03-12T11:09:24.051+0000] {dagbag.py:538} INFO - Filling up the DagBag from /home/airflow/.local/lib/python3.8/site-packages/airflow/example_dags/example_branch_operator.py
[2026-03-12T11:09:24.071+0000] {processor.py:840} INFO - DAG(s) 'example_branch_operator' retrieved from /home/airflow/.local/lib/python3.8/site-packages/airflow/example_dags/example_branch_operator.py
[2026-03-12T11:09:24.099+0000] {logging_mixin.py:188} INFO - [2026-03-12T11:09:24.099+0000] {dag.py:3036} INFO - Sync 1 DAGs
[2026-03-12T11:09:24.116+0000] {logging_mixin.py:188} INFO - [2026-03-12T11:09:24.116+0000] {dag.py:3823} INFO - Setting next_dagrun for example_branch_operator to 2026-03-11 00:00:00+00:00, run_after=2026-03-12 00:00:00+00:00
[2026-03-12T11:09:24.138+0000] {processor.py:183} INFO - Processing /home/airflow/.local/lib/python3.8/site-packages/airflow/example_dags/example_branch_operator.py took 0.099 seconds
[2026-03-12T11:09:54.280+0000] {processor.py:161} INFO - Started process (PID=535) to work on /home/airflow/.local/lib/python3.8/site-packages/airflow/example_dags/example_branch_operator.py
[2026-03-12T11:09:54.281+0000] {processor.py:830} INFO - Processing file /home/airflow/.local/lib/python3.8/site-packages/airflow/example_dags/example_branch_operator.py for tasks to queue
[2026-03-12T11:09:54.283+0000] {logging_mixin.py:188} INFO - [2026-03-12T11:09:54.283+0000] {dagbag.py:538} INFO - Filling up the DagBag from /home/airflow/.local/lib/python3.8/site-packages/airflow/example_dags/example_branch_operator.py
[2026-03-12T11:09:54.298+0000] {processor.py:840} INFO - DAG(s) 'example_branch_operator' retrieved from /home/airflow/.local/lib/python3.8/site-packages/airflow/example_dags/example_branch_operator.py
[2026-03-12T11:09:54.319+0000] {logging_mixin.py:188} INFO - [2026-03-12T11:09:54.318+0000] {dag.py:3036} INFO - Sync 1 DAGs
[2026-03-12T11:09:54.336+0000] {logging_mixin.py:188} INFO - [2026-03-12T11:09:54.336+0000] {dag.py:3823} INFO - Setting next_dagrun for example_branch_operator to 2026-03-11 00:00:00+00:00, run_after=2026-03-12 00:00:00+00:00
[2026-03-12T11:09:54.354+0000] {processor.py:183} INFO - Processing /home/airflow/.local/lib/python3.8/site-packages/airflow/example_dags/example_branch_operator.py took 0.077 seconds
[2026-03-12T11:10:25.184+0000] {processor.py:161} INFO - Started process (PID=590) to work on /home/airflow/.local/lib/python3.8/site-packages/airflow/example_dags/example_branch_operator.py
[2026-03-12T11:10:25.186+0000] {processor.py:830} INFO - Processing file /home/airflow/.local/lib/python3.8/site-packages/airflow/example_dags/example_branch_operator.py for tasks to queue
[2026-03-12T11:10:25.191+0000] {logging_mixin.py:188} INFO - [2026-03-12T11:10:25.190+0000] {dagbag.py:538} INFO - Filling up the DagBag from /home/airflow/.local/lib/python3.8/site-packages/airflow/example_dags/example_branch_operator.py
[2026-03-12T11:10:25.213+0000] {processor.py:840} INFO - DAG(s) 'example_branch_operator' retrieved from /home/airflow/.local/lib/python3.8/site-packages/airflow/example_dags/example_branch_operator.py
[2026-03-12T11:10:25.247+0000] {logging_mixin.py:188} INFO - [2026-03-12T11:10:25.247+0000] {dag.py:3036} INFO - Sync 1 DAGs
[2026-03-12T11:10:25.273+0000] {logging_mixin.py:188} INFO - [2026-03-12T11:10:25.273+0000] {dag.py:3823} INFO - Setting next_dagrun for example_branch_operator to 2026-03-11 00:00:00+00:00, run_after=2026-03-12 00:00:00+00:00
[2026-03-12T11:10:25.295+0000] {processor.py:183} INFO - Processing /home/airflow/.local/lib/python3.8/site-packages/airflow/example_dags/example_branch_operator.py took 0.114 seconds
[2026-03-12T11:10:55.581+0000] {processor.py:161} INFO - Started process (PID=646) to work on /home/airflow/.local/lib/python3.8/site-packages/airflow/example_dags/example_branch_operator.py
[2026-03-12T11:10:55.583+0000] {processor.py:830} INFO - Processing file /home/airflow/.local/lib/python3.8/site-packages/airflow/example_dags/example_branch_operator.py for tasks to queue
[2026-03-12T11:10:55.585+0000] {logging_mixin.py:188} INFO - [2026-03-12T11:10:55.584+0000] {dagbag.py:538} INFO - Filling up the DagBag from /home/airflow/.local/lib/python3.8/site-packages/airflow/example_dags/example_branch_operator.py
[2026-03-12T11:10:55.599+0000] {processor.py:840} INFO - DAG(s) 'example_branch_operator' retrieved from /home/airflow/.local/lib/python3.8/site-packages/airflow/example_dags/example_branch_operator.py
[2026-03-12T11:10:55.619+0000] {logging_mixin.py:188} INFO - [2026-03-12T11:10:55.619+0000] {dag.py:3036} INFO - Sync 1 DAGs
[2026-03-12T11:10:55.637+0000] {logging_mixin.py:188} INFO - [2026-03-12T11:10:55.637+0000] {dag.py:3823} INFO - Setting next_dagrun for example_branch_operator to 2026-03-11 00:00:00+00:00, run_after=2026-03-12 00:00:00+00:00
[2026-03-12T11:10:55.653+0000] {processor.py:183} INFO - Processing /home/airflow/.local/lib/python3.8/site-packages/airflow/example_dags/example_branch_operator.py took 0.075 seconds
[2026-03-12T11:11:25.830+0000] {processor.py:161} INFO - Started process (PID=702) to work on /home/airflow/.local/lib/python3.8/site-packages/airflow/example_dags/example_branch_operator.py
[2026-03-12T11:11:25.831+0000] {processor.py:830} INFO - Processing file /home/airflow/.local/lib/python3.8/site-packages/airflow/example_dags/example_branch_operator.py for tasks to queue
[2026-03-12T11:11:25.833+0000] {logging_mixin.py:188} INFO - [2026-03-12T11:11:25.833+0000] {dagbag.py:538} INFO - Filling up the DagBag from /home/airflow/.local/lib/python3.8/site-packages/airflow/example_dags/example_branch_operator.py
[2026-03-12T11:11:25.850+0000] {processor.py:840} INFO - DAG(s) 'example_branch_operator' retrieved from /home/airflow/.local/lib/python3.8/site-packages/airflow/example_dags/example_branch_operator.py
[2026-03-12T11:11:25.873+0000] {logging_mixin.py:188} INFO - [2026-03-12T11:11:25.873+0000] {dag.py:3036} INFO - Sync 1 DAGs
[2026-03-12T11:11:25.894+0000] {logging_mixin.py:188} INFO - [2026-03-12T11:11:25.893+0000] {dag.py:3823} INFO - Setting next_dagrun for example_branch_operator to 2026-03-11 00:00:00+00:00, run_after=2026-03-12 00:00:00+00:00
[2026-03-12T11:11:25.911+0000] {processor.py:183} INFO - Processing /home/airflow/.local/lib/python3.8/site-packages/airflow/example_dags/example_branch_operator.py took 0.085 seconds
[2026-03-12T11:11:56.005+0000] {processor.py:161} INFO - Started process (PID=759) to work on /home/airflow/.local/lib/python3.8/site-packages/airflow/example_dags/example_branch_operator.py
[2026-03-12T11:11:56.009+0000] {processor.py:830} INFO - Processing file /home/airflow/.local/lib/python3.8/site-packages/airflow/example_dags/example_branch_operator.py for tasks to queue
[2026-03-12T11:11:56.013+0000] {logging_mixin.py:188} INFO - [2026-03-12T11:11:56.012+0000] {dagbag.py:538} INFO - Filling up the DagBag from /home/airflow/.local/lib/python3.8/site-packages/airflow/example_dags/example_branch_operator.py
[2026-03-12T11:11:56.034+0000] {processor.py:840} INFO - DAG(s) 'example_branch_operator' retrieved from /home/airflow/.local/lib/python3.8/site-packages/airflow/example_dags/example_branch_operator.py
[2026-03-12T11:11:56.057+0000] {logging_mixin.py:188} INFO - [2026-03-12T11:11:56.057+0000] {dag.py:3036} INFO - Sync 1 DAGs
[2026-03-12T11:11:56.076+0000] {logging_mixin.py:188} INFO - [2026-03-12T11:11:56.076+0000] {dag.py:3823} INFO - Setting next_dagrun for example_branch_operator to 2026-03-11 00:00:00+00:00, run_after=2026-03-12 00:00:00+00:00
[2026-03-12T11:11:56.093+0000] {processor.py:183} INFO - Processing /home/airflow/.local/lib/python3.8/site-packages/airflow/example_dags/example_branch_operator.py took 0.092 seconds
[2026-03-12T11:12:26.508+0000] {processor.py:161} INFO - Started process (PID=815) to work on /home/airflow/.local/lib/python3.8/site-packages/airflow/example_dags/example_branch_operator.py
[2026-03-12T11:12:26.510+0000] {processor.py:830} INFO - Processing file /home/airflow/.local/lib/python3.8/site-packages/airflow/example_dags/example_branch_operator.py for tasks to queue
[2026-03-12T11:12:26.512+0000] {logging_mixin.py:188} INFO - [2026-03-12T11:12:26.511+0000] {dagbag.py:538} INFO - Filling up the DagBag from /home/airflow/.local/lib/python3.8/site-packages/airflow/example_dags/example_branch_operator.py
[2026-03-12T11:12:26.526+0000] {processor.py:840} INFO - DAG(s) 'example_branch_operator' retrieved from /home/airflow/.local/lib/python3.8/site-packages/airflow/example_dags/example_branch_operator.py
[2026-03-12T11:12:26.545+0000] {logging_mixin.py:188} INFO - [2026-03-12T11:12:26.545+0000] {dag.py:3036} INFO - Sync 1 DAGs
[2026-03-12T11:12:26.562+0000] {logging_mixin.py:188} INFO - [2026-03-12T11:12:26.561+0000] {dag.py:3823} INFO - Setting next_dagrun for example_branch_operator to 2026-03-11 00:00:00+00:00, run_after=2026-03-12 00:00:00+00:00
[2026-03-12T11:12:26.578+0000] {processor.py:183} INFO - Processing /home/airflow/.local/lib/python3.8/site-packages/airflow/example_dags/example_branch_operator.py took 0.073 seconds
[2026-03-12T11:12:57.378+0000] {processor.py:161} INFO - Started process (PID=871) to work on /home/airflow/.local/lib/python3.8/site-packages/airflow/example_dags/example_branch_operator.py
[2026-03-12T11:12:57.379+0000] {processor.py:830} INFO - Processing file /home/airflow/.local/lib/python3.8/site-packages/airflow/example_dags/example_branch_operator.py for tasks to queue
[2026-03-12T11:12:57.382+0000] {logging_mixin.py:188} INFO - [2026-03-12T11:12:57.382+0000] {dagbag.py:538} INFO - Filling up the DagBag from /home/airflow/.local/lib/python3.8/site-packages/airflow/example_dags/example_branch_operator.py
[2026-03-12T11:12:57.406+0000] {processor.py:840} INFO - DAG(s) 'example_branch_operator' retrieved from /home/airflow/.local/lib/python3.8/site-packages/airflow/example_dags/example_branch_operator.py
[2026-03-12T11:12:57.438+0000] {logging_mixin.py:188} INFO - [2026-03-12T11:12:57.438+0000] {dag.py:3036} INFO - Sync 1 DAGs
[2026-03-12T11:12:57.463+0000] {logging_mixin.py:188} INFO - [2026-03-12T11:12:57.462+0000] {dag.py:3823} INFO - Setting next_dagrun for example_branch_operator to 2026-03-11 00:00:00+00:00, run_after=2026-03-12 00:00:00+00:00
[2026-03-12T11:12:57.486+0000] {processor.py:183} INFO - Processing /home/airflow/.local/lib/python3.8/site-packages/airflow/example_dags/example_branch_operator.py took 0.112 seconds
[2026-03-12T11:13:27.576+0000] {processor.py:161} INFO - Started process (PID=927) to work on /home/airflow/.local/lib/python3.8/site-packages/airflow/example_dags/example_branch_operator.py
[2026-03-12T11:13:27.577+0000] {processor.py:830} INFO - Processing file /home/airflow/.local/lib/python3.8/site-packages/airflow/example_dags/example_branch_operator.py for tasks to queue
[2026-03-12T11:13:27.580+0000] {logging_mixin.py:188} INFO - [2026-03-12T11:13:27.579+0000] {dagbag.py:538} INFO - Filling up the DagBag from /home/airflow/.local/lib/python3.8/site-packages/airflow/example_dags/example_branch_operator.py
[2026-03-12T11:13:27.594+0000] {processor.py:840} INFO - DAG(s) 'example_branch_operator' retrieved from /home/airflow/.local/lib/python3.8/site-packages/airflow/example_dags/example_branch_operator.py
[2026-03-12T11:13:27.617+0000] {logging_mixin.py:188} INFO - [2026-03-12T11:13:27.617+0000] {dag.py:3036} INFO - Sync 1 DAGs
[2026-03-12T11:13:27.636+0000] {logging_mixin.py:188} INFO - [2026-03-12T11:13:27.636+0000] {dag.py:3823} INFO - Setting next_dagrun for example_branch_operator to 2026-03-11 00:00:00+00:00, run_after=2026-03-12 00:00:00+00:00
[2026-03-12T11:13:27.653+0000] {processor.py:183} INFO - Processing /home/airflow/.local/lib/python3.8/site-packages/airflow/example_dags/example_branch_operator.py took 0.080 seconds
[2026-03-12T11:13:57.828+0000] {processor.py:161} INFO - Started process (PID=983) to work on /home/airflow/.local/lib/python3.8/site-packages/airflow/example_dags/example_branch_operator.py
[2026-03-12T11:13:57.829+0000] {processor.py:830} INFO - Processing file /home/airflow/.local/lib/python3.8/site-packages/airflow/example_dags/example_branch_operator.py for tasks to queue
[2026-03-12T11:13:57.831+0000] {logging_mixin.py:188} INFO - [2026-03-12T11:13:57.831+0000] {dagbag.py:538} INFO - Filling up the DagBag from /home/airflow/.local/lib/python3.8/site-packages/airflow/example_dags/example_branch_operator.py
[2026-03-12T11:13:57.848+0000] {processor.py:840} INFO - DAG(s) 'example_branch_operator' retrieved from /home/airflow/.local/lib/python3.8/site-packages/airflow/example_dags/example_branch_operator.py
[2026-03-12T11:13:57.873+0000] {logging_mixin.py:188} INFO - [2026-03-12T11:13:57.872+0000] {dag.py:3036} INFO - Sync 1 DAGs
[2026-03-12T11:13:57.892+0000] {logging_mixin.py:188} INFO - [2026-03-12T11:13:57.892+0000] {dag.py:3823} INFO - Setting next_dagrun for example_branch_operator to 2026-03-11 00:00:00+00:00, run_after=2026-03-12 00:00:00+00:00
[2026-03-12T11:13:57.910+0000] {processor.py:183} INFO - Processing /home/airflow/.local/lib/python3.8/site-packages/airflow/example_dags/example_branch_operator.py took 0.086 seconds
[2026-03-12T11:14:28.397+0000] {processor.py:161} INFO - Started process (PID=1039) to work on /home/airflow/.local/lib/python3.8/site-packages/airflow/example_dags/example_branch_operator.py
[2026-03-12T11:14:28.398+0000] {processor.py:830} INFO - Processing file /home/airflow/.local/lib/python3.8/site-packages/airflow/example_dags/example_branch_operator.py for tasks to queue
[2026-03-12T11:14:28.400+0000] {logging_mixin.py:188} INFO - [2026-03-12T11:14:28.400+0000] {dagbag.py:538} INFO - Filling up the DagBag from /home/airflow/.local/lib/python3.8/site-packages/airflow/example_dags/example_branch_operator.py
[2026-03-12T11:14:28.413+0000] {processor.py:840} INFO - DAG(s) 'example_branch_operator' retrieved from /home/airflow/.local/lib/python3.8/site-packages/airflow/example_dags/example_branch_operator.py
[2026-03-12T11:14:28.436+0000] {logging_mixin.py:188} INFO - [2026-03-12T11:14:28.435+0000] {dag.py:3036} INFO - Sync 1 DAGs
[2026-03-12T11:14:28.454+0000] {logging_mixin.py:188} INFO - [2026-03-12T11:14:28.454+0000] {dag.py:3823} INFO - Setting next_dagrun for example_branch_operator to 2026-03-11 00:00:00+00:00, run_after=2026-03-12 00:00:00+00:00
[2026-03-12T11:14:28.473+0000] {processor.py:183} INFO - Processing /home/airflow/.local/lib/python3.8/site-packages/airflow/example_dags/example_branch_operator.py took 0.079 seconds
[2026-03-12T11:14:58.567+0000] {processor.py:161} INFO - Started process (PID=1095) to work on /home/airflow/.local/lib/python3.8/site-packages/airflow/example_dags/example_branch_operator.py
[2026-03-12T11:14:58.568+0000] {processor.py:830} INFO - Processing file /home/airflow/.local/lib/python3.8/site-packages/airflow/example_dags/example_branch_operator.py for tasks to queue
[2026-03-12T11:14:58.570+0000] {logging_mixin.py:188} INFO - [2026-03-12T11:14:58.570+0000] {dagbag.py:538} INFO - Filling up the DagBag from /home/airflow/.local/lib/python3.8/site-packages/airflow/example_dags/example_branch_operator.py
[2026-03-12T11:14:58.583+0000] {processor.py:840} INFO - DAG(s) 'example_branch_operator' retrieved from /home/airflow/.local/lib/python3.8/site-packages/airflow/example_dags/example_branch_operator.py
[2026-03-12T11:14:58.605+0000] {logging_mixin.py:188} INFO - [2026-03-12T11:14:58.605+0000] {dag.py:3036} INFO - Sync 1 DAGs
[2026-03-12T11:14:58.624+0000] {logging_mixin.py:188} INFO - [2026-03-12T11:14:58.624+0000] {dag.py:3823} INFO - Setting next_dagrun for example_branch_operator to 2026-03-11 00:00:00+00:00, run_after=2026-03-12 00:00:00+00:00
[2026-03-12T11:14:58.641+0000] {processor.py:183} INFO - Processing /home/airflow/.local/lib/python3.8/site-packages/airflow/example_dags/example_branch_operator.py took 0.077 seconds
[2026-03-12T11:15:28.976+0000] {processor.py:161} INFO - Started process (PID=1151) to work on /home/airflow/.local/lib/python3.8/site-packages/airflow/example_dags/example_branch_operator.py
[2026-03-12T11:15:28.979+0000] {processor.py:830} INFO - Processing file /home/airflow/.local/lib/python3.8/site-packages/airflow/example_dags/example_branch_operator.py for tasks to queue
[2026-03-12T11:15:28.981+0000] {logging_mixin.py:188} INFO - [2026-03-12T11:15:28.981+0000] {dagbag.py:538} INFO - Filling up the DagBag from /home/airflow/.local/lib/python3.8/site-packages/airflow/example_dags/example_branch_operator.py
[2026-03-12T11:15:28.996+0000] {processor.py:840} INFO - DAG(s) 'example_branch_operator' retrieved from /home/airflow/.local/lib/python3.8/site-packages/airflow/example_dags/example_branch_operator.py
[2026-03-12T11:15:29.018+0000] {logging_mixin.py:188} INFO - [2026-03-12T11:15:29.018+0000] {dag.py:3036} INFO - Sync 1 DAGs
[2026-03-12T11:15:29.037+0000] {logging_mixin.py:188} INFO - [2026-03-12T11:15:29.037+0000] {dag.py:3823} INFO - Setting next_dagrun for example_branch_operator to 2026-03-11 00:00:00+00:00, run_after=2026-03-12 00:00:00+00:00
[2026-03-12T11:15:29.055+0000] {processor.py:183} INFO - Processing /home/airflow/.local/lib/python3.8/site-packages/airflow/example_dags/example_branch_operator.py took 0.082 seconds
