[2026-03-12T11:05:46.590+0000] {processor.py:161} INFO - Started process (PID=67) to work on /home/airflow/.local/lib/python3.8/site-packages/airflow/example_dags/example_task_group_decorator.py
[2026-03-12T11:05:46.592+0000] {processor.py:830} INFO - Processing file /home/airflow/.local/lib/python3.8/site-packages/airflow/example_dags/example_task_group_decorator.py for tasks to queue
[2026-03-12T11:05:46.597+0000] {logging_mixin.py:188} INFO - [2026-03-12T11:05:46.595+0000] {dagbag.py:538} INFO - Filling up the DagBag from /home/airflow/.local/lib/python3.8/site-packages/airflow/example_dags/example_task_group_decorator.py
[2026-03-12T11:05:46.673+0000] {processor.py:840} INFO - DAG(s) 'example_task_group_decorator' retrieved from /home/airflow/.local/lib/python3.8/site-packages/airflow/example_dags/example_task_group_decorator.py
[2026-03-12T11:05:46.701+0000] {logging_mixin.py:188} INFO - [2026-03-12T11:05:46.701+0000] {dag.py:3036} INFO - Sync 1 DAGs
[2026-03-12T11:05:46.782+0000] {logging_mixin.py:188} INFO - [2026-03-12T11:05:46.782+0000] {dag.py:3823} INFO - Setting next_dagrun for example_task_group_decorator to 2026-03-11 00:00:00+00:00, run_after=2026-03-12 00:00:00+00:00
[2026-03-12T11:05:46.831+0000] {processor.py:183} INFO - Processing /home/airflow/.local/lib/python3.8/site-packages/airflow/example_dags/example_task_group_decorator.py took 0.263 seconds
[2026-03-12T11:06:16.938+0000] {processor.py:161} INFO - Started process (PID=122) to work on /home/airflow/.local/lib/python3.8/site-packages/airflow/example_dags/example_task_group_decorator.py
[2026-03-12T11:06:16.940+0000] {processor.py:830} INFO - Processing file /home/airflow/.local/lib/python3.8/site-packages/airflow/example_dags/example_task_group_decorator.py for tasks to queue
[2026-03-12T11:06:16.943+0000] {logging_mixin.py:188} INFO - [2026-03-12T11:06:16.942+0000] {dagbag.py:538} INFO - Filling up the DagBag from /home/airflow/.local/lib/python3.8/site-packages/airflow/example_dags/example_task_group_decorator.py
[2026-03-12T11:06:16.964+0000] {processor.py:840} INFO - DAG(s) 'example_task_group_decorator' retrieved from /home/airflow/.local/lib/python3.8/site-packages/airflow/example_dags/example_task_group_decorator.py
[2026-03-12T11:06:17.079+0000] {logging_mixin.py:188} INFO - [2026-03-12T11:06:17.079+0000] {dag.py:3036} INFO - Sync 1 DAGs
[2026-03-12T11:06:17.099+0000] {logging_mixin.py:188} INFO - [2026-03-12T11:06:17.098+0000] {dag.py:3823} INFO - Setting next_dagrun for example_task_group_decorator to 2026-03-11 00:00:00+00:00, run_after=2026-03-12 00:00:00+00:00
[2026-03-12T11:06:17.122+0000] {processor.py:183} INFO - Processing /home/airflow/.local/lib/python3.8/site-packages/airflow/example_dags/example_task_group_decorator.py took 0.188 seconds
[2026-03-12T11:06:47.550+0000] {processor.py:161} INFO - Started process (PID=177) to work on /home/airflow/.local/lib/python3.8/site-packages/airflow/example_dags/example_task_group_decorator.py
[2026-03-12T11:06:47.552+0000] {processor.py:830} INFO - Processing file /home/airflow/.local/lib/python3.8/site-packages/airflow/example_dags/example_task_group_decorator.py for tasks to queue
[2026-03-12T11:06:47.554+0000] {logging_mixin.py:188} INFO - [2026-03-12T11:06:47.554+0000] {dagbag.py:538} INFO - Filling up the DagBag from /home/airflow/.local/lib/python3.8/site-packages/airflow/example_dags/example_task_group_decorator.py
[2026-03-12T11:06:47.569+0000] {processor.py:840} INFO - DAG(s) 'example_task_group_decorator' retrieved from /home/airflow/.local/lib/python3.8/site-packages/airflow/example_dags/example_task_group_decorator.py
[2026-03-12T11:06:47.591+0000] {logging_mixin.py:188} INFO - [2026-03-12T11:06:47.591+0000] {dag.py:3036} INFO - Sync 1 DAGs
[2026-03-12T11:06:47.611+0000] {logging_mixin.py:188} INFO - [2026-03-12T11:06:47.611+0000] {dag.py:3823} INFO - Setting next_dagrun for example_task_group_decorator to 2026-03-11 00:00:00+00:00, run_after=2026-03-12 00:00:00+00:00
[2026-03-12T11:06:47.629+0000] {processor.py:183} INFO - Processing /home/airflow/.local/lib/python3.8/site-packages/airflow/example_dags/example_task_group_decorator.py took 0.083 seconds
[2026-03-12T11:07:18.576+0000] {processor.py:161} INFO - Started process (PID=238) to work on /home/airflow/.local/lib/python3.8/site-packages/airflow/example_dags/example_task_group_decorator.py
[2026-03-12T11:07:18.578+0000] {processor.py:830} INFO - Processing file /home/airflow/.local/lib/python3.8/site-packages/airflow/example_dags/example_task_group_decorator.py for tasks to queue
[2026-03-12T11:07:18.580+0000] {logging_mixin.py:188} INFO - [2026-03-12T11:07:18.580+0000] {dagbag.py:538} INFO - Filling up the DagBag from /home/airflow/.local/lib/python3.8/site-packages/airflow/example_dags/example_task_group_decorator.py
[2026-03-12T11:07:18.592+0000] {processor.py:840} INFO - DAG(s) 'example_task_group_decorator' retrieved from /home/airflow/.local/lib/python3.8/site-packages/airflow/example_dags/example_task_group_decorator.py
[2026-03-12T11:07:18.611+0000] {logging_mixin.py:188} INFO - [2026-03-12T11:07:18.611+0000] {dag.py:3036} INFO - Sync 1 DAGs
[2026-03-12T11:07:18.627+0000] {logging_mixin.py:188} INFO - [2026-03-12T11:07:18.627+0000] {dag.py:3823} INFO - Setting next_dagrun for example_task_group_decorator to 2026-03-11 00:00:00+00:00, run_after=2026-03-12 00:00:00+00:00
[2026-03-12T11:07:18.644+0000] {processor.py:183} INFO - Processing /home/airflow/.local/lib/python3.8/site-packages/airflow/example_dags/example_task_group_decorator.py took 0.071 seconds
[2026-03-12T11:07:48.901+0000] {processor.py:161} INFO - Started process (PID=293) to work on /home/airflow/.local/lib/python3.8/site-packages/airflow/example_dags/example_task_group_decorator.py
[2026-03-12T11:07:48.903+0000] {processor.py:830} INFO - Processing file /home/airflow/.local/lib/python3.8/site-packages/airflow/example_dags/example_task_group_decorator.py for tasks to queue
[2026-03-12T11:07:48.906+0000] {logging_mixin.py:188} INFO - [2026-03-12T11:07:48.905+0000] {dagbag.py:538} INFO - Filling up the DagBag from /home/airflow/.local/lib/python3.8/site-packages/airflow/example_dags/example_task_group_decorator.py
[2026-03-12T11:07:48.918+0000] {processor.py:840} INFO - DAG(s) 'example_task_group_decorator' retrieved from /home/airflow/.local/lib/python3.8/site-packages/airflow/example_dags/example_task_group_decorator.py
[2026-03-12T11:07:48.943+0000] {logging_mixin.py:188} INFO - [2026-03-12T11:07:48.943+0000] {dag.py:3036} INFO - Sync 1 DAGs
[2026-03-12T11:07:48.966+0000] {logging_mixin.py:188} INFO - [2026-03-12T11:07:48.966+0000] {dag.py:3823} INFO - Setting next_dagrun for example_task_group_decorator to 2026-03-11 00:00:00+00:00, run_after=2026-03-12 00:00:00+00:00
[2026-03-12T11:07:48.990+0000] {processor.py:183} INFO - Processing /home/airflow/.local/lib/python3.8/site-packages/airflow/example_dags/example_task_group_decorator.py took 0.092 seconds
[2026-03-12T11:08:19.285+0000] {processor.py:161} INFO - Started process (PID=348) to work on /home/airflow/.local/lib/python3.8/site-packages/airflow/example_dags/example_task_group_decorator.py
[2026-03-12T11:08:19.286+0000] {processor.py:830} INFO - Processing file /home/airflow/.local/lib/python3.8/site-packages/airflow/example_dags/example_task_group_decorator.py for tasks to queue
[2026-03-12T11:08:19.290+0000] {logging_mixin.py:188} INFO - [2026-03-12T11:08:19.290+0000] {dagbag.py:538} INFO - Filling up the DagBag from /home/airflow/.local/lib/python3.8/site-packages/airflow/example_dags/example_task_group_decorator.py
[2026-03-12T11:08:19.302+0000] {processor.py:840} INFO - DAG(s) 'example_task_group_decorator' retrieved from /home/airflow/.local/lib/python3.8/site-packages/airflow/example_dags/example_task_group_decorator.py
[2026-03-12T11:08:19.325+0000] {logging_mixin.py:188} INFO - [2026-03-12T11:08:19.325+0000] {dag.py:3036} INFO - Sync 1 DAGs
[2026-03-12T11:08:19.341+0000] {logging_mixin.py:188} INFO - [2026-03-12T11:08:19.341+0000] {dag.py:3823} INFO - Setting next_dagrun for example_task_group_decorator to 2026-03-11 00:00:00+00:00, run_after=2026-03-12 00:00:00+00:00
[2026-03-12T11:08:19.362+0000] {processor.py:183} INFO - Processing /home/airflow/.local/lib/python3.8/site-packages/airflow/example_dags/example_task_group_decorator.py took 0.080 seconds
[2026-03-12T11:08:49.910+0000] {processor.py:161} INFO - Started process (PID=403) to work on /home/airflow/.local/lib/python3.8/site-packages/airflow/example_dags/example_task_group_decorator.py
[2026-03-12T11:08:49.912+0000] {processor.py:830} INFO - Processing file /home/airflow/.local/lib/python3.8/site-packages/airflow/example_dags/example_task_group_decorator.py for tasks to queue
[2026-03-12T11:08:49.914+0000] {logging_mixin.py:188} INFO - [2026-03-12T11:08:49.914+0000] {dagbag.py:538} INFO - Filling up the DagBag from /home/airflow/.local/lib/python3.8/site-packages/airflow/example_dags/example_task_group_decorator.py
[2026-03-12T11:08:49.928+0000] {processor.py:840} INFO - DAG(s) 'example_task_group_decorator' retrieved from /home/airflow/.local/lib/python3.8/site-packages/airflow/example_dags/example_task_group_decorator.py
[2026-03-12T11:08:49.960+0000] {logging_mixin.py:188} INFO - [2026-03-12T11:08:49.959+0000] {dag.py:3036} INFO - Sync 1 DAGs
[2026-03-12T11:08:49.985+0000] {logging_mixin.py:188} INFO - [2026-03-12T11:08:49.984+0000] {dag.py:3823} INFO - Setting next_dagrun for example_task_group_decorator to 2026-03-11 00:00:00+00:00, run_after=2026-03-12 00:00:00+00:00
[2026-03-12T11:08:50.009+0000] {processor.py:183} INFO - Processing /home/airflow/.local/lib/python3.8/site-packages/airflow/example_dags/example_task_group_decorator.py took 0.102 seconds
[2026-03-12T11:09:20.637+0000] {processor.py:161} INFO - Started process (PID=458) to work on /home/airflow/.local/lib/python3.8/site-packages/airflow/example_dags/example_task_group_decorator.py
[2026-03-12T11:09:20.639+0000] {processor.py:830} INFO - Processing file /home/airflow/.local/lib/python3.8/site-packages/airflow/example_dags/example_task_group_decorator.py for tasks to queue
[2026-03-12T11:09:20.641+0000] {logging_mixin.py:188} INFO - [2026-03-12T11:09:20.641+0000] {dagbag.py:538} INFO - Filling up the DagBag from /home/airflow/.local/lib/python3.8/site-packages/airflow/example_dags/example_task_group_decorator.py
[2026-03-12T11:09:20.654+0000] {processor.py:840} INFO - DAG(s) 'example_task_group_decorator' retrieved from /home/airflow/.local/lib/python3.8/site-packages/airflow/example_dags/example_task_group_decorator.py
[2026-03-12T11:09:20.680+0000] {logging_mixin.py:188} INFO - [2026-03-12T11:09:20.680+0000] {dag.py:3036} INFO - Sync 1 DAGs
[2026-03-12T11:09:20.703+0000] {logging_mixin.py:188} INFO - [2026-03-12T11:09:20.703+0000] {dag.py:3823} INFO - Setting next_dagrun for example_task_group_decorator to 2026-03-11 00:00:00+00:00, run_after=2026-03-12 00:00:00+00:00
[2026-03-12T11:09:20.724+0000] {processor.py:183} INFO - Processing /home/airflow/.local/lib/python3.8/site-packages/airflow/example_dags/example_task_group_decorator.py took 0.090 seconds
[2026-03-12T11:09:51.488+0000] {processor.py:161} INFO - Started process (PID=513) to work on /home/airflow/.local/lib/python3.8/site-packages/airflow/example_dags/example_task_group_decorator.py
[2026-03-12T11:09:51.490+0000] {processor.py:830} INFO - Processing file /home/airflow/.local/lib/python3.8/site-packages/airflow/example_dags/example_task_group_decorator.py for tasks to queue
[2026-03-12T11:09:51.492+0000] {logging_mixin.py:188} INFO - [2026-03-12T11:09:51.492+0000] {dagbag.py:538} INFO - Filling up the DagBag from /home/airflow/.local/lib/python3.8/site-packages/airflow/example_dags/example_task_group_decorator.py
[2026-03-12T11:09:51.505+0000] {processor.py:840} INFO - DAG(s) 'example_task_group_decorator' retrieved from /home/airflow/.local/lib/python3.8/site-packages/airflow/example_dags/example_task_group_decorator.py
[2026-03-12T11:09:51.526+0000] {logging_mixin.py:188} INFO - [2026-03-12T11:09:51.526+0000] {dag.py:3036} INFO - Sync 1 DAGs
[2026-03-12T11:09:51.545+0000] {logging_mixin.py:188} INFO - [2026-03-12T11:09:51.544+0000] {dag.py:3823} INFO - Setting next_dagrun for example_task_group_decorator to 2026-03-11 00:00:00+00:00, run_after=2026-03-12 00:00:00+00:00
[2026-03-12T11:09:51.567+0000] {processor.py:183} INFO - Processing /home/airflow/.local/lib/python3.8/site-packages/airflow/example_dags/example_task_group_decorator.py took 0.082 seconds
[2026-03-12T11:10:21.901+0000] {processor.py:161} INFO - Started process (PID=568) to work on /home/airflow/.local/lib/python3.8/site-packages/airflow/example_dags/example_task_group_decorator.py
[2026-03-12T11:10:21.902+0000] {processor.py:830} INFO - Processing file /home/airflow/.local/lib/python3.8/site-packages/airflow/example_dags/example_task_group_decorator.py for tasks to queue
[2026-03-12T11:10:21.904+0000] {logging_mixin.py:188} INFO - [2026-03-12T11:10:21.904+0000] {dagbag.py:538} INFO - Filling up the DagBag from /home/airflow/.local/lib/python3.8/site-packages/airflow/example_dags/example_task_group_decorator.py
[2026-03-12T11:10:21.915+0000] {processor.py:840} INFO - DAG(s) 'example_task_group_decorator' retrieved from /home/airflow/.local/lib/python3.8/site-packages/airflow/example_dags/example_task_group_decorator.py
[2026-03-12T11:10:21.980+0000] {logging_mixin.py:188} INFO - [2026-03-12T11:10:21.980+0000] {dag.py:3036} INFO - Sync 1 DAGs
[2026-03-12T11:10:22.005+0000] {logging_mixin.py:188} INFO - [2026-03-12T11:10:22.004+0000] {dag.py:3823} INFO - Setting next_dagrun for example_task_group_decorator to 2026-03-11 00:00:00+00:00, run_after=2026-03-12 00:00:00+00:00
[2026-03-12T11:10:22.023+0000] {processor.py:183} INFO - Processing /home/airflow/.local/lib/python3.8/site-packages/airflow/example_dags/example_task_group_decorator.py took 0.125 seconds
[2026-03-12T11:10:52.171+0000] {processor.py:161} INFO - Started process (PID=624) to work on /home/airflow/.local/lib/python3.8/site-packages/airflow/example_dags/example_task_group_decorator.py
[2026-03-12T11:10:52.172+0000] {processor.py:830} INFO - Processing file /home/airflow/.local/lib/python3.8/site-packages/airflow/example_dags/example_task_group_decorator.py for tasks to queue
[2026-03-12T11:10:52.174+0000] {logging_mixin.py:188} INFO - [2026-03-12T11:10:52.174+0000] {dagbag.py:538} INFO - Filling up the DagBag from /home/airflow/.local/lib/python3.8/site-packages/airflow/example_dags/example_task_group_decorator.py
[2026-03-12T11:10:52.184+0000] {processor.py:840} INFO - DAG(s) 'example_task_group_decorator' retrieved from /home/airflow/.local/lib/python3.8/site-packages/airflow/example_dags/example_task_group_decorator.py
[2026-03-12T11:10:52.203+0000] {logging_mixin.py:188} INFO - [2026-03-12T11:10:52.203+0000] {dag.py:3036} INFO - Sync 1 DAGs
[2026-03-12T11:10:52.221+0000] {logging_mixin.py:188} INFO - [2026-03-12T11:10:52.221+0000] {dag.py:3823} INFO - Setting next_dagrun for example_task_group_decorator to 2026-03-11 00:00:00+00:00, run_after=2026-03-12 00:00:00+00:00
[2026-03-12T11:10:52.238+0000] {processor.py:183} INFO - Processing /home/airflow/.local/lib/python3.8/site-packages/airflow/example_dags/example_task_group_decorator.py took 0.070 seconds
[2026-03-12T11:11:22.329+0000] {processor.py:161} INFO - Started process (PID=680) to work on /home/airflow/.local/lib/python3.8/site-packages/airflow/example_dags/example_task_group_decorator.py
[2026-03-12T11:11:22.331+0000] {processor.py:830} INFO - Processing file /home/airflow/.local/lib/python3.8/site-packages/airflow/example_dags/example_task_group_decorator.py for tasks to queue
[2026-03-12T11:11:22.334+0000] {logging_mixin.py:188} INFO - [2026-03-12T11:11:22.333+0000] {dagbag.py:538} INFO - Filling up the DagBag from /home/airflow/.local/lib/python3.8/site-packages/airflow/example_dags/example_task_group_decorator.py
[2026-03-12T11:11:22.345+0000] {processor.py:840} INFO - DAG(s) 'example_task_group_decorator' retrieved from /home/airflow/.local/lib/python3.8/site-packages/airflow/example_dags/example_task_group_decorator.py
[2026-03-12T11:11:22.366+0000] {logging_mixin.py:188} INFO - [2026-03-12T11:11:22.366+0000] {dag.py:3036} INFO - Sync 1 DAGs
[2026-03-12T11:11:22.382+0000] {logging_mixin.py:188} INFO - [2026-03-12T11:11:22.382+0000] {dag.py:3823} INFO - Setting next_dagrun for example_task_group_decorator to 2026-03-11 00:00:00+00:00, run_after=2026-03-12 00:00:00+00:00
[2026-03-12T11:11:22.397+0000] {processor.py:183} INFO - Processing /home/airflow/.local/lib/python3.8/site-packages/airflow/example_dags/example_task_group_decorator.py took 0.071 seconds
[2026-03-12T11:11:52.799+0000] {processor.py:161} INFO - Started process (PID=737) to work on /home/airflow/.local/lib/python3.8/site-packages/airflow/example_dags/example_task_group_decorator.py
[2026-03-12T11:11:52.800+0000] {processor.py:830} INFO - Processing file /home/airflow/.local/lib/python3.8/site-packages/airflow/example_dags/example_task_group_decorator.py for tasks to queue
[2026-03-12T11:11:52.803+0000] {logging_mixin.py:188} INFO - [2026-03-12T11:11:52.803+0000] {dagbag.py:538} INFO - Filling up the DagBag from /home/airflow/.local/lib/python3.8/site-packages/airflow/example_dags/example_task_group_decorator.py
[2026-03-12T11:11:52.816+0000] {processor.py:840} INFO - DAG(s) 'example_task_group_decorator' retrieved from /home/airflow/.local/lib/python3.8/site-packages/airflow/example_dags/example_task_group_decorator.py
[2026-03-12T11:11:52.837+0000] {logging_mixin.py:188} INFO - [2026-03-12T11:11:52.836+0000] {dag.py:3036} INFO - Sync 1 DAGs
[2026-03-12T11:11:52.857+0000] {logging_mixin.py:188} INFO - [2026-03-12T11:11:52.857+0000] {dag.py:3823} INFO - Setting next_dagrun for example_task_group_decorator to 2026-03-11 00:00:00+00:00, run_after=2026-03-12 00:00:00+00:00
[2026-03-12T11:11:52.876+0000] {processor.py:183} INFO - Processing /home/airflow/.local/lib/python3.8/site-packages/airflow/example_dags/example_task_group_decorator.py took 0.081 seconds
[2026-03-12T11:12:23.228+0000] {processor.py:161} INFO - Started process (PID=793) to work on /home/airflow/.local/lib/python3.8/site-packages/airflow/example_dags/example_task_group_decorator.py
[2026-03-12T11:12:23.232+0000] {processor.py:830} INFO - Processing file /home/airflow/.local/lib/python3.8/site-packages/airflow/example_dags/example_task_group_decorator.py for tasks to queue
[2026-03-12T11:12:23.233+0000] {logging_mixin.py:188} INFO - [2026-03-12T11:12:23.233+0000] {dagbag.py:538} INFO - Filling up the DagBag from /home/airflow/.local/lib/python3.8/site-packages/airflow/example_dags/example_task_group_decorator.py
[2026-03-12T11:12:23.250+0000] {processor.py:840} INFO - DAG(s) 'example_task_group_decorator' retrieved from /home/airflow/.local/lib/python3.8/site-packages/airflow/example_dags/example_task_group_decorator.py
[2026-03-12T11:12:23.269+0000] {logging_mixin.py:188} INFO - [2026-03-12T11:12:23.269+0000] {dag.py:3036} INFO - Sync 1 DAGs
[2026-03-12T11:12:23.287+0000] {logging_mixin.py:188} INFO - [2026-03-12T11:12:23.287+0000] {dag.py:3823} INFO - Setting next_dagrun for example_task_group_decorator to 2026-03-11 00:00:00+00:00, run_after=2026-03-12 00:00:00+00:00
[2026-03-12T11:12:23.303+0000] {processor.py:183} INFO - Processing /home/airflow/.local/lib/python3.8/site-packages/airflow/example_dags/example_task_group_decorator.py took 0.078 seconds
[2026-03-12T11:12:54.022+0000] {processor.py:161} INFO - Started process (PID=849) to work on /home/airflow/.local/lib/python3.8/site-packages/airflow/example_dags/example_task_group_decorator.py
[2026-03-12T11:12:54.023+0000] {processor.py:830} INFO - Processing file /home/airflow/.local/lib/python3.8/site-packages/airflow/example_dags/example_task_group_decorator.py for tasks to queue
[2026-03-12T11:12:54.025+0000] {logging_mixin.py:188} INFO - [2026-03-12T11:12:54.025+0000] {dagbag.py:538} INFO - Filling up the DagBag from /home/airflow/.local/lib/python3.8/site-packages/airflow/example_dags/example_task_group_decorator.py
[2026-03-12T11:12:54.041+0000] {processor.py:840} INFO - DAG(s) 'example_task_group_decorator' retrieved from /home/airflow/.local/lib/python3.8/site-packages/airflow/example_dags/example_task_group_decorator.py
[2026-03-12T11:12:54.066+0000] {logging_mixin.py:188} INFO - [2026-03-12T11:12:54.066+0000] {dag.py:3036} INFO - Sync 1 DAGs
[2026-03-12T11:12:54.086+0000] {logging_mixin.py:188} INFO - [2026-03-12T11:12:54.086+0000] {dag.py:3823} INFO - Setting next_dagrun for example_task_group_decorator to 2026-03-11 00:00:00+00:00, run_after=2026-03-12 00:00:00+00:00
[2026-03-12T11:12:54.117+0000] {processor.py:183} INFO - Processing /home/airflow/.local/lib/python3.8/site-packages/airflow/example_dags/example_task_group_decorator.py took 0.099 seconds
[2026-03-12T11:13:24.396+0000] {processor.py:161} INFO - Started process (PID=905) to work on /home/airflow/.local/lib/python3.8/site-packages/airflow/example_dags/example_task_group_decorator.py
[2026-03-12T11:13:24.397+0000] {processor.py:830} INFO - Processing file /home/airflow/.local/lib/python3.8/site-packages/airflow/example_dags/example_task_group_decorator.py for tasks to queue
[2026-03-12T11:13:24.400+0000] {logging_mixin.py:188} INFO - [2026-03-12T11:13:24.400+0000] {dagbag.py:538} INFO - Filling up the DagBag from /home/airflow/.local/lib/python3.8/site-packages/airflow/example_dags/example_task_group_decorator.py
[2026-03-12T11:13:24.412+0000] {processor.py:840} INFO - DAG(s) 'example_task_group_decorator' retrieved from /home/airflow/.local/lib/python3.8/site-packages/airflow/example_dags/example_task_group_decorator.py
[2026-03-12T11:13:24.430+0000] {logging_mixin.py:188} INFO - [2026-03-12T11:13:24.430+0000] {dag.py:3036} INFO - Sync 1 DAGs
[2026-03-12T11:13:24.454+0000] {logging_mixin.py:188} INFO - [2026-03-12T11:13:24.454+0000] {dag.py:3823} INFO - Setting next_dagrun for example_task_group_decorator to 2026-03-11 00:00:00+00:00, run_after=2026-03-12 00:00:00+00:00
[2026-03-12T11:13:24.473+0000] {processor.py:183} INFO - Processing /home/airflow/.local/lib/python3.8/site-packages/airflow/example_dags/example_task_group_decorator.py took 0.080 seconds
[2026-03-12T11:13:54.546+0000] {processor.py:161} INFO - Started process (PID=961) to work on /home/airflow/.local/lib/python3.8/site-packages/airflow/example_dags/example_task_group_decorator.py
[2026-03-12T11:13:54.547+0000] {processor.py:830} INFO - Processing file /home/airflow/.local/lib/python3.8/site-packages/airflow/example_dags/example_task_group_decorator.py for tasks to queue
[2026-03-12T11:13:54.550+0000] {logging_mixin.py:188} INFO - [2026-03-12T11:13:54.550+0000] {dagbag.py:538} INFO - Filling up the DagBag from /home/airflow/.local/lib/python3.8/site-packages/airflow/example_dags/example_task_group_decorator.py
[2026-03-12T11:13:54.567+0000] {processor.py:840} INFO - DAG(s) 'example_task_group_decorator' retrieved from /home/airflow/.local/lib/python3.8/site-packages/airflow/example_dags/example_task_group_decorator.py
[2026-03-12T11:13:54.599+0000] {logging_mixin.py:188} INFO - [2026-03-12T11:13:54.599+0000] {dag.py:3036} INFO - Sync 1 DAGs
[2026-03-12T11:13:54.618+0000] {logging_mixin.py:188} INFO - [2026-03-12T11:13:54.618+0000] {dag.py:3823} INFO - Setting next_dagrun for example_task_group_decorator to 2026-03-11 00:00:00+00:00, run_after=2026-03-12 00:00:00+00:00
[2026-03-12T11:13:54.642+0000] {processor.py:183} INFO - Processing /home/airflow/.local/lib/python3.8/site-packages/airflow/example_dags/example_task_group_decorator.py took 0.100 seconds
[2026-03-12T11:14:24.926+0000] {processor.py:161} INFO - Started process (PID=1017) to work on /home/airflow/.local/lib/python3.8/site-packages/airflow/example_dags/example_task_group_decorator.py
[2026-03-12T11:14:24.927+0000] {processor.py:830} INFO - Processing file /home/airflow/.local/lib/python3.8/site-packages/airflow/example_dags/example_task_group_decorator.py for tasks to queue
[2026-03-12T11:14:24.930+0000] {logging_mixin.py:188} INFO - [2026-03-12T11:14:24.929+0000] {dagbag.py:538} INFO - Filling up the DagBag from /home/airflow/.local/lib/python3.8/site-packages/airflow/example_dags/example_task_group_decorator.py
[2026-03-12T11:14:24.941+0000] {processor.py:840} INFO - DAG(s) 'example_task_group_decorator' retrieved from /home/airflow/.local/lib/python3.8/site-packages/airflow/example_dags/example_task_group_decorator.py
[2026-03-12T11:14:24.962+0000] {logging_mixin.py:188} INFO - [2026-03-12T11:14:24.962+0000] {dag.py:3036} INFO - Sync 1 DAGs
[2026-03-12T11:14:24.981+0000] {logging_mixin.py:188} INFO - [2026-03-12T11:14:24.981+0000] {dag.py:3823} INFO - Setting next_dagrun for example_task_group_decorator to 2026-03-11 00:00:00+00:00, run_after=2026-03-12 00:00:00+00:00
[2026-03-12T11:14:25.000+0000] {processor.py:183} INFO - Processing /home/airflow/.local/lib/python3.8/site-packages/airflow/example_dags/example_task_group_decorator.py took 0.077 seconds
[2026-03-12T11:14:55.222+0000] {processor.py:161} INFO - Started process (PID=1073) to work on /home/airflow/.local/lib/python3.8/site-packages/airflow/example_dags/example_task_group_decorator.py
[2026-03-12T11:14:55.224+0000] {processor.py:830} INFO - Processing file /home/airflow/.local/lib/python3.8/site-packages/airflow/example_dags/example_task_group_decorator.py for tasks to queue
[2026-03-12T11:14:55.226+0000] {logging_mixin.py:188} INFO - [2026-03-12T11:14:55.225+0000] {dagbag.py:538} INFO - Filling up the DagBag from /home/airflow/.local/lib/python3.8/site-packages/airflow/example_dags/example_task_group_decorator.py
[2026-03-12T11:14:55.238+0000] {processor.py:840} INFO - DAG(s) 'example_task_group_decorator' retrieved from /home/airflow/.local/lib/python3.8/site-packages/airflow/example_dags/example_task_group_decorator.py
[2026-03-12T11:14:55.261+0000] {logging_mixin.py:188} INFO - [2026-03-12T11:14:55.260+0000] {dag.py:3036} INFO - Sync 1 DAGs
[2026-03-12T11:14:55.281+0000] {logging_mixin.py:188} INFO - [2026-03-12T11:14:55.281+0000] {dag.py:3823} INFO - Setting next_dagrun for example_task_group_decorator to 2026-03-11 00:00:00+00:00, run_after=2026-03-12 00:00:00+00:00
[2026-03-12T11:14:55.304+0000] {processor.py:183} INFO - Processing /home/airflow/.local/lib/python3.8/site-packages/airflow/example_dags/example_task_group_decorator.py took 0.084 seconds
[2026-03-12T11:15:25.538+0000] {processor.py:161} INFO - Started process (PID=1129) to work on /home/airflow/.local/lib/python3.8/site-packages/airflow/example_dags/example_task_group_decorator.py
[2026-03-12T11:15:25.539+0000] {processor.py:830} INFO - Processing file /home/airflow/.local/lib/python3.8/site-packages/airflow/example_dags/example_task_group_decorator.py for tasks to queue
[2026-03-12T11:15:25.542+0000] {logging_mixin.py:188} INFO - [2026-03-12T11:15:25.541+0000] {dagbag.py:538} INFO - Filling up the DagBag from /home/airflow/.local/lib/python3.8/site-packages/airflow/example_dags/example_task_group_decorator.py
[2026-03-12T11:15:25.553+0000] {processor.py:840} INFO - DAG(s) 'example_task_group_decorator' retrieved from /home/airflow/.local/lib/python3.8/site-packages/airflow/example_dags/example_task_group_decorator.py
[2026-03-12T11:15:25.579+0000] {logging_mixin.py:188} INFO - [2026-03-12T11:15:25.578+0000] {dag.py:3036} INFO - Sync 1 DAGs
[2026-03-12T11:15:25.611+0000] {logging_mixin.py:188} INFO - [2026-03-12T11:15:25.610+0000] {dag.py:3823} INFO - Setting next_dagrun for example_task_group_decorator to 2026-03-11 00:00:00+00:00, run_after=2026-03-12 00:00:00+00:00
[2026-03-12T11:15:25.642+0000] {processor.py:183} INFO - Processing /home/airflow/.local/lib/python3.8/site-packages/airflow/example_dags/example_task_group_decorator.py took 0.107 seconds
