[2026-03-12T11:05:50.209+0000] {processor.py:161} INFO - Started process (PID=99) to work on /home/airflow/.local/lib/python3.8/site-packages/airflow/example_dags/example_external_task_marker_dag.py
[2026-03-12T11:05:50.218+0000] {processor.py:830} INFO - Processing file /home/airflow/.local/lib/python3.8/site-packages/airflow/example_dags/example_external_task_marker_dag.py for tasks to queue
[2026-03-12T11:05:50.220+0000] {logging_mixin.py:188} INFO - [2026-03-12T11:05:50.220+0000] {dagbag.py:538} INFO - Filling up the DagBag from /home/airflow/.local/lib/python3.8/site-packages/airflow/example_dags/example_external_task_marker_dag.py
[2026-03-12T11:05:50.260+0000] {processor.py:840} INFO - DAG(s) 'example_external_task_marker_parent', 'example_external_task_marker_child' retrieved from /home/airflow/.local/lib/python3.8/site-packages/airflow/example_dags/example_external_task_marker_dag.py
[2026-03-12T11:05:50.288+0000] {logging_mixin.py:188} INFO - [2026-03-12T11:05:50.288+0000] {dag.py:3036} INFO - Sync 2 DAGs
[2026-03-12T11:05:50.331+0000] {logging_mixin.py:188} INFO - [2026-03-12T11:05:50.330+0000] {dag.py:3823} INFO - Setting next_dagrun for example_external_task_marker_child to None, run_after=None
[2026-03-12T11:05:50.338+0000] {logging_mixin.py:188} INFO - [2026-03-12T11:05:50.338+0000] {dag.py:3823} INFO - Setting next_dagrun for example_external_task_marker_parent to None, run_after=None
[2026-03-12T11:05:50.379+0000] {processor.py:183} INFO - Processing /home/airflow/.local/lib/python3.8/site-packages/airflow/example_dags/example_external_task_marker_dag.py took 0.177 seconds
[2026-03-12T11:06:20.904+0000] {processor.py:161} INFO - Started process (PID=154) to work on /home/airflow/.local/lib/python3.8/site-packages/airflow/example_dags/example_external_task_marker_dag.py
[2026-03-12T11:06:20.906+0000] {processor.py:830} INFO - Processing file /home/airflow/.local/lib/python3.8/site-packages/airflow/example_dags/example_external_task_marker_dag.py for tasks to queue
[2026-03-12T11:06:20.908+0000] {logging_mixin.py:188} INFO - [2026-03-12T11:06:20.908+0000] {dagbag.py:538} INFO - Filling up the DagBag from /home/airflow/.local/lib/python3.8/site-packages/airflow/example_dags/example_external_task_marker_dag.py
[2026-03-12T11:06:20.917+0000] {processor.py:840} INFO - DAG(s) 'example_external_task_marker_parent', 'example_external_task_marker_child' retrieved from /home/airflow/.local/lib/python3.8/site-packages/airflow/example_dags/example_external_task_marker_dag.py
[2026-03-12T11:06:21.040+0000] {logging_mixin.py:188} INFO - [2026-03-12T11:06:21.039+0000] {dag.py:3036} INFO - Sync 2 DAGs
[2026-03-12T11:06:21.049+0000] {logging_mixin.py:188} INFO - [2026-03-12T11:06:21.048+0000] {dag.py:3823} INFO - Setting next_dagrun for example_external_task_marker_child to None, run_after=None
[2026-03-12T11:06:21.053+0000] {logging_mixin.py:188} INFO - [2026-03-12T11:06:21.052+0000] {dag.py:3823} INFO - Setting next_dagrun for example_external_task_marker_parent to None, run_after=None
[2026-03-12T11:06:21.076+0000] {processor.py:183} INFO - Processing /home/airflow/.local/lib/python3.8/site-packages/airflow/example_dags/example_external_task_marker_dag.py took 0.176 seconds
[2026-03-12T11:06:51.514+0000] {processor.py:161} INFO - Started process (PID=209) to work on /home/airflow/.local/lib/python3.8/site-packages/airflow/example_dags/example_external_task_marker_dag.py
[2026-03-12T11:06:51.519+0000] {processor.py:830} INFO - Processing file /home/airflow/.local/lib/python3.8/site-packages/airflow/example_dags/example_external_task_marker_dag.py for tasks to queue
[2026-03-12T11:06:51.524+0000] {logging_mixin.py:188} INFO - [2026-03-12T11:06:51.524+0000] {dagbag.py:538} INFO - Filling up the DagBag from /home/airflow/.local/lib/python3.8/site-packages/airflow/example_dags/example_external_task_marker_dag.py
[2026-03-12T11:06:51.536+0000] {processor.py:840} INFO - DAG(s) 'example_external_task_marker_child', 'example_external_task_marker_parent' retrieved from /home/airflow/.local/lib/python3.8/site-packages/airflow/example_dags/example_external_task_marker_dag.py
[2026-03-12T11:06:51.563+0000] {logging_mixin.py:188} INFO - [2026-03-12T11:06:51.563+0000] {dag.py:3036} INFO - Sync 2 DAGs
[2026-03-12T11:06:51.575+0000] {logging_mixin.py:188} INFO - [2026-03-12T11:06:51.575+0000] {dag.py:3823} INFO - Setting next_dagrun for example_external_task_marker_child to None, run_after=None
[2026-03-12T11:06:51.580+0000] {logging_mixin.py:188} INFO - [2026-03-12T11:06:51.580+0000] {dag.py:3823} INFO - Setting next_dagrun for example_external_task_marker_parent to None, run_after=None
[2026-03-12T11:06:51.601+0000] {processor.py:183} INFO - Processing /home/airflow/.local/lib/python3.8/site-packages/airflow/example_dags/example_external_task_marker_dag.py took 0.092 seconds
[2026-03-12T11:07:22.056+0000] {processor.py:161} INFO - Started process (PID=264) to work on /home/airflow/.local/lib/python3.8/site-packages/airflow/example_dags/example_external_task_marker_dag.py
[2026-03-12T11:07:22.058+0000] {processor.py:830} INFO - Processing file /home/airflow/.local/lib/python3.8/site-packages/airflow/example_dags/example_external_task_marker_dag.py for tasks to queue
[2026-03-12T11:07:22.060+0000] {logging_mixin.py:188} INFO - [2026-03-12T11:07:22.060+0000] {dagbag.py:538} INFO - Filling up the DagBag from /home/airflow/.local/lib/python3.8/site-packages/airflow/example_dags/example_external_task_marker_dag.py
[2026-03-12T11:07:22.066+0000] {processor.py:840} INFO - DAG(s) 'example_external_task_marker_child', 'example_external_task_marker_parent' retrieved from /home/airflow/.local/lib/python3.8/site-packages/airflow/example_dags/example_external_task_marker_dag.py
[2026-03-12T11:07:22.095+0000] {logging_mixin.py:188} INFO - [2026-03-12T11:07:22.095+0000] {dag.py:3036} INFO - Sync 2 DAGs
[2026-03-12T11:07:22.109+0000] {logging_mixin.py:188} INFO - [2026-03-12T11:07:22.109+0000] {dag.py:3823} INFO - Setting next_dagrun for example_external_task_marker_child to None, run_after=None
[2026-03-12T11:07:22.114+0000] {logging_mixin.py:188} INFO - [2026-03-12T11:07:22.113+0000] {dag.py:3823} INFO - Setting next_dagrun for example_external_task_marker_parent to None, run_after=None
[2026-03-12T11:07:22.135+0000] {processor.py:183} INFO - Processing /home/airflow/.local/lib/python3.8/site-packages/airflow/example_dags/example_external_task_marker_dag.py took 0.084 seconds
[2026-03-12T11:07:52.594+0000] {processor.py:161} INFO - Started process (PID=319) to work on /home/airflow/.local/lib/python3.8/site-packages/airflow/example_dags/example_external_task_marker_dag.py
[2026-03-12T11:07:52.595+0000] {processor.py:830} INFO - Processing file /home/airflow/.local/lib/python3.8/site-packages/airflow/example_dags/example_external_task_marker_dag.py for tasks to queue
[2026-03-12T11:07:52.597+0000] {logging_mixin.py:188} INFO - [2026-03-12T11:07:52.597+0000] {dagbag.py:538} INFO - Filling up the DagBag from /home/airflow/.local/lib/python3.8/site-packages/airflow/example_dags/example_external_task_marker_dag.py
[2026-03-12T11:07:52.603+0000] {processor.py:840} INFO - DAG(s) 'example_external_task_marker_parent', 'example_external_task_marker_child' retrieved from /home/airflow/.local/lib/python3.8/site-packages/airflow/example_dags/example_external_task_marker_dag.py
[2026-03-12T11:07:52.626+0000] {logging_mixin.py:188} INFO - [2026-03-12T11:07:52.626+0000] {dag.py:3036} INFO - Sync 2 DAGs
[2026-03-12T11:07:52.637+0000] {logging_mixin.py:188} INFO - [2026-03-12T11:07:52.637+0000] {dag.py:3823} INFO - Setting next_dagrun for example_external_task_marker_child to None, run_after=None
[2026-03-12T11:07:52.641+0000] {logging_mixin.py:188} INFO - [2026-03-12T11:07:52.641+0000] {dag.py:3823} INFO - Setting next_dagrun for example_external_task_marker_parent to None, run_after=None
[2026-03-12T11:07:52.657+0000] {processor.py:183} INFO - Processing /home/airflow/.local/lib/python3.8/site-packages/airflow/example_dags/example_external_task_marker_dag.py took 0.066 seconds
[2026-03-12T11:08:22.833+0000] {processor.py:161} INFO - Started process (PID=374) to work on /home/airflow/.local/lib/python3.8/site-packages/airflow/example_dags/example_external_task_marker_dag.py
[2026-03-12T11:08:22.835+0000] {processor.py:830} INFO - Processing file /home/airflow/.local/lib/python3.8/site-packages/airflow/example_dags/example_external_task_marker_dag.py for tasks to queue
[2026-03-12T11:08:22.837+0000] {logging_mixin.py:188} INFO - [2026-03-12T11:08:22.837+0000] {dagbag.py:538} INFO - Filling up the DagBag from /home/airflow/.local/lib/python3.8/site-packages/airflow/example_dags/example_external_task_marker_dag.py
[2026-03-12T11:08:22.844+0000] {processor.py:840} INFO - DAG(s) 'example_external_task_marker_child', 'example_external_task_marker_parent' retrieved from /home/airflow/.local/lib/python3.8/site-packages/airflow/example_dags/example_external_task_marker_dag.py
[2026-03-12T11:08:22.868+0000] {logging_mixin.py:188} INFO - [2026-03-12T11:08:22.868+0000] {dag.py:3036} INFO - Sync 2 DAGs
[2026-03-12T11:08:22.879+0000] {logging_mixin.py:188} INFO - [2026-03-12T11:08:22.879+0000] {dag.py:3823} INFO - Setting next_dagrun for example_external_task_marker_child to None, run_after=None
[2026-03-12T11:08:22.884+0000] {logging_mixin.py:188} INFO - [2026-03-12T11:08:22.883+0000] {dag.py:3823} INFO - Setting next_dagrun for example_external_task_marker_parent to None, run_after=None
[2026-03-12T11:08:22.901+0000] {processor.py:183} INFO - Processing /home/airflow/.local/lib/python3.8/site-packages/airflow/example_dags/example_external_task_marker_dag.py took 0.071 seconds
[2026-03-12T11:08:53.715+0000] {processor.py:161} INFO - Started process (PID=429) to work on /home/airflow/.local/lib/python3.8/site-packages/airflow/example_dags/example_external_task_marker_dag.py
[2026-03-12T11:08:53.716+0000] {processor.py:830} INFO - Processing file /home/airflow/.local/lib/python3.8/site-packages/airflow/example_dags/example_external_task_marker_dag.py for tasks to queue
[2026-03-12T11:08:53.718+0000] {logging_mixin.py:188} INFO - [2026-03-12T11:08:53.718+0000] {dagbag.py:538} INFO - Filling up the DagBag from /home/airflow/.local/lib/python3.8/site-packages/airflow/example_dags/example_external_task_marker_dag.py
[2026-03-12T11:08:53.724+0000] {processor.py:840} INFO - DAG(s) 'example_external_task_marker_child', 'example_external_task_marker_parent' retrieved from /home/airflow/.local/lib/python3.8/site-packages/airflow/example_dags/example_external_task_marker_dag.py
[2026-03-12T11:08:53.750+0000] {logging_mixin.py:188} INFO - [2026-03-12T11:08:53.750+0000] {dag.py:3036} INFO - Sync 2 DAGs
[2026-03-12T11:08:53.765+0000] {logging_mixin.py:188} INFO - [2026-03-12T11:08:53.765+0000] {dag.py:3823} INFO - Setting next_dagrun for example_external_task_marker_child to None, run_after=None
[2026-03-12T11:08:53.772+0000] {logging_mixin.py:188} INFO - [2026-03-12T11:08:53.771+0000] {dag.py:3823} INFO - Setting next_dagrun for example_external_task_marker_parent to None, run_after=None
[2026-03-12T11:08:53.799+0000] {processor.py:183} INFO - Processing /home/airflow/.local/lib/python3.8/site-packages/airflow/example_dags/example_external_task_marker_dag.py took 0.087 seconds
[2026-03-12T11:09:24.259+0000] {processor.py:161} INFO - Started process (PID=484) to work on /home/airflow/.local/lib/python3.8/site-packages/airflow/example_dags/example_external_task_marker_dag.py
[2026-03-12T11:09:24.261+0000] {processor.py:830} INFO - Processing file /home/airflow/.local/lib/python3.8/site-packages/airflow/example_dags/example_external_task_marker_dag.py for tasks to queue
[2026-03-12T11:09:24.263+0000] {logging_mixin.py:188} INFO - [2026-03-12T11:09:24.262+0000] {dagbag.py:538} INFO - Filling up the DagBag from /home/airflow/.local/lib/python3.8/site-packages/airflow/example_dags/example_external_task_marker_dag.py
[2026-03-12T11:09:24.269+0000] {processor.py:840} INFO - DAG(s) 'example_external_task_marker_parent', 'example_external_task_marker_child' retrieved from /home/airflow/.local/lib/python3.8/site-packages/airflow/example_dags/example_external_task_marker_dag.py
[2026-03-12T11:09:24.291+0000] {logging_mixin.py:188} INFO - [2026-03-12T11:09:24.290+0000] {dag.py:3036} INFO - Sync 2 DAGs
[2026-03-12T11:09:24.301+0000] {logging_mixin.py:188} INFO - [2026-03-12T11:09:24.301+0000] {dag.py:3823} INFO - Setting next_dagrun for example_external_task_marker_child to None, run_after=None
[2026-03-12T11:09:24.305+0000] {logging_mixin.py:188} INFO - [2026-03-12T11:09:24.305+0000] {dag.py:3823} INFO - Setting next_dagrun for example_external_task_marker_parent to None, run_after=None
[2026-03-12T11:09:24.323+0000] {processor.py:183} INFO - Processing /home/airflow/.local/lib/python3.8/site-packages/airflow/example_dags/example_external_task_marker_dag.py took 0.066 seconds
[2026-03-12T11:09:54.602+0000] {processor.py:161} INFO - Started process (PID=539) to work on /home/airflow/.local/lib/python3.8/site-packages/airflow/example_dags/example_external_task_marker_dag.py
[2026-03-12T11:09:54.604+0000] {processor.py:830} INFO - Processing file /home/airflow/.local/lib/python3.8/site-packages/airflow/example_dags/example_external_task_marker_dag.py for tasks to queue
[2026-03-12T11:09:54.606+0000] {logging_mixin.py:188} INFO - [2026-03-12T11:09:54.606+0000] {dagbag.py:538} INFO - Filling up the DagBag from /home/airflow/.local/lib/python3.8/site-packages/airflow/example_dags/example_external_task_marker_dag.py
[2026-03-12T11:09:54.612+0000] {processor.py:840} INFO - DAG(s) 'example_external_task_marker_child', 'example_external_task_marker_parent' retrieved from /home/airflow/.local/lib/python3.8/site-packages/airflow/example_dags/example_external_task_marker_dag.py
[2026-03-12T11:09:54.635+0000] {logging_mixin.py:188} INFO - [2026-03-12T11:09:54.635+0000] {dag.py:3036} INFO - Sync 2 DAGs
[2026-03-12T11:09:54.647+0000] {logging_mixin.py:188} INFO - [2026-03-12T11:09:54.647+0000] {dag.py:3823} INFO - Setting next_dagrun for example_external_task_marker_child to None, run_after=None
[2026-03-12T11:09:54.651+0000] {logging_mixin.py:188} INFO - [2026-03-12T11:09:54.651+0000] {dag.py:3823} INFO - Setting next_dagrun for example_external_task_marker_parent to None, run_after=None
[2026-03-12T11:09:54.669+0000] {processor.py:183} INFO - Processing /home/airflow/.local/lib/python3.8/site-packages/airflow/example_dags/example_external_task_marker_dag.py took 0.070 seconds
[2026-03-12T11:10:25.454+0000] {processor.py:161} INFO - Started process (PID=594) to work on /home/airflow/.local/lib/python3.8/site-packages/airflow/example_dags/example_external_task_marker_dag.py
[2026-03-12T11:10:25.455+0000] {processor.py:830} INFO - Processing file /home/airflow/.local/lib/python3.8/site-packages/airflow/example_dags/example_external_task_marker_dag.py for tasks to queue
[2026-03-12T11:10:25.458+0000] {logging_mixin.py:188} INFO - [2026-03-12T11:10:25.457+0000] {dagbag.py:538} INFO - Filling up the DagBag from /home/airflow/.local/lib/python3.8/site-packages/airflow/example_dags/example_external_task_marker_dag.py
[2026-03-12T11:10:25.464+0000] {processor.py:840} INFO - DAG(s) 'example_external_task_marker_parent', 'example_external_task_marker_child' retrieved from /home/airflow/.local/lib/python3.8/site-packages/airflow/example_dags/example_external_task_marker_dag.py
[2026-03-12T11:10:25.485+0000] {logging_mixin.py:188} INFO - [2026-03-12T11:10:25.485+0000] {dag.py:3036} INFO - Sync 2 DAGs
[2026-03-12T11:10:25.496+0000] {logging_mixin.py:188} INFO - [2026-03-12T11:10:25.496+0000] {dag.py:3823} INFO - Setting next_dagrun for example_external_task_marker_child to None, run_after=None
[2026-03-12T11:10:25.501+0000] {logging_mixin.py:188} INFO - [2026-03-12T11:10:25.501+0000] {dag.py:3823} INFO - Setting next_dagrun for example_external_task_marker_parent to None, run_after=None
[2026-03-12T11:10:25.518+0000] {processor.py:183} INFO - Processing /home/airflow/.local/lib/python3.8/site-packages/airflow/example_dags/example_external_task_marker_dag.py took 0.068 seconds
[2026-03-12T11:10:55.805+0000] {processor.py:161} INFO - Started process (PID=650) to work on /home/airflow/.local/lib/python3.8/site-packages/airflow/example_dags/example_external_task_marker_dag.py
[2026-03-12T11:10:55.807+0000] {processor.py:830} INFO - Processing file /home/airflow/.local/lib/python3.8/site-packages/airflow/example_dags/example_external_task_marker_dag.py for tasks to queue
[2026-03-12T11:10:55.809+0000] {logging_mixin.py:188} INFO - [2026-03-12T11:10:55.809+0000] {dagbag.py:538} INFO - Filling up the DagBag from /home/airflow/.local/lib/python3.8/site-packages/airflow/example_dags/example_external_task_marker_dag.py
[2026-03-12T11:10:55.815+0000] {processor.py:840} INFO - DAG(s) 'example_external_task_marker_parent', 'example_external_task_marker_child' retrieved from /home/airflow/.local/lib/python3.8/site-packages/airflow/example_dags/example_external_task_marker_dag.py
[2026-03-12T11:10:55.837+0000] {logging_mixin.py:188} INFO - [2026-03-12T11:10:55.837+0000] {dag.py:3036} INFO - Sync 2 DAGs
[2026-03-12T11:10:55.849+0000] {logging_mixin.py:188} INFO - [2026-03-12T11:10:55.848+0000] {dag.py:3823} INFO - Setting next_dagrun for example_external_task_marker_child to None, run_after=None
[2026-03-12T11:10:55.852+0000] {logging_mixin.py:188} INFO - [2026-03-12T11:10:55.852+0000] {dag.py:3823} INFO - Setting next_dagrun for example_external_task_marker_parent to None, run_after=None
[2026-03-12T11:10:55.872+0000] {processor.py:183} INFO - Processing /home/airflow/.local/lib/python3.8/site-packages/airflow/example_dags/example_external_task_marker_dag.py took 0.069 seconds
[2026-03-12T11:11:26.074+0000] {processor.py:161} INFO - Started process (PID=706) to work on /home/airflow/.local/lib/python3.8/site-packages/airflow/example_dags/example_external_task_marker_dag.py
[2026-03-12T11:11:26.078+0000] {processor.py:830} INFO - Processing file /home/airflow/.local/lib/python3.8/site-packages/airflow/example_dags/example_external_task_marker_dag.py for tasks to queue
[2026-03-12T11:11:26.082+0000] {logging_mixin.py:188} INFO - [2026-03-12T11:11:26.081+0000] {dagbag.py:538} INFO - Filling up the DagBag from /home/airflow/.local/lib/python3.8/site-packages/airflow/example_dags/example_external_task_marker_dag.py
[2026-03-12T11:11:26.093+0000] {processor.py:840} INFO - DAG(s) 'example_external_task_marker_parent', 'example_external_task_marker_child' retrieved from /home/airflow/.local/lib/python3.8/site-packages/airflow/example_dags/example_external_task_marker_dag.py
[2026-03-12T11:11:26.114+0000] {logging_mixin.py:188} INFO - [2026-03-12T11:11:26.114+0000] {dag.py:3036} INFO - Sync 2 DAGs
[2026-03-12T11:11:26.126+0000] {logging_mixin.py:188} INFO - [2026-03-12T11:11:26.126+0000] {dag.py:3823} INFO - Setting next_dagrun for example_external_task_marker_child to None, run_after=None
[2026-03-12T11:11:26.129+0000] {logging_mixin.py:188} INFO - [2026-03-12T11:11:26.129+0000] {dag.py:3823} INFO - Setting next_dagrun for example_external_task_marker_parent to None, run_after=None
[2026-03-12T11:11:26.143+0000] {processor.py:183} INFO - Processing /home/airflow/.local/lib/python3.8/site-packages/airflow/example_dags/example_external_task_marker_dag.py took 0.073 seconds
[2026-03-12T11:11:56.222+0000] {processor.py:161} INFO - Started process (PID=763) to work on /home/airflow/.local/lib/python3.8/site-packages/airflow/example_dags/example_external_task_marker_dag.py
[2026-03-12T11:11:56.224+0000] {processor.py:830} INFO - Processing file /home/airflow/.local/lib/python3.8/site-packages/airflow/example_dags/example_external_task_marker_dag.py for tasks to queue
[2026-03-12T11:11:56.226+0000] {logging_mixin.py:188} INFO - [2026-03-12T11:11:56.226+0000] {dagbag.py:538} INFO - Filling up the DagBag from /home/airflow/.local/lib/python3.8/site-packages/airflow/example_dags/example_external_task_marker_dag.py
[2026-03-12T11:11:56.232+0000] {processor.py:840} INFO - DAG(s) 'example_external_task_marker_parent', 'example_external_task_marker_child' retrieved from /home/airflow/.local/lib/python3.8/site-packages/airflow/example_dags/example_external_task_marker_dag.py
[2026-03-12T11:11:56.253+0000] {logging_mixin.py:188} INFO - [2026-03-12T11:11:56.253+0000] {dag.py:3036} INFO - Sync 2 DAGs
[2026-03-12T11:11:56.265+0000] {logging_mixin.py:188} INFO - [2026-03-12T11:11:56.264+0000] {dag.py:3823} INFO - Setting next_dagrun for example_external_task_marker_child to None, run_after=None
[2026-03-12T11:11:56.269+0000] {logging_mixin.py:188} INFO - [2026-03-12T11:11:56.269+0000] {dag.py:3823} INFO - Setting next_dagrun for example_external_task_marker_parent to None, run_after=None
[2026-03-12T11:11:56.284+0000] {processor.py:183} INFO - Processing /home/airflow/.local/lib/python3.8/site-packages/airflow/example_dags/example_external_task_marker_dag.py took 0.064 seconds
[2026-03-12T11:12:26.797+0000] {processor.py:161} INFO - Started process (PID=819) to work on /home/airflow/.local/lib/python3.8/site-packages/airflow/example_dags/example_external_task_marker_dag.py
[2026-03-12T11:12:26.799+0000] {processor.py:830} INFO - Processing file /home/airflow/.local/lib/python3.8/site-packages/airflow/example_dags/example_external_task_marker_dag.py for tasks to queue
[2026-03-12T11:12:26.801+0000] {logging_mixin.py:188} INFO - [2026-03-12T11:12:26.800+0000] {dagbag.py:538} INFO - Filling up the DagBag from /home/airflow/.local/lib/python3.8/site-packages/airflow/example_dags/example_external_task_marker_dag.py
[2026-03-12T11:12:26.806+0000] {processor.py:840} INFO - DAG(s) 'example_external_task_marker_child', 'example_external_task_marker_parent' retrieved from /home/airflow/.local/lib/python3.8/site-packages/airflow/example_dags/example_external_task_marker_dag.py
[2026-03-12T11:12:26.827+0000] {logging_mixin.py:188} INFO - [2026-03-12T11:12:26.827+0000] {dag.py:3036} INFO - Sync 2 DAGs
[2026-03-12T11:12:26.837+0000] {logging_mixin.py:188} INFO - [2026-03-12T11:12:26.836+0000] {dag.py:3823} INFO - Setting next_dagrun for example_external_task_marker_child to None, run_after=None
[2026-03-12T11:12:26.840+0000] {logging_mixin.py:188} INFO - [2026-03-12T11:12:26.840+0000] {dag.py:3823} INFO - Setting next_dagrun for example_external_task_marker_parent to None, run_after=None
[2026-03-12T11:12:26.857+0000] {processor.py:183} INFO - Processing /home/airflow/.local/lib/python3.8/site-packages/airflow/example_dags/example_external_task_marker_dag.py took 0.063 seconds
[2026-03-12T11:12:57.647+0000] {processor.py:161} INFO - Started process (PID=875) to work on /home/airflow/.local/lib/python3.8/site-packages/airflow/example_dags/example_external_task_marker_dag.py
[2026-03-12T11:12:57.649+0000] {processor.py:830} INFO - Processing file /home/airflow/.local/lib/python3.8/site-packages/airflow/example_dags/example_external_task_marker_dag.py for tasks to queue
[2026-03-12T11:12:57.651+0000] {logging_mixin.py:188} INFO - [2026-03-12T11:12:57.650+0000] {dagbag.py:538} INFO - Filling up the DagBag from /home/airflow/.local/lib/python3.8/site-packages/airflow/example_dags/example_external_task_marker_dag.py
[2026-03-12T11:12:57.656+0000] {processor.py:840} INFO - DAG(s) 'example_external_task_marker_child', 'example_external_task_marker_parent' retrieved from /home/airflow/.local/lib/python3.8/site-packages/airflow/example_dags/example_external_task_marker_dag.py
[2026-03-12T11:12:57.678+0000] {logging_mixin.py:188} INFO - [2026-03-12T11:12:57.678+0000] {dag.py:3036} INFO - Sync 2 DAGs
[2026-03-12T11:12:57.691+0000] {logging_mixin.py:188} INFO - [2026-03-12T11:12:57.690+0000] {dag.py:3823} INFO - Setting next_dagrun for example_external_task_marker_child to None, run_after=None
[2026-03-12T11:12:57.694+0000] {logging_mixin.py:188} INFO - [2026-03-12T11:12:57.694+0000] {dag.py:3823} INFO - Setting next_dagrun for example_external_task_marker_parent to None, run_after=None
[2026-03-12T11:12:57.711+0000] {processor.py:183} INFO - Processing /home/airflow/.local/lib/python3.8/site-packages/airflow/example_dags/example_external_task_marker_dag.py took 0.067 seconds
[2026-03-12T11:13:27.808+0000] {processor.py:161} INFO - Started process (PID=931) to work on /home/airflow/.local/lib/python3.8/site-packages/airflow/example_dags/example_external_task_marker_dag.py
[2026-03-12T11:13:27.809+0000] {processor.py:830} INFO - Processing file /home/airflow/.local/lib/python3.8/site-packages/airflow/example_dags/example_external_task_marker_dag.py for tasks to queue
[2026-03-12T11:13:27.810+0000] {logging_mixin.py:188} INFO - [2026-03-12T11:13:27.810+0000] {dagbag.py:538} INFO - Filling up the DagBag from /home/airflow/.local/lib/python3.8/site-packages/airflow/example_dags/example_external_task_marker_dag.py
[2026-03-12T11:13:27.816+0000] {processor.py:840} INFO - DAG(s) 'example_external_task_marker_child', 'example_external_task_marker_parent' retrieved from /home/airflow/.local/lib/python3.8/site-packages/airflow/example_dags/example_external_task_marker_dag.py
[2026-03-12T11:13:27.836+0000] {logging_mixin.py:188} INFO - [2026-03-12T11:13:27.836+0000] {dag.py:3036} INFO - Sync 2 DAGs
[2026-03-12T11:13:27.846+0000] {logging_mixin.py:188} INFO - [2026-03-12T11:13:27.846+0000] {dag.py:3823} INFO - Setting next_dagrun for example_external_task_marker_child to None, run_after=None
[2026-03-12T11:13:27.849+0000] {logging_mixin.py:188} INFO - [2026-03-12T11:13:27.849+0000] {dag.py:3823} INFO - Setting next_dagrun for example_external_task_marker_parent to None, run_after=None
[2026-03-12T11:13:27.864+0000] {processor.py:183} INFO - Processing /home/airflow/.local/lib/python3.8/site-packages/airflow/example_dags/example_external_task_marker_dag.py took 0.060 seconds
[2026-03-12T11:13:58.055+0000] {processor.py:161} INFO - Started process (PID=987) to work on /home/airflow/.local/lib/python3.8/site-packages/airflow/example_dags/example_external_task_marker_dag.py
[2026-03-12T11:13:58.057+0000] {processor.py:830} INFO - Processing file /home/airflow/.local/lib/python3.8/site-packages/airflow/example_dags/example_external_task_marker_dag.py for tasks to queue
[2026-03-12T11:13:58.059+0000] {logging_mixin.py:188} INFO - [2026-03-12T11:13:58.059+0000] {dagbag.py:538} INFO - Filling up the DagBag from /home/airflow/.local/lib/python3.8/site-packages/airflow/example_dags/example_external_task_marker_dag.py
[2026-03-12T11:13:58.065+0000] {processor.py:840} INFO - DAG(s) 'example_external_task_marker_child', 'example_external_task_marker_parent' retrieved from /home/airflow/.local/lib/python3.8/site-packages/airflow/example_dags/example_external_task_marker_dag.py
[2026-03-12T11:13:58.091+0000] {logging_mixin.py:188} INFO - [2026-03-12T11:13:58.090+0000] {dag.py:3036} INFO - Sync 2 DAGs
[2026-03-12T11:13:58.103+0000] {logging_mixin.py:188} INFO - [2026-03-12T11:13:58.103+0000] {dag.py:3823} INFO - Setting next_dagrun for example_external_task_marker_child to None, run_after=None
[2026-03-12T11:13:58.107+0000] {logging_mixin.py:188} INFO - [2026-03-12T11:13:58.106+0000] {dag.py:3823} INFO - Setting next_dagrun for example_external_task_marker_parent to None, run_after=None
[2026-03-12T11:13:58.124+0000] {processor.py:183} INFO - Processing /home/airflow/.local/lib/python3.8/site-packages/airflow/example_dags/example_external_task_marker_dag.py took 0.073 seconds
[2026-03-12T11:14:28.597+0000] {processor.py:161} INFO - Started process (PID=1043) to work on /home/airflow/.local/lib/python3.8/site-packages/airflow/example_dags/example_external_task_marker_dag.py
[2026-03-12T11:14:28.599+0000] {processor.py:830} INFO - Processing file /home/airflow/.local/lib/python3.8/site-packages/airflow/example_dags/example_external_task_marker_dag.py for tasks to queue
[2026-03-12T11:14:28.601+0000] {logging_mixin.py:188} INFO - [2026-03-12T11:14:28.601+0000] {dagbag.py:538} INFO - Filling up the DagBag from /home/airflow/.local/lib/python3.8/site-packages/airflow/example_dags/example_external_task_marker_dag.py
[2026-03-12T11:14:28.608+0000] {processor.py:840} INFO - DAG(s) 'example_external_task_marker_child', 'example_external_task_marker_parent' retrieved from /home/airflow/.local/lib/python3.8/site-packages/airflow/example_dags/example_external_task_marker_dag.py
[2026-03-12T11:14:28.632+0000] {logging_mixin.py:188} INFO - [2026-03-12T11:14:28.632+0000] {dag.py:3036} INFO - Sync 2 DAGs
[2026-03-12T11:14:28.647+0000] {logging_mixin.py:188} INFO - [2026-03-12T11:14:28.646+0000] {dag.py:3823} INFO - Setting next_dagrun for example_external_task_marker_child to None, run_after=None
[2026-03-12T11:14:28.654+0000] {logging_mixin.py:188} INFO - [2026-03-12T11:14:28.654+0000] {dag.py:3823} INFO - Setting next_dagrun for example_external_task_marker_parent to None, run_after=None
[2026-03-12T11:14:28.678+0000] {processor.py:183} INFO - Processing /home/airflow/.local/lib/python3.8/site-packages/airflow/example_dags/example_external_task_marker_dag.py took 0.084 seconds
[2026-03-12T11:14:58.782+0000] {processor.py:161} INFO - Started process (PID=1099) to work on /home/airflow/.local/lib/python3.8/site-packages/airflow/example_dags/example_external_task_marker_dag.py
[2026-03-12T11:14:58.784+0000] {processor.py:830} INFO - Processing file /home/airflow/.local/lib/python3.8/site-packages/airflow/example_dags/example_external_task_marker_dag.py for tasks to queue
[2026-03-12T11:14:58.786+0000] {logging_mixin.py:188} INFO - [2026-03-12T11:14:58.785+0000] {dagbag.py:538} INFO - Filling up the DagBag from /home/airflow/.local/lib/python3.8/site-packages/airflow/example_dags/example_external_task_marker_dag.py
[2026-03-12T11:14:58.791+0000] {processor.py:840} INFO - DAG(s) 'example_external_task_marker_child', 'example_external_task_marker_parent' retrieved from /home/airflow/.local/lib/python3.8/site-packages/airflow/example_dags/example_external_task_marker_dag.py
[2026-03-12T11:14:58.811+0000] {logging_mixin.py:188} INFO - [2026-03-12T11:14:58.810+0000] {dag.py:3036} INFO - Sync 2 DAGs
[2026-03-12T11:14:58.820+0000] {logging_mixin.py:188} INFO - [2026-03-12T11:14:58.820+0000] {dag.py:3823} INFO - Setting next_dagrun for example_external_task_marker_child to None, run_after=None
[2026-03-12T11:14:58.823+0000] {logging_mixin.py:188} INFO - [2026-03-12T11:14:58.823+0000] {dag.py:3823} INFO - Setting next_dagrun for example_external_task_marker_parent to None, run_after=None
[2026-03-12T11:14:58.841+0000] {processor.py:183} INFO - Processing /home/airflow/.local/lib/python3.8/site-packages/airflow/example_dags/example_external_task_marker_dag.py took 0.062 seconds
[2026-03-12T11:15:29.206+0000] {processor.py:161} INFO - Started process (PID=1155) to work on /home/airflow/.local/lib/python3.8/site-packages/airflow/example_dags/example_external_task_marker_dag.py
[2026-03-12T11:15:29.207+0000] {processor.py:830} INFO - Processing file /home/airflow/.local/lib/python3.8/site-packages/airflow/example_dags/example_external_task_marker_dag.py for tasks to queue
[2026-03-12T11:15:29.209+0000] {logging_mixin.py:188} INFO - [2026-03-12T11:15:29.209+0000] {dagbag.py:538} INFO - Filling up the DagBag from /home/airflow/.local/lib/python3.8/site-packages/airflow/example_dags/example_external_task_marker_dag.py
[2026-03-12T11:15:29.215+0000] {processor.py:840} INFO - DAG(s) 'example_external_task_marker_child', 'example_external_task_marker_parent' retrieved from /home/airflow/.local/lib/python3.8/site-packages/airflow/example_dags/example_external_task_marker_dag.py
[2026-03-12T11:15:29.237+0000] {logging_mixin.py:188} INFO - [2026-03-12T11:15:29.236+0000] {dag.py:3036} INFO - Sync 2 DAGs
[2026-03-12T11:15:29.248+0000] {logging_mixin.py:188} INFO - [2026-03-12T11:15:29.248+0000] {dag.py:3823} INFO - Setting next_dagrun for example_external_task_marker_child to None, run_after=None
[2026-03-12T11:15:29.254+0000] {logging_mixin.py:188} INFO - [2026-03-12T11:15:29.254+0000] {dag.py:3823} INFO - Setting next_dagrun for example_external_task_marker_parent to None, run_after=None
[2026-03-12T11:15:29.273+0000] {processor.py:183} INFO - Processing /home/airflow/.local/lib/python3.8/site-packages/airflow/example_dags/example_external_task_marker_dag.py took 0.069 seconds
