[2026-03-12T11:05:49.963+0000] {processor.py:161} INFO - Started process (PID=97) to work on /home/airflow/.local/lib/python3.8/site-packages/airflow/example_dags/example_short_circuit_decorator.py
[2026-03-12T11:05:49.964+0000] {processor.py:830} INFO - Processing file /home/airflow/.local/lib/python3.8/site-packages/airflow/example_dags/example_short_circuit_decorator.py for tasks to queue
[2026-03-12T11:05:49.966+0000] {logging_mixin.py:188} INFO - [2026-03-12T11:05:49.966+0000] {dagbag.py:538} INFO - Filling up the DagBag from /home/airflow/.local/lib/python3.8/site-packages/airflow/example_dags/example_short_circuit_decorator.py
[2026-03-12T11:05:49.983+0000] {processor.py:840} INFO - DAG(s) 'example_short_circuit_decorator' retrieved from /home/airflow/.local/lib/python3.8/site-packages/airflow/example_dags/example_short_circuit_decorator.py
[2026-03-12T11:05:50.044+0000] {logging_mixin.py:188} INFO - [2026-03-12T11:05:50.044+0000] {dag.py:3036} INFO - Sync 1 DAGs
[2026-03-12T11:05:50.115+0000] {logging_mixin.py:188} INFO - [2026-03-12T11:05:50.115+0000] {dag.py:3823} INFO - Setting next_dagrun for example_short_circuit_decorator to 2026-03-11 00:00:00+00:00, run_after=2026-03-12 00:00:00+00:00
[2026-03-12T11:05:50.152+0000] {processor.py:183} INFO - Processing /home/airflow/.local/lib/python3.8/site-packages/airflow/example_dags/example_short_circuit_decorator.py took 0.194 seconds
[2026-03-12T11:06:20.444+0000] {processor.py:161} INFO - Started process (PID=152) to work on /home/airflow/.local/lib/python3.8/site-packages/airflow/example_dags/example_short_circuit_decorator.py
[2026-03-12T11:06:20.447+0000] {processor.py:830} INFO - Processing file /home/airflow/.local/lib/python3.8/site-packages/airflow/example_dags/example_short_circuit_decorator.py for tasks to queue
[2026-03-12T11:06:20.450+0000] {logging_mixin.py:188} INFO - [2026-03-12T11:06:20.450+0000] {dagbag.py:538} INFO - Filling up the DagBag from /home/airflow/.local/lib/python3.8/site-packages/airflow/example_dags/example_short_circuit_decorator.py
[2026-03-12T11:06:20.461+0000] {processor.py:840} INFO - DAG(s) 'example_short_circuit_decorator' retrieved from /home/airflow/.local/lib/python3.8/site-packages/airflow/example_dags/example_short_circuit_decorator.py
[2026-03-12T11:06:20.559+0000] {logging_mixin.py:188} INFO - [2026-03-12T11:06:20.559+0000] {dag.py:3036} INFO - Sync 1 DAGs
[2026-03-12T11:06:20.578+0000] {logging_mixin.py:188} INFO - [2026-03-12T11:06:20.578+0000] {dag.py:3823} INFO - Setting next_dagrun for example_short_circuit_decorator to 2026-03-11 00:00:00+00:00, run_after=2026-03-12 00:00:00+00:00
[2026-03-12T11:06:20.603+0000] {processor.py:183} INFO - Processing /home/airflow/.local/lib/python3.8/site-packages/airflow/example_dags/example_short_circuit_decorator.py took 0.162 seconds
[2026-03-12T11:06:51.381+0000] {processor.py:161} INFO - Started process (PID=207) to work on /home/airflow/.local/lib/python3.8/site-packages/airflow/example_dags/example_short_circuit_decorator.py
[2026-03-12T11:06:51.385+0000] {processor.py:830} INFO - Processing file /home/airflow/.local/lib/python3.8/site-packages/airflow/example_dags/example_short_circuit_decorator.py for tasks to queue
[2026-03-12T11:06:51.388+0000] {logging_mixin.py:188} INFO - [2026-03-12T11:06:51.387+0000] {dagbag.py:538} INFO - Filling up the DagBag from /home/airflow/.local/lib/python3.8/site-packages/airflow/example_dags/example_short_circuit_decorator.py
[2026-03-12T11:06:51.396+0000] {processor.py:840} INFO - DAG(s) 'example_short_circuit_decorator' retrieved from /home/airflow/.local/lib/python3.8/site-packages/airflow/example_dags/example_short_circuit_decorator.py
[2026-03-12T11:06:51.419+0000] {logging_mixin.py:188} INFO - [2026-03-12T11:06:51.418+0000] {dag.py:3036} INFO - Sync 1 DAGs
[2026-03-12T11:06:51.445+0000] {logging_mixin.py:188} INFO - [2026-03-12T11:06:51.445+0000] {dag.py:3823} INFO - Setting next_dagrun for example_short_circuit_decorator to 2026-03-11 00:00:00+00:00, run_after=2026-03-12 00:00:00+00:00
[2026-03-12T11:06:51.468+0000] {processor.py:183} INFO - Processing /home/airflow/.local/lib/python3.8/site-packages/airflow/example_dags/example_short_circuit_decorator.py took 0.090 seconds
[2026-03-12T11:07:21.923+0000] {processor.py:161} INFO - Started process (PID=262) to work on /home/airflow/.local/lib/python3.8/site-packages/airflow/example_dags/example_short_circuit_decorator.py
[2026-03-12T11:07:21.924+0000] {processor.py:830} INFO - Processing file /home/airflow/.local/lib/python3.8/site-packages/airflow/example_dags/example_short_circuit_decorator.py for tasks to queue
[2026-03-12T11:07:21.927+0000] {logging_mixin.py:188} INFO - [2026-03-12T11:07:21.926+0000] {dagbag.py:538} INFO - Filling up the DagBag from /home/airflow/.local/lib/python3.8/site-packages/airflow/example_dags/example_short_circuit_decorator.py
[2026-03-12T11:07:21.941+0000] {processor.py:840} INFO - DAG(s) 'example_short_circuit_decorator' retrieved from /home/airflow/.local/lib/python3.8/site-packages/airflow/example_dags/example_short_circuit_decorator.py
[2026-03-12T11:07:21.970+0000] {logging_mixin.py:188} INFO - [2026-03-12T11:07:21.970+0000] {dag.py:3036} INFO - Sync 1 DAGs
[2026-03-12T11:07:21.994+0000] {logging_mixin.py:188} INFO - [2026-03-12T11:07:21.993+0000] {dag.py:3823} INFO - Setting next_dagrun for example_short_circuit_decorator to 2026-03-11 00:00:00+00:00, run_after=2026-03-12 00:00:00+00:00
[2026-03-12T11:07:22.017+0000] {processor.py:183} INFO - Processing /home/airflow/.local/lib/python3.8/site-packages/airflow/example_dags/example_short_circuit_decorator.py took 0.098 seconds
[2026-03-12T11:07:52.490+0000] {processor.py:161} INFO - Started process (PID=317) to work on /home/airflow/.local/lib/python3.8/site-packages/airflow/example_dags/example_short_circuit_decorator.py
[2026-03-12T11:07:52.491+0000] {processor.py:830} INFO - Processing file /home/airflow/.local/lib/python3.8/site-packages/airflow/example_dags/example_short_circuit_decorator.py for tasks to queue
[2026-03-12T11:07:52.493+0000] {logging_mixin.py:188} INFO - [2026-03-12T11:07:52.493+0000] {dagbag.py:538} INFO - Filling up the DagBag from /home/airflow/.local/lib/python3.8/site-packages/airflow/example_dags/example_short_circuit_decorator.py
[2026-03-12T11:07:52.501+0000] {processor.py:840} INFO - DAG(s) 'example_short_circuit_decorator' retrieved from /home/airflow/.local/lib/python3.8/site-packages/airflow/example_dags/example_short_circuit_decorator.py
[2026-03-12T11:07:52.523+0000] {logging_mixin.py:188} INFO - [2026-03-12T11:07:52.523+0000] {dag.py:3036} INFO - Sync 1 DAGs
[2026-03-12T11:07:52.543+0000] {logging_mixin.py:188} INFO - [2026-03-12T11:07:52.542+0000] {dag.py:3823} INFO - Setting next_dagrun for example_short_circuit_decorator to 2026-03-11 00:00:00+00:00, run_after=2026-03-12 00:00:00+00:00
[2026-03-12T11:07:52.562+0000] {processor.py:183} INFO - Processing /home/airflow/.local/lib/python3.8/site-packages/airflow/example_dags/example_short_circuit_decorator.py took 0.075 seconds
[2026-03-12T11:08:22.725+0000] {processor.py:161} INFO - Started process (PID=372) to work on /home/airflow/.local/lib/python3.8/site-packages/airflow/example_dags/example_short_circuit_decorator.py
[2026-03-12T11:08:22.727+0000] {processor.py:830} INFO - Processing file /home/airflow/.local/lib/python3.8/site-packages/airflow/example_dags/example_short_circuit_decorator.py for tasks to queue
[2026-03-12T11:08:22.729+0000] {logging_mixin.py:188} INFO - [2026-03-12T11:08:22.728+0000] {dagbag.py:538} INFO - Filling up the DagBag from /home/airflow/.local/lib/python3.8/site-packages/airflow/example_dags/example_short_circuit_decorator.py
[2026-03-12T11:08:22.737+0000] {processor.py:840} INFO - DAG(s) 'example_short_circuit_decorator' retrieved from /home/airflow/.local/lib/python3.8/site-packages/airflow/example_dags/example_short_circuit_decorator.py
[2026-03-12T11:08:22.757+0000] {logging_mixin.py:188} INFO - [2026-03-12T11:08:22.756+0000] {dag.py:3036} INFO - Sync 1 DAGs
[2026-03-12T11:08:22.775+0000] {logging_mixin.py:188} INFO - [2026-03-12T11:08:22.774+0000] {dag.py:3823} INFO - Setting next_dagrun for example_short_circuit_decorator to 2026-03-11 00:00:00+00:00, run_after=2026-03-12 00:00:00+00:00
[2026-03-12T11:08:22.794+0000] {processor.py:183} INFO - Processing /home/airflow/.local/lib/python3.8/site-packages/airflow/example_dags/example_short_circuit_decorator.py took 0.072 seconds
[2026-03-12T11:08:53.556+0000] {processor.py:161} INFO - Started process (PID=427) to work on /home/airflow/.local/lib/python3.8/site-packages/airflow/example_dags/example_short_circuit_decorator.py
[2026-03-12T11:08:53.559+0000] {processor.py:830} INFO - Processing file /home/airflow/.local/lib/python3.8/site-packages/airflow/example_dags/example_short_circuit_decorator.py for tasks to queue
[2026-03-12T11:08:53.562+0000] {logging_mixin.py:188} INFO - [2026-03-12T11:08:53.561+0000] {dagbag.py:538} INFO - Filling up the DagBag from /home/airflow/.local/lib/python3.8/site-packages/airflow/example_dags/example_short_circuit_decorator.py
[2026-03-12T11:08:53.571+0000] {processor.py:840} INFO - DAG(s) 'example_short_circuit_decorator' retrieved from /home/airflow/.local/lib/python3.8/site-packages/airflow/example_dags/example_short_circuit_decorator.py
[2026-03-12T11:08:53.594+0000] {logging_mixin.py:188} INFO - [2026-03-12T11:08:53.593+0000] {dag.py:3036} INFO - Sync 1 DAGs
[2026-03-12T11:08:53.614+0000] {logging_mixin.py:188} INFO - [2026-03-12T11:08:53.613+0000] {dag.py:3823} INFO - Setting next_dagrun for example_short_circuit_decorator to 2026-03-11 00:00:00+00:00, run_after=2026-03-12 00:00:00+00:00
[2026-03-12T11:08:53.636+0000] {processor.py:183} INFO - Processing /home/airflow/.local/lib/python3.8/site-packages/airflow/example_dags/example_short_circuit_decorator.py took 0.082 seconds
[2026-03-12T11:09:24.158+0000] {processor.py:161} INFO - Started process (PID=482) to work on /home/airflow/.local/lib/python3.8/site-packages/airflow/example_dags/example_short_circuit_decorator.py
[2026-03-12T11:09:24.160+0000] {processor.py:830} INFO - Processing file /home/airflow/.local/lib/python3.8/site-packages/airflow/example_dags/example_short_circuit_decorator.py for tasks to queue
[2026-03-12T11:09:24.162+0000] {logging_mixin.py:188} INFO - [2026-03-12T11:09:24.162+0000] {dagbag.py:538} INFO - Filling up the DagBag from /home/airflow/.local/lib/python3.8/site-packages/airflow/example_dags/example_short_circuit_decorator.py
[2026-03-12T11:09:24.170+0000] {processor.py:840} INFO - DAG(s) 'example_short_circuit_decorator' retrieved from /home/airflow/.local/lib/python3.8/site-packages/airflow/example_dags/example_short_circuit_decorator.py
[2026-03-12T11:09:24.188+0000] {logging_mixin.py:188} INFO - [2026-03-12T11:09:24.188+0000] {dag.py:3036} INFO - Sync 1 DAGs
[2026-03-12T11:09:24.206+0000] {logging_mixin.py:188} INFO - [2026-03-12T11:09:24.206+0000] {dag.py:3823} INFO - Setting next_dagrun for example_short_circuit_decorator to 2026-03-11 00:00:00+00:00, run_after=2026-03-12 00:00:00+00:00
[2026-03-12T11:09:24.229+0000] {processor.py:183} INFO - Processing /home/airflow/.local/lib/python3.8/site-packages/airflow/example_dags/example_short_circuit_decorator.py took 0.074 seconds
[2026-03-12T11:09:54.433+0000] {processor.py:161} INFO - Started process (PID=537) to work on /home/airflow/.local/lib/python3.8/site-packages/airflow/example_dags/example_short_circuit_decorator.py
[2026-03-12T11:09:54.435+0000] {processor.py:830} INFO - Processing file /home/airflow/.local/lib/python3.8/site-packages/airflow/example_dags/example_short_circuit_decorator.py for tasks to queue
[2026-03-12T11:09:54.439+0000] {logging_mixin.py:188} INFO - [2026-03-12T11:09:54.439+0000] {dagbag.py:538} INFO - Filling up the DagBag from /home/airflow/.local/lib/python3.8/site-packages/airflow/example_dags/example_short_circuit_decorator.py
[2026-03-12T11:09:54.451+0000] {processor.py:840} INFO - DAG(s) 'example_short_circuit_decorator' retrieved from /home/airflow/.local/lib/python3.8/site-packages/airflow/example_dags/example_short_circuit_decorator.py
[2026-03-12T11:09:54.471+0000] {logging_mixin.py:188} INFO - [2026-03-12T11:09:54.470+0000] {dag.py:3036} INFO - Sync 1 DAGs
[2026-03-12T11:09:54.527+0000] {logging_mixin.py:188} INFO - [2026-03-12T11:09:54.526+0000] {dag.py:3823} INFO - Setting next_dagrun for example_short_circuit_decorator to 2026-03-11 00:00:00+00:00, run_after=2026-03-12 00:00:00+00:00
[2026-03-12T11:09:54.556+0000] {processor.py:183} INFO - Processing /home/airflow/.local/lib/python3.8/site-packages/airflow/example_dags/example_short_circuit_decorator.py took 0.130 seconds
[2026-03-12T11:10:25.331+0000] {processor.py:161} INFO - Started process (PID=592) to work on /home/airflow/.local/lib/python3.8/site-packages/airflow/example_dags/example_short_circuit_decorator.py
[2026-03-12T11:10:25.332+0000] {processor.py:830} INFO - Processing file /home/airflow/.local/lib/python3.8/site-packages/airflow/example_dags/example_short_circuit_decorator.py for tasks to queue
[2026-03-12T11:10:25.336+0000] {logging_mixin.py:188} INFO - [2026-03-12T11:10:25.336+0000] {dagbag.py:538} INFO - Filling up the DagBag from /home/airflow/.local/lib/python3.8/site-packages/airflow/example_dags/example_short_circuit_decorator.py
[2026-03-12T11:10:25.348+0000] {processor.py:840} INFO - DAG(s) 'example_short_circuit_decorator' retrieved from /home/airflow/.local/lib/python3.8/site-packages/airflow/example_dags/example_short_circuit_decorator.py
[2026-03-12T11:10:25.376+0000] {logging_mixin.py:188} INFO - [2026-03-12T11:10:25.375+0000] {dag.py:3036} INFO - Sync 1 DAGs
[2026-03-12T11:10:25.399+0000] {logging_mixin.py:188} INFO - [2026-03-12T11:10:25.398+0000] {dag.py:3823} INFO - Setting next_dagrun for example_short_circuit_decorator to 2026-03-11 00:00:00+00:00, run_after=2026-03-12 00:00:00+00:00
[2026-03-12T11:10:25.419+0000] {processor.py:183} INFO - Processing /home/airflow/.local/lib/python3.8/site-packages/airflow/example_dags/example_short_circuit_decorator.py took 0.093 seconds
[2026-03-12T11:10:55.687+0000] {processor.py:161} INFO - Started process (PID=648) to work on /home/airflow/.local/lib/python3.8/site-packages/airflow/example_dags/example_short_circuit_decorator.py
[2026-03-12T11:10:55.688+0000] {processor.py:830} INFO - Processing file /home/airflow/.local/lib/python3.8/site-packages/airflow/example_dags/example_short_circuit_decorator.py for tasks to queue
[2026-03-12T11:10:55.690+0000] {logging_mixin.py:188} INFO - [2026-03-12T11:10:55.690+0000] {dagbag.py:538} INFO - Filling up the DagBag from /home/airflow/.local/lib/python3.8/site-packages/airflow/example_dags/example_short_circuit_decorator.py
[2026-03-12T11:10:55.700+0000] {processor.py:840} INFO - DAG(s) 'example_short_circuit_decorator' retrieved from /home/airflow/.local/lib/python3.8/site-packages/airflow/example_dags/example_short_circuit_decorator.py
[2026-03-12T11:10:55.719+0000] {logging_mixin.py:188} INFO - [2026-03-12T11:10:55.718+0000] {dag.py:3036} INFO - Sync 1 DAGs
[2026-03-12T11:10:55.739+0000] {logging_mixin.py:188} INFO - [2026-03-12T11:10:55.739+0000] {dag.py:3823} INFO - Setting next_dagrun for example_short_circuit_decorator to 2026-03-11 00:00:00+00:00, run_after=2026-03-12 00:00:00+00:00
[2026-03-12T11:10:55.756+0000] {processor.py:183} INFO - Processing /home/airflow/.local/lib/python3.8/site-packages/airflow/example_dags/example_short_circuit_decorator.py took 0.072 seconds
[2026-03-12T11:11:25.954+0000] {processor.py:161} INFO - Started process (PID=704) to work on /home/airflow/.local/lib/python3.8/site-packages/airflow/example_dags/example_short_circuit_decorator.py
[2026-03-12T11:11:25.956+0000] {processor.py:830} INFO - Processing file /home/airflow/.local/lib/python3.8/site-packages/airflow/example_dags/example_short_circuit_decorator.py for tasks to queue
[2026-03-12T11:11:25.960+0000] {logging_mixin.py:188} INFO - [2026-03-12T11:11:25.959+0000] {dagbag.py:538} INFO - Filling up the DagBag from /home/airflow/.local/lib/python3.8/site-packages/airflow/example_dags/example_short_circuit_decorator.py
[2026-03-12T11:11:25.969+0000] {processor.py:840} INFO - DAG(s) 'example_short_circuit_decorator' retrieved from /home/airflow/.local/lib/python3.8/site-packages/airflow/example_dags/example_short_circuit_decorator.py
[2026-03-12T11:11:25.991+0000] {logging_mixin.py:188} INFO - [2026-03-12T11:11:25.991+0000] {dag.py:3036} INFO - Sync 1 DAGs
[2026-03-12T11:11:26.011+0000] {logging_mixin.py:188} INFO - [2026-03-12T11:11:26.010+0000] {dag.py:3823} INFO - Setting next_dagrun for example_short_circuit_decorator to 2026-03-11 00:00:00+00:00, run_after=2026-03-12 00:00:00+00:00
[2026-03-12T11:11:26.028+0000] {processor.py:183} INFO - Processing /home/airflow/.local/lib/python3.8/site-packages/airflow/example_dags/example_short_circuit_decorator.py took 0.076 seconds
[2026-03-12T11:11:56.128+0000] {processor.py:161} INFO - Started process (PID=761) to work on /home/airflow/.local/lib/python3.8/site-packages/airflow/example_dags/example_short_circuit_decorator.py
[2026-03-12T11:11:56.129+0000] {processor.py:830} INFO - Processing file /home/airflow/.local/lib/python3.8/site-packages/airflow/example_dags/example_short_circuit_decorator.py for tasks to queue
[2026-03-12T11:11:56.131+0000] {logging_mixin.py:188} INFO - [2026-03-12T11:11:56.131+0000] {dagbag.py:538} INFO - Filling up the DagBag from /home/airflow/.local/lib/python3.8/site-packages/airflow/example_dags/example_short_circuit_decorator.py
[2026-03-12T11:11:56.139+0000] {processor.py:840} INFO - DAG(s) 'example_short_circuit_decorator' retrieved from /home/airflow/.local/lib/python3.8/site-packages/airflow/example_dags/example_short_circuit_decorator.py
[2026-03-12T11:11:56.157+0000] {logging_mixin.py:188} INFO - [2026-03-12T11:11:56.156+0000] {dag.py:3036} INFO - Sync 1 DAGs
[2026-03-12T11:11:56.173+0000] {logging_mixin.py:188} INFO - [2026-03-12T11:11:56.173+0000] {dag.py:3823} INFO - Setting next_dagrun for example_short_circuit_decorator to 2026-03-11 00:00:00+00:00, run_after=2026-03-12 00:00:00+00:00
[2026-03-12T11:11:56.188+0000] {processor.py:183} INFO - Processing /home/airflow/.local/lib/python3.8/site-packages/airflow/example_dags/example_short_circuit_decorator.py took 0.063 seconds
[2026-03-12T11:12:26.655+0000] {processor.py:161} INFO - Started process (PID=817) to work on /home/airflow/.local/lib/python3.8/site-packages/airflow/example_dags/example_short_circuit_decorator.py
[2026-03-12T11:12:26.657+0000] {processor.py:830} INFO - Processing file /home/airflow/.local/lib/python3.8/site-packages/airflow/example_dags/example_short_circuit_decorator.py for tasks to queue
[2026-03-12T11:12:26.660+0000] {logging_mixin.py:188} INFO - [2026-03-12T11:12:26.660+0000] {dagbag.py:538} INFO - Filling up the DagBag from /home/airflow/.local/lib/python3.8/site-packages/airflow/example_dags/example_short_circuit_decorator.py
[2026-03-12T11:12:26.671+0000] {processor.py:840} INFO - DAG(s) 'example_short_circuit_decorator' retrieved from /home/airflow/.local/lib/python3.8/site-packages/airflow/example_dags/example_short_circuit_decorator.py
[2026-03-12T11:12:26.698+0000] {logging_mixin.py:188} INFO - [2026-03-12T11:12:26.698+0000] {dag.py:3036} INFO - Sync 1 DAGs
[2026-03-12T11:12:26.716+0000] {logging_mixin.py:188} INFO - [2026-03-12T11:12:26.715+0000] {dag.py:3823} INFO - Setting next_dagrun for example_short_circuit_decorator to 2026-03-11 00:00:00+00:00, run_after=2026-03-12 00:00:00+00:00
[2026-03-12T11:12:26.740+0000] {processor.py:183} INFO - Processing /home/airflow/.local/lib/python3.8/site-packages/airflow/example_dags/example_short_circuit_decorator.py took 0.087 seconds
[2026-03-12T11:12:57.538+0000] {processor.py:161} INFO - Started process (PID=873) to work on /home/airflow/.local/lib/python3.8/site-packages/airflow/example_dags/example_short_circuit_decorator.py
[2026-03-12T11:12:57.539+0000] {processor.py:830} INFO - Processing file /home/airflow/.local/lib/python3.8/site-packages/airflow/example_dags/example_short_circuit_decorator.py for tasks to queue
[2026-03-12T11:12:57.542+0000] {logging_mixin.py:188} INFO - [2026-03-12T11:12:57.541+0000] {dagbag.py:538} INFO - Filling up the DagBag from /home/airflow/.local/lib/python3.8/site-packages/airflow/example_dags/example_short_circuit_decorator.py
[2026-03-12T11:12:57.550+0000] {processor.py:840} INFO - DAG(s) 'example_short_circuit_decorator' retrieved from /home/airflow/.local/lib/python3.8/site-packages/airflow/example_dags/example_short_circuit_decorator.py
[2026-03-12T11:12:57.571+0000] {logging_mixin.py:188} INFO - [2026-03-12T11:12:57.571+0000] {dag.py:3036} INFO - Sync 1 DAGs
[2026-03-12T11:12:57.590+0000] {logging_mixin.py:188} INFO - [2026-03-12T11:12:57.590+0000] {dag.py:3823} INFO - Setting next_dagrun for example_short_circuit_decorator to 2026-03-11 00:00:00+00:00, run_after=2026-03-12 00:00:00+00:00
[2026-03-12T11:12:57.606+0000] {processor.py:183} INFO - Processing /home/airflow/.local/lib/python3.8/site-packages/airflow/example_dags/example_short_circuit_decorator.py took 0.071 seconds
[2026-03-12T11:13:27.688+0000] {processor.py:161} INFO - Started process (PID=929) to work on /home/airflow/.local/lib/python3.8/site-packages/airflow/example_dags/example_short_circuit_decorator.py
[2026-03-12T11:13:27.690+0000] {processor.py:830} INFO - Processing file /home/airflow/.local/lib/python3.8/site-packages/airflow/example_dags/example_short_circuit_decorator.py for tasks to queue
[2026-03-12T11:13:27.692+0000] {logging_mixin.py:188} INFO - [2026-03-12T11:13:27.692+0000] {dagbag.py:538} INFO - Filling up the DagBag from /home/airflow/.local/lib/python3.8/site-packages/airflow/example_dags/example_short_circuit_decorator.py
[2026-03-12T11:13:27.700+0000] {processor.py:840} INFO - DAG(s) 'example_short_circuit_decorator' retrieved from /home/airflow/.local/lib/python3.8/site-packages/airflow/example_dags/example_short_circuit_decorator.py
[2026-03-12T11:13:27.719+0000] {logging_mixin.py:188} INFO - [2026-03-12T11:13:27.719+0000] {dag.py:3036} INFO - Sync 1 DAGs
[2026-03-12T11:13:27.736+0000] {logging_mixin.py:188} INFO - [2026-03-12T11:13:27.736+0000] {dag.py:3823} INFO - Setting next_dagrun for example_short_circuit_decorator to 2026-03-11 00:00:00+00:00, run_after=2026-03-12 00:00:00+00:00
[2026-03-12T11:13:27.753+0000] {processor.py:183} INFO - Processing /home/airflow/.local/lib/python3.8/site-packages/airflow/example_dags/example_short_circuit_decorator.py took 0.067 seconds
[2026-03-12T11:13:57.951+0000] {processor.py:161} INFO - Started process (PID=985) to work on /home/airflow/.local/lib/python3.8/site-packages/airflow/example_dags/example_short_circuit_decorator.py
[2026-03-12T11:13:57.953+0000] {processor.py:830} INFO - Processing file /home/airflow/.local/lib/python3.8/site-packages/airflow/example_dags/example_short_circuit_decorator.py for tasks to queue
[2026-03-12T11:13:57.955+0000] {logging_mixin.py:188} INFO - [2026-03-12T11:13:57.955+0000] {dagbag.py:538} INFO - Filling up the DagBag from /home/airflow/.local/lib/python3.8/site-packages/airflow/example_dags/example_short_circuit_decorator.py
[2026-03-12T11:13:57.963+0000] {processor.py:840} INFO - DAG(s) 'example_short_circuit_decorator' retrieved from /home/airflow/.local/lib/python3.8/site-packages/airflow/example_dags/example_short_circuit_decorator.py
[2026-03-12T11:13:57.983+0000] {logging_mixin.py:188} INFO - [2026-03-12T11:13:57.983+0000] {dag.py:3036} INFO - Sync 1 DAGs
[2026-03-12T11:13:58.003+0000] {logging_mixin.py:188} INFO - [2026-03-12T11:13:58.002+0000] {dag.py:3823} INFO - Setting next_dagrun for example_short_circuit_decorator to 2026-03-11 00:00:00+00:00, run_after=2026-03-12 00:00:00+00:00
[2026-03-12T11:13:58.022+0000] {processor.py:183} INFO - Processing /home/airflow/.local/lib/python3.8/site-packages/airflow/example_dags/example_short_circuit_decorator.py took 0.074 seconds
[2026-03-12T11:14:28.502+0000] {processor.py:161} INFO - Started process (PID=1041) to work on /home/airflow/.local/lib/python3.8/site-packages/airflow/example_dags/example_short_circuit_decorator.py
[2026-03-12T11:14:28.503+0000] {processor.py:830} INFO - Processing file /home/airflow/.local/lib/python3.8/site-packages/airflow/example_dags/example_short_circuit_decorator.py for tasks to queue
[2026-03-12T11:14:28.505+0000] {logging_mixin.py:188} INFO - [2026-03-12T11:14:28.505+0000] {dagbag.py:538} INFO - Filling up the DagBag from /home/airflow/.local/lib/python3.8/site-packages/airflow/example_dags/example_short_circuit_decorator.py
[2026-03-12T11:14:28.513+0000] {processor.py:840} INFO - DAG(s) 'example_short_circuit_decorator' retrieved from /home/airflow/.local/lib/python3.8/site-packages/airflow/example_dags/example_short_circuit_decorator.py
[2026-03-12T11:14:28.532+0000] {logging_mixin.py:188} INFO - [2026-03-12T11:14:28.532+0000] {dag.py:3036} INFO - Sync 1 DAGs
[2026-03-12T11:14:28.550+0000] {logging_mixin.py:188} INFO - [2026-03-12T11:14:28.549+0000] {dag.py:3823} INFO - Setting next_dagrun for example_short_circuit_decorator to 2026-03-11 00:00:00+00:00, run_after=2026-03-12 00:00:00+00:00
[2026-03-12T11:14:28.565+0000] {processor.py:183} INFO - Processing /home/airflow/.local/lib/python3.8/site-packages/airflow/example_dags/example_short_circuit_decorator.py took 0.066 seconds
[2026-03-12T11:14:58.681+0000] {processor.py:161} INFO - Started process (PID=1097) to work on /home/airflow/.local/lib/python3.8/site-packages/airflow/example_dags/example_short_circuit_decorator.py
[2026-03-12T11:14:58.683+0000] {processor.py:830} INFO - Processing file /home/airflow/.local/lib/python3.8/site-packages/airflow/example_dags/example_short_circuit_decorator.py for tasks to queue
[2026-03-12T11:14:58.685+0000] {logging_mixin.py:188} INFO - [2026-03-12T11:14:58.685+0000] {dagbag.py:538} INFO - Filling up the DagBag from /home/airflow/.local/lib/python3.8/site-packages/airflow/example_dags/example_short_circuit_decorator.py
[2026-03-12T11:14:58.692+0000] {processor.py:840} INFO - DAG(s) 'example_short_circuit_decorator' retrieved from /home/airflow/.local/lib/python3.8/site-packages/airflow/example_dags/example_short_circuit_decorator.py
[2026-03-12T11:14:58.710+0000] {logging_mixin.py:188} INFO - [2026-03-12T11:14:58.710+0000] {dag.py:3036} INFO - Sync 1 DAGs
[2026-03-12T11:14:58.727+0000] {logging_mixin.py:188} INFO - [2026-03-12T11:14:58.726+0000] {dag.py:3823} INFO - Setting next_dagrun for example_short_circuit_decorator to 2026-03-11 00:00:00+00:00, run_after=2026-03-12 00:00:00+00:00
[2026-03-12T11:14:58.744+0000] {processor.py:183} INFO - Processing /home/airflow/.local/lib/python3.8/site-packages/airflow/example_dags/example_short_circuit_decorator.py took 0.066 seconds
[2026-03-12T11:15:29.092+0000] {processor.py:161} INFO - Started process (PID=1153) to work on /home/airflow/.local/lib/python3.8/site-packages/airflow/example_dags/example_short_circuit_decorator.py
[2026-03-12T11:15:29.094+0000] {processor.py:830} INFO - Processing file /home/airflow/.local/lib/python3.8/site-packages/airflow/example_dags/example_short_circuit_decorator.py for tasks to queue
[2026-03-12T11:15:29.096+0000] {logging_mixin.py:188} INFO - [2026-03-12T11:15:29.096+0000] {dagbag.py:538} INFO - Filling up the DagBag from /home/airflow/.local/lib/python3.8/site-packages/airflow/example_dags/example_short_circuit_decorator.py
[2026-03-12T11:15:29.103+0000] {processor.py:840} INFO - DAG(s) 'example_short_circuit_decorator' retrieved from /home/airflow/.local/lib/python3.8/site-packages/airflow/example_dags/example_short_circuit_decorator.py
[2026-03-12T11:15:29.123+0000] {logging_mixin.py:188} INFO - [2026-03-12T11:15:29.123+0000] {dag.py:3036} INFO - Sync 1 DAGs
[2026-03-12T11:15:29.142+0000] {logging_mixin.py:188} INFO - [2026-03-12T11:15:29.142+0000] {dag.py:3823} INFO - Setting next_dagrun for example_short_circuit_decorator to 2026-03-11 00:00:00+00:00, run_after=2026-03-12 00:00:00+00:00
[2026-03-12T11:15:29.160+0000] {processor.py:183} INFO - Processing /home/airflow/.local/lib/python3.8/site-packages/airflow/example_dags/example_short_circuit_decorator.py took 0.072 seconds
