[2026-03-12T11:05:45.650+0000] {processor.py:161} INFO - Started process (PID=61) to work on /home/airflow/.local/lib/python3.8/site-packages/airflow/example_dags/example_nested_branch_dag.py
[2026-03-12T11:05:45.655+0000] {processor.py:830} INFO - Processing file /home/airflow/.local/lib/python3.8/site-packages/airflow/example_dags/example_nested_branch_dag.py for tasks to queue
[2026-03-12T11:05:45.664+0000] {logging_mixin.py:188} INFO - [2026-03-12T11:05:45.663+0000] {dagbag.py:538} INFO - Filling up the DagBag from /home/airflow/.local/lib/python3.8/site-packages/airflow/example_dags/example_nested_branch_dag.py
[2026-03-12T11:05:45.724+0000] {processor.py:840} INFO - DAG(s) 'example_nested_branch_dag' retrieved from /home/airflow/.local/lib/python3.8/site-packages/airflow/example_dags/example_nested_branch_dag.py
[2026-03-12T11:05:45.744+0000] {logging_mixin.py:188} INFO - [2026-03-12T11:05:45.744+0000] {dag.py:3036} INFO - Sync 1 DAGs
[2026-03-12T11:05:45.810+0000] {logging_mixin.py:188} INFO - [2026-03-12T11:05:45.809+0000] {dag.py:3823} INFO - Setting next_dagrun for example_nested_branch_dag to 2026-03-11 00:00:00+00:00, run_after=2026-03-12 00:00:00+00:00
[2026-03-12T11:05:45.858+0000] {processor.py:183} INFO - Processing /home/airflow/.local/lib/python3.8/site-packages/airflow/example_dags/example_nested_branch_dag.py took 0.222 seconds
[2026-03-12T11:06:16.306+0000] {processor.py:161} INFO - Started process (PID=116) to work on /home/airflow/.local/lib/python3.8/site-packages/airflow/example_dags/example_nested_branch_dag.py
[2026-03-12T11:06:16.308+0000] {processor.py:830} INFO - Processing file /home/airflow/.local/lib/python3.8/site-packages/airflow/example_dags/example_nested_branch_dag.py for tasks to queue
[2026-03-12T11:06:16.310+0000] {logging_mixin.py:188} INFO - [2026-03-12T11:06:16.310+0000] {dagbag.py:538} INFO - Filling up the DagBag from /home/airflow/.local/lib/python3.8/site-packages/airflow/example_dags/example_nested_branch_dag.py
[2026-03-12T11:06:16.323+0000] {processor.py:840} INFO - DAG(s) 'example_nested_branch_dag' retrieved from /home/airflow/.local/lib/python3.8/site-packages/airflow/example_dags/example_nested_branch_dag.py
[2026-03-12T11:06:16.420+0000] {logging_mixin.py:188} INFO - [2026-03-12T11:06:16.420+0000] {dag.py:3036} INFO - Sync 1 DAGs
[2026-03-12T11:06:16.439+0000] {logging_mixin.py:188} INFO - [2026-03-12T11:06:16.439+0000] {dag.py:3823} INFO - Setting next_dagrun for example_nested_branch_dag to 2026-03-11 00:00:00+00:00, run_after=2026-03-12 00:00:00+00:00
[2026-03-12T11:06:16.465+0000] {processor.py:183} INFO - Processing /home/airflow/.local/lib/python3.8/site-packages/airflow/example_dags/example_nested_branch_dag.py took 0.162 seconds
[2026-03-12T11:06:47.043+0000] {processor.py:161} INFO - Started process (PID=171) to work on /home/airflow/.local/lib/python3.8/site-packages/airflow/example_dags/example_nested_branch_dag.py
[2026-03-12T11:06:47.048+0000] {processor.py:830} INFO - Processing file /home/airflow/.local/lib/python3.8/site-packages/airflow/example_dags/example_nested_branch_dag.py for tasks to queue
[2026-03-12T11:06:47.052+0000] {logging_mixin.py:188} INFO - [2026-03-12T11:06:47.052+0000] {dagbag.py:538} INFO - Filling up the DagBag from /home/airflow/.local/lib/python3.8/site-packages/airflow/example_dags/example_nested_branch_dag.py
[2026-03-12T11:06:47.068+0000] {processor.py:840} INFO - DAG(s) 'example_nested_branch_dag' retrieved from /home/airflow/.local/lib/python3.8/site-packages/airflow/example_dags/example_nested_branch_dag.py
[2026-03-12T11:06:47.096+0000] {logging_mixin.py:188} INFO - [2026-03-12T11:06:47.096+0000] {dag.py:3036} INFO - Sync 1 DAGs
[2026-03-12T11:06:47.122+0000] {logging_mixin.py:188} INFO - [2026-03-12T11:06:47.122+0000] {dag.py:3823} INFO - Setting next_dagrun for example_nested_branch_dag to 2026-03-11 00:00:00+00:00, run_after=2026-03-12 00:00:00+00:00
[2026-03-12T11:06:47.149+0000] {processor.py:183} INFO - Processing /home/airflow/.local/lib/python3.8/site-packages/airflow/example_dags/example_nested_branch_dag.py took 0.109 seconds
[2026-03-12T11:07:17.244+0000] {processor.py:161} INFO - Started process (PID=226) to work on /home/airflow/.local/lib/python3.8/site-packages/airflow/example_dags/example_nested_branch_dag.py
[2026-03-12T11:07:17.248+0000] {processor.py:830} INFO - Processing file /home/airflow/.local/lib/python3.8/site-packages/airflow/example_dags/example_nested_branch_dag.py for tasks to queue
[2026-03-12T11:07:17.250+0000] {logging_mixin.py:188} INFO - [2026-03-12T11:07:17.250+0000] {dagbag.py:538} INFO - Filling up the DagBag from /home/airflow/.local/lib/python3.8/site-packages/airflow/example_dags/example_nested_branch_dag.py
[2026-03-12T11:07:17.259+0000] {processor.py:840} INFO - DAG(s) 'example_nested_branch_dag' retrieved from /home/airflow/.local/lib/python3.8/site-packages/airflow/example_dags/example_nested_branch_dag.py
[2026-03-12T11:07:17.278+0000] {logging_mixin.py:188} INFO - [2026-03-12T11:07:17.278+0000] {dag.py:3036} INFO - Sync 1 DAGs
[2026-03-12T11:07:17.296+0000] {logging_mixin.py:188} INFO - [2026-03-12T11:07:17.296+0000] {dag.py:3823} INFO - Setting next_dagrun for example_nested_branch_dag to 2026-03-11 00:00:00+00:00, run_after=2026-03-12 00:00:00+00:00
[2026-03-12T11:07:17.313+0000] {processor.py:183} INFO - Processing /home/airflow/.local/lib/python3.8/site-packages/airflow/example_dags/example_nested_branch_dag.py took 0.073 seconds
[2026-03-12T11:07:47.449+0000] {processor.py:161} INFO - Started process (PID=281) to work on /home/airflow/.local/lib/python3.8/site-packages/airflow/example_dags/example_nested_branch_dag.py
[2026-03-12T11:07:47.450+0000] {processor.py:830} INFO - Processing file /home/airflow/.local/lib/python3.8/site-packages/airflow/example_dags/example_nested_branch_dag.py for tasks to queue
[2026-03-12T11:07:47.452+0000] {logging_mixin.py:188} INFO - [2026-03-12T11:07:47.452+0000] {dagbag.py:538} INFO - Filling up the DagBag from /home/airflow/.local/lib/python3.8/site-packages/airflow/example_dags/example_nested_branch_dag.py
[2026-03-12T11:07:47.461+0000] {processor.py:840} INFO - DAG(s) 'example_nested_branch_dag' retrieved from /home/airflow/.local/lib/python3.8/site-packages/airflow/example_dags/example_nested_branch_dag.py
[2026-03-12T11:07:47.481+0000] {logging_mixin.py:188} INFO - [2026-03-12T11:07:47.481+0000] {dag.py:3036} INFO - Sync 1 DAGs
[2026-03-12T11:07:47.498+0000] {logging_mixin.py:188} INFO - [2026-03-12T11:07:47.498+0000] {dag.py:3823} INFO - Setting next_dagrun for example_nested_branch_dag to 2026-03-11 00:00:00+00:00, run_after=2026-03-12 00:00:00+00:00
[2026-03-12T11:07:47.520+0000] {processor.py:183} INFO - Processing /home/airflow/.local/lib/python3.8/site-packages/airflow/example_dags/example_nested_branch_dag.py took 0.075 seconds
[2026-03-12T11:08:17.671+0000] {processor.py:161} INFO - Started process (PID=335) to work on /home/airflow/.local/lib/python3.8/site-packages/airflow/example_dags/example_nested_branch_dag.py
[2026-03-12T11:08:17.672+0000] {processor.py:830} INFO - Processing file /home/airflow/.local/lib/python3.8/site-packages/airflow/example_dags/example_nested_branch_dag.py for tasks to queue
[2026-03-12T11:08:17.674+0000] {logging_mixin.py:188} INFO - [2026-03-12T11:08:17.674+0000] {dagbag.py:538} INFO - Filling up the DagBag from /home/airflow/.local/lib/python3.8/site-packages/airflow/example_dags/example_nested_branch_dag.py
[2026-03-12T11:08:17.684+0000] {processor.py:840} INFO - DAG(s) 'example_nested_branch_dag' retrieved from /home/airflow/.local/lib/python3.8/site-packages/airflow/example_dags/example_nested_branch_dag.py
[2026-03-12T11:08:17.706+0000] {logging_mixin.py:188} INFO - [2026-03-12T11:08:17.705+0000] {dag.py:3036} INFO - Sync 1 DAGs
[2026-03-12T11:08:17.729+0000] {logging_mixin.py:188} INFO - [2026-03-12T11:08:17.729+0000] {dag.py:3823} INFO - Setting next_dagrun for example_nested_branch_dag to 2026-03-11 00:00:00+00:00, run_after=2026-03-12 00:00:00+00:00
[2026-03-12T11:08:17.749+0000] {processor.py:183} INFO - Processing /home/airflow/.local/lib/python3.8/site-packages/airflow/example_dags/example_nested_branch_dag.py took 0.085 seconds
[2026-03-12T11:08:47.959+0000] {processor.py:161} INFO - Started process (PID=390) to work on /home/airflow/.local/lib/python3.8/site-packages/airflow/example_dags/example_nested_branch_dag.py
[2026-03-12T11:08:47.961+0000] {processor.py:830} INFO - Processing file /home/airflow/.local/lib/python3.8/site-packages/airflow/example_dags/example_nested_branch_dag.py for tasks to queue
[2026-03-12T11:08:47.964+0000] {logging_mixin.py:188} INFO - [2026-03-12T11:08:47.963+0000] {dagbag.py:538} INFO - Filling up the DagBag from /home/airflow/.local/lib/python3.8/site-packages/airflow/example_dags/example_nested_branch_dag.py
[2026-03-12T11:08:47.983+0000] {processor.py:840} INFO - DAG(s) 'example_nested_branch_dag' retrieved from /home/airflow/.local/lib/python3.8/site-packages/airflow/example_dags/example_nested_branch_dag.py
[2026-03-12T11:08:48.017+0000] {logging_mixin.py:188} INFO - [2026-03-12T11:08:48.016+0000] {dag.py:3036} INFO - Sync 1 DAGs
[2026-03-12T11:08:48.041+0000] {logging_mixin.py:188} INFO - [2026-03-12T11:08:48.041+0000] {dag.py:3823} INFO - Setting next_dagrun for example_nested_branch_dag to 2026-03-11 00:00:00+00:00, run_after=2026-03-12 00:00:00+00:00
[2026-03-12T11:08:48.070+0000] {processor.py:183} INFO - Processing /home/airflow/.local/lib/python3.8/site-packages/airflow/example_dags/example_nested_branch_dag.py took 0.115 seconds
[2026-03-12T11:09:18.277+0000] {processor.py:161} INFO - Started process (PID=445) to work on /home/airflow/.local/lib/python3.8/site-packages/airflow/example_dags/example_nested_branch_dag.py
[2026-03-12T11:09:18.278+0000] {processor.py:830} INFO - Processing file /home/airflow/.local/lib/python3.8/site-packages/airflow/example_dags/example_nested_branch_dag.py for tasks to queue
[2026-03-12T11:09:18.281+0000] {logging_mixin.py:188} INFO - [2026-03-12T11:09:18.281+0000] {dagbag.py:538} INFO - Filling up the DagBag from /home/airflow/.local/lib/python3.8/site-packages/airflow/example_dags/example_nested_branch_dag.py
[2026-03-12T11:09:18.296+0000] {processor.py:840} INFO - DAG(s) 'example_nested_branch_dag' retrieved from /home/airflow/.local/lib/python3.8/site-packages/airflow/example_dags/example_nested_branch_dag.py
[2026-03-12T11:09:18.316+0000] {logging_mixin.py:188} INFO - [2026-03-12T11:09:18.316+0000] {dag.py:3036} INFO - Sync 1 DAGs
[2026-03-12T11:09:18.335+0000] {logging_mixin.py:188} INFO - [2026-03-12T11:09:18.335+0000] {dag.py:3823} INFO - Setting next_dagrun for example_nested_branch_dag to 2026-03-11 00:00:00+00:00, run_after=2026-03-12 00:00:00+00:00
[2026-03-12T11:09:18.358+0000] {processor.py:183} INFO - Processing /home/airflow/.local/lib/python3.8/site-packages/airflow/example_dags/example_nested_branch_dag.py took 0.085 seconds
[2026-03-12T11:09:49.163+0000] {processor.py:161} INFO - Started process (PID=506) to work on /home/airflow/.local/lib/python3.8/site-packages/airflow/example_dags/example_nested_branch_dag.py
[2026-03-12T11:09:49.165+0000] {processor.py:830} INFO - Processing file /home/airflow/.local/lib/python3.8/site-packages/airflow/example_dags/example_nested_branch_dag.py for tasks to queue
[2026-03-12T11:09:49.167+0000] {logging_mixin.py:188} INFO - [2026-03-12T11:09:49.167+0000] {dagbag.py:538} INFO - Filling up the DagBag from /home/airflow/.local/lib/python3.8/site-packages/airflow/example_dags/example_nested_branch_dag.py
[2026-03-12T11:09:49.176+0000] {processor.py:840} INFO - DAG(s) 'example_nested_branch_dag' retrieved from /home/airflow/.local/lib/python3.8/site-packages/airflow/example_dags/example_nested_branch_dag.py
[2026-03-12T11:09:49.196+0000] {logging_mixin.py:188} INFO - [2026-03-12T11:09:49.195+0000] {dag.py:3036} INFO - Sync 1 DAGs
[2026-03-12T11:09:49.215+0000] {logging_mixin.py:188} INFO - [2026-03-12T11:09:49.215+0000] {dag.py:3823} INFO - Setting next_dagrun for example_nested_branch_dag to 2026-03-11 00:00:00+00:00, run_after=2026-03-12 00:00:00+00:00
[2026-03-12T11:09:49.235+0000] {processor.py:183} INFO - Processing /home/airflow/.local/lib/python3.8/site-packages/airflow/example_dags/example_nested_branch_dag.py took 0.076 seconds
[2026-03-12T11:10:19.364+0000] {processor.py:161} INFO - Started process (PID=561) to work on /home/airflow/.local/lib/python3.8/site-packages/airflow/example_dags/example_nested_branch_dag.py
[2026-03-12T11:10:19.366+0000] {processor.py:830} INFO - Processing file /home/airflow/.local/lib/python3.8/site-packages/airflow/example_dags/example_nested_branch_dag.py for tasks to queue
[2026-03-12T11:10:19.368+0000] {logging_mixin.py:188} INFO - [2026-03-12T11:10:19.368+0000] {dagbag.py:538} INFO - Filling up the DagBag from /home/airflow/.local/lib/python3.8/site-packages/airflow/example_dags/example_nested_branch_dag.py
[2026-03-12T11:10:19.378+0000] {processor.py:840} INFO - DAG(s) 'example_nested_branch_dag' retrieved from /home/airflow/.local/lib/python3.8/site-packages/airflow/example_dags/example_nested_branch_dag.py
[2026-03-12T11:10:19.398+0000] {logging_mixin.py:188} INFO - [2026-03-12T11:10:19.397+0000] {dag.py:3036} INFO - Sync 1 DAGs
[2026-03-12T11:10:19.416+0000] {logging_mixin.py:188} INFO - [2026-03-12T11:10:19.416+0000] {dag.py:3823} INFO - Setting next_dagrun for example_nested_branch_dag to 2026-03-11 00:00:00+00:00, run_after=2026-03-12 00:00:00+00:00
[2026-03-12T11:10:19.437+0000] {processor.py:183} INFO - Processing /home/airflow/.local/lib/python3.8/site-packages/airflow/example_dags/example_nested_branch_dag.py took 0.080 seconds
[2026-03-12T11:10:49.531+0000] {processor.py:161} INFO - Started process (PID=617) to work on /home/airflow/.local/lib/python3.8/site-packages/airflow/example_dags/example_nested_branch_dag.py
[2026-03-12T11:10:49.532+0000] {processor.py:830} INFO - Processing file /home/airflow/.local/lib/python3.8/site-packages/airflow/example_dags/example_nested_branch_dag.py for tasks to queue
[2026-03-12T11:10:49.537+0000] {logging_mixin.py:188} INFO - [2026-03-12T11:10:49.537+0000] {dagbag.py:538} INFO - Filling up the DagBag from /home/airflow/.local/lib/python3.8/site-packages/airflow/example_dags/example_nested_branch_dag.py
[2026-03-12T11:10:49.547+0000] {processor.py:840} INFO - DAG(s) 'example_nested_branch_dag' retrieved from /home/airflow/.local/lib/python3.8/site-packages/airflow/example_dags/example_nested_branch_dag.py
[2026-03-12T11:10:49.570+0000] {logging_mixin.py:188} INFO - [2026-03-12T11:10:49.569+0000] {dag.py:3036} INFO - Sync 1 DAGs
[2026-03-12T11:10:49.592+0000] {logging_mixin.py:188} INFO - [2026-03-12T11:10:49.591+0000] {dag.py:3823} INFO - Setting next_dagrun for example_nested_branch_dag to 2026-03-11 00:00:00+00:00, run_after=2026-03-12 00:00:00+00:00
[2026-03-12T11:10:49.617+0000] {processor.py:183} INFO - Processing /home/airflow/.local/lib/python3.8/site-packages/airflow/example_dags/example_nested_branch_dag.py took 0.089 seconds
[2026-03-12T11:11:19.735+0000] {processor.py:161} INFO - Started process (PID=673) to work on /home/airflow/.local/lib/python3.8/site-packages/airflow/example_dags/example_nested_branch_dag.py
[2026-03-12T11:11:19.737+0000] {processor.py:830} INFO - Processing file /home/airflow/.local/lib/python3.8/site-packages/airflow/example_dags/example_nested_branch_dag.py for tasks to queue
[2026-03-12T11:11:19.739+0000] {logging_mixin.py:188} INFO - [2026-03-12T11:11:19.739+0000] {dagbag.py:538} INFO - Filling up the DagBag from /home/airflow/.local/lib/python3.8/site-packages/airflow/example_dags/example_nested_branch_dag.py
[2026-03-12T11:11:19.747+0000] {processor.py:840} INFO - DAG(s) 'example_nested_branch_dag' retrieved from /home/airflow/.local/lib/python3.8/site-packages/airflow/example_dags/example_nested_branch_dag.py
[2026-03-12T11:11:19.766+0000] {logging_mixin.py:188} INFO - [2026-03-12T11:11:19.765+0000] {dag.py:3036} INFO - Sync 1 DAGs
[2026-03-12T11:11:19.783+0000] {logging_mixin.py:188} INFO - [2026-03-12T11:11:19.783+0000] {dag.py:3823} INFO - Setting next_dagrun for example_nested_branch_dag to 2026-03-11 00:00:00+00:00, run_after=2026-03-12 00:00:00+00:00
[2026-03-12T11:11:19.802+0000] {processor.py:183} INFO - Processing /home/airflow/.local/lib/python3.8/site-packages/airflow/example_dags/example_nested_branch_dag.py took 0.069 seconds
[2026-03-12T11:11:50.454+0000] {processor.py:161} INFO - Started process (PID=730) to work on /home/airflow/.local/lib/python3.8/site-packages/airflow/example_dags/example_nested_branch_dag.py
[2026-03-12T11:11:50.455+0000] {processor.py:830} INFO - Processing file /home/airflow/.local/lib/python3.8/site-packages/airflow/example_dags/example_nested_branch_dag.py for tasks to queue
[2026-03-12T11:11:50.457+0000] {logging_mixin.py:188} INFO - [2026-03-12T11:11:50.457+0000] {dagbag.py:538} INFO - Filling up the DagBag from /home/airflow/.local/lib/python3.8/site-packages/airflow/example_dags/example_nested_branch_dag.py
[2026-03-12T11:11:50.466+0000] {processor.py:840} INFO - DAG(s) 'example_nested_branch_dag' retrieved from /home/airflow/.local/lib/python3.8/site-packages/airflow/example_dags/example_nested_branch_dag.py
[2026-03-12T11:11:50.485+0000] {logging_mixin.py:188} INFO - [2026-03-12T11:11:50.485+0000] {dag.py:3036} INFO - Sync 1 DAGs
[2026-03-12T11:11:50.504+0000] {logging_mixin.py:188} INFO - [2026-03-12T11:11:50.504+0000] {dag.py:3823} INFO - Setting next_dagrun for example_nested_branch_dag to 2026-03-11 00:00:00+00:00, run_after=2026-03-12 00:00:00+00:00
[2026-03-12T11:11:50.521+0000] {processor.py:183} INFO - Processing /home/airflow/.local/lib/python3.8/site-packages/airflow/example_dags/example_nested_branch_dag.py took 0.070 seconds
[2026-03-12T11:12:20.788+0000] {processor.py:161} INFO - Started process (PID=786) to work on /home/airflow/.local/lib/python3.8/site-packages/airflow/example_dags/example_nested_branch_dag.py
[2026-03-12T11:12:20.790+0000] {processor.py:830} INFO - Processing file /home/airflow/.local/lib/python3.8/site-packages/airflow/example_dags/example_nested_branch_dag.py for tasks to queue
[2026-03-12T11:12:20.793+0000] {logging_mixin.py:188} INFO - [2026-03-12T11:12:20.792+0000] {dagbag.py:538} INFO - Filling up the DagBag from /home/airflow/.local/lib/python3.8/site-packages/airflow/example_dags/example_nested_branch_dag.py
[2026-03-12T11:12:20.802+0000] {processor.py:840} INFO - DAG(s) 'example_nested_branch_dag' retrieved from /home/airflow/.local/lib/python3.8/site-packages/airflow/example_dags/example_nested_branch_dag.py
[2026-03-12T11:12:20.822+0000] {logging_mixin.py:188} INFO - [2026-03-12T11:12:20.822+0000] {dag.py:3036} INFO - Sync 1 DAGs
[2026-03-12T11:12:20.846+0000] {logging_mixin.py:188} INFO - [2026-03-12T11:12:20.845+0000] {dag.py:3823} INFO - Setting next_dagrun for example_nested_branch_dag to 2026-03-11 00:00:00+00:00, run_after=2026-03-12 00:00:00+00:00
[2026-03-12T11:12:20.867+0000] {processor.py:183} INFO - Processing /home/airflow/.local/lib/python3.8/site-packages/airflow/example_dags/example_nested_branch_dag.py took 0.084 seconds
[2026-03-12T11:12:51.562+0000] {processor.py:161} INFO - Started process (PID=842) to work on /home/airflow/.local/lib/python3.8/site-packages/airflow/example_dags/example_nested_branch_dag.py
[2026-03-12T11:12:51.564+0000] {processor.py:830} INFO - Processing file /home/airflow/.local/lib/python3.8/site-packages/airflow/example_dags/example_nested_branch_dag.py for tasks to queue
[2026-03-12T11:12:51.566+0000] {logging_mixin.py:188} INFO - [2026-03-12T11:12:51.565+0000] {dagbag.py:538} INFO - Filling up the DagBag from /home/airflow/.local/lib/python3.8/site-packages/airflow/example_dags/example_nested_branch_dag.py
[2026-03-12T11:12:51.574+0000] {processor.py:840} INFO - DAG(s) 'example_nested_branch_dag' retrieved from /home/airflow/.local/lib/python3.8/site-packages/airflow/example_dags/example_nested_branch_dag.py
[2026-03-12T11:12:51.593+0000] {logging_mixin.py:188} INFO - [2026-03-12T11:12:51.592+0000] {dag.py:3036} INFO - Sync 1 DAGs
[2026-03-12T11:12:51.612+0000] {logging_mixin.py:188} INFO - [2026-03-12T11:12:51.612+0000] {dag.py:3823} INFO - Setting next_dagrun for example_nested_branch_dag to 2026-03-11 00:00:00+00:00, run_after=2026-03-12 00:00:00+00:00
[2026-03-12T11:12:51.633+0000] {processor.py:183} INFO - Processing /home/airflow/.local/lib/python3.8/site-packages/airflow/example_dags/example_nested_branch_dag.py took 0.074 seconds
[2026-03-12T11:13:21.870+0000] {processor.py:161} INFO - Started process (PID=898) to work on /home/airflow/.local/lib/python3.8/site-packages/airflow/example_dags/example_nested_branch_dag.py
[2026-03-12T11:13:21.871+0000] {processor.py:830} INFO - Processing file /home/airflow/.local/lib/python3.8/site-packages/airflow/example_dags/example_nested_branch_dag.py for tasks to queue
[2026-03-12T11:13:21.873+0000] {logging_mixin.py:188} INFO - [2026-03-12T11:13:21.873+0000] {dagbag.py:538} INFO - Filling up the DagBag from /home/airflow/.local/lib/python3.8/site-packages/airflow/example_dags/example_nested_branch_dag.py
[2026-03-12T11:13:21.884+0000] {processor.py:840} INFO - DAG(s) 'example_nested_branch_dag' retrieved from /home/airflow/.local/lib/python3.8/site-packages/airflow/example_dags/example_nested_branch_dag.py
[2026-03-12T11:13:21.911+0000] {logging_mixin.py:188} INFO - [2026-03-12T11:13:21.911+0000] {dag.py:3036} INFO - Sync 1 DAGs
[2026-03-12T11:13:21.932+0000] {logging_mixin.py:188} INFO - [2026-03-12T11:13:21.931+0000] {dag.py:3823} INFO - Setting next_dagrun for example_nested_branch_dag to 2026-03-11 00:00:00+00:00, run_after=2026-03-12 00:00:00+00:00
[2026-03-12T11:13:21.958+0000] {processor.py:183} INFO - Processing /home/airflow/.local/lib/python3.8/site-packages/airflow/example_dags/example_nested_branch_dag.py took 0.092 seconds
[2026-03-12T11:13:52.051+0000] {processor.py:161} INFO - Started process (PID=954) to work on /home/airflow/.local/lib/python3.8/site-packages/airflow/example_dags/example_nested_branch_dag.py
[2026-03-12T11:13:52.052+0000] {processor.py:830} INFO - Processing file /home/airflow/.local/lib/python3.8/site-packages/airflow/example_dags/example_nested_branch_dag.py for tasks to queue
[2026-03-12T11:13:52.054+0000] {logging_mixin.py:188} INFO - [2026-03-12T11:13:52.054+0000] {dagbag.py:538} INFO - Filling up the DagBag from /home/airflow/.local/lib/python3.8/site-packages/airflow/example_dags/example_nested_branch_dag.py
[2026-03-12T11:13:52.063+0000] {processor.py:840} INFO - DAG(s) 'example_nested_branch_dag' retrieved from /home/airflow/.local/lib/python3.8/site-packages/airflow/example_dags/example_nested_branch_dag.py
[2026-03-12T11:13:52.081+0000] {logging_mixin.py:188} INFO - [2026-03-12T11:13:52.081+0000] {dag.py:3036} INFO - Sync 1 DAGs
[2026-03-12T11:13:52.099+0000] {logging_mixin.py:188} INFO - [2026-03-12T11:13:52.099+0000] {dag.py:3823} INFO - Setting next_dagrun for example_nested_branch_dag to 2026-03-11 00:00:00+00:00, run_after=2026-03-12 00:00:00+00:00
[2026-03-12T11:13:52.118+0000] {processor.py:183} INFO - Processing /home/airflow/.local/lib/python3.8/site-packages/airflow/example_dags/example_nested_branch_dag.py took 0.070 seconds
[2026-03-12T11:14:22.371+0000] {processor.py:161} INFO - Started process (PID=1010) to work on /home/airflow/.local/lib/python3.8/site-packages/airflow/example_dags/example_nested_branch_dag.py
[2026-03-12T11:14:22.372+0000] {processor.py:830} INFO - Processing file /home/airflow/.local/lib/python3.8/site-packages/airflow/example_dags/example_nested_branch_dag.py for tasks to queue
[2026-03-12T11:14:22.374+0000] {logging_mixin.py:188} INFO - [2026-03-12T11:14:22.374+0000] {dagbag.py:538} INFO - Filling up the DagBag from /home/airflow/.local/lib/python3.8/site-packages/airflow/example_dags/example_nested_branch_dag.py
[2026-03-12T11:14:22.382+0000] {processor.py:840} INFO - DAG(s) 'example_nested_branch_dag' retrieved from /home/airflow/.local/lib/python3.8/site-packages/airflow/example_dags/example_nested_branch_dag.py
[2026-03-12T11:14:22.400+0000] {logging_mixin.py:188} INFO - [2026-03-12T11:14:22.400+0000] {dag.py:3036} INFO - Sync 1 DAGs
[2026-03-12T11:14:22.418+0000] {logging_mixin.py:188} INFO - [2026-03-12T11:14:22.418+0000] {dag.py:3823} INFO - Setting next_dagrun for example_nested_branch_dag to 2026-03-11 00:00:00+00:00, run_after=2026-03-12 00:00:00+00:00
[2026-03-12T11:14:22.436+0000] {processor.py:183} INFO - Processing /home/airflow/.local/lib/python3.8/site-packages/airflow/example_dags/example_nested_branch_dag.py took 0.067 seconds
[2026-03-12T11:14:52.588+0000] {processor.py:161} INFO - Started process (PID=1066) to work on /home/airflow/.local/lib/python3.8/site-packages/airflow/example_dags/example_nested_branch_dag.py
[2026-03-12T11:14:52.590+0000] {processor.py:830} INFO - Processing file /home/airflow/.local/lib/python3.8/site-packages/airflow/example_dags/example_nested_branch_dag.py for tasks to queue
[2026-03-12T11:14:52.592+0000] {logging_mixin.py:188} INFO - [2026-03-12T11:14:52.591+0000] {dagbag.py:538} INFO - Filling up the DagBag from /home/airflow/.local/lib/python3.8/site-packages/airflow/example_dags/example_nested_branch_dag.py
[2026-03-12T11:14:52.600+0000] {processor.py:840} INFO - DAG(s) 'example_nested_branch_dag' retrieved from /home/airflow/.local/lib/python3.8/site-packages/airflow/example_dags/example_nested_branch_dag.py
[2026-03-12T11:14:52.619+0000] {logging_mixin.py:188} INFO - [2026-03-12T11:14:52.619+0000] {dag.py:3036} INFO - Sync 1 DAGs
[2026-03-12T11:14:52.637+0000] {logging_mixin.py:188} INFO - [2026-03-12T11:14:52.637+0000] {dag.py:3823} INFO - Setting next_dagrun for example_nested_branch_dag to 2026-03-11 00:00:00+00:00, run_after=2026-03-12 00:00:00+00:00
[2026-03-12T11:14:52.655+0000] {processor.py:183} INFO - Processing /home/airflow/.local/lib/python3.8/site-packages/airflow/example_dags/example_nested_branch_dag.py took 0.070 seconds
[2026-03-12T11:15:22.723+0000] {processor.py:161} INFO - Started process (PID=1122) to work on /home/airflow/.local/lib/python3.8/site-packages/airflow/example_dags/example_nested_branch_dag.py
[2026-03-12T11:15:22.724+0000] {processor.py:830} INFO - Processing file /home/airflow/.local/lib/python3.8/site-packages/airflow/example_dags/example_nested_branch_dag.py for tasks to queue
[2026-03-12T11:15:22.726+0000] {logging_mixin.py:188} INFO - [2026-03-12T11:15:22.726+0000] {dagbag.py:538} INFO - Filling up the DagBag from /home/airflow/.local/lib/python3.8/site-packages/airflow/example_dags/example_nested_branch_dag.py
[2026-03-12T11:15:22.737+0000] {processor.py:840} INFO - DAG(s) 'example_nested_branch_dag' retrieved from /home/airflow/.local/lib/python3.8/site-packages/airflow/example_dags/example_nested_branch_dag.py
[2026-03-12T11:15:22.763+0000] {logging_mixin.py:188} INFO - [2026-03-12T11:15:22.763+0000] {dag.py:3036} INFO - Sync 1 DAGs
[2026-03-12T11:15:22.786+0000] {logging_mixin.py:188} INFO - [2026-03-12T11:15:22.786+0000] {dag.py:3823} INFO - Setting next_dagrun for example_nested_branch_dag to 2026-03-11 00:00:00+00:00, run_after=2026-03-12 00:00:00+00:00
[2026-03-12T11:15:22.810+0000] {processor.py:183} INFO - Processing /home/airflow/.local/lib/python3.8/site-packages/airflow/example_dags/example_nested_branch_dag.py took 0.091 seconds
