[2026-03-12T11:05:48.187+0000] {processor.py:161} INFO - Started process (PID=85) to work on /home/airflow/.local/lib/python3.8/site-packages/airflow/example_dags/example_branch_day_of_week_operator.py
[2026-03-12T11:05:48.192+0000] {processor.py:830} INFO - Processing file /home/airflow/.local/lib/python3.8/site-packages/airflow/example_dags/example_branch_day_of_week_operator.py for tasks to queue
[2026-03-12T11:05:48.203+0000] {logging_mixin.py:188} INFO - [2026-03-12T11:05:48.202+0000] {dagbag.py:538} INFO - Filling up the DagBag from /home/airflow/.local/lib/python3.8/site-packages/airflow/example_dags/example_branch_day_of_week_operator.py
[2026-03-12T11:05:48.265+0000] {processor.py:840} INFO - DAG(s) 'example_weekday_branch_operator' retrieved from /home/airflow/.local/lib/python3.8/site-packages/airflow/example_dags/example_branch_day_of_week_operator.py
[2026-03-12T11:05:48.308+0000] {logging_mixin.py:188} INFO - [2026-03-12T11:05:48.308+0000] {dag.py:3036} INFO - Sync 1 DAGs
[2026-03-12T11:05:48.367+0000] {logging_mixin.py:188} INFO - [2026-03-12T11:05:48.367+0000] {dag.py:3823} INFO - Setting next_dagrun for example_weekday_branch_operator to 2026-03-11 00:00:00+00:00, run_after=2026-03-12 00:00:00+00:00
[2026-03-12T11:05:48.412+0000] {processor.py:183} INFO - Processing /home/airflow/.local/lib/python3.8/site-packages/airflow/example_dags/example_branch_day_of_week_operator.py took 0.249 seconds
[2026-03-12T11:06:18.627+0000] {processor.py:161} INFO - Started process (PID=140) to work on /home/airflow/.local/lib/python3.8/site-packages/airflow/example_dags/example_branch_day_of_week_operator.py
[2026-03-12T11:06:18.632+0000] {processor.py:830} INFO - Processing file /home/airflow/.local/lib/python3.8/site-packages/airflow/example_dags/example_branch_day_of_week_operator.py for tasks to queue
[2026-03-12T11:06:18.635+0000] {logging_mixin.py:188} INFO - [2026-03-12T11:06:18.635+0000] {dagbag.py:538} INFO - Filling up the DagBag from /home/airflow/.local/lib/python3.8/site-packages/airflow/example_dags/example_branch_day_of_week_operator.py
[2026-03-12T11:06:18.644+0000] {processor.py:840} INFO - DAG(s) 'example_weekday_branch_operator' retrieved from /home/airflow/.local/lib/python3.8/site-packages/airflow/example_dags/example_branch_day_of_week_operator.py
[2026-03-12T11:06:18.735+0000] {logging_mixin.py:188} INFO - [2026-03-12T11:06:18.735+0000] {dag.py:3036} INFO - Sync 1 DAGs
[2026-03-12T11:06:18.758+0000] {logging_mixin.py:188} INFO - [2026-03-12T11:06:18.758+0000] {dag.py:3823} INFO - Setting next_dagrun for example_weekday_branch_operator to 2026-03-11 00:00:00+00:00, run_after=2026-03-12 00:00:00+00:00
[2026-03-12T11:06:18.787+0000] {processor.py:183} INFO - Processing /home/airflow/.local/lib/python3.8/site-packages/airflow/example_dags/example_branch_day_of_week_operator.py took 0.163 seconds
[2026-03-12T11:06:49.403+0000] {processor.py:161} INFO - Started process (PID=195) to work on /home/airflow/.local/lib/python3.8/site-packages/airflow/example_dags/example_branch_day_of_week_operator.py
[2026-03-12T11:06:49.405+0000] {processor.py:830} INFO - Processing file /home/airflow/.local/lib/python3.8/site-packages/airflow/example_dags/example_branch_day_of_week_operator.py for tasks to queue
[2026-03-12T11:06:49.409+0000] {logging_mixin.py:188} INFO - [2026-03-12T11:06:49.409+0000] {dagbag.py:538} INFO - Filling up the DagBag from /home/airflow/.local/lib/python3.8/site-packages/airflow/example_dags/example_branch_day_of_week_operator.py
[2026-03-12T11:06:49.423+0000] {processor.py:840} INFO - DAG(s) 'example_weekday_branch_operator' retrieved from /home/airflow/.local/lib/python3.8/site-packages/airflow/example_dags/example_branch_day_of_week_operator.py
[2026-03-12T11:06:49.453+0000] {logging_mixin.py:188} INFO - [2026-03-12T11:06:49.453+0000] {dag.py:3036} INFO - Sync 1 DAGs
[2026-03-12T11:06:49.480+0000] {logging_mixin.py:188} INFO - [2026-03-12T11:06:49.480+0000] {dag.py:3823} INFO - Setting next_dagrun for example_weekday_branch_operator to 2026-03-11 00:00:00+00:00, run_after=2026-03-12 00:00:00+00:00
[2026-03-12T11:06:49.505+0000] {processor.py:183} INFO - Processing /home/airflow/.local/lib/python3.8/site-packages/airflow/example_dags/example_branch_day_of_week_operator.py took 0.107 seconds
[2026-03-12T11:07:20.234+0000] {processor.py:161} INFO - Started process (PID=250) to work on /home/airflow/.local/lib/python3.8/site-packages/airflow/example_dags/example_branch_day_of_week_operator.py
[2026-03-12T11:07:20.236+0000] {processor.py:830} INFO - Processing file /home/airflow/.local/lib/python3.8/site-packages/airflow/example_dags/example_branch_day_of_week_operator.py for tasks to queue
[2026-03-12T11:07:20.238+0000] {logging_mixin.py:188} INFO - [2026-03-12T11:07:20.238+0000] {dagbag.py:538} INFO - Filling up the DagBag from /home/airflow/.local/lib/python3.8/site-packages/airflow/example_dags/example_branch_day_of_week_operator.py
[2026-03-12T11:07:20.245+0000] {processor.py:840} INFO - DAG(s) 'example_weekday_branch_operator' retrieved from /home/airflow/.local/lib/python3.8/site-packages/airflow/example_dags/example_branch_day_of_week_operator.py
[2026-03-12T11:07:20.264+0000] {logging_mixin.py:188} INFO - [2026-03-12T11:07:20.264+0000] {dag.py:3036} INFO - Sync 1 DAGs
[2026-03-12T11:07:20.281+0000] {logging_mixin.py:188} INFO - [2026-03-12T11:07:20.281+0000] {dag.py:3823} INFO - Setting next_dagrun for example_weekday_branch_operator to 2026-03-11 00:00:00+00:00, run_after=2026-03-12 00:00:00+00:00
[2026-03-12T11:07:20.299+0000] {processor.py:183} INFO - Processing /home/airflow/.local/lib/python3.8/site-packages/airflow/example_dags/example_branch_day_of_week_operator.py took 0.067 seconds
[2026-03-12T11:07:50.699+0000] {processor.py:161} INFO - Started process (PID=305) to work on /home/airflow/.local/lib/python3.8/site-packages/airflow/example_dags/example_branch_day_of_week_operator.py
[2026-03-12T11:07:50.701+0000] {processor.py:830} INFO - Processing file /home/airflow/.local/lib/python3.8/site-packages/airflow/example_dags/example_branch_day_of_week_operator.py for tasks to queue
[2026-03-12T11:07:50.703+0000] {logging_mixin.py:188} INFO - [2026-03-12T11:07:50.703+0000] {dagbag.py:538} INFO - Filling up the DagBag from /home/airflow/.local/lib/python3.8/site-packages/airflow/example_dags/example_branch_day_of_week_operator.py
[2026-03-12T11:07:50.713+0000] {processor.py:840} INFO - DAG(s) 'example_weekday_branch_operator' retrieved from /home/airflow/.local/lib/python3.8/site-packages/airflow/example_dags/example_branch_day_of_week_operator.py
[2026-03-12T11:07:50.739+0000] {logging_mixin.py:188} INFO - [2026-03-12T11:07:50.739+0000] {dag.py:3036} INFO - Sync 1 DAGs
[2026-03-12T11:07:50.759+0000] {logging_mixin.py:188} INFO - [2026-03-12T11:07:50.758+0000] {dag.py:3823} INFO - Setting next_dagrun for example_weekday_branch_operator to 2026-03-11 00:00:00+00:00, run_after=2026-03-12 00:00:00+00:00
[2026-03-12T11:07:50.777+0000] {processor.py:183} INFO - Processing /home/airflow/.local/lib/python3.8/site-packages/airflow/example_dags/example_branch_day_of_week_operator.py took 0.082 seconds
[2026-03-12T11:08:20.993+0000] {processor.py:161} INFO - Started process (PID=360) to work on /home/airflow/.local/lib/python3.8/site-packages/airflow/example_dags/example_branch_day_of_week_operator.py
[2026-03-12T11:08:20.995+0000] {processor.py:830} INFO - Processing file /home/airflow/.local/lib/python3.8/site-packages/airflow/example_dags/example_branch_day_of_week_operator.py for tasks to queue
[2026-03-12T11:08:20.998+0000] {logging_mixin.py:188} INFO - [2026-03-12T11:08:20.998+0000] {dagbag.py:538} INFO - Filling up the DagBag from /home/airflow/.local/lib/python3.8/site-packages/airflow/example_dags/example_branch_day_of_week_operator.py
[2026-03-12T11:08:21.008+0000] {processor.py:840} INFO - DAG(s) 'example_weekday_branch_operator' retrieved from /home/airflow/.local/lib/python3.8/site-packages/airflow/example_dags/example_branch_day_of_week_operator.py
[2026-03-12T11:08:21.032+0000] {logging_mixin.py:188} INFO - [2026-03-12T11:08:21.032+0000] {dag.py:3036} INFO - Sync 1 DAGs
[2026-03-12T11:08:21.051+0000] {logging_mixin.py:188} INFO - [2026-03-12T11:08:21.051+0000] {dag.py:3823} INFO - Setting next_dagrun for example_weekday_branch_operator to 2026-03-11 00:00:00+00:00, run_after=2026-03-12 00:00:00+00:00
[2026-03-12T11:08:21.072+0000] {processor.py:183} INFO - Processing /home/airflow/.local/lib/python3.8/site-packages/airflow/example_dags/example_branch_day_of_week_operator.py took 0.082 seconds
[2026-03-12T11:08:51.724+0000] {processor.py:161} INFO - Started process (PID=415) to work on /home/airflow/.local/lib/python3.8/site-packages/airflow/example_dags/example_branch_day_of_week_operator.py
[2026-03-12T11:08:51.728+0000] {processor.py:830} INFO - Processing file /home/airflow/.local/lib/python3.8/site-packages/airflow/example_dags/example_branch_day_of_week_operator.py for tasks to queue
[2026-03-12T11:08:51.730+0000] {logging_mixin.py:188} INFO - [2026-03-12T11:08:51.729+0000] {dagbag.py:538} INFO - Filling up the DagBag from /home/airflow/.local/lib/python3.8/site-packages/airflow/example_dags/example_branch_day_of_week_operator.py
[2026-03-12T11:08:51.738+0000] {processor.py:840} INFO - DAG(s) 'example_weekday_branch_operator' retrieved from /home/airflow/.local/lib/python3.8/site-packages/airflow/example_dags/example_branch_day_of_week_operator.py
[2026-03-12T11:08:51.758+0000] {logging_mixin.py:188} INFO - [2026-03-12T11:08:51.758+0000] {dag.py:3036} INFO - Sync 1 DAGs
[2026-03-12T11:08:51.779+0000] {logging_mixin.py:188} INFO - [2026-03-12T11:08:51.779+0000] {dag.py:3823} INFO - Setting next_dagrun for example_weekday_branch_operator to 2026-03-11 00:00:00+00:00, run_after=2026-03-12 00:00:00+00:00
[2026-03-12T11:08:51.799+0000] {processor.py:183} INFO - Processing /home/airflow/.local/lib/python3.8/site-packages/airflow/example_dags/example_branch_day_of_week_operator.py took 0.077 seconds
[2026-03-12T11:09:22.410+0000] {processor.py:161} INFO - Started process (PID=470) to work on /home/airflow/.local/lib/python3.8/site-packages/airflow/example_dags/example_branch_day_of_week_operator.py
[2026-03-12T11:09:22.412+0000] {processor.py:830} INFO - Processing file /home/airflow/.local/lib/python3.8/site-packages/airflow/example_dags/example_branch_day_of_week_operator.py for tasks to queue
[2026-03-12T11:09:22.413+0000] {logging_mixin.py:188} INFO - [2026-03-12T11:09:22.413+0000] {dagbag.py:538} INFO - Filling up the DagBag from /home/airflow/.local/lib/python3.8/site-packages/airflow/example_dags/example_branch_day_of_week_operator.py
[2026-03-12T11:09:22.421+0000] {processor.py:840} INFO - DAG(s) 'example_weekday_branch_operator' retrieved from /home/airflow/.local/lib/python3.8/site-packages/airflow/example_dags/example_branch_day_of_week_operator.py
[2026-03-12T11:09:22.445+0000] {logging_mixin.py:188} INFO - [2026-03-12T11:09:22.445+0000] {dag.py:3036} INFO - Sync 1 DAGs
[2026-03-12T11:09:22.465+0000] {logging_mixin.py:188} INFO - [2026-03-12T11:09:22.465+0000] {dag.py:3823} INFO - Setting next_dagrun for example_weekday_branch_operator to 2026-03-11 00:00:00+00:00, run_after=2026-03-12 00:00:00+00:00
[2026-03-12T11:09:22.483+0000] {processor.py:183} INFO - Processing /home/airflow/.local/lib/python3.8/site-packages/airflow/example_dags/example_branch_day_of_week_operator.py took 0.076 seconds
[2026-03-12T11:09:53.414+0000] {processor.py:161} INFO - Started process (PID=525) to work on /home/airflow/.local/lib/python3.8/site-packages/airflow/example_dags/example_branch_day_of_week_operator.py
[2026-03-12T11:09:53.416+0000] {processor.py:830} INFO - Processing file /home/airflow/.local/lib/python3.8/site-packages/airflow/example_dags/example_branch_day_of_week_operator.py for tasks to queue
[2026-03-12T11:09:53.419+0000] {logging_mixin.py:188} INFO - [2026-03-12T11:09:53.418+0000] {dagbag.py:538} INFO - Filling up the DagBag from /home/airflow/.local/lib/python3.8/site-packages/airflow/example_dags/example_branch_day_of_week_operator.py
[2026-03-12T11:09:53.426+0000] {processor.py:840} INFO - DAG(s) 'example_weekday_branch_operator' retrieved from /home/airflow/.local/lib/python3.8/site-packages/airflow/example_dags/example_branch_day_of_week_operator.py
[2026-03-12T11:09:53.443+0000] {logging_mixin.py:188} INFO - [2026-03-12T11:09:53.443+0000] {dag.py:3036} INFO - Sync 1 DAGs
[2026-03-12T11:09:53.462+0000] {logging_mixin.py:188} INFO - [2026-03-12T11:09:53.462+0000] {dag.py:3823} INFO - Setting next_dagrun for example_weekday_branch_operator to 2026-03-11 00:00:00+00:00, run_after=2026-03-12 00:00:00+00:00
[2026-03-12T11:09:53.486+0000] {processor.py:183} INFO - Processing /home/airflow/.local/lib/python3.8/site-packages/airflow/example_dags/example_branch_day_of_week_operator.py took 0.080 seconds
[2026-03-12T11:10:24.303+0000] {processor.py:161} INFO - Started process (PID=580) to work on /home/airflow/.local/lib/python3.8/site-packages/airflow/example_dags/example_branch_day_of_week_operator.py
[2026-03-12T11:10:24.305+0000] {processor.py:830} INFO - Processing file /home/airflow/.local/lib/python3.8/site-packages/airflow/example_dags/example_branch_day_of_week_operator.py for tasks to queue
[2026-03-12T11:10:24.308+0000] {logging_mixin.py:188} INFO - [2026-03-12T11:10:24.308+0000] {dagbag.py:538} INFO - Filling up the DagBag from /home/airflow/.local/lib/python3.8/site-packages/airflow/example_dags/example_branch_day_of_week_operator.py
[2026-03-12T11:10:24.315+0000] {processor.py:840} INFO - DAG(s) 'example_weekday_branch_operator' retrieved from /home/airflow/.local/lib/python3.8/site-packages/airflow/example_dags/example_branch_day_of_week_operator.py
[2026-03-12T11:10:24.334+0000] {logging_mixin.py:188} INFO - [2026-03-12T11:10:24.334+0000] {dag.py:3036} INFO - Sync 1 DAGs
[2026-03-12T11:10:24.449+0000] {logging_mixin.py:188} INFO - [2026-03-12T11:10:24.449+0000] {dag.py:3823} INFO - Setting next_dagrun for example_weekday_branch_operator to 2026-03-11 00:00:00+00:00, run_after=2026-03-12 00:00:00+00:00
[2026-03-12T11:10:24.466+0000] {processor.py:183} INFO - Processing /home/airflow/.local/lib/python3.8/site-packages/airflow/example_dags/example_branch_day_of_week_operator.py took 0.168 seconds
[2026-03-12T11:10:54.845+0000] {processor.py:161} INFO - Started process (PID=636) to work on /home/airflow/.local/lib/python3.8/site-packages/airflow/example_dags/example_branch_day_of_week_operator.py
[2026-03-12T11:10:54.846+0000] {processor.py:830} INFO - Processing file /home/airflow/.local/lib/python3.8/site-packages/airflow/example_dags/example_branch_day_of_week_operator.py for tasks to queue
[2026-03-12T11:10:54.849+0000] {logging_mixin.py:188} INFO - [2026-03-12T11:10:54.848+0000] {dagbag.py:538} INFO - Filling up the DagBag from /home/airflow/.local/lib/python3.8/site-packages/airflow/example_dags/example_branch_day_of_week_operator.py
[2026-03-12T11:10:54.857+0000] {processor.py:840} INFO - DAG(s) 'example_weekday_branch_operator' retrieved from /home/airflow/.local/lib/python3.8/site-packages/airflow/example_dags/example_branch_day_of_week_operator.py
[2026-03-12T11:10:54.877+0000] {logging_mixin.py:188} INFO - [2026-03-12T11:10:54.876+0000] {dag.py:3036} INFO - Sync 1 DAGs
[2026-03-12T11:10:54.900+0000] {logging_mixin.py:188} INFO - [2026-03-12T11:10:54.900+0000] {dag.py:3823} INFO - Setting next_dagrun for example_weekday_branch_operator to 2026-03-11 00:00:00+00:00, run_after=2026-03-12 00:00:00+00:00
[2026-03-12T11:10:54.923+0000] {processor.py:183} INFO - Processing /home/airflow/.local/lib/python3.8/site-packages/airflow/example_dags/example_branch_day_of_week_operator.py took 0.081 seconds
[2026-03-12T11:11:25.005+0000] {processor.py:161} INFO - Started process (PID=691) to work on /home/airflow/.local/lib/python3.8/site-packages/airflow/example_dags/example_branch_day_of_week_operator.py
[2026-03-12T11:11:25.006+0000] {processor.py:830} INFO - Processing file /home/airflow/.local/lib/python3.8/site-packages/airflow/example_dags/example_branch_day_of_week_operator.py for tasks to queue
[2026-03-12T11:11:25.008+0000] {logging_mixin.py:188} INFO - [2026-03-12T11:11:25.008+0000] {dagbag.py:538} INFO - Filling up the DagBag from /home/airflow/.local/lib/python3.8/site-packages/airflow/example_dags/example_branch_day_of_week_operator.py
[2026-03-12T11:11:25.017+0000] {processor.py:840} INFO - DAG(s) 'example_weekday_branch_operator' retrieved from /home/airflow/.local/lib/python3.8/site-packages/airflow/example_dags/example_branch_day_of_week_operator.py
[2026-03-12T11:11:25.040+0000] {logging_mixin.py:188} INFO - [2026-03-12T11:11:25.039+0000] {dag.py:3036} INFO - Sync 1 DAGs
[2026-03-12T11:11:25.062+0000] {logging_mixin.py:188} INFO - [2026-03-12T11:11:25.062+0000] {dag.py:3823} INFO - Setting next_dagrun for example_weekday_branch_operator to 2026-03-11 00:00:00+00:00, run_after=2026-03-12 00:00:00+00:00
[2026-03-12T11:11:25.086+0000] {processor.py:183} INFO - Processing /home/airflow/.local/lib/python3.8/site-packages/airflow/example_dags/example_branch_day_of_week_operator.py took 0.085 seconds
[2026-03-12T11:11:55.395+0000] {processor.py:161} INFO - Started process (PID=749) to work on /home/airflow/.local/lib/python3.8/site-packages/airflow/example_dags/example_branch_day_of_week_operator.py
[2026-03-12T11:11:55.396+0000] {processor.py:830} INFO - Processing file /home/airflow/.local/lib/python3.8/site-packages/airflow/example_dags/example_branch_day_of_week_operator.py for tasks to queue
[2026-03-12T11:11:55.399+0000] {logging_mixin.py:188} INFO - [2026-03-12T11:11:55.398+0000] {dagbag.py:538} INFO - Filling up the DagBag from /home/airflow/.local/lib/python3.8/site-packages/airflow/example_dags/example_branch_day_of_week_operator.py
[2026-03-12T11:11:55.406+0000] {processor.py:840} INFO - DAG(s) 'example_weekday_branch_operator' retrieved from /home/airflow/.local/lib/python3.8/site-packages/airflow/example_dags/example_branch_day_of_week_operator.py
[2026-03-12T11:11:55.425+0000] {logging_mixin.py:188} INFO - [2026-03-12T11:11:55.425+0000] {dag.py:3036} INFO - Sync 1 DAGs
[2026-03-12T11:11:55.448+0000] {logging_mixin.py:188} INFO - [2026-03-12T11:11:55.447+0000] {dag.py:3823} INFO - Setting next_dagrun for example_weekday_branch_operator to 2026-03-11 00:00:00+00:00, run_after=2026-03-12 00:00:00+00:00
[2026-03-12T11:11:55.467+0000] {processor.py:183} INFO - Processing /home/airflow/.local/lib/python3.8/site-packages/airflow/example_dags/example_branch_day_of_week_operator.py took 0.076 seconds
[2026-03-12T11:12:25.952+0000] {processor.py:161} INFO - Started process (PID=805) to work on /home/airflow/.local/lib/python3.8/site-packages/airflow/example_dags/example_branch_day_of_week_operator.py
[2026-03-12T11:12:25.954+0000] {processor.py:830} INFO - Processing file /home/airflow/.local/lib/python3.8/site-packages/airflow/example_dags/example_branch_day_of_week_operator.py for tasks to queue
[2026-03-12T11:12:25.955+0000] {logging_mixin.py:188} INFO - [2026-03-12T11:12:25.955+0000] {dagbag.py:538} INFO - Filling up the DagBag from /home/airflow/.local/lib/python3.8/site-packages/airflow/example_dags/example_branch_day_of_week_operator.py
[2026-03-12T11:12:25.962+0000] {processor.py:840} INFO - DAG(s) 'example_weekday_branch_operator' retrieved from /home/airflow/.local/lib/python3.8/site-packages/airflow/example_dags/example_branch_day_of_week_operator.py
[2026-03-12T11:12:25.980+0000] {logging_mixin.py:188} INFO - [2026-03-12T11:12:25.980+0000] {dag.py:3036} INFO - Sync 1 DAGs
[2026-03-12T11:12:25.997+0000] {logging_mixin.py:188} INFO - [2026-03-12T11:12:25.996+0000] {dag.py:3823} INFO - Setting next_dagrun for example_weekday_branch_operator to 2026-03-11 00:00:00+00:00, run_after=2026-03-12 00:00:00+00:00
[2026-03-12T11:12:26.016+0000] {processor.py:183} INFO - Processing /home/airflow/.local/lib/python3.8/site-packages/airflow/example_dags/example_branch_day_of_week_operator.py took 0.066 seconds
[2026-03-12T11:12:56.605+0000] {processor.py:161} INFO - Started process (PID=861) to work on /home/airflow/.local/lib/python3.8/site-packages/airflow/example_dags/example_branch_day_of_week_operator.py
[2026-03-12T11:12:56.606+0000] {processor.py:830} INFO - Processing file /home/airflow/.local/lib/python3.8/site-packages/airflow/example_dags/example_branch_day_of_week_operator.py for tasks to queue
[2026-03-12T11:12:56.608+0000] {logging_mixin.py:188} INFO - [2026-03-12T11:12:56.608+0000] {dagbag.py:538} INFO - Filling up the DagBag from /home/airflow/.local/lib/python3.8/site-packages/airflow/example_dags/example_branch_day_of_week_operator.py
[2026-03-12T11:12:56.616+0000] {processor.py:840} INFO - DAG(s) 'example_weekday_branch_operator' retrieved from /home/airflow/.local/lib/python3.8/site-packages/airflow/example_dags/example_branch_day_of_week_operator.py
[2026-03-12T11:12:56.638+0000] {logging_mixin.py:188} INFO - [2026-03-12T11:12:56.638+0000] {dag.py:3036} INFO - Sync 1 DAGs
[2026-03-12T11:12:56.659+0000] {logging_mixin.py:188} INFO - [2026-03-12T11:12:56.659+0000] {dag.py:3823} INFO - Setting next_dagrun for example_weekday_branch_operator to 2026-03-11 00:00:00+00:00, run_after=2026-03-12 00:00:00+00:00
[2026-03-12T11:12:56.678+0000] {processor.py:183} INFO - Processing /home/airflow/.local/lib/python3.8/site-packages/airflow/example_dags/example_branch_day_of_week_operator.py took 0.076 seconds
[2026-03-12T11:13:26.966+0000] {processor.py:161} INFO - Started process (PID=917) to work on /home/airflow/.local/lib/python3.8/site-packages/airflow/example_dags/example_branch_day_of_week_operator.py
[2026-03-12T11:13:26.967+0000] {processor.py:830} INFO - Processing file /home/airflow/.local/lib/python3.8/site-packages/airflow/example_dags/example_branch_day_of_week_operator.py for tasks to queue
[2026-03-12T11:13:26.969+0000] {logging_mixin.py:188} INFO - [2026-03-12T11:13:26.969+0000] {dagbag.py:538} INFO - Filling up the DagBag from /home/airflow/.local/lib/python3.8/site-packages/airflow/example_dags/example_branch_day_of_week_operator.py
[2026-03-12T11:13:26.976+0000] {processor.py:840} INFO - DAG(s) 'example_weekday_branch_operator' retrieved from /home/airflow/.local/lib/python3.8/site-packages/airflow/example_dags/example_branch_day_of_week_operator.py
[2026-03-12T11:13:26.995+0000] {logging_mixin.py:188} INFO - [2026-03-12T11:13:26.995+0000] {dag.py:3036} INFO - Sync 1 DAGs
[2026-03-12T11:13:27.018+0000] {logging_mixin.py:188} INFO - [2026-03-12T11:13:27.018+0000] {dag.py:3823} INFO - Setting next_dagrun for example_weekday_branch_operator to 2026-03-11 00:00:00+00:00, run_after=2026-03-12 00:00:00+00:00
[2026-03-12T11:13:27.039+0000] {processor.py:183} INFO - Processing /home/airflow/.local/lib/python3.8/site-packages/airflow/example_dags/example_branch_day_of_week_operator.py took 0.076 seconds
[2026-03-12T11:13:57.189+0000] {processor.py:161} INFO - Started process (PID=973) to work on /home/airflow/.local/lib/python3.8/site-packages/airflow/example_dags/example_branch_day_of_week_operator.py
[2026-03-12T11:13:57.190+0000] {processor.py:830} INFO - Processing file /home/airflow/.local/lib/python3.8/site-packages/airflow/example_dags/example_branch_day_of_week_operator.py for tasks to queue
[2026-03-12T11:13:57.191+0000] {logging_mixin.py:188} INFO - [2026-03-12T11:13:57.191+0000] {dagbag.py:538} INFO - Filling up the DagBag from /home/airflow/.local/lib/python3.8/site-packages/airflow/example_dags/example_branch_day_of_week_operator.py
[2026-03-12T11:13:57.199+0000] {processor.py:840} INFO - DAG(s) 'example_weekday_branch_operator' retrieved from /home/airflow/.local/lib/python3.8/site-packages/airflow/example_dags/example_branch_day_of_week_operator.py
[2026-03-12T11:13:57.224+0000] {logging_mixin.py:188} INFO - [2026-03-12T11:13:57.224+0000] {dag.py:3036} INFO - Sync 1 DAGs
[2026-03-12T11:13:57.248+0000] {logging_mixin.py:188} INFO - [2026-03-12T11:13:57.248+0000] {dag.py:3823} INFO - Setting next_dagrun for example_weekday_branch_operator to 2026-03-11 00:00:00+00:00, run_after=2026-03-12 00:00:00+00:00
[2026-03-12T11:13:57.267+0000] {processor.py:183} INFO - Processing /home/airflow/.local/lib/python3.8/site-packages/airflow/example_dags/example_branch_day_of_week_operator.py took 0.083 seconds
[2026-03-12T11:14:27.829+0000] {processor.py:161} INFO - Started process (PID=1029) to work on /home/airflow/.local/lib/python3.8/site-packages/airflow/example_dags/example_branch_day_of_week_operator.py
[2026-03-12T11:14:27.830+0000] {processor.py:830} INFO - Processing file /home/airflow/.local/lib/python3.8/site-packages/airflow/example_dags/example_branch_day_of_week_operator.py for tasks to queue
[2026-03-12T11:14:27.833+0000] {logging_mixin.py:188} INFO - [2026-03-12T11:14:27.832+0000] {dagbag.py:538} INFO - Filling up the DagBag from /home/airflow/.local/lib/python3.8/site-packages/airflow/example_dags/example_branch_day_of_week_operator.py
[2026-03-12T11:14:27.843+0000] {processor.py:840} INFO - DAG(s) 'example_weekday_branch_operator' retrieved from /home/airflow/.local/lib/python3.8/site-packages/airflow/example_dags/example_branch_day_of_week_operator.py
[2026-03-12T11:14:27.861+0000] {logging_mixin.py:188} INFO - [2026-03-12T11:14:27.860+0000] {dag.py:3036} INFO - Sync 1 DAGs
[2026-03-12T11:14:27.882+0000] {logging_mixin.py:188} INFO - [2026-03-12T11:14:27.882+0000] {dag.py:3823} INFO - Setting next_dagrun for example_weekday_branch_operator to 2026-03-11 00:00:00+00:00, run_after=2026-03-12 00:00:00+00:00
[2026-03-12T11:14:27.902+0000] {processor.py:183} INFO - Processing /home/airflow/.local/lib/python3.8/site-packages/airflow/example_dags/example_branch_day_of_week_operator.py took 0.076 seconds
[2026-03-12T11:14:58.017+0000] {processor.py:161} INFO - Started process (PID=1085) to work on /home/airflow/.local/lib/python3.8/site-packages/airflow/example_dags/example_branch_day_of_week_operator.py
[2026-03-12T11:14:58.018+0000] {processor.py:830} INFO - Processing file /home/airflow/.local/lib/python3.8/site-packages/airflow/example_dags/example_branch_day_of_week_operator.py for tasks to queue
[2026-03-12T11:14:58.020+0000] {logging_mixin.py:188} INFO - [2026-03-12T11:14:58.020+0000] {dagbag.py:538} INFO - Filling up the DagBag from /home/airflow/.local/lib/python3.8/site-packages/airflow/example_dags/example_branch_day_of_week_operator.py
[2026-03-12T11:14:58.028+0000] {processor.py:840} INFO - DAG(s) 'example_weekday_branch_operator' retrieved from /home/airflow/.local/lib/python3.8/site-packages/airflow/example_dags/example_branch_day_of_week_operator.py
[2026-03-12T11:14:58.050+0000] {logging_mixin.py:188} INFO - [2026-03-12T11:14:58.049+0000] {dag.py:3036} INFO - Sync 1 DAGs
[2026-03-12T11:14:58.070+0000] {logging_mixin.py:188} INFO - [2026-03-12T11:14:58.070+0000] {dag.py:3823} INFO - Setting next_dagrun for example_weekday_branch_operator to 2026-03-11 00:00:00+00:00, run_after=2026-03-12 00:00:00+00:00
[2026-03-12T11:14:58.088+0000] {processor.py:183} INFO - Processing /home/airflow/.local/lib/python3.8/site-packages/airflow/example_dags/example_branch_day_of_week_operator.py took 0.074 seconds
[2026-03-12T11:15:28.355+0000] {processor.py:161} INFO - Started process (PID=1141) to work on /home/airflow/.local/lib/python3.8/site-packages/airflow/example_dags/example_branch_day_of_week_operator.py
[2026-03-12T11:15:28.357+0000] {processor.py:830} INFO - Processing file /home/airflow/.local/lib/python3.8/site-packages/airflow/example_dags/example_branch_day_of_week_operator.py for tasks to queue
[2026-03-12T11:15:28.361+0000] {logging_mixin.py:188} INFO - [2026-03-12T11:15:28.360+0000] {dagbag.py:538} INFO - Filling up the DagBag from /home/airflow/.local/lib/python3.8/site-packages/airflow/example_dags/example_branch_day_of_week_operator.py
[2026-03-12T11:15:28.368+0000] {processor.py:840} INFO - DAG(s) 'example_weekday_branch_operator' retrieved from /home/airflow/.local/lib/python3.8/site-packages/airflow/example_dags/example_branch_day_of_week_operator.py
[2026-03-12T11:15:28.388+0000] {logging_mixin.py:188} INFO - [2026-03-12T11:15:28.388+0000] {dag.py:3036} INFO - Sync 1 DAGs
[2026-03-12T11:15:28.407+0000] {logging_mixin.py:188} INFO - [2026-03-12T11:15:28.407+0000] {dag.py:3823} INFO - Setting next_dagrun for example_weekday_branch_operator to 2026-03-11 00:00:00+00:00, run_after=2026-03-12 00:00:00+00:00
[2026-03-12T11:15:28.427+0000] {processor.py:183} INFO - Processing /home/airflow/.local/lib/python3.8/site-packages/airflow/example_dags/example_branch_day_of_week_operator.py took 0.077 seconds
