[2026-03-12T11:05:46.973+0000] {processor.py:161} INFO - Started process (PID=70) to work on /home/airflow/.local/lib/python3.8/site-packages/airflow/example_dags/example_python_operator.py
[2026-03-12T11:05:46.975+0000] {processor.py:830} INFO - Processing file /home/airflow/.local/lib/python3.8/site-packages/airflow/example_dags/example_python_operator.py for tasks to queue
[2026-03-12T11:05:46.979+0000] {logging_mixin.py:188} INFO - [2026-03-12T11:05:46.979+0000] {dagbag.py:538} INFO - Filling up the DagBag from /home/airflow/.local/lib/python3.8/site-packages/airflow/example_dags/example_python_operator.py
[2026-03-12T11:05:47.011+0000] {processor.py:840} INFO - DAG(s) 'example_python_operator' retrieved from /home/airflow/.local/lib/python3.8/site-packages/airflow/example_dags/example_python_operator.py
[2026-03-12T11:05:47.032+0000] {logging_mixin.py:188} INFO - [2026-03-12T11:05:47.032+0000] {dag.py:3036} INFO - Sync 1 DAGs
[2026-03-12T11:05:47.053+0000] {logging_mixin.py:188} INFO - [2026-03-12T11:05:47.052+0000] {dag.py:3823} INFO - Setting next_dagrun for example_python_operator to None, run_after=None
[2026-03-12T11:05:47.082+0000] {processor.py:183} INFO - Processing /home/airflow/.local/lib/python3.8/site-packages/airflow/example_dags/example_python_operator.py took 0.115 seconds
[2026-03-12T11:06:17.371+0000] {processor.py:161} INFO - Started process (PID=125) to work on /home/airflow/.local/lib/python3.8/site-packages/airflow/example_dags/example_python_operator.py
[2026-03-12T11:06:17.374+0000] {processor.py:830} INFO - Processing file /home/airflow/.local/lib/python3.8/site-packages/airflow/example_dags/example_python_operator.py for tasks to queue
[2026-03-12T11:06:17.378+0000] {logging_mixin.py:188} INFO - [2026-03-12T11:06:17.378+0000] {dagbag.py:538} INFO - Filling up the DagBag from /home/airflow/.local/lib/python3.8/site-packages/airflow/example_dags/example_python_operator.py
[2026-03-12T11:06:17.400+0000] {processor.py:840} INFO - DAG(s) 'example_python_operator' retrieved from /home/airflow/.local/lib/python3.8/site-packages/airflow/example_dags/example_python_operator.py
[2026-03-12T11:06:17.521+0000] {logging_mixin.py:188} INFO - [2026-03-12T11:06:17.521+0000] {dag.py:3036} INFO - Sync 1 DAGs
[2026-03-12T11:06:17.534+0000] {logging_mixin.py:188} INFO - [2026-03-12T11:06:17.534+0000] {dag.py:3823} INFO - Setting next_dagrun for example_python_operator to None, run_after=None
[2026-03-12T11:06:17.565+0000] {processor.py:183} INFO - Processing /home/airflow/.local/lib/python3.8/site-packages/airflow/example_dags/example_python_operator.py took 0.200 seconds
[2026-03-12T11:06:47.872+0000] {processor.py:161} INFO - Started process (PID=186) to work on /home/airflow/.local/lib/python3.8/site-packages/airflow/example_dags/example_python_operator.py
[2026-03-12T11:06:47.875+0000] {processor.py:830} INFO - Processing file /home/airflow/.local/lib/python3.8/site-packages/airflow/example_dags/example_python_operator.py for tasks to queue
[2026-03-12T11:06:47.878+0000] {logging_mixin.py:188} INFO - [2026-03-12T11:06:47.878+0000] {dagbag.py:538} INFO - Filling up the DagBag from /home/airflow/.local/lib/python3.8/site-packages/airflow/example_dags/example_python_operator.py
[2026-03-12T11:06:47.892+0000] {processor.py:840} INFO - DAG(s) 'example_python_operator' retrieved from /home/airflow/.local/lib/python3.8/site-packages/airflow/example_dags/example_python_operator.py
[2026-03-12T11:06:47.917+0000] {logging_mixin.py:188} INFO - [2026-03-12T11:06:47.917+0000] {dag.py:3036} INFO - Sync 1 DAGs
[2026-03-12T11:06:47.932+0000] {logging_mixin.py:188} INFO - [2026-03-12T11:06:47.932+0000] {dag.py:3823} INFO - Setting next_dagrun for example_python_operator to None, run_after=None
[2026-03-12T11:06:47.958+0000] {processor.py:183} INFO - Processing /home/airflow/.local/lib/python3.8/site-packages/airflow/example_dags/example_python_operator.py took 0.090 seconds
[2026-03-12T11:07:18.806+0000] {processor.py:161} INFO - Started process (PID=241) to work on /home/airflow/.local/lib/python3.8/site-packages/airflow/example_dags/example_python_operator.py
[2026-03-12T11:07:18.808+0000] {processor.py:830} INFO - Processing file /home/airflow/.local/lib/python3.8/site-packages/airflow/example_dags/example_python_operator.py for tasks to queue
[2026-03-12T11:07:18.811+0000] {logging_mixin.py:188} INFO - [2026-03-12T11:07:18.811+0000] {dagbag.py:538} INFO - Filling up the DagBag from /home/airflow/.local/lib/python3.8/site-packages/airflow/example_dags/example_python_operator.py
[2026-03-12T11:07:18.823+0000] {processor.py:840} INFO - DAG(s) 'example_python_operator' retrieved from /home/airflow/.local/lib/python3.8/site-packages/airflow/example_dags/example_python_operator.py
[2026-03-12T11:07:18.850+0000] {logging_mixin.py:188} INFO - [2026-03-12T11:07:18.850+0000] {dag.py:3036} INFO - Sync 1 DAGs
[2026-03-12T11:07:18.860+0000] {logging_mixin.py:188} INFO - [2026-03-12T11:07:18.860+0000] {dag.py:3823} INFO - Setting next_dagrun for example_python_operator to None, run_after=None
[2026-03-12T11:07:18.878+0000] {processor.py:183} INFO - Processing /home/airflow/.local/lib/python3.8/site-packages/airflow/example_dags/example_python_operator.py took 0.076 seconds
[2026-03-12T11:07:49.028+0000] {processor.py:161} INFO - Started process (PID=296) to work on /home/airflow/.local/lib/python3.8/site-packages/airflow/example_dags/example_python_operator.py
[2026-03-12T11:07:49.030+0000] {processor.py:830} INFO - Processing file /home/airflow/.local/lib/python3.8/site-packages/airflow/example_dags/example_python_operator.py for tasks to queue
[2026-03-12T11:07:49.032+0000] {logging_mixin.py:188} INFO - [2026-03-12T11:07:49.032+0000] {dagbag.py:538} INFO - Filling up the DagBag from /home/airflow/.local/lib/python3.8/site-packages/airflow/example_dags/example_python_operator.py
[2026-03-12T11:07:49.044+0000] {processor.py:840} INFO - DAG(s) 'example_python_operator' retrieved from /home/airflow/.local/lib/python3.8/site-packages/airflow/example_dags/example_python_operator.py
[2026-03-12T11:07:49.068+0000] {logging_mixin.py:188} INFO - [2026-03-12T11:07:49.068+0000] {dag.py:3036} INFO - Sync 1 DAGs
[2026-03-12T11:07:49.085+0000] {logging_mixin.py:188} INFO - [2026-03-12T11:07:49.084+0000] {dag.py:3823} INFO - Setting next_dagrun for example_python_operator to None, run_after=None
[2026-03-12T11:07:49.106+0000] {processor.py:183} INFO - Processing /home/airflow/.local/lib/python3.8/site-packages/airflow/example_dags/example_python_operator.py took 0.080 seconds
[2026-03-12T11:08:19.538+0000] {processor.py:161} INFO - Started process (PID=351) to work on /home/airflow/.local/lib/python3.8/site-packages/airflow/example_dags/example_python_operator.py
[2026-03-12T11:08:19.539+0000] {processor.py:830} INFO - Processing file /home/airflow/.local/lib/python3.8/site-packages/airflow/example_dags/example_python_operator.py for tasks to queue
[2026-03-12T11:08:19.541+0000] {logging_mixin.py:188} INFO - [2026-03-12T11:08:19.541+0000] {dagbag.py:538} INFO - Filling up the DagBag from /home/airflow/.local/lib/python3.8/site-packages/airflow/example_dags/example_python_operator.py
[2026-03-12T11:08:19.550+0000] {processor.py:840} INFO - DAG(s) 'example_python_operator' retrieved from /home/airflow/.local/lib/python3.8/site-packages/airflow/example_dags/example_python_operator.py
[2026-03-12T11:08:19.570+0000] {logging_mixin.py:188} INFO - [2026-03-12T11:08:19.570+0000] {dag.py:3036} INFO - Sync 1 DAGs
[2026-03-12T11:08:19.581+0000] {logging_mixin.py:188} INFO - [2026-03-12T11:08:19.581+0000] {dag.py:3823} INFO - Setting next_dagrun for example_python_operator to None, run_after=None
[2026-03-12T11:08:19.599+0000] {processor.py:183} INFO - Processing /home/airflow/.local/lib/python3.8/site-packages/airflow/example_dags/example_python_operator.py took 0.064 seconds
[2026-03-12T11:08:50.051+0000] {processor.py:161} INFO - Started process (PID=406) to work on /home/airflow/.local/lib/python3.8/site-packages/airflow/example_dags/example_python_operator.py
[2026-03-12T11:08:50.052+0000] {processor.py:830} INFO - Processing file /home/airflow/.local/lib/python3.8/site-packages/airflow/example_dags/example_python_operator.py for tasks to queue
[2026-03-12T11:08:50.055+0000] {logging_mixin.py:188} INFO - [2026-03-12T11:08:50.054+0000] {dagbag.py:538} INFO - Filling up the DagBag from /home/airflow/.local/lib/python3.8/site-packages/airflow/example_dags/example_python_operator.py
[2026-03-12T11:08:50.066+0000] {processor.py:840} INFO - DAG(s) 'example_python_operator' retrieved from /home/airflow/.local/lib/python3.8/site-packages/airflow/example_dags/example_python_operator.py
[2026-03-12T11:08:50.091+0000] {logging_mixin.py:188} INFO - [2026-03-12T11:08:50.091+0000] {dag.py:3036} INFO - Sync 1 DAGs
[2026-03-12T11:08:50.104+0000] {logging_mixin.py:188} INFO - [2026-03-12T11:08:50.103+0000] {dag.py:3823} INFO - Setting next_dagrun for example_python_operator to None, run_after=None
[2026-03-12T11:08:50.130+0000] {processor.py:183} INFO - Processing /home/airflow/.local/lib/python3.8/site-packages/airflow/example_dags/example_python_operator.py took 0.084 seconds
[2026-03-12T11:09:20.931+0000] {processor.py:161} INFO - Started process (PID=461) to work on /home/airflow/.local/lib/python3.8/site-packages/airflow/example_dags/example_python_operator.py
[2026-03-12T11:09:20.933+0000] {processor.py:830} INFO - Processing file /home/airflow/.local/lib/python3.8/site-packages/airflow/example_dags/example_python_operator.py for tasks to queue
[2026-03-12T11:09:20.935+0000] {logging_mixin.py:188} INFO - [2026-03-12T11:09:20.935+0000] {dagbag.py:538} INFO - Filling up the DagBag from /home/airflow/.local/lib/python3.8/site-packages/airflow/example_dags/example_python_operator.py
[2026-03-12T11:09:20.946+0000] {processor.py:840} INFO - DAG(s) 'example_python_operator' retrieved from /home/airflow/.local/lib/python3.8/site-packages/airflow/example_dags/example_python_operator.py
[2026-03-12T11:09:20.971+0000] {logging_mixin.py:188} INFO - [2026-03-12T11:09:20.970+0000] {dag.py:3036} INFO - Sync 1 DAGs
[2026-03-12T11:09:20.983+0000] {logging_mixin.py:188} INFO - [2026-03-12T11:09:20.983+0000] {dag.py:3823} INFO - Setting next_dagrun for example_python_operator to None, run_after=None
[2026-03-12T11:09:21.021+0000] {processor.py:183} INFO - Processing /home/airflow/.local/lib/python3.8/site-packages/airflow/example_dags/example_python_operator.py took 0.093 seconds
[2026-03-12T11:09:51.742+0000] {processor.py:161} INFO - Started process (PID=516) to work on /home/airflow/.local/lib/python3.8/site-packages/airflow/example_dags/example_python_operator.py
[2026-03-12T11:09:51.744+0000] {processor.py:830} INFO - Processing file /home/airflow/.local/lib/python3.8/site-packages/airflow/example_dags/example_python_operator.py for tasks to queue
[2026-03-12T11:09:51.746+0000] {logging_mixin.py:188} INFO - [2026-03-12T11:09:51.746+0000] {dagbag.py:538} INFO - Filling up the DagBag from /home/airflow/.local/lib/python3.8/site-packages/airflow/example_dags/example_python_operator.py
[2026-03-12T11:09:51.755+0000] {processor.py:840} INFO - DAG(s) 'example_python_operator' retrieved from /home/airflow/.local/lib/python3.8/site-packages/airflow/example_dags/example_python_operator.py
[2026-03-12T11:09:51.776+0000] {logging_mixin.py:188} INFO - [2026-03-12T11:09:51.776+0000] {dag.py:3036} INFO - Sync 1 DAGs
[2026-03-12T11:09:51.786+0000] {logging_mixin.py:188} INFO - [2026-03-12T11:09:51.786+0000] {dag.py:3823} INFO - Setting next_dagrun for example_python_operator to None, run_after=None
[2026-03-12T11:09:51.802+0000] {processor.py:183} INFO - Processing /home/airflow/.local/lib/python3.8/site-packages/airflow/example_dags/example_python_operator.py took 0.063 seconds
[2026-03-12T11:10:22.077+0000] {processor.py:161} INFO - Started process (PID=571) to work on /home/airflow/.local/lib/python3.8/site-packages/airflow/example_dags/example_python_operator.py
[2026-03-12T11:10:22.078+0000] {processor.py:830} INFO - Processing file /home/airflow/.local/lib/python3.8/site-packages/airflow/example_dags/example_python_operator.py for tasks to queue
[2026-03-12T11:10:22.080+0000] {logging_mixin.py:188} INFO - [2026-03-12T11:10:22.080+0000] {dagbag.py:538} INFO - Filling up the DagBag from /home/airflow/.local/lib/python3.8/site-packages/airflow/example_dags/example_python_operator.py
[2026-03-12T11:10:22.090+0000] {processor.py:840} INFO - DAG(s) 'example_python_operator' retrieved from /home/airflow/.local/lib/python3.8/site-packages/airflow/example_dags/example_python_operator.py
[2026-03-12T11:10:22.111+0000] {logging_mixin.py:188} INFO - [2026-03-12T11:10:22.110+0000] {dag.py:3036} INFO - Sync 1 DAGs
[2026-03-12T11:10:22.149+0000] {logging_mixin.py:188} INFO - [2026-03-12T11:10:22.149+0000] {dag.py:3823} INFO - Setting next_dagrun for example_python_operator to None, run_after=None
[2026-03-12T11:10:22.167+0000] {processor.py:183} INFO - Processing /home/airflow/.local/lib/python3.8/site-packages/airflow/example_dags/example_python_operator.py took 0.093 seconds
[2026-03-12T11:10:52.286+0000] {processor.py:161} INFO - Started process (PID=627) to work on /home/airflow/.local/lib/python3.8/site-packages/airflow/example_dags/example_python_operator.py
[2026-03-12T11:10:52.288+0000] {processor.py:830} INFO - Processing file /home/airflow/.local/lib/python3.8/site-packages/airflow/example_dags/example_python_operator.py for tasks to queue
[2026-03-12T11:10:52.289+0000] {logging_mixin.py:188} INFO - [2026-03-12T11:10:52.289+0000] {dagbag.py:538} INFO - Filling up the DagBag from /home/airflow/.local/lib/python3.8/site-packages/airflow/example_dags/example_python_operator.py
[2026-03-12T11:10:52.298+0000] {processor.py:840} INFO - DAG(s) 'example_python_operator' retrieved from /home/airflow/.local/lib/python3.8/site-packages/airflow/example_dags/example_python_operator.py
[2026-03-12T11:10:52.315+0000] {logging_mixin.py:188} INFO - [2026-03-12T11:10:52.314+0000] {dag.py:3036} INFO - Sync 1 DAGs
[2026-03-12T11:10:52.325+0000] {logging_mixin.py:188} INFO - [2026-03-12T11:10:52.325+0000] {dag.py:3823} INFO - Setting next_dagrun for example_python_operator to None, run_after=None
[2026-03-12T11:10:52.343+0000] {processor.py:183} INFO - Processing /home/airflow/.local/lib/python3.8/site-packages/airflow/example_dags/example_python_operator.py took 0.060 seconds
[2026-03-12T11:11:22.547+0000] {processor.py:161} INFO - Started process (PID=683) to work on /home/airflow/.local/lib/python3.8/site-packages/airflow/example_dags/example_python_operator.py
[2026-03-12T11:11:22.548+0000] {processor.py:830} INFO - Processing file /home/airflow/.local/lib/python3.8/site-packages/airflow/example_dags/example_python_operator.py for tasks to queue
[2026-03-12T11:11:22.550+0000] {logging_mixin.py:188} INFO - [2026-03-12T11:11:22.549+0000] {dagbag.py:538} INFO - Filling up the DagBag from /home/airflow/.local/lib/python3.8/site-packages/airflow/example_dags/example_python_operator.py
[2026-03-12T11:11:22.558+0000] {processor.py:840} INFO - DAG(s) 'example_python_operator' retrieved from /home/airflow/.local/lib/python3.8/site-packages/airflow/example_dags/example_python_operator.py
[2026-03-12T11:11:22.578+0000] {logging_mixin.py:188} INFO - [2026-03-12T11:11:22.577+0000] {dag.py:3036} INFO - Sync 1 DAGs
[2026-03-12T11:11:22.587+0000] {logging_mixin.py:188} INFO - [2026-03-12T11:11:22.587+0000] {dag.py:3823} INFO - Setting next_dagrun for example_python_operator to None, run_after=None
[2026-03-12T11:11:22.606+0000] {processor.py:183} INFO - Processing /home/airflow/.local/lib/python3.8/site-packages/airflow/example_dags/example_python_operator.py took 0.061 seconds
[2026-03-12T11:11:53.062+0000] {processor.py:161} INFO - Started process (PID=740) to work on /home/airflow/.local/lib/python3.8/site-packages/airflow/example_dags/example_python_operator.py
[2026-03-12T11:11:53.064+0000] {processor.py:830} INFO - Processing file /home/airflow/.local/lib/python3.8/site-packages/airflow/example_dags/example_python_operator.py for tasks to queue
[2026-03-12T11:11:53.066+0000] {logging_mixin.py:188} INFO - [2026-03-12T11:11:53.065+0000] {dagbag.py:538} INFO - Filling up the DagBag from /home/airflow/.local/lib/python3.8/site-packages/airflow/example_dags/example_python_operator.py
[2026-03-12T11:11:53.075+0000] {processor.py:840} INFO - DAG(s) 'example_python_operator' retrieved from /home/airflow/.local/lib/python3.8/site-packages/airflow/example_dags/example_python_operator.py
[2026-03-12T11:11:53.096+0000] {logging_mixin.py:188} INFO - [2026-03-12T11:11:53.095+0000] {dag.py:3036} INFO - Sync 1 DAGs
[2026-03-12T11:11:53.106+0000] {logging_mixin.py:188} INFO - [2026-03-12T11:11:53.106+0000] {dag.py:3823} INFO - Setting next_dagrun for example_python_operator to None, run_after=None
[2026-03-12T11:11:53.126+0000] {processor.py:183} INFO - Processing /home/airflow/.local/lib/python3.8/site-packages/airflow/example_dags/example_python_operator.py took 0.067 seconds
[2026-03-12T11:12:23.484+0000] {processor.py:161} INFO - Started process (PID=796) to work on /home/airflow/.local/lib/python3.8/site-packages/airflow/example_dags/example_python_operator.py
[2026-03-12T11:12:23.485+0000] {processor.py:830} INFO - Processing file /home/airflow/.local/lib/python3.8/site-packages/airflow/example_dags/example_python_operator.py for tasks to queue
[2026-03-12T11:12:23.487+0000] {logging_mixin.py:188} INFO - [2026-03-12T11:12:23.487+0000] {dagbag.py:538} INFO - Filling up the DagBag from /home/airflow/.local/lib/python3.8/site-packages/airflow/example_dags/example_python_operator.py
[2026-03-12T11:12:23.496+0000] {processor.py:840} INFO - DAG(s) 'example_python_operator' retrieved from /home/airflow/.local/lib/python3.8/site-packages/airflow/example_dags/example_python_operator.py
[2026-03-12T11:12:23.515+0000] {logging_mixin.py:188} INFO - [2026-03-12T11:12:23.515+0000] {dag.py:3036} INFO - Sync 1 DAGs
[2026-03-12T11:12:23.524+0000] {logging_mixin.py:188} INFO - [2026-03-12T11:12:23.524+0000] {dag.py:3823} INFO - Setting next_dagrun for example_python_operator to None, run_after=None
[2026-03-12T11:12:23.542+0000] {processor.py:183} INFO - Processing /home/airflow/.local/lib/python3.8/site-packages/airflow/example_dags/example_python_operator.py took 0.061 seconds
[2026-03-12T11:12:54.152+0000] {processor.py:161} INFO - Started process (PID=852) to work on /home/airflow/.local/lib/python3.8/site-packages/airflow/example_dags/example_python_operator.py
[2026-03-12T11:12:54.154+0000] {processor.py:830} INFO - Processing file /home/airflow/.local/lib/python3.8/site-packages/airflow/example_dags/example_python_operator.py for tasks to queue
[2026-03-12T11:12:54.156+0000] {logging_mixin.py:188} INFO - [2026-03-12T11:12:54.155+0000] {dagbag.py:538} INFO - Filling up the DagBag from /home/airflow/.local/lib/python3.8/site-packages/airflow/example_dags/example_python_operator.py
[2026-03-12T11:12:54.164+0000] {processor.py:840} INFO - DAG(s) 'example_python_operator' retrieved from /home/airflow/.local/lib/python3.8/site-packages/airflow/example_dags/example_python_operator.py
[2026-03-12T11:12:54.185+0000] {logging_mixin.py:188} INFO - [2026-03-12T11:12:54.185+0000] {dag.py:3036} INFO - Sync 1 DAGs
[2026-03-12T11:12:54.195+0000] {logging_mixin.py:188} INFO - [2026-03-12T11:12:54.195+0000] {dag.py:3823} INFO - Setting next_dagrun for example_python_operator to None, run_after=None
[2026-03-12T11:12:54.214+0000] {processor.py:183} INFO - Processing /home/airflow/.local/lib/python3.8/site-packages/airflow/example_dags/example_python_operator.py took 0.065 seconds
[2026-03-12T11:13:24.655+0000] {processor.py:161} INFO - Started process (PID=908) to work on /home/airflow/.local/lib/python3.8/site-packages/airflow/example_dags/example_python_operator.py
[2026-03-12T11:13:24.657+0000] {processor.py:830} INFO - Processing file /home/airflow/.local/lib/python3.8/site-packages/airflow/example_dags/example_python_operator.py for tasks to queue
[2026-03-12T11:13:24.659+0000] {logging_mixin.py:188} INFO - [2026-03-12T11:13:24.659+0000] {dagbag.py:538} INFO - Filling up the DagBag from /home/airflow/.local/lib/python3.8/site-packages/airflow/example_dags/example_python_operator.py
[2026-03-12T11:13:24.670+0000] {processor.py:840} INFO - DAG(s) 'example_python_operator' retrieved from /home/airflow/.local/lib/python3.8/site-packages/airflow/example_dags/example_python_operator.py
[2026-03-12T11:13:24.690+0000] {logging_mixin.py:188} INFO - [2026-03-12T11:13:24.690+0000] {dag.py:3036} INFO - Sync 1 DAGs
[2026-03-12T11:13:24.700+0000] {logging_mixin.py:188} INFO - [2026-03-12T11:13:24.700+0000] {dag.py:3823} INFO - Setting next_dagrun for example_python_operator to None, run_after=None
[2026-03-12T11:13:24.718+0000] {processor.py:183} INFO - Processing /home/airflow/.local/lib/python3.8/site-packages/airflow/example_dags/example_python_operator.py took 0.067 seconds
[2026-03-12T11:13:54.803+0000] {processor.py:161} INFO - Started process (PID=964) to work on /home/airflow/.local/lib/python3.8/site-packages/airflow/example_dags/example_python_operator.py
[2026-03-12T11:13:54.805+0000] {processor.py:830} INFO - Processing file /home/airflow/.local/lib/python3.8/site-packages/airflow/example_dags/example_python_operator.py for tasks to queue
[2026-03-12T11:13:54.807+0000] {logging_mixin.py:188} INFO - [2026-03-12T11:13:54.806+0000] {dagbag.py:538} INFO - Filling up the DagBag from /home/airflow/.local/lib/python3.8/site-packages/airflow/example_dags/example_python_operator.py
[2026-03-12T11:13:54.817+0000] {processor.py:840} INFO - DAG(s) 'example_python_operator' retrieved from /home/airflow/.local/lib/python3.8/site-packages/airflow/example_dags/example_python_operator.py
[2026-03-12T11:13:54.838+0000] {logging_mixin.py:188} INFO - [2026-03-12T11:13:54.838+0000] {dag.py:3036} INFO - Sync 1 DAGs
[2026-03-12T11:13:54.848+0000] {logging_mixin.py:188} INFO - [2026-03-12T11:13:54.848+0000] {dag.py:3823} INFO - Setting next_dagrun for example_python_operator to None, run_after=None
[2026-03-12T11:13:54.869+0000] {processor.py:183} INFO - Processing /home/airflow/.local/lib/python3.8/site-packages/airflow/example_dags/example_python_operator.py took 0.070 seconds
[2026-03-12T11:14:25.217+0000] {processor.py:161} INFO - Started process (PID=1020) to work on /home/airflow/.local/lib/python3.8/site-packages/airflow/example_dags/example_python_operator.py
[2026-03-12T11:14:25.220+0000] {processor.py:830} INFO - Processing file /home/airflow/.local/lib/python3.8/site-packages/airflow/example_dags/example_python_operator.py for tasks to queue
[2026-03-12T11:14:25.223+0000] {logging_mixin.py:188} INFO - [2026-03-12T11:14:25.222+0000] {dagbag.py:538} INFO - Filling up the DagBag from /home/airflow/.local/lib/python3.8/site-packages/airflow/example_dags/example_python_operator.py
[2026-03-12T11:14:25.238+0000] {processor.py:840} INFO - DAG(s) 'example_python_operator' retrieved from /home/airflow/.local/lib/python3.8/site-packages/airflow/example_dags/example_python_operator.py
[2026-03-12T11:14:25.269+0000] {logging_mixin.py:188} INFO - [2026-03-12T11:14:25.269+0000] {dag.py:3036} INFO - Sync 1 DAGs
[2026-03-12T11:14:25.289+0000] {logging_mixin.py:188} INFO - [2026-03-12T11:14:25.288+0000] {dag.py:3823} INFO - Setting next_dagrun for example_python_operator to None, run_after=None
[2026-03-12T11:14:25.315+0000] {processor.py:183} INFO - Processing /home/airflow/.local/lib/python3.8/site-packages/airflow/example_dags/example_python_operator.py took 0.102 seconds
[2026-03-12T11:14:55.545+0000] {processor.py:161} INFO - Started process (PID=1076) to work on /home/airflow/.local/lib/python3.8/site-packages/airflow/example_dags/example_python_operator.py
[2026-03-12T11:14:55.546+0000] {processor.py:830} INFO - Processing file /home/airflow/.local/lib/python3.8/site-packages/airflow/example_dags/example_python_operator.py for tasks to queue
[2026-03-12T11:14:55.547+0000] {logging_mixin.py:188} INFO - [2026-03-12T11:14:55.547+0000] {dagbag.py:538} INFO - Filling up the DagBag from /home/airflow/.local/lib/python3.8/site-packages/airflow/example_dags/example_python_operator.py
[2026-03-12T11:14:55.556+0000] {processor.py:840} INFO - DAG(s) 'example_python_operator' retrieved from /home/airflow/.local/lib/python3.8/site-packages/airflow/example_dags/example_python_operator.py
[2026-03-12T11:14:55.574+0000] {logging_mixin.py:188} INFO - [2026-03-12T11:14:55.574+0000] {dag.py:3036} INFO - Sync 1 DAGs
[2026-03-12T11:14:55.583+0000] {logging_mixin.py:188} INFO - [2026-03-12T11:14:55.583+0000] {dag.py:3823} INFO - Setting next_dagrun for example_python_operator to None, run_after=None
[2026-03-12T11:14:55.599+0000] {processor.py:183} INFO - Processing /home/airflow/.local/lib/python3.8/site-packages/airflow/example_dags/example_python_operator.py took 0.058 seconds
[2026-03-12T11:15:25.780+0000] {processor.py:161} INFO - Started process (PID=1132) to work on /home/airflow/.local/lib/python3.8/site-packages/airflow/example_dags/example_python_operator.py
[2026-03-12T11:15:25.781+0000] {processor.py:830} INFO - Processing file /home/airflow/.local/lib/python3.8/site-packages/airflow/example_dags/example_python_operator.py for tasks to queue
[2026-03-12T11:15:25.784+0000] {logging_mixin.py:188} INFO - [2026-03-12T11:15:25.783+0000] {dagbag.py:538} INFO - Filling up the DagBag from /home/airflow/.local/lib/python3.8/site-packages/airflow/example_dags/example_python_operator.py
[2026-03-12T11:15:25.793+0000] {processor.py:840} INFO - DAG(s) 'example_python_operator' retrieved from /home/airflow/.local/lib/python3.8/site-packages/airflow/example_dags/example_python_operator.py
[2026-03-12T11:15:25.812+0000] {logging_mixin.py:188} INFO - [2026-03-12T11:15:25.811+0000] {dag.py:3036} INFO - Sync 1 DAGs
[2026-03-12T11:15:25.822+0000] {logging_mixin.py:188} INFO - [2026-03-12T11:15:25.822+0000] {dag.py:3823} INFO - Setting next_dagrun for example_python_operator to None, run_after=None
[2026-03-12T11:15:25.838+0000] {processor.py:183} INFO - Processing /home/airflow/.local/lib/python3.8/site-packages/airflow/example_dags/example_python_operator.py took 0.061 seconds
