[2026-03-12T11:05:45.798+0000] {processor.py:161} INFO - Started process (PID=62) to work on /home/airflow/.local/lib/python3.8/site-packages/airflow/example_dags/example_short_circuit_operator.py
[2026-03-12T11:05:45.805+0000] {processor.py:830} INFO - Processing file /home/airflow/.local/lib/python3.8/site-packages/airflow/example_dags/example_short_circuit_operator.py for tasks to queue
[2026-03-12T11:05:45.821+0000] {logging_mixin.py:188} INFO - [2026-03-12T11:05:45.820+0000] {dagbag.py:538} INFO - Filling up the DagBag from /home/airflow/.local/lib/python3.8/site-packages/airflow/example_dags/example_short_circuit_operator.py
[2026-03-12T11:05:45.869+0000] {processor.py:840} INFO - DAG(s) 'example_short_circuit_operator' retrieved from /home/airflow/.local/lib/python3.8/site-packages/airflow/example_dags/example_short_circuit_operator.py
[2026-03-12T11:05:45.893+0000] {logging_mixin.py:188} INFO - [2026-03-12T11:05:45.893+0000] {dag.py:3036} INFO - Sync 1 DAGs
[2026-03-12T11:05:45.936+0000] {logging_mixin.py:188} INFO - [2026-03-12T11:05:45.936+0000] {dag.py:3823} INFO - Setting next_dagrun for example_short_circuit_operator to 2026-03-11 00:00:00+00:00, run_after=2026-03-12 00:00:00+00:00
[2026-03-12T11:05:45.983+0000] {processor.py:183} INFO - Processing /home/airflow/.local/lib/python3.8/site-packages/airflow/example_dags/example_short_circuit_operator.py took 0.212 seconds
[2026-03-12T11:06:16.503+0000] {processor.py:161} INFO - Started process (PID=117) to work on /home/airflow/.local/lib/python3.8/site-packages/airflow/example_dags/example_short_circuit_operator.py
[2026-03-12T11:06:16.505+0000] {processor.py:830} INFO - Processing file /home/airflow/.local/lib/python3.8/site-packages/airflow/example_dags/example_short_circuit_operator.py for tasks to queue
[2026-03-12T11:06:16.507+0000] {logging_mixin.py:188} INFO - [2026-03-12T11:06:16.507+0000] {dagbag.py:538} INFO - Filling up the DagBag from /home/airflow/.local/lib/python3.8/site-packages/airflow/example_dags/example_short_circuit_operator.py
[2026-03-12T11:06:16.514+0000] {processor.py:840} INFO - DAG(s) 'example_short_circuit_operator' retrieved from /home/airflow/.local/lib/python3.8/site-packages/airflow/example_dags/example_short_circuit_operator.py
[2026-03-12T11:06:16.600+0000] {logging_mixin.py:188} INFO - [2026-03-12T11:06:16.599+0000] {dag.py:3036} INFO - Sync 1 DAGs
[2026-03-12T11:06:16.618+0000] {logging_mixin.py:188} INFO - [2026-03-12T11:06:16.618+0000] {dag.py:3823} INFO - Setting next_dagrun for example_short_circuit_operator to 2026-03-11 00:00:00+00:00, run_after=2026-03-12 00:00:00+00:00
[2026-03-12T11:06:16.641+0000] {processor.py:183} INFO - Processing /home/airflow/.local/lib/python3.8/site-packages/airflow/example_dags/example_short_circuit_operator.py took 0.142 seconds
[2026-03-12T11:06:47.082+0000] {processor.py:161} INFO - Started process (PID=172) to work on /home/airflow/.local/lib/python3.8/site-packages/airflow/example_dags/example_short_circuit_operator.py
[2026-03-12T11:06:47.084+0000] {processor.py:830} INFO - Processing file /home/airflow/.local/lib/python3.8/site-packages/airflow/example_dags/example_short_circuit_operator.py for tasks to queue
[2026-03-12T11:06:47.088+0000] {logging_mixin.py:188} INFO - [2026-03-12T11:06:47.088+0000] {dagbag.py:538} INFO - Filling up the DagBag from /home/airflow/.local/lib/python3.8/site-packages/airflow/example_dags/example_short_circuit_operator.py
[2026-03-12T11:06:47.097+0000] {processor.py:840} INFO - DAG(s) 'example_short_circuit_operator' retrieved from /home/airflow/.local/lib/python3.8/site-packages/airflow/example_dags/example_short_circuit_operator.py
[2026-03-12T11:06:47.124+0000] {logging_mixin.py:188} INFO - [2026-03-12T11:06:47.124+0000] {dag.py:3036} INFO - Sync 1 DAGs
[2026-03-12T11:06:47.155+0000] {logging_mixin.py:188} INFO - [2026-03-12T11:06:47.155+0000] {dag.py:3823} INFO - Setting next_dagrun for example_short_circuit_operator to 2026-03-11 00:00:00+00:00, run_after=2026-03-12 00:00:00+00:00
[2026-03-12T11:06:47.183+0000] {processor.py:183} INFO - Processing /home/airflow/.local/lib/python3.8/site-packages/airflow/example_dags/example_short_circuit_operator.py took 0.104 seconds
[2026-03-12T11:07:17.351+0000] {processor.py:161} INFO - Started process (PID=227) to work on /home/airflow/.local/lib/python3.8/site-packages/airflow/example_dags/example_short_circuit_operator.py
[2026-03-12T11:07:17.353+0000] {processor.py:830} INFO - Processing file /home/airflow/.local/lib/python3.8/site-packages/airflow/example_dags/example_short_circuit_operator.py for tasks to queue
[2026-03-12T11:07:17.355+0000] {logging_mixin.py:188} INFO - [2026-03-12T11:07:17.354+0000] {dagbag.py:538} INFO - Filling up the DagBag from /home/airflow/.local/lib/python3.8/site-packages/airflow/example_dags/example_short_circuit_operator.py
[2026-03-12T11:07:17.362+0000] {processor.py:840} INFO - DAG(s) 'example_short_circuit_operator' retrieved from /home/airflow/.local/lib/python3.8/site-packages/airflow/example_dags/example_short_circuit_operator.py
[2026-03-12T11:07:17.381+0000] {logging_mixin.py:188} INFO - [2026-03-12T11:07:17.380+0000] {dag.py:3036} INFO - Sync 1 DAGs
[2026-03-12T11:07:17.397+0000] {logging_mixin.py:188} INFO - [2026-03-12T11:07:17.397+0000] {dag.py:3823} INFO - Setting next_dagrun for example_short_circuit_operator to 2026-03-11 00:00:00+00:00, run_after=2026-03-12 00:00:00+00:00
[2026-03-12T11:07:17.416+0000] {processor.py:183} INFO - Processing /home/airflow/.local/lib/python3.8/site-packages/airflow/example_dags/example_short_circuit_operator.py took 0.068 seconds
[2026-03-12T11:07:47.556+0000] {processor.py:161} INFO - Started process (PID=282) to work on /home/airflow/.local/lib/python3.8/site-packages/airflow/example_dags/example_short_circuit_operator.py
[2026-03-12T11:07:47.557+0000] {processor.py:830} INFO - Processing file /home/airflow/.local/lib/python3.8/site-packages/airflow/example_dags/example_short_circuit_operator.py for tasks to queue
[2026-03-12T11:07:47.559+0000] {logging_mixin.py:188} INFO - [2026-03-12T11:07:47.559+0000] {dagbag.py:538} INFO - Filling up the DagBag from /home/airflow/.local/lib/python3.8/site-packages/airflow/example_dags/example_short_circuit_operator.py
[2026-03-12T11:07:47.567+0000] {processor.py:840} INFO - DAG(s) 'example_short_circuit_operator' retrieved from /home/airflow/.local/lib/python3.8/site-packages/airflow/example_dags/example_short_circuit_operator.py
[2026-03-12T11:07:47.591+0000] {logging_mixin.py:188} INFO - [2026-03-12T11:07:47.591+0000] {dag.py:3036} INFO - Sync 1 DAGs
[2026-03-12T11:07:47.608+0000] {logging_mixin.py:188} INFO - [2026-03-12T11:07:47.608+0000] {dag.py:3823} INFO - Setting next_dagrun for example_short_circuit_operator to 2026-03-11 00:00:00+00:00, run_after=2026-03-12 00:00:00+00:00
[2026-03-12T11:07:47.626+0000] {processor.py:183} INFO - Processing /home/airflow/.local/lib/python3.8/site-packages/airflow/example_dags/example_short_circuit_operator.py took 0.073 seconds
[2026-03-12T11:08:17.671+0000] {processor.py:161} INFO - Started process (PID=336) to work on /home/airflow/.local/lib/python3.8/site-packages/airflow/example_dags/example_short_circuit_operator.py
[2026-03-12T11:08:17.672+0000] {processor.py:830} INFO - Processing file /home/airflow/.local/lib/python3.8/site-packages/airflow/example_dags/example_short_circuit_operator.py for tasks to queue
[2026-03-12T11:08:17.674+0000] {logging_mixin.py:188} INFO - [2026-03-12T11:08:17.674+0000] {dagbag.py:538} INFO - Filling up the DagBag from /home/airflow/.local/lib/python3.8/site-packages/airflow/example_dags/example_short_circuit_operator.py
[2026-03-12T11:08:17.681+0000] {processor.py:840} INFO - DAG(s) 'example_short_circuit_operator' retrieved from /home/airflow/.local/lib/python3.8/site-packages/airflow/example_dags/example_short_circuit_operator.py
[2026-03-12T11:08:17.702+0000] {logging_mixin.py:188} INFO - [2026-03-12T11:08:17.701+0000] {dag.py:3036} INFO - Sync 1 DAGs
[2026-03-12T11:08:17.721+0000] {logging_mixin.py:188} INFO - [2026-03-12T11:08:17.721+0000] {dag.py:3823} INFO - Setting next_dagrun for example_short_circuit_operator to 2026-03-11 00:00:00+00:00, run_after=2026-03-12 00:00:00+00:00
[2026-03-12T11:08:17.741+0000] {processor.py:183} INFO - Processing /home/airflow/.local/lib/python3.8/site-packages/airflow/example_dags/example_short_circuit_operator.py took 0.077 seconds
[2026-03-12T11:08:47.960+0000] {processor.py:161} INFO - Started process (PID=391) to work on /home/airflow/.local/lib/python3.8/site-packages/airflow/example_dags/example_short_circuit_operator.py
[2026-03-12T11:08:47.962+0000] {processor.py:830} INFO - Processing file /home/airflow/.local/lib/python3.8/site-packages/airflow/example_dags/example_short_circuit_operator.py for tasks to queue
[2026-03-12T11:08:47.967+0000] {logging_mixin.py:188} INFO - [2026-03-12T11:08:47.966+0000] {dagbag.py:538} INFO - Filling up the DagBag from /home/airflow/.local/lib/python3.8/site-packages/airflow/example_dags/example_short_circuit_operator.py
[2026-03-12T11:08:47.985+0000] {processor.py:840} INFO - DAG(s) 'example_short_circuit_operator' retrieved from /home/airflow/.local/lib/python3.8/site-packages/airflow/example_dags/example_short_circuit_operator.py
[2026-03-12T11:08:48.023+0000] {logging_mixin.py:188} INFO - [2026-03-12T11:08:48.023+0000] {dag.py:3036} INFO - Sync 1 DAGs
[2026-03-12T11:08:48.047+0000] {logging_mixin.py:188} INFO - [2026-03-12T11:08:48.047+0000] {dag.py:3823} INFO - Setting next_dagrun for example_short_circuit_operator to 2026-03-11 00:00:00+00:00, run_after=2026-03-12 00:00:00+00:00
[2026-03-12T11:08:48.078+0000] {processor.py:183} INFO - Processing /home/airflow/.local/lib/python3.8/site-packages/airflow/example_dags/example_short_circuit_operator.py took 0.121 seconds
[2026-03-12T11:09:18.280+0000] {processor.py:161} INFO - Started process (PID=446) to work on /home/airflow/.local/lib/python3.8/site-packages/airflow/example_dags/example_short_circuit_operator.py
[2026-03-12T11:09:18.282+0000] {processor.py:830} INFO - Processing file /home/airflow/.local/lib/python3.8/site-packages/airflow/example_dags/example_short_circuit_operator.py for tasks to queue
[2026-03-12T11:09:18.284+0000] {logging_mixin.py:188} INFO - [2026-03-12T11:09:18.283+0000] {dagbag.py:538} INFO - Filling up the DagBag from /home/airflow/.local/lib/python3.8/site-packages/airflow/example_dags/example_short_circuit_operator.py
[2026-03-12T11:09:18.297+0000] {processor.py:840} INFO - DAG(s) 'example_short_circuit_operator' retrieved from /home/airflow/.local/lib/python3.8/site-packages/airflow/example_dags/example_short_circuit_operator.py
[2026-03-12T11:09:18.318+0000] {logging_mixin.py:188} INFO - [2026-03-12T11:09:18.318+0000] {dag.py:3036} INFO - Sync 1 DAGs
[2026-03-12T11:09:18.337+0000] {logging_mixin.py:188} INFO - [2026-03-12T11:09:18.337+0000] {dag.py:3823} INFO - Setting next_dagrun for example_short_circuit_operator to 2026-03-11 00:00:00+00:00, run_after=2026-03-12 00:00:00+00:00
[2026-03-12T11:09:18.360+0000] {processor.py:183} INFO - Processing /home/airflow/.local/lib/python3.8/site-packages/airflow/example_dags/example_short_circuit_operator.py took 0.083 seconds
[2026-03-12T11:09:49.163+0000] {processor.py:161} INFO - Started process (PID=507) to work on /home/airflow/.local/lib/python3.8/site-packages/airflow/example_dags/example_short_circuit_operator.py
[2026-03-12T11:09:49.165+0000] {processor.py:830} INFO - Processing file /home/airflow/.local/lib/python3.8/site-packages/airflow/example_dags/example_short_circuit_operator.py for tasks to queue
[2026-03-12T11:09:49.167+0000] {logging_mixin.py:188} INFO - [2026-03-12T11:09:49.167+0000] {dagbag.py:538} INFO - Filling up the DagBag from /home/airflow/.local/lib/python3.8/site-packages/airflow/example_dags/example_short_circuit_operator.py
[2026-03-12T11:09:49.174+0000] {processor.py:840} INFO - DAG(s) 'example_short_circuit_operator' retrieved from /home/airflow/.local/lib/python3.8/site-packages/airflow/example_dags/example_short_circuit_operator.py
[2026-03-12T11:09:49.195+0000] {logging_mixin.py:188} INFO - [2026-03-12T11:09:49.195+0000] {dag.py:3036} INFO - Sync 1 DAGs
[2026-03-12T11:09:49.214+0000] {logging_mixin.py:188} INFO - [2026-03-12T11:09:49.214+0000] {dag.py:3823} INFO - Setting next_dagrun for example_short_circuit_operator to 2026-03-11 00:00:00+00:00, run_after=2026-03-12 00:00:00+00:00
[2026-03-12T11:09:49.235+0000] {processor.py:183} INFO - Processing /home/airflow/.local/lib/python3.8/site-packages/airflow/example_dags/example_short_circuit_operator.py took 0.076 seconds
[2026-03-12T11:10:19.471+0000] {processor.py:161} INFO - Started process (PID=562) to work on /home/airflow/.local/lib/python3.8/site-packages/airflow/example_dags/example_short_circuit_operator.py
[2026-03-12T11:10:19.472+0000] {processor.py:830} INFO - Processing file /home/airflow/.local/lib/python3.8/site-packages/airflow/example_dags/example_short_circuit_operator.py for tasks to queue
[2026-03-12T11:10:19.474+0000] {logging_mixin.py:188} INFO - [2026-03-12T11:10:19.474+0000] {dagbag.py:538} INFO - Filling up the DagBag from /home/airflow/.local/lib/python3.8/site-packages/airflow/example_dags/example_short_circuit_operator.py
[2026-03-12T11:10:19.480+0000] {processor.py:840} INFO - DAG(s) 'example_short_circuit_operator' retrieved from /home/airflow/.local/lib/python3.8/site-packages/airflow/example_dags/example_short_circuit_operator.py
[2026-03-12T11:10:19.499+0000] {logging_mixin.py:188} INFO - [2026-03-12T11:10:19.499+0000] {dag.py:3036} INFO - Sync 1 DAGs
[2026-03-12T11:10:19.515+0000] {logging_mixin.py:188} INFO - [2026-03-12T11:10:19.515+0000] {dag.py:3823} INFO - Setting next_dagrun for example_short_circuit_operator to 2026-03-11 00:00:00+00:00, run_after=2026-03-12 00:00:00+00:00
[2026-03-12T11:10:19.533+0000] {processor.py:183} INFO - Processing /home/airflow/.local/lib/python3.8/site-packages/airflow/example_dags/example_short_circuit_operator.py took 0.065 seconds
[2026-03-12T11:10:49.676+0000] {processor.py:161} INFO - Started process (PID=618) to work on /home/airflow/.local/lib/python3.8/site-packages/airflow/example_dags/example_short_circuit_operator.py
[2026-03-12T11:10:49.678+0000] {processor.py:830} INFO - Processing file /home/airflow/.local/lib/python3.8/site-packages/airflow/example_dags/example_short_circuit_operator.py for tasks to queue
[2026-03-12T11:10:49.680+0000] {logging_mixin.py:188} INFO - [2026-03-12T11:10:49.680+0000] {dagbag.py:538} INFO - Filling up the DagBag from /home/airflow/.local/lib/python3.8/site-packages/airflow/example_dags/example_short_circuit_operator.py
[2026-03-12T11:10:49.688+0000] {processor.py:840} INFO - DAG(s) 'example_short_circuit_operator' retrieved from /home/airflow/.local/lib/python3.8/site-packages/airflow/example_dags/example_short_circuit_operator.py
[2026-03-12T11:10:49.709+0000] {logging_mixin.py:188} INFO - [2026-03-12T11:10:49.709+0000] {dag.py:3036} INFO - Sync 1 DAGs
[2026-03-12T11:10:49.727+0000] {logging_mixin.py:188} INFO - [2026-03-12T11:10:49.727+0000] {dag.py:3823} INFO - Setting next_dagrun for example_short_circuit_operator to 2026-03-11 00:00:00+00:00, run_after=2026-03-12 00:00:00+00:00
[2026-03-12T11:10:49.746+0000] {processor.py:183} INFO - Processing /home/airflow/.local/lib/python3.8/site-packages/airflow/example_dags/example_short_circuit_operator.py took 0.073 seconds
[2026-03-12T11:11:19.847+0000] {processor.py:161} INFO - Started process (PID=674) to work on /home/airflow/.local/lib/python3.8/site-packages/airflow/example_dags/example_short_circuit_operator.py
[2026-03-12T11:11:19.849+0000] {processor.py:830} INFO - Processing file /home/airflow/.local/lib/python3.8/site-packages/airflow/example_dags/example_short_circuit_operator.py for tasks to queue
[2026-03-12T11:11:19.851+0000] {logging_mixin.py:188} INFO - [2026-03-12T11:11:19.850+0000] {dagbag.py:538} INFO - Filling up the DagBag from /home/airflow/.local/lib/python3.8/site-packages/airflow/example_dags/example_short_circuit_operator.py
[2026-03-12T11:11:19.857+0000] {processor.py:840} INFO - DAG(s) 'example_short_circuit_operator' retrieved from /home/airflow/.local/lib/python3.8/site-packages/airflow/example_dags/example_short_circuit_operator.py
[2026-03-12T11:11:19.878+0000] {logging_mixin.py:188} INFO - [2026-03-12T11:11:19.877+0000] {dag.py:3036} INFO - Sync 1 DAGs
[2026-03-12T11:11:19.899+0000] {logging_mixin.py:188} INFO - [2026-03-12T11:11:19.898+0000] {dag.py:3823} INFO - Setting next_dagrun for example_short_circuit_operator to 2026-03-11 00:00:00+00:00, run_after=2026-03-12 00:00:00+00:00
[2026-03-12T11:11:19.918+0000] {processor.py:183} INFO - Processing /home/airflow/.local/lib/python3.8/site-packages/airflow/example_dags/example_short_circuit_operator.py took 0.073 seconds
[2026-03-12T11:11:50.459+0000] {processor.py:161} INFO - Started process (PID=731) to work on /home/airflow/.local/lib/python3.8/site-packages/airflow/example_dags/example_short_circuit_operator.py
[2026-03-12T11:11:50.460+0000] {processor.py:830} INFO - Processing file /home/airflow/.local/lib/python3.8/site-packages/airflow/example_dags/example_short_circuit_operator.py for tasks to queue
[2026-03-12T11:11:50.462+0000] {logging_mixin.py:188} INFO - [2026-03-12T11:11:50.462+0000] {dagbag.py:538} INFO - Filling up the DagBag from /home/airflow/.local/lib/python3.8/site-packages/airflow/example_dags/example_short_circuit_operator.py
[2026-03-12T11:11:50.469+0000] {processor.py:840} INFO - DAG(s) 'example_short_circuit_operator' retrieved from /home/airflow/.local/lib/python3.8/site-packages/airflow/example_dags/example_short_circuit_operator.py
[2026-03-12T11:11:50.488+0000] {logging_mixin.py:188} INFO - [2026-03-12T11:11:50.488+0000] {dag.py:3036} INFO - Sync 1 DAGs
[2026-03-12T11:11:50.505+0000] {logging_mixin.py:188} INFO - [2026-03-12T11:11:50.505+0000] {dag.py:3823} INFO - Setting next_dagrun for example_short_circuit_operator to 2026-03-11 00:00:00+00:00, run_after=2026-03-12 00:00:00+00:00
[2026-03-12T11:11:50.523+0000] {processor.py:183} INFO - Processing /home/airflow/.local/lib/python3.8/site-packages/airflow/example_dags/example_short_circuit_operator.py took 0.067 seconds
[2026-03-12T11:12:20.924+0000] {processor.py:161} INFO - Started process (PID=787) to work on /home/airflow/.local/lib/python3.8/site-packages/airflow/example_dags/example_short_circuit_operator.py
[2026-03-12T11:12:20.926+0000] {processor.py:830} INFO - Processing file /home/airflow/.local/lib/python3.8/site-packages/airflow/example_dags/example_short_circuit_operator.py for tasks to queue
[2026-03-12T11:12:20.928+0000] {logging_mixin.py:188} INFO - [2026-03-12T11:12:20.928+0000] {dagbag.py:538} INFO - Filling up the DagBag from /home/airflow/.local/lib/python3.8/site-packages/airflow/example_dags/example_short_circuit_operator.py
[2026-03-12T11:12:20.934+0000] {processor.py:840} INFO - DAG(s) 'example_short_circuit_operator' retrieved from /home/airflow/.local/lib/python3.8/site-packages/airflow/example_dags/example_short_circuit_operator.py
[2026-03-12T11:12:20.954+0000] {logging_mixin.py:188} INFO - [2026-03-12T11:12:20.954+0000] {dag.py:3036} INFO - Sync 1 DAGs
[2026-03-12T11:12:20.970+0000] {logging_mixin.py:188} INFO - [2026-03-12T11:12:20.970+0000] {dag.py:3823} INFO - Setting next_dagrun for example_short_circuit_operator to 2026-03-11 00:00:00+00:00, run_after=2026-03-12 00:00:00+00:00
[2026-03-12T11:12:20.990+0000] {processor.py:183} INFO - Processing /home/airflow/.local/lib/python3.8/site-packages/airflow/example_dags/example_short_circuit_operator.py took 0.069 seconds
[2026-03-12T11:12:51.629+0000] {processor.py:161} INFO - Started process (PID=843) to work on /home/airflow/.local/lib/python3.8/site-packages/airflow/example_dags/example_short_circuit_operator.py
[2026-03-12T11:12:51.630+0000] {processor.py:830} INFO - Processing file /home/airflow/.local/lib/python3.8/site-packages/airflow/example_dags/example_short_circuit_operator.py for tasks to queue
[2026-03-12T11:12:51.632+0000] {logging_mixin.py:188} INFO - [2026-03-12T11:12:51.632+0000] {dagbag.py:538} INFO - Filling up the DagBag from /home/airflow/.local/lib/python3.8/site-packages/airflow/example_dags/example_short_circuit_operator.py
[2026-03-12T11:12:51.639+0000] {processor.py:840} INFO - DAG(s) 'example_short_circuit_operator' retrieved from /home/airflow/.local/lib/python3.8/site-packages/airflow/example_dags/example_short_circuit_operator.py
[2026-03-12T11:12:51.659+0000] {logging_mixin.py:188} INFO - [2026-03-12T11:12:51.658+0000] {dag.py:3036} INFO - Sync 1 DAGs
[2026-03-12T11:12:51.677+0000] {logging_mixin.py:188} INFO - [2026-03-12T11:12:51.676+0000] {dag.py:3823} INFO - Setting next_dagrun for example_short_circuit_operator to 2026-03-11 00:00:00+00:00, run_after=2026-03-12 00:00:00+00:00
[2026-03-12T11:12:51.693+0000] {processor.py:183} INFO - Processing /home/airflow/.local/lib/python3.8/site-packages/airflow/example_dags/example_short_circuit_operator.py took 0.067 seconds
[2026-03-12T11:13:21.880+0000] {processor.py:161} INFO - Started process (PID=899) to work on /home/airflow/.local/lib/python3.8/site-packages/airflow/example_dags/example_short_circuit_operator.py
[2026-03-12T11:13:21.881+0000] {processor.py:830} INFO - Processing file /home/airflow/.local/lib/python3.8/site-packages/airflow/example_dags/example_short_circuit_operator.py for tasks to queue
[2026-03-12T11:13:21.883+0000] {logging_mixin.py:188} INFO - [2026-03-12T11:13:21.883+0000] {dagbag.py:538} INFO - Filling up the DagBag from /home/airflow/.local/lib/python3.8/site-packages/airflow/example_dags/example_short_circuit_operator.py
[2026-03-12T11:13:21.892+0000] {processor.py:840} INFO - DAG(s) 'example_short_circuit_operator' retrieved from /home/airflow/.local/lib/python3.8/site-packages/airflow/example_dags/example_short_circuit_operator.py
[2026-03-12T11:13:21.919+0000] {logging_mixin.py:188} INFO - [2026-03-12T11:13:21.918+0000] {dag.py:3036} INFO - Sync 1 DAGs
[2026-03-12T11:13:21.941+0000] {logging_mixin.py:188} INFO - [2026-03-12T11:13:21.941+0000] {dag.py:3823} INFO - Setting next_dagrun for example_short_circuit_operator to 2026-03-11 00:00:00+00:00, run_after=2026-03-12 00:00:00+00:00
[2026-03-12T11:13:21.967+0000] {processor.py:183} INFO - Processing /home/airflow/.local/lib/python3.8/site-packages/airflow/example_dags/example_short_circuit_operator.py took 0.090 seconds
[2026-03-12T11:13:52.155+0000] {processor.py:161} INFO - Started process (PID=955) to work on /home/airflow/.local/lib/python3.8/site-packages/airflow/example_dags/example_short_circuit_operator.py
[2026-03-12T11:13:52.156+0000] {processor.py:830} INFO - Processing file /home/airflow/.local/lib/python3.8/site-packages/airflow/example_dags/example_short_circuit_operator.py for tasks to queue
[2026-03-12T11:13:52.158+0000] {logging_mixin.py:188} INFO - [2026-03-12T11:13:52.158+0000] {dagbag.py:538} INFO - Filling up the DagBag from /home/airflow/.local/lib/python3.8/site-packages/airflow/example_dags/example_short_circuit_operator.py
[2026-03-12T11:13:52.164+0000] {processor.py:840} INFO - DAG(s) 'example_short_circuit_operator' retrieved from /home/airflow/.local/lib/python3.8/site-packages/airflow/example_dags/example_short_circuit_operator.py
[2026-03-12T11:13:52.183+0000] {logging_mixin.py:188} INFO - [2026-03-12T11:13:52.183+0000] {dag.py:3036} INFO - Sync 1 DAGs
[2026-03-12T11:13:52.200+0000] {logging_mixin.py:188} INFO - [2026-03-12T11:13:52.200+0000] {dag.py:3823} INFO - Setting next_dagrun for example_short_circuit_operator to 2026-03-11 00:00:00+00:00, run_after=2026-03-12 00:00:00+00:00
[2026-03-12T11:13:52.216+0000] {processor.py:183} INFO - Processing /home/airflow/.local/lib/python3.8/site-packages/airflow/example_dags/example_short_circuit_operator.py took 0.064 seconds
[2026-03-12T11:14:22.372+0000] {processor.py:161} INFO - Started process (PID=1011) to work on /home/airflow/.local/lib/python3.8/site-packages/airflow/example_dags/example_short_circuit_operator.py
[2026-03-12T11:14:22.373+0000] {processor.py:830} INFO - Processing file /home/airflow/.local/lib/python3.8/site-packages/airflow/example_dags/example_short_circuit_operator.py for tasks to queue
[2026-03-12T11:14:22.375+0000] {logging_mixin.py:188} INFO - [2026-03-12T11:14:22.375+0000] {dagbag.py:538} INFO - Filling up the DagBag from /home/airflow/.local/lib/python3.8/site-packages/airflow/example_dags/example_short_circuit_operator.py
[2026-03-12T11:14:22.381+0000] {processor.py:840} INFO - DAG(s) 'example_short_circuit_operator' retrieved from /home/airflow/.local/lib/python3.8/site-packages/airflow/example_dags/example_short_circuit_operator.py
[2026-03-12T11:14:22.401+0000] {logging_mixin.py:188} INFO - [2026-03-12T11:14:22.401+0000] {dag.py:3036} INFO - Sync 1 DAGs
[2026-03-12T11:14:22.418+0000] {logging_mixin.py:188} INFO - [2026-03-12T11:14:22.418+0000] {dag.py:3823} INFO - Setting next_dagrun for example_short_circuit_operator to 2026-03-11 00:00:00+00:00, run_after=2026-03-12 00:00:00+00:00
[2026-03-12T11:14:22.434+0000] {processor.py:183} INFO - Processing /home/airflow/.local/lib/python3.8/site-packages/airflow/example_dags/example_short_circuit_operator.py took 0.065 seconds
[2026-03-12T11:14:52.733+0000] {processor.py:161} INFO - Started process (PID=1067) to work on /home/airflow/.local/lib/python3.8/site-packages/airflow/example_dags/example_short_circuit_operator.py
[2026-03-12T11:14:52.735+0000] {processor.py:830} INFO - Processing file /home/airflow/.local/lib/python3.8/site-packages/airflow/example_dags/example_short_circuit_operator.py for tasks to queue
[2026-03-12T11:14:52.738+0000] {logging_mixin.py:188} INFO - [2026-03-12T11:14:52.737+0000] {dagbag.py:538} INFO - Filling up the DagBag from /home/airflow/.local/lib/python3.8/site-packages/airflow/example_dags/example_short_circuit_operator.py
[2026-03-12T11:14:52.745+0000] {processor.py:840} INFO - DAG(s) 'example_short_circuit_operator' retrieved from /home/airflow/.local/lib/python3.8/site-packages/airflow/example_dags/example_short_circuit_operator.py
[2026-03-12T11:14:52.767+0000] {logging_mixin.py:188} INFO - [2026-03-12T11:14:52.767+0000] {dag.py:3036} INFO - Sync 1 DAGs
[2026-03-12T11:14:52.785+0000] {logging_mixin.py:188} INFO - [2026-03-12T11:14:52.785+0000] {dag.py:3823} INFO - Setting next_dagrun for example_short_circuit_operator to 2026-03-11 00:00:00+00:00, run_after=2026-03-12 00:00:00+00:00
[2026-03-12T11:14:52.804+0000] {processor.py:183} INFO - Processing /home/airflow/.local/lib/python3.8/site-packages/airflow/example_dags/example_short_circuit_operator.py took 0.074 seconds
[2026-03-12T11:15:22.865+0000] {processor.py:161} INFO - Started process (PID=1123) to work on /home/airflow/.local/lib/python3.8/site-packages/airflow/example_dags/example_short_circuit_operator.py
[2026-03-12T11:15:22.867+0000] {processor.py:830} INFO - Processing file /home/airflow/.local/lib/python3.8/site-packages/airflow/example_dags/example_short_circuit_operator.py for tasks to queue
[2026-03-12T11:15:22.870+0000] {logging_mixin.py:188} INFO - [2026-03-12T11:15:22.870+0000] {dagbag.py:538} INFO - Filling up the DagBag from /home/airflow/.local/lib/python3.8/site-packages/airflow/example_dags/example_short_circuit_operator.py
[2026-03-12T11:15:22.879+0000] {processor.py:840} INFO - DAG(s) 'example_short_circuit_operator' retrieved from /home/airflow/.local/lib/python3.8/site-packages/airflow/example_dags/example_short_circuit_operator.py
[2026-03-12T11:15:22.901+0000] {logging_mixin.py:188} INFO - [2026-03-12T11:15:22.901+0000] {dag.py:3036} INFO - Sync 1 DAGs
[2026-03-12T11:15:22.920+0000] {logging_mixin.py:188} INFO - [2026-03-12T11:15:22.920+0000] {dag.py:3823} INFO - Setting next_dagrun for example_short_circuit_operator to 2026-03-11 00:00:00+00:00, run_after=2026-03-12 00:00:00+00:00
[2026-03-12T11:15:22.941+0000] {processor.py:183} INFO - Processing /home/airflow/.local/lib/python3.8/site-packages/airflow/example_dags/example_short_circuit_operator.py took 0.080 seconds
