[2026-03-12T11:05:50.030+0000] {processor.py:161} INFO - Started process (PID=98) to work on /home/airflow/.local/lib/python3.8/site-packages/airflow/example_dags/example_bash_operator.py
[2026-03-12T11:05:50.050+0000] {processor.py:830} INFO - Processing file /home/airflow/.local/lib/python3.8/site-packages/airflow/example_dags/example_bash_operator.py for tasks to queue
[2026-03-12T11:05:50.067+0000] {logging_mixin.py:188} INFO - [2026-03-12T11:05:50.066+0000] {dagbag.py:538} INFO - Filling up the DagBag from /home/airflow/.local/lib/python3.8/site-packages/airflow/example_dags/example_bash_operator.py
[2026-03-12T11:05:50.153+0000] {processor.py:840} INFO - DAG(s) 'example_bash_operator' retrieved from /home/airflow/.local/lib/python3.8/site-packages/airflow/example_dags/example_bash_operator.py
[2026-03-12T11:05:50.176+0000] {logging_mixin.py:188} INFO - [2026-03-12T11:05:50.176+0000] {dag.py:3036} INFO - Sync 1 DAGs
[2026-03-12T11:05:50.203+0000] {logging_mixin.py:188} INFO - [2026-03-12T11:05:50.202+0000] {dag.py:3823} INFO - Setting next_dagrun for example_bash_operator to 2026-03-11 00:00:00+00:00, run_after=2026-03-12 00:00:00+00:00
[2026-03-12T11:05:50.240+0000] {processor.py:183} INFO - Processing /home/airflow/.local/lib/python3.8/site-packages/airflow/example_dags/example_bash_operator.py took 0.231 seconds
[2026-03-12T11:06:20.669+0000] {processor.py:161} INFO - Started process (PID=153) to work on /home/airflow/.local/lib/python3.8/site-packages/airflow/example_dags/example_bash_operator.py
[2026-03-12T11:06:20.672+0000] {processor.py:830} INFO - Processing file /home/airflow/.local/lib/python3.8/site-packages/airflow/example_dags/example_bash_operator.py for tasks to queue
[2026-03-12T11:06:20.675+0000] {logging_mixin.py:188} INFO - [2026-03-12T11:06:20.674+0000] {dagbag.py:538} INFO - Filling up the DagBag from /home/airflow/.local/lib/python3.8/site-packages/airflow/example_dags/example_bash_operator.py
[2026-03-12T11:06:20.689+0000] {processor.py:840} INFO - DAG(s) 'example_bash_operator' retrieved from /home/airflow/.local/lib/python3.8/site-packages/airflow/example_dags/example_bash_operator.py
[2026-03-12T11:06:20.799+0000] {logging_mixin.py:188} INFO - [2026-03-12T11:06:20.799+0000] {dag.py:3036} INFO - Sync 1 DAGs
[2026-03-12T11:06:20.818+0000] {logging_mixin.py:188} INFO - [2026-03-12T11:06:20.818+0000] {dag.py:3823} INFO - Setting next_dagrun for example_bash_operator to 2026-03-11 00:00:00+00:00, run_after=2026-03-12 00:00:00+00:00
[2026-03-12T11:06:20.843+0000] {processor.py:183} INFO - Processing /home/airflow/.local/lib/python3.8/site-packages/airflow/example_dags/example_bash_operator.py took 0.178 seconds
[2026-03-12T11:06:51.395+0000] {processor.py:161} INFO - Started process (PID=208) to work on /home/airflow/.local/lib/python3.8/site-packages/airflow/example_dags/example_bash_operator.py
[2026-03-12T11:06:51.397+0000] {processor.py:830} INFO - Processing file /home/airflow/.local/lib/python3.8/site-packages/airflow/example_dags/example_bash_operator.py for tasks to queue
[2026-03-12T11:06:51.399+0000] {logging_mixin.py:188} INFO - [2026-03-12T11:06:51.399+0000] {dagbag.py:538} INFO - Filling up the DagBag from /home/airflow/.local/lib/python3.8/site-packages/airflow/example_dags/example_bash_operator.py
[2026-03-12T11:06:51.413+0000] {processor.py:840} INFO - DAG(s) 'example_bash_operator' retrieved from /home/airflow/.local/lib/python3.8/site-packages/airflow/example_dags/example_bash_operator.py
[2026-03-12T11:06:51.447+0000] {logging_mixin.py:188} INFO - [2026-03-12T11:06:51.447+0000] {dag.py:3036} INFO - Sync 1 DAGs
[2026-03-12T11:06:51.473+0000] {logging_mixin.py:188} INFO - [2026-03-12T11:06:51.473+0000] {dag.py:3823} INFO - Setting next_dagrun for example_bash_operator to 2026-03-11 00:00:00+00:00, run_after=2026-03-12 00:00:00+00:00
[2026-03-12T11:06:51.498+0000] {processor.py:183} INFO - Processing /home/airflow/.local/lib/python3.8/site-packages/airflow/example_dags/example_bash_operator.py took 0.106 seconds
[2026-03-12T11:07:21.948+0000] {processor.py:161} INFO - Started process (PID=263) to work on /home/airflow/.local/lib/python3.8/site-packages/airflow/example_dags/example_bash_operator.py
[2026-03-12T11:07:21.950+0000] {processor.py:830} INFO - Processing file /home/airflow/.local/lib/python3.8/site-packages/airflow/example_dags/example_bash_operator.py for tasks to queue
[2026-03-12T11:07:21.953+0000] {logging_mixin.py:188} INFO - [2026-03-12T11:07:21.952+0000] {dagbag.py:538} INFO - Filling up the DagBag from /home/airflow/.local/lib/python3.8/site-packages/airflow/example_dags/example_bash_operator.py
[2026-03-12T11:07:21.968+0000] {processor.py:840} INFO - DAG(s) 'example_bash_operator' retrieved from /home/airflow/.local/lib/python3.8/site-packages/airflow/example_dags/example_bash_operator.py
[2026-03-12T11:07:21.997+0000] {logging_mixin.py:188} INFO - [2026-03-12T11:07:21.997+0000] {dag.py:3036} INFO - Sync 1 DAGs
[2026-03-12T11:07:22.026+0000] {logging_mixin.py:188} INFO - [2026-03-12T11:07:22.026+0000] {dag.py:3823} INFO - Setting next_dagrun for example_bash_operator to 2026-03-11 00:00:00+00:00, run_after=2026-03-12 00:00:00+00:00
[2026-03-12T11:07:22.050+0000] {processor.py:183} INFO - Processing /home/airflow/.local/lib/python3.8/site-packages/airflow/example_dags/example_bash_operator.py took 0.106 seconds
[2026-03-12T11:07:52.500+0000] {processor.py:161} INFO - Started process (PID=318) to work on /home/airflow/.local/lib/python3.8/site-packages/airflow/example_dags/example_bash_operator.py
[2026-03-12T11:07:52.501+0000] {processor.py:830} INFO - Processing file /home/airflow/.local/lib/python3.8/site-packages/airflow/example_dags/example_bash_operator.py for tasks to queue
[2026-03-12T11:07:52.504+0000] {logging_mixin.py:188} INFO - [2026-03-12T11:07:52.503+0000] {dagbag.py:538} INFO - Filling up the DagBag from /home/airflow/.local/lib/python3.8/site-packages/airflow/example_dags/example_bash_operator.py
[2026-03-12T11:07:52.515+0000] {processor.py:840} INFO - DAG(s) 'example_bash_operator' retrieved from /home/airflow/.local/lib/python3.8/site-packages/airflow/example_dags/example_bash_operator.py
[2026-03-12T11:07:52.540+0000] {logging_mixin.py:188} INFO - [2026-03-12T11:07:52.539+0000] {dag.py:3036} INFO - Sync 1 DAGs
[2026-03-12T11:07:52.558+0000] {logging_mixin.py:188} INFO - [2026-03-12T11:07:52.558+0000] {dag.py:3823} INFO - Setting next_dagrun for example_bash_operator to 2026-03-11 00:00:00+00:00, run_after=2026-03-12 00:00:00+00:00
[2026-03-12T11:07:52.576+0000] {processor.py:183} INFO - Processing /home/airflow/.local/lib/python3.8/site-packages/airflow/example_dags/example_bash_operator.py took 0.079 seconds
[2026-03-12T11:08:22.731+0000] {processor.py:161} INFO - Started process (PID=373) to work on /home/airflow/.local/lib/python3.8/site-packages/airflow/example_dags/example_bash_operator.py
[2026-03-12T11:08:22.732+0000] {processor.py:830} INFO - Processing file /home/airflow/.local/lib/python3.8/site-packages/airflow/example_dags/example_bash_operator.py for tasks to queue
[2026-03-12T11:08:22.734+0000] {logging_mixin.py:188} INFO - [2026-03-12T11:08:22.734+0000] {dagbag.py:538} INFO - Filling up the DagBag from /home/airflow/.local/lib/python3.8/site-packages/airflow/example_dags/example_bash_operator.py
[2026-03-12T11:08:22.743+0000] {processor.py:840} INFO - DAG(s) 'example_bash_operator' retrieved from /home/airflow/.local/lib/python3.8/site-packages/airflow/example_dags/example_bash_operator.py
[2026-03-12T11:08:22.768+0000] {logging_mixin.py:188} INFO - [2026-03-12T11:08:22.768+0000] {dag.py:3036} INFO - Sync 1 DAGs
[2026-03-12T11:08:22.788+0000] {logging_mixin.py:188} INFO - [2026-03-12T11:08:22.787+0000] {dag.py:3823} INFO - Setting next_dagrun for example_bash_operator to 2026-03-11 00:00:00+00:00, run_after=2026-03-12 00:00:00+00:00
[2026-03-12T11:08:22.808+0000] {processor.py:183} INFO - Processing /home/airflow/.local/lib/python3.8/site-packages/airflow/example_dags/example_bash_operator.py took 0.080 seconds
[2026-03-12T11:08:53.568+0000] {processor.py:161} INFO - Started process (PID=428) to work on /home/airflow/.local/lib/python3.8/site-packages/airflow/example_dags/example_bash_operator.py
[2026-03-12T11:08:53.570+0000] {processor.py:830} INFO - Processing file /home/airflow/.local/lib/python3.8/site-packages/airflow/example_dags/example_bash_operator.py for tasks to queue
[2026-03-12T11:08:53.572+0000] {logging_mixin.py:188} INFO - [2026-03-12T11:08:53.572+0000] {dagbag.py:538} INFO - Filling up the DagBag from /home/airflow/.local/lib/python3.8/site-packages/airflow/example_dags/example_bash_operator.py
[2026-03-12T11:08:53.584+0000] {processor.py:840} INFO - DAG(s) 'example_bash_operator' retrieved from /home/airflow/.local/lib/python3.8/site-packages/airflow/example_dags/example_bash_operator.py
[2026-03-12T11:08:53.612+0000] {logging_mixin.py:188} INFO - [2026-03-12T11:08:53.612+0000] {dag.py:3036} INFO - Sync 1 DAGs
[2026-03-12T11:08:53.633+0000] {logging_mixin.py:188} INFO - [2026-03-12T11:08:53.633+0000] {dag.py:3823} INFO - Setting next_dagrun for example_bash_operator to 2026-03-11 00:00:00+00:00, run_after=2026-03-12 00:00:00+00:00
[2026-03-12T11:08:53.653+0000] {processor.py:183} INFO - Processing /home/airflow/.local/lib/python3.8/site-packages/airflow/example_dags/example_bash_operator.py took 0.089 seconds
[2026-03-12T11:09:24.175+0000] {processor.py:161} INFO - Started process (PID=483) to work on /home/airflow/.local/lib/python3.8/site-packages/airflow/example_dags/example_bash_operator.py
[2026-03-12T11:09:24.176+0000] {processor.py:830} INFO - Processing file /home/airflow/.local/lib/python3.8/site-packages/airflow/example_dags/example_bash_operator.py for tasks to queue
[2026-03-12T11:09:24.178+0000] {logging_mixin.py:188} INFO - [2026-03-12T11:09:24.178+0000] {dagbag.py:538} INFO - Filling up the DagBag from /home/airflow/.local/lib/python3.8/site-packages/airflow/example_dags/example_bash_operator.py
[2026-03-12T11:09:24.188+0000] {processor.py:840} INFO - DAG(s) 'example_bash_operator' retrieved from /home/airflow/.local/lib/python3.8/site-packages/airflow/example_dags/example_bash_operator.py
[2026-03-12T11:09:24.211+0000] {logging_mixin.py:188} INFO - [2026-03-12T11:09:24.211+0000] {dag.py:3036} INFO - Sync 1 DAGs
[2026-03-12T11:09:24.238+0000] {logging_mixin.py:188} INFO - [2026-03-12T11:09:24.237+0000] {dag.py:3823} INFO - Setting next_dagrun for example_bash_operator to 2026-03-11 00:00:00+00:00, run_after=2026-03-12 00:00:00+00:00
[2026-03-12T11:09:24.258+0000] {processor.py:183} INFO - Processing /home/airflow/.local/lib/python3.8/site-packages/airflow/example_dags/example_bash_operator.py took 0.086 seconds
[2026-03-12T11:09:54.602+0000] {processor.py:161} INFO - Started process (PID=538) to work on /home/airflow/.local/lib/python3.8/site-packages/airflow/example_dags/example_bash_operator.py
[2026-03-12T11:09:54.603+0000] {processor.py:830} INFO - Processing file /home/airflow/.local/lib/python3.8/site-packages/airflow/example_dags/example_bash_operator.py for tasks to queue
[2026-03-12T11:09:54.606+0000] {logging_mixin.py:188} INFO - [2026-03-12T11:09:54.606+0000] {dagbag.py:538} INFO - Filling up the DagBag from /home/airflow/.local/lib/python3.8/site-packages/airflow/example_dags/example_bash_operator.py
[2026-03-12T11:09:54.616+0000] {processor.py:840} INFO - DAG(s) 'example_bash_operator' retrieved from /home/airflow/.local/lib/python3.8/site-packages/airflow/example_dags/example_bash_operator.py
[2026-03-12T11:09:54.641+0000] {logging_mixin.py:188} INFO - [2026-03-12T11:09:54.641+0000] {dag.py:3036} INFO - Sync 1 DAGs
[2026-03-12T11:09:54.661+0000] {logging_mixin.py:188} INFO - [2026-03-12T11:09:54.660+0000] {dag.py:3823} INFO - Setting next_dagrun for example_bash_operator to 2026-03-11 00:00:00+00:00, run_after=2026-03-12 00:00:00+00:00
[2026-03-12T11:09:54.680+0000] {processor.py:183} INFO - Processing /home/airflow/.local/lib/python3.8/site-packages/airflow/example_dags/example_bash_operator.py took 0.081 seconds
[2026-03-12T11:10:25.401+0000] {processor.py:161} INFO - Started process (PID=593) to work on /home/airflow/.local/lib/python3.8/site-packages/airflow/example_dags/example_bash_operator.py
[2026-03-12T11:10:25.403+0000] {processor.py:830} INFO - Processing file /home/airflow/.local/lib/python3.8/site-packages/airflow/example_dags/example_bash_operator.py for tasks to queue
[2026-03-12T11:10:25.405+0000] {logging_mixin.py:188} INFO - [2026-03-12T11:10:25.405+0000] {dagbag.py:538} INFO - Filling up the DagBag from /home/airflow/.local/lib/python3.8/site-packages/airflow/example_dags/example_bash_operator.py
[2026-03-12T11:10:25.416+0000] {processor.py:840} INFO - DAG(s) 'example_bash_operator' retrieved from /home/airflow/.local/lib/python3.8/site-packages/airflow/example_dags/example_bash_operator.py
[2026-03-12T11:10:25.441+0000] {logging_mixin.py:188} INFO - [2026-03-12T11:10:25.441+0000] {dag.py:3036} INFO - Sync 1 DAGs
[2026-03-12T11:10:25.461+0000] {logging_mixin.py:188} INFO - [2026-03-12T11:10:25.461+0000] {dag.py:3823} INFO - Setting next_dagrun for example_bash_operator to 2026-03-11 00:00:00+00:00, run_after=2026-03-12 00:00:00+00:00
[2026-03-12T11:10:25.480+0000] {processor.py:183} INFO - Processing /home/airflow/.local/lib/python3.8/site-packages/airflow/example_dags/example_bash_operator.py took 0.082 seconds
[2026-03-12T11:10:55.752+0000] {processor.py:161} INFO - Started process (PID=649) to work on /home/airflow/.local/lib/python3.8/site-packages/airflow/example_dags/example_bash_operator.py
[2026-03-12T11:10:55.753+0000] {processor.py:830} INFO - Processing file /home/airflow/.local/lib/python3.8/site-packages/airflow/example_dags/example_bash_operator.py for tasks to queue
[2026-03-12T11:10:55.755+0000] {logging_mixin.py:188} INFO - [2026-03-12T11:10:55.755+0000] {dagbag.py:538} INFO - Filling up the DagBag from /home/airflow/.local/lib/python3.8/site-packages/airflow/example_dags/example_bash_operator.py
[2026-03-12T11:10:55.766+0000] {processor.py:840} INFO - DAG(s) 'example_bash_operator' retrieved from /home/airflow/.local/lib/python3.8/site-packages/airflow/example_dags/example_bash_operator.py
[2026-03-12T11:10:55.790+0000] {logging_mixin.py:188} INFO - [2026-03-12T11:10:55.790+0000] {dag.py:3036} INFO - Sync 1 DAGs
[2026-03-12T11:10:55.812+0000] {logging_mixin.py:188} INFO - [2026-03-12T11:10:55.812+0000] {dag.py:3823} INFO - Setting next_dagrun for example_bash_operator to 2026-03-11 00:00:00+00:00, run_after=2026-03-12 00:00:00+00:00
[2026-03-12T11:10:55.829+0000] {processor.py:183} INFO - Processing /home/airflow/.local/lib/python3.8/site-packages/airflow/example_dags/example_bash_operator.py took 0.080 seconds
[2026-03-12T11:11:25.973+0000] {processor.py:161} INFO - Started process (PID=705) to work on /home/airflow/.local/lib/python3.8/site-packages/airflow/example_dags/example_bash_operator.py
[2026-03-12T11:11:25.975+0000] {processor.py:830} INFO - Processing file /home/airflow/.local/lib/python3.8/site-packages/airflow/example_dags/example_bash_operator.py for tasks to queue
[2026-03-12T11:11:25.977+0000] {logging_mixin.py:188} INFO - [2026-03-12T11:11:25.977+0000] {dagbag.py:538} INFO - Filling up the DagBag from /home/airflow/.local/lib/python3.8/site-packages/airflow/example_dags/example_bash_operator.py
[2026-03-12T11:11:25.988+0000] {processor.py:840} INFO - DAG(s) 'example_bash_operator' retrieved from /home/airflow/.local/lib/python3.8/site-packages/airflow/example_dags/example_bash_operator.py
[2026-03-12T11:11:26.012+0000] {logging_mixin.py:188} INFO - [2026-03-12T11:11:26.012+0000] {dag.py:3036} INFO - Sync 1 DAGs
[2026-03-12T11:11:26.031+0000] {logging_mixin.py:188} INFO - [2026-03-12T11:11:26.031+0000] {dag.py:3823} INFO - Setting next_dagrun for example_bash_operator to 2026-03-11 00:00:00+00:00, run_after=2026-03-12 00:00:00+00:00
[2026-03-12T11:11:26.048+0000] {processor.py:183} INFO - Processing /home/airflow/.local/lib/python3.8/site-packages/airflow/example_dags/example_bash_operator.py took 0.078 seconds
[2026-03-12T11:11:56.138+0000] {processor.py:161} INFO - Started process (PID=762) to work on /home/airflow/.local/lib/python3.8/site-packages/airflow/example_dags/example_bash_operator.py
[2026-03-12T11:11:56.139+0000] {processor.py:830} INFO - Processing file /home/airflow/.local/lib/python3.8/site-packages/airflow/example_dags/example_bash_operator.py for tasks to queue
[2026-03-12T11:11:56.141+0000] {logging_mixin.py:188} INFO - [2026-03-12T11:11:56.141+0000] {dagbag.py:538} INFO - Filling up the DagBag from /home/airflow/.local/lib/python3.8/site-packages/airflow/example_dags/example_bash_operator.py
[2026-03-12T11:11:56.150+0000] {processor.py:840} INFO - DAG(s) 'example_bash_operator' retrieved from /home/airflow/.local/lib/python3.8/site-packages/airflow/example_dags/example_bash_operator.py
[2026-03-12T11:11:56.172+0000] {logging_mixin.py:188} INFO - [2026-03-12T11:11:56.172+0000] {dag.py:3036} INFO - Sync 1 DAGs
[2026-03-12T11:11:56.190+0000] {logging_mixin.py:188} INFO - [2026-03-12T11:11:56.190+0000] {dag.py:3823} INFO - Setting next_dagrun for example_bash_operator to 2026-03-11 00:00:00+00:00, run_after=2026-03-12 00:00:00+00:00
[2026-03-12T11:11:56.212+0000] {processor.py:183} INFO - Processing /home/airflow/.local/lib/python3.8/site-packages/airflow/example_dags/example_bash_operator.py took 0.078 seconds
[2026-03-12T11:12:26.797+0000] {processor.py:161} INFO - Started process (PID=818) to work on /home/airflow/.local/lib/python3.8/site-packages/airflow/example_dags/example_bash_operator.py
[2026-03-12T11:12:26.799+0000] {processor.py:830} INFO - Processing file /home/airflow/.local/lib/python3.8/site-packages/airflow/example_dags/example_bash_operator.py for tasks to queue
[2026-03-12T11:12:26.801+0000] {logging_mixin.py:188} INFO - [2026-03-12T11:12:26.800+0000] {dagbag.py:538} INFO - Filling up the DagBag from /home/airflow/.local/lib/python3.8/site-packages/airflow/example_dags/example_bash_operator.py
[2026-03-12T11:12:26.810+0000] {processor.py:840} INFO - DAG(s) 'example_bash_operator' retrieved from /home/airflow/.local/lib/python3.8/site-packages/airflow/example_dags/example_bash_operator.py
[2026-03-12T11:12:26.831+0000] {logging_mixin.py:188} INFO - [2026-03-12T11:12:26.831+0000] {dag.py:3036} INFO - Sync 1 DAGs
[2026-03-12T11:12:26.848+0000] {logging_mixin.py:188} INFO - [2026-03-12T11:12:26.848+0000] {dag.py:3823} INFO - Setting next_dagrun for example_bash_operator to 2026-03-11 00:00:00+00:00, run_after=2026-03-12 00:00:00+00:00
[2026-03-12T11:12:26.866+0000] {processor.py:183} INFO - Processing /home/airflow/.local/lib/python3.8/site-packages/airflow/example_dags/example_bash_operator.py took 0.073 seconds
[2026-03-12T11:12:57.647+0000] {processor.py:161} INFO - Started process (PID=874) to work on /home/airflow/.local/lib/python3.8/site-packages/airflow/example_dags/example_bash_operator.py
[2026-03-12T11:12:57.649+0000] {processor.py:830} INFO - Processing file /home/airflow/.local/lib/python3.8/site-packages/airflow/example_dags/example_bash_operator.py for tasks to queue
[2026-03-12T11:12:57.651+0000] {logging_mixin.py:188} INFO - [2026-03-12T11:12:57.650+0000] {dagbag.py:538} INFO - Filling up the DagBag from /home/airflow/.local/lib/python3.8/site-packages/airflow/example_dags/example_bash_operator.py
[2026-03-12T11:12:57.660+0000] {processor.py:840} INFO - DAG(s) 'example_bash_operator' retrieved from /home/airflow/.local/lib/python3.8/site-packages/airflow/example_dags/example_bash_operator.py
[2026-03-12T11:12:57.684+0000] {logging_mixin.py:188} INFO - [2026-03-12T11:12:57.683+0000] {dag.py:3036} INFO - Sync 1 DAGs
[2026-03-12T11:12:57.703+0000] {logging_mixin.py:188} INFO - [2026-03-12T11:12:57.703+0000] {dag.py:3823} INFO - Setting next_dagrun for example_bash_operator to 2026-03-11 00:00:00+00:00, run_after=2026-03-12 00:00:00+00:00
[2026-03-12T11:12:57.722+0000] {processor.py:183} INFO - Processing /home/airflow/.local/lib/python3.8/site-packages/airflow/example_dags/example_bash_operator.py took 0.078 seconds
[2026-03-12T11:13:27.808+0000] {processor.py:161} INFO - Started process (PID=930) to work on /home/airflow/.local/lib/python3.8/site-packages/airflow/example_dags/example_bash_operator.py
[2026-03-12T11:13:27.809+0000] {processor.py:830} INFO - Processing file /home/airflow/.local/lib/python3.8/site-packages/airflow/example_dags/example_bash_operator.py for tasks to queue
[2026-03-12T11:13:27.810+0000] {logging_mixin.py:188} INFO - [2026-03-12T11:13:27.810+0000] {dagbag.py:538} INFO - Filling up the DagBag from /home/airflow/.local/lib/python3.8/site-packages/airflow/example_dags/example_bash_operator.py
[2026-03-12T11:13:27.819+0000] {processor.py:840} INFO - DAG(s) 'example_bash_operator' retrieved from /home/airflow/.local/lib/python3.8/site-packages/airflow/example_dags/example_bash_operator.py
[2026-03-12T11:13:27.841+0000] {logging_mixin.py:188} INFO - [2026-03-12T11:13:27.841+0000] {dag.py:3036} INFO - Sync 1 DAGs
[2026-03-12T11:13:27.858+0000] {logging_mixin.py:188} INFO - [2026-03-12T11:13:27.858+0000] {dag.py:3823} INFO - Setting next_dagrun for example_bash_operator to 2026-03-11 00:00:00+00:00, run_after=2026-03-12 00:00:00+00:00
[2026-03-12T11:13:27.874+0000] {processor.py:183} INFO - Processing /home/airflow/.local/lib/python3.8/site-packages/airflow/example_dags/example_bash_operator.py took 0.069 seconds
[2026-03-12T11:13:57.973+0000] {processor.py:161} INFO - Started process (PID=986) to work on /home/airflow/.local/lib/python3.8/site-packages/airflow/example_dags/example_bash_operator.py
[2026-03-12T11:13:57.975+0000] {processor.py:830} INFO - Processing file /home/airflow/.local/lib/python3.8/site-packages/airflow/example_dags/example_bash_operator.py for tasks to queue
[2026-03-12T11:13:57.977+0000] {logging_mixin.py:188} INFO - [2026-03-12T11:13:57.977+0000] {dagbag.py:538} INFO - Filling up the DagBag from /home/airflow/.local/lib/python3.8/site-packages/airflow/example_dags/example_bash_operator.py
[2026-03-12T11:13:57.988+0000] {processor.py:840} INFO - DAG(s) 'example_bash_operator' retrieved from /home/airflow/.local/lib/python3.8/site-packages/airflow/example_dags/example_bash_operator.py
[2026-03-12T11:13:58.014+0000] {logging_mixin.py:188} INFO - [2026-03-12T11:13:58.013+0000] {dag.py:3036} INFO - Sync 1 DAGs
[2026-03-12T11:13:58.034+0000] {logging_mixin.py:188} INFO - [2026-03-12T11:13:58.033+0000] {dag.py:3823} INFO - Setting next_dagrun for example_bash_operator to 2026-03-11 00:00:00+00:00, run_after=2026-03-12 00:00:00+00:00
[2026-03-12T11:13:58.054+0000] {processor.py:183} INFO - Processing /home/airflow/.local/lib/python3.8/site-packages/airflow/example_dags/example_bash_operator.py took 0.085 seconds
[2026-03-12T11:14:28.539+0000] {processor.py:161} INFO - Started process (PID=1042) to work on /home/airflow/.local/lib/python3.8/site-packages/airflow/example_dags/example_bash_operator.py
[2026-03-12T11:14:28.540+0000] {processor.py:830} INFO - Processing file /home/airflow/.local/lib/python3.8/site-packages/airflow/example_dags/example_bash_operator.py for tasks to queue
[2026-03-12T11:14:28.546+0000] {logging_mixin.py:188} INFO - [2026-03-12T11:14:28.546+0000] {dagbag.py:538} INFO - Filling up the DagBag from /home/airflow/.local/lib/python3.8/site-packages/airflow/example_dags/example_bash_operator.py
[2026-03-12T11:14:28.555+0000] {processor.py:840} INFO - DAG(s) 'example_bash_operator' retrieved from /home/airflow/.local/lib/python3.8/site-packages/airflow/example_dags/example_bash_operator.py
[2026-03-12T11:14:28.577+0000] {logging_mixin.py:188} INFO - [2026-03-12T11:14:28.577+0000] {dag.py:3036} INFO - Sync 1 DAGs
[2026-03-12T11:14:28.596+0000] {logging_mixin.py:188} INFO - [2026-03-12T11:14:28.596+0000] {dag.py:3823} INFO - Setting next_dagrun for example_bash_operator to 2026-03-11 00:00:00+00:00, run_after=2026-03-12 00:00:00+00:00
[2026-03-12T11:14:28.613+0000] {processor.py:183} INFO - Processing /home/airflow/.local/lib/python3.8/site-packages/airflow/example_dags/example_bash_operator.py took 0.077 seconds
[2026-03-12T11:14:58.717+0000] {processor.py:161} INFO - Started process (PID=1098) to work on /home/airflow/.local/lib/python3.8/site-packages/airflow/example_dags/example_bash_operator.py
[2026-03-12T11:14:58.718+0000] {processor.py:830} INFO - Processing file /home/airflow/.local/lib/python3.8/site-packages/airflow/example_dags/example_bash_operator.py for tasks to queue
[2026-03-12T11:14:58.720+0000] {logging_mixin.py:188} INFO - [2026-03-12T11:14:58.720+0000] {dagbag.py:538} INFO - Filling up the DagBag from /home/airflow/.local/lib/python3.8/site-packages/airflow/example_dags/example_bash_operator.py
[2026-03-12T11:14:58.729+0000] {processor.py:840} INFO - DAG(s) 'example_bash_operator' retrieved from /home/airflow/.local/lib/python3.8/site-packages/airflow/example_dags/example_bash_operator.py
[2026-03-12T11:14:58.751+0000] {logging_mixin.py:188} INFO - [2026-03-12T11:14:58.751+0000] {dag.py:3036} INFO - Sync 1 DAGs
[2026-03-12T11:14:58.770+0000] {logging_mixin.py:188} INFO - [2026-03-12T11:14:58.770+0000] {dag.py:3823} INFO - Setting next_dagrun for example_bash_operator to 2026-03-11 00:00:00+00:00, run_after=2026-03-12 00:00:00+00:00
[2026-03-12T11:14:58.785+0000] {processor.py:183} INFO - Processing /home/airflow/.local/lib/python3.8/site-packages/airflow/example_dags/example_bash_operator.py took 0.071 seconds
[2026-03-12T11:15:29.106+0000] {processor.py:161} INFO - Started process (PID=1154) to work on /home/airflow/.local/lib/python3.8/site-packages/airflow/example_dags/example_bash_operator.py
[2026-03-12T11:15:29.108+0000] {processor.py:830} INFO - Processing file /home/airflow/.local/lib/python3.8/site-packages/airflow/example_dags/example_bash_operator.py for tasks to queue
[2026-03-12T11:15:29.110+0000] {logging_mixin.py:188} INFO - [2026-03-12T11:15:29.110+0000] {dagbag.py:538} INFO - Filling up the DagBag from /home/airflow/.local/lib/python3.8/site-packages/airflow/example_dags/example_bash_operator.py
[2026-03-12T11:15:29.120+0000] {processor.py:840} INFO - DAG(s) 'example_bash_operator' retrieved from /home/airflow/.local/lib/python3.8/site-packages/airflow/example_dags/example_bash_operator.py
[2026-03-12T11:15:29.144+0000] {logging_mixin.py:188} INFO - [2026-03-12T11:15:29.143+0000] {dag.py:3036} INFO - Sync 1 DAGs
[2026-03-12T11:15:29.162+0000] {logging_mixin.py:188} INFO - [2026-03-12T11:15:29.162+0000] {dag.py:3823} INFO - Setting next_dagrun for example_bash_operator to 2026-03-11 00:00:00+00:00, run_after=2026-03-12 00:00:00+00:00
[2026-03-12T11:15:29.181+0000] {processor.py:183} INFO - Processing /home/airflow/.local/lib/python3.8/site-packages/airflow/example_dags/example_bash_operator.py took 0.078 seconds
