[2026-03-12T11:05:50.452+0000] {processor.py:161} INFO - Started process (PID=101) to work on /home/airflow/.local/lib/python3.8/site-packages/airflow/example_dags/example_sla_dag.py
[2026-03-12T11:05:50.456+0000] {processor.py:830} INFO - Processing file /home/airflow/.local/lib/python3.8/site-packages/airflow/example_dags/example_sla_dag.py for tasks to queue
[2026-03-12T11:05:50.468+0000] {logging_mixin.py:188} INFO - [2026-03-12T11:05:50.467+0000] {dagbag.py:538} INFO - Filling up the DagBag from /home/airflow/.local/lib/python3.8/site-packages/airflow/example_dags/example_sla_dag.py
[2026-03-12T11:05:50.517+0000] {processor.py:840} INFO - DAG(s) 'example_sla_dag' retrieved from /home/airflow/.local/lib/python3.8/site-packages/airflow/example_dags/example_sla_dag.py
[2026-03-12T11:05:50.535+0000] {logging_mixin.py:188} INFO - [2026-03-12T11:05:50.534+0000] {dag.py:3036} INFO - Sync 1 DAGs
[2026-03-12T11:05:50.566+0000] {logging_mixin.py:188} INFO - [2026-03-12T11:05:50.566+0000] {dag.py:3823} INFO - Setting next_dagrun for example_sla_dag to 2026-03-12 11:02:00+00:00, run_after=2026-03-12 11:04:00+00:00
[2026-03-12T11:05:50.612+0000] {processor.py:183} INFO - Processing /home/airflow/.local/lib/python3.8/site-packages/airflow/example_dags/example_sla_dag.py took 0.192 seconds
[2026-03-12T11:06:21.137+0000] {processor.py:161} INFO - Started process (PID=156) to work on /home/airflow/.local/lib/python3.8/site-packages/airflow/example_dags/example_sla_dag.py
[2026-03-12T11:06:21.140+0000] {processor.py:830} INFO - Processing file /home/airflow/.local/lib/python3.8/site-packages/airflow/example_dags/example_sla_dag.py for tasks to queue
[2026-03-12T11:06:21.142+0000] {logging_mixin.py:188} INFO - [2026-03-12T11:06:21.142+0000] {dagbag.py:538} INFO - Filling up the DagBag from /home/airflow/.local/lib/python3.8/site-packages/airflow/example_dags/example_sla_dag.py
[2026-03-12T11:06:21.153+0000] {processor.py:840} INFO - DAG(s) 'example_sla_dag' retrieved from /home/airflow/.local/lib/python3.8/site-packages/airflow/example_dags/example_sla_dag.py
[2026-03-12T11:06:21.311+0000] {logging_mixin.py:188} INFO - [2026-03-12T11:06:21.310+0000] {dag.py:3036} INFO - Sync 1 DAGs
[2026-03-12T11:06:21.352+0000] {logging_mixin.py:188} INFO - [2026-03-12T11:06:21.351+0000] {dag.py:3823} INFO - Setting next_dagrun for example_sla_dag to 2026-03-12 11:04:00+00:00, run_after=2026-03-12 11:06:00+00:00
[2026-03-12T11:06:21.385+0000] {processor.py:183} INFO - Processing /home/airflow/.local/lib/python3.8/site-packages/airflow/example_dags/example_sla_dag.py took 0.251 seconds
[2026-03-12T11:06:51.676+0000] {processor.py:161} INFO - Started process (PID=211) to work on /home/airflow/.local/lib/python3.8/site-packages/airflow/example_dags/example_sla_dag.py
[2026-03-12T11:06:51.679+0000] {processor.py:830} INFO - Processing file /home/airflow/.local/lib/python3.8/site-packages/airflow/example_dags/example_sla_dag.py for tasks to queue
[2026-03-12T11:06:51.681+0000] {logging_mixin.py:188} INFO - [2026-03-12T11:06:51.681+0000] {dagbag.py:538} INFO - Filling up the DagBag from /home/airflow/.local/lib/python3.8/site-packages/airflow/example_dags/example_sla_dag.py
[2026-03-12T11:06:51.695+0000] {processor.py:840} INFO - DAG(s) 'example_sla_dag' retrieved from /home/airflow/.local/lib/python3.8/site-packages/airflow/example_dags/example_sla_dag.py
[2026-03-12T11:06:51.726+0000] {logging_mixin.py:188} INFO - [2026-03-12T11:06:51.725+0000] {dag.py:3036} INFO - Sync 1 DAGs
[2026-03-12T11:06:51.757+0000] {logging_mixin.py:188} INFO - [2026-03-12T11:06:51.756+0000] {dag.py:3823} INFO - Setting next_dagrun for example_sla_dag to 2026-03-12 11:04:00+00:00, run_after=2026-03-12 11:06:00+00:00
[2026-03-12T11:06:51.786+0000] {processor.py:183} INFO - Processing /home/airflow/.local/lib/python3.8/site-packages/airflow/example_dags/example_sla_dag.py took 0.114 seconds
[2026-03-12T11:07:22.169+0000] {processor.py:161} INFO - Started process (PID=266) to work on /home/airflow/.local/lib/python3.8/site-packages/airflow/example_dags/example_sla_dag.py
[2026-03-12T11:07:22.171+0000] {processor.py:830} INFO - Processing file /home/airflow/.local/lib/python3.8/site-packages/airflow/example_dags/example_sla_dag.py for tasks to queue
[2026-03-12T11:07:22.173+0000] {logging_mixin.py:188} INFO - [2026-03-12T11:07:22.173+0000] {dagbag.py:538} INFO - Filling up the DagBag from /home/airflow/.local/lib/python3.8/site-packages/airflow/example_dags/example_sla_dag.py
[2026-03-12T11:07:22.182+0000] {processor.py:840} INFO - DAG(s) 'example_sla_dag' retrieved from /home/airflow/.local/lib/python3.8/site-packages/airflow/example_dags/example_sla_dag.py
[2026-03-12T11:07:22.200+0000] {logging_mixin.py:188} INFO - [2026-03-12T11:07:22.200+0000] {dag.py:3036} INFO - Sync 1 DAGs
[2026-03-12T11:07:22.220+0000] {logging_mixin.py:188} INFO - [2026-03-12T11:07:22.220+0000] {dag.py:3823} INFO - Setting next_dagrun for example_sla_dag to 2026-03-12 11:04:00+00:00, run_after=2026-03-12 11:06:00+00:00
[2026-03-12T11:07:22.236+0000] {processor.py:183} INFO - Processing /home/airflow/.local/lib/python3.8/site-packages/airflow/example_dags/example_sla_dag.py took 0.071 seconds
[2026-03-12T11:07:52.688+0000] {processor.py:161} INFO - Started process (PID=321) to work on /home/airflow/.local/lib/python3.8/site-packages/airflow/example_dags/example_sla_dag.py
[2026-03-12T11:07:52.689+0000] {processor.py:830} INFO - Processing file /home/airflow/.local/lib/python3.8/site-packages/airflow/example_dags/example_sla_dag.py for tasks to queue
[2026-03-12T11:07:52.691+0000] {logging_mixin.py:188} INFO - [2026-03-12T11:07:52.691+0000] {dagbag.py:538} INFO - Filling up the DagBag from /home/airflow/.local/lib/python3.8/site-packages/airflow/example_dags/example_sla_dag.py
[2026-03-12T11:07:52.699+0000] {processor.py:840} INFO - DAG(s) 'example_sla_dag' retrieved from /home/airflow/.local/lib/python3.8/site-packages/airflow/example_dags/example_sla_dag.py
[2026-03-12T11:07:52.717+0000] {logging_mixin.py:188} INFO - [2026-03-12T11:07:52.717+0000] {dag.py:3036} INFO - Sync 1 DAGs
[2026-03-12T11:07:52.746+0000] {logging_mixin.py:188} INFO - [2026-03-12T11:07:52.746+0000] {dag.py:3823} INFO - Setting next_dagrun for example_sla_dag to 2026-03-12 11:04:00+00:00, run_after=2026-03-12 11:06:00+00:00
[2026-03-12T11:07:52.812+0000] {processor.py:183} INFO - Processing /home/airflow/.local/lib/python3.8/site-packages/airflow/example_dags/example_sla_dag.py took 0.127 seconds
[2026-03-12T11:08:22.936+0000] {processor.py:161} INFO - Started process (PID=376) to work on /home/airflow/.local/lib/python3.8/site-packages/airflow/example_dags/example_sla_dag.py
[2026-03-12T11:08:22.937+0000] {processor.py:830} INFO - Processing file /home/airflow/.local/lib/python3.8/site-packages/airflow/example_dags/example_sla_dag.py for tasks to queue
[2026-03-12T11:08:22.940+0000] {logging_mixin.py:188} INFO - [2026-03-12T11:08:22.940+0000] {dagbag.py:538} INFO - Filling up the DagBag from /home/airflow/.local/lib/python3.8/site-packages/airflow/example_dags/example_sla_dag.py
[2026-03-12T11:08:22.948+0000] {processor.py:840} INFO - DAG(s) 'example_sla_dag' retrieved from /home/airflow/.local/lib/python3.8/site-packages/airflow/example_dags/example_sla_dag.py
[2026-03-12T11:08:22.967+0000] {logging_mixin.py:188} INFO - [2026-03-12T11:08:22.966+0000] {dag.py:3036} INFO - Sync 1 DAGs
[2026-03-12T11:08:22.988+0000] {logging_mixin.py:188} INFO - [2026-03-12T11:08:22.987+0000] {dag.py:3823} INFO - Setting next_dagrun for example_sla_dag to 2026-03-12 11:06:00+00:00, run_after=2026-03-12 11:08:00+00:00
[2026-03-12T11:08:23.005+0000] {processor.py:183} INFO - Processing /home/airflow/.local/lib/python3.8/site-packages/airflow/example_dags/example_sla_dag.py took 0.072 seconds
[2026-03-12T11:08:53.891+0000] {processor.py:161} INFO - Started process (PID=431) to work on /home/airflow/.local/lib/python3.8/site-packages/airflow/example_dags/example_sla_dag.py
[2026-03-12T11:08:53.892+0000] {processor.py:830} INFO - Processing file /home/airflow/.local/lib/python3.8/site-packages/airflow/example_dags/example_sla_dag.py for tasks to queue
[2026-03-12T11:08:53.895+0000] {logging_mixin.py:188} INFO - [2026-03-12T11:08:53.894+0000] {dagbag.py:538} INFO - Filling up the DagBag from /home/airflow/.local/lib/python3.8/site-packages/airflow/example_dags/example_sla_dag.py
[2026-03-12T11:08:53.905+0000] {processor.py:840} INFO - DAG(s) 'example_sla_dag' retrieved from /home/airflow/.local/lib/python3.8/site-packages/airflow/example_dags/example_sla_dag.py
[2026-03-12T11:08:53.931+0000] {logging_mixin.py:188} INFO - [2026-03-12T11:08:53.930+0000] {dag.py:3036} INFO - Sync 1 DAGs
[2026-03-12T11:08:53.961+0000] {logging_mixin.py:188} INFO - [2026-03-12T11:08:53.960+0000] {dag.py:3823} INFO - Setting next_dagrun for example_sla_dag to 2026-03-12 11:06:00+00:00, run_after=2026-03-12 11:08:00+00:00
[2026-03-12T11:08:53.986+0000] {processor.py:183} INFO - Processing /home/airflow/.local/lib/python3.8/site-packages/airflow/example_dags/example_sla_dag.py took 0.098 seconds
[2026-03-12T11:09:24.352+0000] {processor.py:161} INFO - Started process (PID=486) to work on /home/airflow/.local/lib/python3.8/site-packages/airflow/example_dags/example_sla_dag.py
[2026-03-12T11:09:24.353+0000] {processor.py:830} INFO - Processing file /home/airflow/.local/lib/python3.8/site-packages/airflow/example_dags/example_sla_dag.py for tasks to queue
[2026-03-12T11:09:24.355+0000] {logging_mixin.py:188} INFO - [2026-03-12T11:09:24.355+0000] {dagbag.py:538} INFO - Filling up the DagBag from /home/airflow/.local/lib/python3.8/site-packages/airflow/example_dags/example_sla_dag.py
[2026-03-12T11:09:24.363+0000] {processor.py:840} INFO - DAG(s) 'example_sla_dag' retrieved from /home/airflow/.local/lib/python3.8/site-packages/airflow/example_dags/example_sla_dag.py
[2026-03-12T11:09:24.385+0000] {logging_mixin.py:188} INFO - [2026-03-12T11:09:24.384+0000] {dag.py:3036} INFO - Sync 1 DAGs
[2026-03-12T11:09:24.410+0000] {logging_mixin.py:188} INFO - [2026-03-12T11:09:24.410+0000] {dag.py:3823} INFO - Setting next_dagrun for example_sla_dag to 2026-03-12 11:06:00+00:00, run_after=2026-03-12 11:08:00+00:00
[2026-03-12T11:09:24.433+0000] {processor.py:183} INFO - Processing /home/airflow/.local/lib/python3.8/site-packages/airflow/example_dags/example_sla_dag.py took 0.084 seconds
[2026-03-12T11:09:54.718+0000] {processor.py:161} INFO - Started process (PID=541) to work on /home/airflow/.local/lib/python3.8/site-packages/airflow/example_dags/example_sla_dag.py
[2026-03-12T11:09:54.720+0000] {processor.py:830} INFO - Processing file /home/airflow/.local/lib/python3.8/site-packages/airflow/example_dags/example_sla_dag.py for tasks to queue
[2026-03-12T11:09:54.724+0000] {logging_mixin.py:188} INFO - [2026-03-12T11:09:54.724+0000] {dagbag.py:538} INFO - Filling up the DagBag from /home/airflow/.local/lib/python3.8/site-packages/airflow/example_dags/example_sla_dag.py
[2026-03-12T11:09:54.732+0000] {processor.py:840} INFO - DAG(s) 'example_sla_dag' retrieved from /home/airflow/.local/lib/python3.8/site-packages/airflow/example_dags/example_sla_dag.py
[2026-03-12T11:09:54.750+0000] {logging_mixin.py:188} INFO - [2026-03-12T11:09:54.750+0000] {dag.py:3036} INFO - Sync 1 DAGs
[2026-03-12T11:09:54.771+0000] {logging_mixin.py:188} INFO - [2026-03-12T11:09:54.771+0000] {dag.py:3823} INFO - Setting next_dagrun for example_sla_dag to 2026-03-12 11:06:00+00:00, run_after=2026-03-12 11:08:00+00:00
[2026-03-12T11:09:54.787+0000] {processor.py:183} INFO - Processing /home/airflow/.local/lib/python3.8/site-packages/airflow/example_dags/example_sla_dag.py took 0.072 seconds
[2026-03-12T11:10:25.554+0000] {processor.py:161} INFO - Started process (PID=596) to work on /home/airflow/.local/lib/python3.8/site-packages/airflow/example_dags/example_sla_dag.py
[2026-03-12T11:10:25.556+0000] {processor.py:830} INFO - Processing file /home/airflow/.local/lib/python3.8/site-packages/airflow/example_dags/example_sla_dag.py for tasks to queue
[2026-03-12T11:10:25.558+0000] {logging_mixin.py:188} INFO - [2026-03-12T11:10:25.557+0000] {dagbag.py:538} INFO - Filling up the DagBag from /home/airflow/.local/lib/python3.8/site-packages/airflow/example_dags/example_sla_dag.py
[2026-03-12T11:10:25.565+0000] {processor.py:840} INFO - DAG(s) 'example_sla_dag' retrieved from /home/airflow/.local/lib/python3.8/site-packages/airflow/example_dags/example_sla_dag.py
[2026-03-12T11:10:25.584+0000] {logging_mixin.py:188} INFO - [2026-03-12T11:10:25.584+0000] {dag.py:3036} INFO - Sync 1 DAGs
[2026-03-12T11:10:25.603+0000] {logging_mixin.py:188} INFO - [2026-03-12T11:10:25.603+0000] {dag.py:3823} INFO - Setting next_dagrun for example_sla_dag to 2026-03-12 11:08:00+00:00, run_after=2026-03-12 11:10:00+00:00
[2026-03-12T11:10:25.620+0000] {processor.py:183} INFO - Processing /home/airflow/.local/lib/python3.8/site-packages/airflow/example_dags/example_sla_dag.py took 0.069 seconds
[2026-03-12T11:10:55.908+0000] {processor.py:161} INFO - Started process (PID=652) to work on /home/airflow/.local/lib/python3.8/site-packages/airflow/example_dags/example_sla_dag.py
[2026-03-12T11:10:55.910+0000] {processor.py:830} INFO - Processing file /home/airflow/.local/lib/python3.8/site-packages/airflow/example_dags/example_sla_dag.py for tasks to queue
[2026-03-12T11:10:55.912+0000] {logging_mixin.py:188} INFO - [2026-03-12T11:10:55.912+0000] {dagbag.py:538} INFO - Filling up the DagBag from /home/airflow/.local/lib/python3.8/site-packages/airflow/example_dags/example_sla_dag.py
[2026-03-12T11:10:55.921+0000] {processor.py:840} INFO - DAG(s) 'example_sla_dag' retrieved from /home/airflow/.local/lib/python3.8/site-packages/airflow/example_dags/example_sla_dag.py
[2026-03-12T11:10:55.941+0000] {logging_mixin.py:188} INFO - [2026-03-12T11:10:55.941+0000] {dag.py:3036} INFO - Sync 1 DAGs
[2026-03-12T11:10:55.965+0000] {logging_mixin.py:188} INFO - [2026-03-12T11:10:55.964+0000] {dag.py:3823} INFO - Setting next_dagrun for example_sla_dag to 2026-03-12 11:08:00+00:00, run_after=2026-03-12 11:10:00+00:00
[2026-03-12T11:10:55.982+0000] {processor.py:183} INFO - Processing /home/airflow/.local/lib/python3.8/site-packages/airflow/example_dags/example_sla_dag.py took 0.077 seconds
[2026-03-12T11:11:26.176+0000] {processor.py:161} INFO - Started process (PID=708) to work on /home/airflow/.local/lib/python3.8/site-packages/airflow/example_dags/example_sla_dag.py
[2026-03-12T11:11:26.178+0000] {processor.py:830} INFO - Processing file /home/airflow/.local/lib/python3.8/site-packages/airflow/example_dags/example_sla_dag.py for tasks to queue
[2026-03-12T11:11:26.180+0000] {logging_mixin.py:188} INFO - [2026-03-12T11:11:26.180+0000] {dagbag.py:538} INFO - Filling up the DagBag from /home/airflow/.local/lib/python3.8/site-packages/airflow/example_dags/example_sla_dag.py
[2026-03-12T11:11:26.187+0000] {processor.py:840} INFO - DAG(s) 'example_sla_dag' retrieved from /home/airflow/.local/lib/python3.8/site-packages/airflow/example_dags/example_sla_dag.py
[2026-03-12T11:11:26.203+0000] {logging_mixin.py:188} INFO - [2026-03-12T11:11:26.203+0000] {dag.py:3036} INFO - Sync 1 DAGs
[2026-03-12T11:11:26.222+0000] {logging_mixin.py:188} INFO - [2026-03-12T11:11:26.221+0000] {dag.py:3823} INFO - Setting next_dagrun for example_sla_dag to 2026-03-12 11:08:00+00:00, run_after=2026-03-12 11:10:00+00:00
[2026-03-12T11:11:26.237+0000] {processor.py:183} INFO - Processing /home/airflow/.local/lib/python3.8/site-packages/airflow/example_dags/example_sla_dag.py took 0.064 seconds
[2026-03-12T11:11:56.320+0000] {processor.py:161} INFO - Started process (PID=765) to work on /home/airflow/.local/lib/python3.8/site-packages/airflow/example_dags/example_sla_dag.py
[2026-03-12T11:11:56.322+0000] {processor.py:830} INFO - Processing file /home/airflow/.local/lib/python3.8/site-packages/airflow/example_dags/example_sla_dag.py for tasks to queue
[2026-03-12T11:11:56.324+0000] {logging_mixin.py:188} INFO - [2026-03-12T11:11:56.324+0000] {dagbag.py:538} INFO - Filling up the DagBag from /home/airflow/.local/lib/python3.8/site-packages/airflow/example_dags/example_sla_dag.py
[2026-03-12T11:11:56.331+0000] {processor.py:840} INFO - DAG(s) 'example_sla_dag' retrieved from /home/airflow/.local/lib/python3.8/site-packages/airflow/example_dags/example_sla_dag.py
[2026-03-12T11:11:56.349+0000] {logging_mixin.py:188} INFO - [2026-03-12T11:11:56.348+0000] {dag.py:3036} INFO - Sync 1 DAGs
[2026-03-12T11:11:56.369+0000] {logging_mixin.py:188} INFO - [2026-03-12T11:11:56.369+0000] {dag.py:3823} INFO - Setting next_dagrun for example_sla_dag to 2026-03-12 11:08:00+00:00, run_after=2026-03-12 11:10:00+00:00
[2026-03-12T11:11:56.386+0000] {processor.py:183} INFO - Processing /home/airflow/.local/lib/python3.8/site-packages/airflow/example_dags/example_sla_dag.py took 0.069 seconds
[2026-03-12T11:12:26.905+0000] {processor.py:161} INFO - Started process (PID=821) to work on /home/airflow/.local/lib/python3.8/site-packages/airflow/example_dags/example_sla_dag.py
[2026-03-12T11:12:26.907+0000] {processor.py:830} INFO - Processing file /home/airflow/.local/lib/python3.8/site-packages/airflow/example_dags/example_sla_dag.py for tasks to queue
[2026-03-12T11:12:26.909+0000] {logging_mixin.py:188} INFO - [2026-03-12T11:12:26.909+0000] {dagbag.py:538} INFO - Filling up the DagBag from /home/airflow/.local/lib/python3.8/site-packages/airflow/example_dags/example_sla_dag.py
[2026-03-12T11:12:26.917+0000] {processor.py:840} INFO - DAG(s) 'example_sla_dag' retrieved from /home/airflow/.local/lib/python3.8/site-packages/airflow/example_dags/example_sla_dag.py
[2026-03-12T11:12:26.933+0000] {logging_mixin.py:188} INFO - [2026-03-12T11:12:26.933+0000] {dag.py:3036} INFO - Sync 1 DAGs
[2026-03-12T11:12:26.954+0000] {logging_mixin.py:188} INFO - [2026-03-12T11:12:26.953+0000] {dag.py:3823} INFO - Setting next_dagrun for example_sla_dag to 2026-03-12 11:10:00+00:00, run_after=2026-03-12 11:12:00+00:00
[2026-03-12T11:12:26.975+0000] {processor.py:183} INFO - Processing /home/airflow/.local/lib/python3.8/site-packages/airflow/example_dags/example_sla_dag.py took 0.073 seconds
[2026-03-12T11:12:57.760+0000] {processor.py:161} INFO - Started process (PID=877) to work on /home/airflow/.local/lib/python3.8/site-packages/airflow/example_dags/example_sla_dag.py
[2026-03-12T11:12:57.761+0000] {processor.py:830} INFO - Processing file /home/airflow/.local/lib/python3.8/site-packages/airflow/example_dags/example_sla_dag.py for tasks to queue
[2026-03-12T11:12:57.763+0000] {logging_mixin.py:188} INFO - [2026-03-12T11:12:57.763+0000] {dagbag.py:538} INFO - Filling up the DagBag from /home/airflow/.local/lib/python3.8/site-packages/airflow/example_dags/example_sla_dag.py
[2026-03-12T11:12:57.771+0000] {processor.py:840} INFO - DAG(s) 'example_sla_dag' retrieved from /home/airflow/.local/lib/python3.8/site-packages/airflow/example_dags/example_sla_dag.py
[2026-03-12T11:12:57.789+0000] {logging_mixin.py:188} INFO - [2026-03-12T11:12:57.789+0000] {dag.py:3036} INFO - Sync 1 DAGs
[2026-03-12T11:12:57.808+0000] {logging_mixin.py:188} INFO - [2026-03-12T11:12:57.808+0000] {dag.py:3823} INFO - Setting next_dagrun for example_sla_dag to 2026-03-12 11:10:00+00:00, run_after=2026-03-12 11:12:00+00:00
[2026-03-12T11:12:57.828+0000] {processor.py:183} INFO - Processing /home/airflow/.local/lib/python3.8/site-packages/airflow/example_dags/example_sla_dag.py took 0.071 seconds
[2026-03-12T11:13:27.917+0000] {processor.py:161} INFO - Started process (PID=933) to work on /home/airflow/.local/lib/python3.8/site-packages/airflow/example_dags/example_sla_dag.py
[2026-03-12T11:13:27.918+0000] {processor.py:830} INFO - Processing file /home/airflow/.local/lib/python3.8/site-packages/airflow/example_dags/example_sla_dag.py for tasks to queue
[2026-03-12T11:13:27.919+0000] {logging_mixin.py:188} INFO - [2026-03-12T11:13:27.919+0000] {dagbag.py:538} INFO - Filling up the DagBag from /home/airflow/.local/lib/python3.8/site-packages/airflow/example_dags/example_sla_dag.py
[2026-03-12T11:13:27.926+0000] {processor.py:840} INFO - DAG(s) 'example_sla_dag' retrieved from /home/airflow/.local/lib/python3.8/site-packages/airflow/example_dags/example_sla_dag.py
[2026-03-12T11:13:27.942+0000] {logging_mixin.py:188} INFO - [2026-03-12T11:13:27.942+0000] {dag.py:3036} INFO - Sync 1 DAGs
[2026-03-12T11:13:27.960+0000] {logging_mixin.py:188} INFO - [2026-03-12T11:13:27.960+0000] {dag.py:3823} INFO - Setting next_dagrun for example_sla_dag to 2026-03-12 11:10:00+00:00, run_after=2026-03-12 11:12:00+00:00
[2026-03-12T11:13:27.981+0000] {processor.py:183} INFO - Processing /home/airflow/.local/lib/python3.8/site-packages/airflow/example_dags/example_sla_dag.py took 0.068 seconds
[2026-03-12T11:13:58.166+0000] {processor.py:161} INFO - Started process (PID=989) to work on /home/airflow/.local/lib/python3.8/site-packages/airflow/example_dags/example_sla_dag.py
[2026-03-12T11:13:58.169+0000] {processor.py:830} INFO - Processing file /home/airflow/.local/lib/python3.8/site-packages/airflow/example_dags/example_sla_dag.py for tasks to queue
[2026-03-12T11:13:58.171+0000] {logging_mixin.py:188} INFO - [2026-03-12T11:13:58.171+0000] {dagbag.py:538} INFO - Filling up the DagBag from /home/airflow/.local/lib/python3.8/site-packages/airflow/example_dags/example_sla_dag.py
[2026-03-12T11:13:58.180+0000] {processor.py:840} INFO - DAG(s) 'example_sla_dag' retrieved from /home/airflow/.local/lib/python3.8/site-packages/airflow/example_dags/example_sla_dag.py
[2026-03-12T11:13:58.201+0000] {logging_mixin.py:188} INFO - [2026-03-12T11:13:58.201+0000] {dag.py:3036} INFO - Sync 1 DAGs
[2026-03-12T11:13:58.224+0000] {logging_mixin.py:188} INFO - [2026-03-12T11:13:58.224+0000] {dag.py:3823} INFO - Setting next_dagrun for example_sla_dag to 2026-03-12 11:10:00+00:00, run_after=2026-03-12 11:12:00+00:00
[2026-03-12T11:13:58.242+0000] {processor.py:183} INFO - Processing /home/airflow/.local/lib/python3.8/site-packages/airflow/example_dags/example_sla_dag.py took 0.079 seconds
[2026-03-12T11:14:28.721+0000] {processor.py:161} INFO - Started process (PID=1045) to work on /home/airflow/.local/lib/python3.8/site-packages/airflow/example_dags/example_sla_dag.py
[2026-03-12T11:14:28.723+0000] {processor.py:830} INFO - Processing file /home/airflow/.local/lib/python3.8/site-packages/airflow/example_dags/example_sla_dag.py for tasks to queue
[2026-03-12T11:14:28.726+0000] {logging_mixin.py:188} INFO - [2026-03-12T11:14:28.726+0000] {dagbag.py:538} INFO - Filling up the DagBag from /home/airflow/.local/lib/python3.8/site-packages/airflow/example_dags/example_sla_dag.py
[2026-03-12T11:14:28.736+0000] {processor.py:840} INFO - DAG(s) 'example_sla_dag' retrieved from /home/airflow/.local/lib/python3.8/site-packages/airflow/example_dags/example_sla_dag.py
[2026-03-12T11:14:28.764+0000] {logging_mixin.py:188} INFO - [2026-03-12T11:14:28.763+0000] {dag.py:3036} INFO - Sync 1 DAGs
[2026-03-12T11:14:28.791+0000] {logging_mixin.py:188} INFO - [2026-03-12T11:14:28.790+0000] {dag.py:3823} INFO - Setting next_dagrun for example_sla_dag to 2026-03-12 11:12:00+00:00, run_after=2026-03-12 11:14:00+00:00
[2026-03-12T11:14:28.811+0000] {processor.py:183} INFO - Processing /home/airflow/.local/lib/python3.8/site-packages/airflow/example_dags/example_sla_dag.py took 0.093 seconds
[2026-03-12T11:14:58.891+0000] {processor.py:161} INFO - Started process (PID=1101) to work on /home/airflow/.local/lib/python3.8/site-packages/airflow/example_dags/example_sla_dag.py
[2026-03-12T11:14:58.892+0000] {processor.py:830} INFO - Processing file /home/airflow/.local/lib/python3.8/site-packages/airflow/example_dags/example_sla_dag.py for tasks to queue
[2026-03-12T11:14:58.894+0000] {logging_mixin.py:188} INFO - [2026-03-12T11:14:58.894+0000] {dagbag.py:538} INFO - Filling up the DagBag from /home/airflow/.local/lib/python3.8/site-packages/airflow/example_dags/example_sla_dag.py
[2026-03-12T11:14:58.901+0000] {processor.py:840} INFO - DAG(s) 'example_sla_dag' retrieved from /home/airflow/.local/lib/python3.8/site-packages/airflow/example_dags/example_sla_dag.py
[2026-03-12T11:14:58.917+0000] {logging_mixin.py:188} INFO - [2026-03-12T11:14:58.916+0000] {dag.py:3036} INFO - Sync 1 DAGs
[2026-03-12T11:14:58.935+0000] {logging_mixin.py:188} INFO - [2026-03-12T11:14:58.935+0000] {dag.py:3823} INFO - Setting next_dagrun for example_sla_dag to 2026-03-12 11:12:00+00:00, run_after=2026-03-12 11:14:00+00:00
[2026-03-12T11:14:58.951+0000] {processor.py:183} INFO - Processing /home/airflow/.local/lib/python3.8/site-packages/airflow/example_dags/example_sla_dag.py took 0.063 seconds
[2026-03-12T11:15:29.316+0000] {processor.py:161} INFO - Started process (PID=1157) to work on /home/airflow/.local/lib/python3.8/site-packages/airflow/example_dags/example_sla_dag.py
[2026-03-12T11:15:29.317+0000] {processor.py:830} INFO - Processing file /home/airflow/.local/lib/python3.8/site-packages/airflow/example_dags/example_sla_dag.py for tasks to queue
[2026-03-12T11:15:29.319+0000] {logging_mixin.py:188} INFO - [2026-03-12T11:15:29.319+0000] {dagbag.py:538} INFO - Filling up the DagBag from /home/airflow/.local/lib/python3.8/site-packages/airflow/example_dags/example_sla_dag.py
[2026-03-12T11:15:29.327+0000] {processor.py:840} INFO - DAG(s) 'example_sla_dag' retrieved from /home/airflow/.local/lib/python3.8/site-packages/airflow/example_dags/example_sla_dag.py
[2026-03-12T11:15:29.344+0000] {logging_mixin.py:188} INFO - [2026-03-12T11:15:29.344+0000] {dag.py:3036} INFO - Sync 1 DAGs
[2026-03-12T11:15:29.365+0000] {logging_mixin.py:188} INFO - [2026-03-12T11:15:29.365+0000] {dag.py:3823} INFO - Setting next_dagrun for example_sla_dag to 2026-03-12 11:12:00+00:00, run_after=2026-03-12 11:14:00+00:00
[2026-03-12T11:15:29.384+0000] {processor.py:183} INFO - Processing /home/airflow/.local/lib/python3.8/site-packages/airflow/example_dags/example_sla_dag.py took 0.072 seconds
