[2026-03-12T11:05:50.837+0000] {processor.py:161} INFO - Started process (PID=104) to work on /home/airflow/.local/lib/python3.8/site-packages/airflow/example_dags/example_xcomargs.py
[2026-03-12T11:05:50.840+0000] {processor.py:830} INFO - Processing file /home/airflow/.local/lib/python3.8/site-packages/airflow/example_dags/example_xcomargs.py for tasks to queue
[2026-03-12T11:05:50.843+0000] {logging_mixin.py:188} INFO - [2026-03-12T11:05:50.843+0000] {dagbag.py:538} INFO - Filling up the DagBag from /home/airflow/.local/lib/python3.8/site-packages/airflow/example_dags/example_xcomargs.py
[2026-03-12T11:05:50.888+0000] {processor.py:840} INFO - DAG(s) 'example_xcom_args', 'example_xcom_args_with_operators' retrieved from /home/airflow/.local/lib/python3.8/site-packages/airflow/example_dags/example_xcomargs.py
[2026-03-12T11:05:50.950+0000] {logging_mixin.py:188} INFO - [2026-03-12T11:05:50.949+0000] {dag.py:3036} INFO - Sync 2 DAGs
[2026-03-12T11:05:50.987+0000] {logging_mixin.py:188} INFO - [2026-03-12T11:05:50.987+0000] {dag.py:3823} INFO - Setting next_dagrun for example_xcom_args to None, run_after=None
[2026-03-12T11:05:50.998+0000] {logging_mixin.py:188} INFO - [2026-03-12T11:05:50.998+0000] {dag.py:3823} INFO - Setting next_dagrun for example_xcom_args_with_operators to None, run_after=None
[2026-03-12T11:05:51.033+0000] {processor.py:183} INFO - Processing /home/airflow/.local/lib/python3.8/site-packages/airflow/example_dags/example_xcomargs.py took 0.200 seconds
[2026-03-12T11:06:21.744+0000] {processor.py:161} INFO - Started process (PID=159) to work on /home/airflow/.local/lib/python3.8/site-packages/airflow/example_dags/example_xcomargs.py
[2026-03-12T11:06:21.747+0000] {processor.py:830} INFO - Processing file /home/airflow/.local/lib/python3.8/site-packages/airflow/example_dags/example_xcomargs.py for tasks to queue
[2026-03-12T11:06:21.749+0000] {logging_mixin.py:188} INFO - [2026-03-12T11:06:21.749+0000] {dagbag.py:538} INFO - Filling up the DagBag from /home/airflow/.local/lib/python3.8/site-packages/airflow/example_dags/example_xcomargs.py
[2026-03-12T11:06:21.759+0000] {processor.py:840} INFO - DAG(s) 'example_xcom_args_with_operators', 'example_xcom_args' retrieved from /home/airflow/.local/lib/python3.8/site-packages/airflow/example_dags/example_xcomargs.py
[2026-03-12T11:06:21.897+0000] {logging_mixin.py:188} INFO - [2026-03-12T11:06:21.897+0000] {dag.py:3036} INFO - Sync 2 DAGs
[2026-03-12T11:06:21.908+0000] {logging_mixin.py:188} INFO - [2026-03-12T11:06:21.908+0000] {dag.py:3823} INFO - Setting next_dagrun for example_xcom_args to None, run_after=None
[2026-03-12T11:06:21.913+0000] {logging_mixin.py:188} INFO - [2026-03-12T11:06:21.913+0000] {dag.py:3823} INFO - Setting next_dagrun for example_xcom_args_with_operators to None, run_after=None
[2026-03-12T11:06:21.938+0000] {processor.py:183} INFO - Processing /home/airflow/.local/lib/python3.8/site-packages/airflow/example_dags/example_xcomargs.py took 0.198 seconds
[2026-03-12T11:06:52.087+0000] {processor.py:161} INFO - Started process (PID=214) to work on /home/airflow/.local/lib/python3.8/site-packages/airflow/example_dags/example_xcomargs.py
[2026-03-12T11:06:52.089+0000] {processor.py:830} INFO - Processing file /home/airflow/.local/lib/python3.8/site-packages/airflow/example_dags/example_xcomargs.py for tasks to queue
[2026-03-12T11:06:52.093+0000] {logging_mixin.py:188} INFO - [2026-03-12T11:06:52.093+0000] {dagbag.py:538} INFO - Filling up the DagBag from /home/airflow/.local/lib/python3.8/site-packages/airflow/example_dags/example_xcomargs.py
[2026-03-12T11:06:52.104+0000] {processor.py:840} INFO - DAG(s) 'example_xcom_args_with_operators', 'example_xcom_args' retrieved from /home/airflow/.local/lib/python3.8/site-packages/airflow/example_dags/example_xcomargs.py
[2026-03-12T11:06:52.131+0000] {logging_mixin.py:188} INFO - [2026-03-12T11:06:52.131+0000] {dag.py:3036} INFO - Sync 2 DAGs
[2026-03-12T11:06:52.147+0000] {logging_mixin.py:188} INFO - [2026-03-12T11:06:52.147+0000] {dag.py:3823} INFO - Setting next_dagrun for example_xcom_args to None, run_after=None
[2026-03-12T11:06:52.152+0000] {logging_mixin.py:188} INFO - [2026-03-12T11:06:52.152+0000] {dag.py:3823} INFO - Setting next_dagrun for example_xcom_args_with_operators to None, run_after=None
[2026-03-12T11:06:52.171+0000] {processor.py:183} INFO - Processing /home/airflow/.local/lib/python3.8/site-packages/airflow/example_dags/example_xcomargs.py took 0.088 seconds
[2026-03-12T11:07:22.293+0000] {processor.py:161} INFO - Started process (PID=269) to work on /home/airflow/.local/lib/python3.8/site-packages/airflow/example_dags/example_xcomargs.py
[2026-03-12T11:07:22.294+0000] {processor.py:830} INFO - Processing file /home/airflow/.local/lib/python3.8/site-packages/airflow/example_dags/example_xcomargs.py for tasks to queue
[2026-03-12T11:07:22.296+0000] {logging_mixin.py:188} INFO - [2026-03-12T11:07:22.295+0000] {dagbag.py:538} INFO - Filling up the DagBag from /home/airflow/.local/lib/python3.8/site-packages/airflow/example_dags/example_xcomargs.py
[2026-03-12T11:07:22.303+0000] {processor.py:840} INFO - DAG(s) 'example_xcom_args', 'example_xcom_args_with_operators' retrieved from /home/airflow/.local/lib/python3.8/site-packages/airflow/example_dags/example_xcomargs.py
[2026-03-12T11:07:22.325+0000] {logging_mixin.py:188} INFO - [2026-03-12T11:07:22.325+0000] {dag.py:3036} INFO - Sync 2 DAGs
[2026-03-12T11:07:22.337+0000] {logging_mixin.py:188} INFO - [2026-03-12T11:07:22.337+0000] {dag.py:3823} INFO - Setting next_dagrun for example_xcom_args to None, run_after=None
[2026-03-12T11:07:22.342+0000] {logging_mixin.py:188} INFO - [2026-03-12T11:07:22.342+0000] {dag.py:3823} INFO - Setting next_dagrun for example_xcom_args_with_operators to None, run_after=None
[2026-03-12T11:07:22.361+0000] {processor.py:183} INFO - Processing /home/airflow/.local/lib/python3.8/site-packages/airflow/example_dags/example_xcomargs.py took 0.071 seconds
[2026-03-12T11:07:52.885+0000] {processor.py:161} INFO - Started process (PID=324) to work on /home/airflow/.local/lib/python3.8/site-packages/airflow/example_dags/example_xcomargs.py
[2026-03-12T11:07:52.886+0000] {processor.py:830} INFO - Processing file /home/airflow/.local/lib/python3.8/site-packages/airflow/example_dags/example_xcomargs.py for tasks to queue
[2026-03-12T11:07:52.889+0000] {logging_mixin.py:188} INFO - [2026-03-12T11:07:52.889+0000] {dagbag.py:538} INFO - Filling up the DagBag from /home/airflow/.local/lib/python3.8/site-packages/airflow/example_dags/example_xcomargs.py
[2026-03-12T11:07:52.897+0000] {processor.py:840} INFO - DAG(s) 'example_xcom_args', 'example_xcom_args_with_operators' retrieved from /home/airflow/.local/lib/python3.8/site-packages/airflow/example_dags/example_xcomargs.py
[2026-03-12T11:07:52.920+0000] {logging_mixin.py:188} INFO - [2026-03-12T11:07:52.920+0000] {dag.py:3036} INFO - Sync 2 DAGs
[2026-03-12T11:07:52.932+0000] {logging_mixin.py:188} INFO - [2026-03-12T11:07:52.931+0000] {dag.py:3823} INFO - Setting next_dagrun for example_xcom_args to None, run_after=None
[2026-03-12T11:07:52.935+0000] {logging_mixin.py:188} INFO - [2026-03-12T11:07:52.935+0000] {dag.py:3823} INFO - Setting next_dagrun for example_xcom_args_with_operators to None, run_after=None
[2026-03-12T11:07:52.953+0000] {processor.py:183} INFO - Processing /home/airflow/.local/lib/python3.8/site-packages/airflow/example_dags/example_xcomargs.py took 0.071 seconds
[2026-03-12T11:08:23.062+0000] {processor.py:161} INFO - Started process (PID=379) to work on /home/airflow/.local/lib/python3.8/site-packages/airflow/example_dags/example_xcomargs.py
[2026-03-12T11:08:23.064+0000] {processor.py:830} INFO - Processing file /home/airflow/.local/lib/python3.8/site-packages/airflow/example_dags/example_xcomargs.py for tasks to queue
[2026-03-12T11:08:23.066+0000] {logging_mixin.py:188} INFO - [2026-03-12T11:08:23.065+0000] {dagbag.py:538} INFO - Filling up the DagBag from /home/airflow/.local/lib/python3.8/site-packages/airflow/example_dags/example_xcomargs.py
[2026-03-12T11:08:23.073+0000] {processor.py:840} INFO - DAG(s) 'example_xcom_args_with_operators', 'example_xcom_args' retrieved from /home/airflow/.local/lib/python3.8/site-packages/airflow/example_dags/example_xcomargs.py
[2026-03-12T11:08:23.099+0000] {logging_mixin.py:188} INFO - [2026-03-12T11:08:23.099+0000] {dag.py:3036} INFO - Sync 2 DAGs
[2026-03-12T11:08:23.109+0000] {logging_mixin.py:188} INFO - [2026-03-12T11:08:23.109+0000] {dag.py:3823} INFO - Setting next_dagrun for example_xcom_args to None, run_after=None
[2026-03-12T11:08:23.113+0000] {logging_mixin.py:188} INFO - [2026-03-12T11:08:23.113+0000] {dag.py:3823} INFO - Setting next_dagrun for example_xcom_args_with_operators to None, run_after=None
[2026-03-12T11:08:23.129+0000] {processor.py:183} INFO - Processing /home/airflow/.local/lib/python3.8/site-packages/airflow/example_dags/example_xcomargs.py took 0.070 seconds
[2026-03-12T11:08:54.153+0000] {processor.py:161} INFO - Started process (PID=434) to work on /home/airflow/.local/lib/python3.8/site-packages/airflow/example_dags/example_xcomargs.py
[2026-03-12T11:08:54.156+0000] {processor.py:830} INFO - Processing file /home/airflow/.local/lib/python3.8/site-packages/airflow/example_dags/example_xcomargs.py for tasks to queue
[2026-03-12T11:08:54.159+0000] {logging_mixin.py:188} INFO - [2026-03-12T11:08:54.158+0000] {dagbag.py:538} INFO - Filling up the DagBag from /home/airflow/.local/lib/python3.8/site-packages/airflow/example_dags/example_xcomargs.py
[2026-03-12T11:08:54.167+0000] {processor.py:840} INFO - DAG(s) 'example_xcom_args_with_operators', 'example_xcom_args' retrieved from /home/airflow/.local/lib/python3.8/site-packages/airflow/example_dags/example_xcomargs.py
[2026-03-12T11:08:54.192+0000] {logging_mixin.py:188} INFO - [2026-03-12T11:08:54.192+0000] {dag.py:3036} INFO - Sync 2 DAGs
[2026-03-12T11:08:54.204+0000] {logging_mixin.py:188} INFO - [2026-03-12T11:08:54.204+0000] {dag.py:3823} INFO - Setting next_dagrun for example_xcom_args to None, run_after=None
[2026-03-12T11:08:54.209+0000] {logging_mixin.py:188} INFO - [2026-03-12T11:08:54.209+0000] {dag.py:3823} INFO - Setting next_dagrun for example_xcom_args_with_operators to None, run_after=None
[2026-03-12T11:08:54.232+0000] {processor.py:183} INFO - Processing /home/airflow/.local/lib/python3.8/site-packages/airflow/example_dags/example_xcomargs.py took 0.083 seconds
[2026-03-12T11:09:24.499+0000] {processor.py:161} INFO - Started process (PID=489) to work on /home/airflow/.local/lib/python3.8/site-packages/airflow/example_dags/example_xcomargs.py
[2026-03-12T11:09:24.500+0000] {processor.py:830} INFO - Processing file /home/airflow/.local/lib/python3.8/site-packages/airflow/example_dags/example_xcomargs.py for tasks to queue
[2026-03-12T11:09:24.502+0000] {logging_mixin.py:188} INFO - [2026-03-12T11:09:24.502+0000] {dagbag.py:538} INFO - Filling up the DagBag from /home/airflow/.local/lib/python3.8/site-packages/airflow/example_dags/example_xcomargs.py
[2026-03-12T11:09:24.511+0000] {processor.py:840} INFO - DAG(s) 'example_xcom_args_with_operators', 'example_xcom_args' retrieved from /home/airflow/.local/lib/python3.8/site-packages/airflow/example_dags/example_xcomargs.py
[2026-03-12T11:09:24.533+0000] {logging_mixin.py:188} INFO - [2026-03-12T11:09:24.533+0000] {dag.py:3036} INFO - Sync 2 DAGs
[2026-03-12T11:09:24.544+0000] {logging_mixin.py:188} INFO - [2026-03-12T11:09:24.544+0000] {dag.py:3823} INFO - Setting next_dagrun for example_xcom_args to None, run_after=None
[2026-03-12T11:09:24.547+0000] {logging_mixin.py:188} INFO - [2026-03-12T11:09:24.547+0000] {dag.py:3823} INFO - Setting next_dagrun for example_xcom_args_with_operators to None, run_after=None
[2026-03-12T11:09:24.566+0000] {processor.py:183} INFO - Processing /home/airflow/.local/lib/python3.8/site-packages/airflow/example_dags/example_xcomargs.py took 0.070 seconds
[2026-03-12T11:09:54.962+0000] {processor.py:161} INFO - Started process (PID=544) to work on /home/airflow/.local/lib/python3.8/site-packages/airflow/example_dags/example_xcomargs.py
[2026-03-12T11:09:54.964+0000] {processor.py:830} INFO - Processing file /home/airflow/.local/lib/python3.8/site-packages/airflow/example_dags/example_xcomargs.py for tasks to queue
[2026-03-12T11:09:54.967+0000] {logging_mixin.py:188} INFO - [2026-03-12T11:09:54.966+0000] {dagbag.py:538} INFO - Filling up the DagBag from /home/airflow/.local/lib/python3.8/site-packages/airflow/example_dags/example_xcomargs.py
[2026-03-12T11:09:54.975+0000] {processor.py:840} INFO - DAG(s) 'example_xcom_args', 'example_xcom_args_with_operators' retrieved from /home/airflow/.local/lib/python3.8/site-packages/airflow/example_dags/example_xcomargs.py
[2026-03-12T11:09:55.001+0000] {logging_mixin.py:188} INFO - [2026-03-12T11:09:55.001+0000] {dag.py:3036} INFO - Sync 2 DAGs
[2026-03-12T11:09:55.016+0000] {logging_mixin.py:188} INFO - [2026-03-12T11:09:55.016+0000] {dag.py:3823} INFO - Setting next_dagrun for example_xcom_args to None, run_after=None
[2026-03-12T11:09:55.025+0000] {logging_mixin.py:188} INFO - [2026-03-12T11:09:55.025+0000] {dag.py:3823} INFO - Setting next_dagrun for example_xcom_args_with_operators to None, run_after=None
[2026-03-12T11:09:55.047+0000] {processor.py:183} INFO - Processing /home/airflow/.local/lib/python3.8/site-packages/airflow/example_dags/example_xcomargs.py took 0.088 seconds
[2026-03-12T11:10:25.784+0000] {processor.py:161} INFO - Started process (PID=599) to work on /home/airflow/.local/lib/python3.8/site-packages/airflow/example_dags/example_xcomargs.py
[2026-03-12T11:10:25.786+0000] {processor.py:830} INFO - Processing file /home/airflow/.local/lib/python3.8/site-packages/airflow/example_dags/example_xcomargs.py for tasks to queue
[2026-03-12T11:10:25.789+0000] {logging_mixin.py:188} INFO - [2026-03-12T11:10:25.788+0000] {dagbag.py:538} INFO - Filling up the DagBag from /home/airflow/.local/lib/python3.8/site-packages/airflow/example_dags/example_xcomargs.py
[2026-03-12T11:10:25.799+0000] {processor.py:840} INFO - DAG(s) 'example_xcom_args', 'example_xcom_args_with_operators' retrieved from /home/airflow/.local/lib/python3.8/site-packages/airflow/example_dags/example_xcomargs.py
[2026-03-12T11:10:25.822+0000] {logging_mixin.py:188} INFO - [2026-03-12T11:10:25.822+0000] {dag.py:3036} INFO - Sync 2 DAGs
[2026-03-12T11:10:25.836+0000] {logging_mixin.py:188} INFO - [2026-03-12T11:10:25.836+0000] {dag.py:3823} INFO - Setting next_dagrun for example_xcom_args to None, run_after=None
[2026-03-12T11:10:25.843+0000] {logging_mixin.py:188} INFO - [2026-03-12T11:10:25.842+0000] {dag.py:3823} INFO - Setting next_dagrun for example_xcom_args_with_operators to None, run_after=None
[2026-03-12T11:10:25.865+0000] {processor.py:183} INFO - Processing /home/airflow/.local/lib/python3.8/site-packages/airflow/example_dags/example_xcomargs.py took 0.086 seconds
[2026-03-12T11:10:56.094+0000] {processor.py:161} INFO - Started process (PID=655) to work on /home/airflow/.local/lib/python3.8/site-packages/airflow/example_dags/example_xcomargs.py
[2026-03-12T11:10:56.096+0000] {processor.py:830} INFO - Processing file /home/airflow/.local/lib/python3.8/site-packages/airflow/example_dags/example_xcomargs.py for tasks to queue
[2026-03-12T11:10:56.098+0000] {logging_mixin.py:188} INFO - [2026-03-12T11:10:56.097+0000] {dagbag.py:538} INFO - Filling up the DagBag from /home/airflow/.local/lib/python3.8/site-packages/airflow/example_dags/example_xcomargs.py
[2026-03-12T11:10:56.109+0000] {processor.py:840} INFO - DAG(s) 'example_xcom_args', 'example_xcom_args_with_operators' retrieved from /home/airflow/.local/lib/python3.8/site-packages/airflow/example_dags/example_xcomargs.py
[2026-03-12T11:10:56.140+0000] {logging_mixin.py:188} INFO - [2026-03-12T11:10:56.139+0000] {dag.py:3036} INFO - Sync 2 DAGs
[2026-03-12T11:10:56.152+0000] {logging_mixin.py:188} INFO - [2026-03-12T11:10:56.152+0000] {dag.py:3823} INFO - Setting next_dagrun for example_xcom_args to None, run_after=None
[2026-03-12T11:10:56.157+0000] {logging_mixin.py:188} INFO - [2026-03-12T11:10:56.156+0000] {dag.py:3823} INFO - Setting next_dagrun for example_xcom_args_with_operators to None, run_after=None
[2026-03-12T11:10:56.184+0000] {processor.py:183} INFO - Processing /home/airflow/.local/lib/python3.8/site-packages/airflow/example_dags/example_xcomargs.py took 0.094 seconds
[2026-03-12T11:11:26.307+0000] {processor.py:161} INFO - Started process (PID=711) to work on /home/airflow/.local/lib/python3.8/site-packages/airflow/example_dags/example_xcomargs.py
[2026-03-12T11:11:26.309+0000] {processor.py:830} INFO - Processing file /home/airflow/.local/lib/python3.8/site-packages/airflow/example_dags/example_xcomargs.py for tasks to queue
[2026-03-12T11:11:26.311+0000] {logging_mixin.py:188} INFO - [2026-03-12T11:11:26.311+0000] {dagbag.py:538} INFO - Filling up the DagBag from /home/airflow/.local/lib/python3.8/site-packages/airflow/example_dags/example_xcomargs.py
[2026-03-12T11:11:26.318+0000] {processor.py:840} INFO - DAG(s) 'example_xcom_args', 'example_xcom_args_with_operators' retrieved from /home/airflow/.local/lib/python3.8/site-packages/airflow/example_dags/example_xcomargs.py
[2026-03-12T11:11:26.338+0000] {logging_mixin.py:188} INFO - [2026-03-12T11:11:26.338+0000] {dag.py:3036} INFO - Sync 2 DAGs
[2026-03-12T11:11:26.348+0000] {logging_mixin.py:188} INFO - [2026-03-12T11:11:26.347+0000] {dag.py:3823} INFO - Setting next_dagrun for example_xcom_args to None, run_after=None
[2026-03-12T11:11:26.351+0000] {logging_mixin.py:188} INFO - [2026-03-12T11:11:26.351+0000] {dag.py:3823} INFO - Setting next_dagrun for example_xcom_args_with_operators to None, run_after=None
[2026-03-12T11:11:26.367+0000] {processor.py:183} INFO - Processing /home/airflow/.local/lib/python3.8/site-packages/airflow/example_dags/example_xcomargs.py took 0.063 seconds
[2026-03-12T11:11:56.453+0000] {processor.py:161} INFO - Started process (PID=768) to work on /home/airflow/.local/lib/python3.8/site-packages/airflow/example_dags/example_xcomargs.py
[2026-03-12T11:11:56.455+0000] {processor.py:830} INFO - Processing file /home/airflow/.local/lib/python3.8/site-packages/airflow/example_dags/example_xcomargs.py for tasks to queue
[2026-03-12T11:11:56.457+0000] {logging_mixin.py:188} INFO - [2026-03-12T11:11:56.456+0000] {dagbag.py:538} INFO - Filling up the DagBag from /home/airflow/.local/lib/python3.8/site-packages/airflow/example_dags/example_xcomargs.py
[2026-03-12T11:11:56.466+0000] {processor.py:840} INFO - DAG(s) 'example_xcom_args', 'example_xcom_args_with_operators' retrieved from /home/airflow/.local/lib/python3.8/site-packages/airflow/example_dags/example_xcomargs.py
[2026-03-12T11:11:56.492+0000] {logging_mixin.py:188} INFO - [2026-03-12T11:11:56.492+0000] {dag.py:3036} INFO - Sync 2 DAGs
[2026-03-12T11:11:56.506+0000] {logging_mixin.py:188} INFO - [2026-03-12T11:11:56.506+0000] {dag.py:3823} INFO - Setting next_dagrun for example_xcom_args to None, run_after=None
[2026-03-12T11:11:56.512+0000] {logging_mixin.py:188} INFO - [2026-03-12T11:11:56.512+0000] {dag.py:3823} INFO - Setting next_dagrun for example_xcom_args_with_operators to None, run_after=None
[2026-03-12T11:11:56.532+0000] {processor.py:183} INFO - Processing /home/airflow/.local/lib/python3.8/site-packages/airflow/example_dags/example_xcomargs.py took 0.082 seconds
[2026-03-12T11:12:27.104+0000] {processor.py:161} INFO - Started process (PID=824) to work on /home/airflow/.local/lib/python3.8/site-packages/airflow/example_dags/example_xcomargs.py
[2026-03-12T11:12:27.105+0000] {processor.py:830} INFO - Processing file /home/airflow/.local/lib/python3.8/site-packages/airflow/example_dags/example_xcomargs.py for tasks to queue
[2026-03-12T11:12:27.108+0000] {logging_mixin.py:188} INFO - [2026-03-12T11:12:27.108+0000] {dagbag.py:538} INFO - Filling up the DagBag from /home/airflow/.local/lib/python3.8/site-packages/airflow/example_dags/example_xcomargs.py
[2026-03-12T11:12:27.117+0000] {processor.py:840} INFO - DAG(s) 'example_xcom_args_with_operators', 'example_xcom_args' retrieved from /home/airflow/.local/lib/python3.8/site-packages/airflow/example_dags/example_xcomargs.py
[2026-03-12T11:12:27.140+0000] {logging_mixin.py:188} INFO - [2026-03-12T11:12:27.140+0000] {dag.py:3036} INFO - Sync 2 DAGs
[2026-03-12T11:12:27.156+0000] {logging_mixin.py:188} INFO - [2026-03-12T11:12:27.155+0000] {dag.py:3823} INFO - Setting next_dagrun for example_xcom_args to None, run_after=None
[2026-03-12T11:12:27.165+0000] {logging_mixin.py:188} INFO - [2026-03-12T11:12:27.165+0000] {dag.py:3823} INFO - Setting next_dagrun for example_xcom_args_with_operators to None, run_after=None
[2026-03-12T11:12:27.184+0000] {processor.py:183} INFO - Processing /home/airflow/.local/lib/python3.8/site-packages/airflow/example_dags/example_xcomargs.py took 0.084 seconds
[2026-03-12T11:12:57.946+0000] {processor.py:161} INFO - Started process (PID=880) to work on /home/airflow/.local/lib/python3.8/site-packages/airflow/example_dags/example_xcomargs.py
[2026-03-12T11:12:57.948+0000] {processor.py:830} INFO - Processing file /home/airflow/.local/lib/python3.8/site-packages/airflow/example_dags/example_xcomargs.py for tasks to queue
[2026-03-12T11:12:57.950+0000] {logging_mixin.py:188} INFO - [2026-03-12T11:12:57.949+0000] {dagbag.py:538} INFO - Filling up the DagBag from /home/airflow/.local/lib/python3.8/site-packages/airflow/example_dags/example_xcomargs.py
[2026-03-12T11:12:57.957+0000] {processor.py:840} INFO - DAG(s) 'example_xcom_args_with_operators', 'example_xcom_args' retrieved from /home/airflow/.local/lib/python3.8/site-packages/airflow/example_dags/example_xcomargs.py
[2026-03-12T11:12:57.976+0000] {logging_mixin.py:188} INFO - [2026-03-12T11:12:57.976+0000] {dag.py:3036} INFO - Sync 2 DAGs
[2026-03-12T11:12:57.986+0000] {logging_mixin.py:188} INFO - [2026-03-12T11:12:57.986+0000] {dag.py:3823} INFO - Setting next_dagrun for example_xcom_args to None, run_after=None
[2026-03-12T11:12:57.990+0000] {logging_mixin.py:188} INFO - [2026-03-12T11:12:57.989+0000] {dag.py:3823} INFO - Setting next_dagrun for example_xcom_args_with_operators to None, run_after=None
[2026-03-12T11:12:58.006+0000] {processor.py:183} INFO - Processing /home/airflow/.local/lib/python3.8/site-packages/airflow/example_dags/example_xcomargs.py took 0.062 seconds
[2026-03-12T11:13:28.335+0000] {processor.py:161} INFO - Started process (PID=936) to work on /home/airflow/.local/lib/python3.8/site-packages/airflow/example_dags/example_xcomargs.py
[2026-03-12T11:13:28.336+0000] {processor.py:830} INFO - Processing file /home/airflow/.local/lib/python3.8/site-packages/airflow/example_dags/example_xcomargs.py for tasks to queue
[2026-03-12T11:13:28.338+0000] {logging_mixin.py:188} INFO - [2026-03-12T11:13:28.337+0000] {dagbag.py:538} INFO - Filling up the DagBag from /home/airflow/.local/lib/python3.8/site-packages/airflow/example_dags/example_xcomargs.py
[2026-03-12T11:13:28.349+0000] {processor.py:840} INFO - DAG(s) 'example_xcom_args_with_operators', 'example_xcom_args' retrieved from /home/airflow/.local/lib/python3.8/site-packages/airflow/example_dags/example_xcomargs.py
[2026-03-12T11:13:28.368+0000] {logging_mixin.py:188} INFO - [2026-03-12T11:13:28.368+0000] {dag.py:3036} INFO - Sync 2 DAGs
[2026-03-12T11:13:28.377+0000] {logging_mixin.py:188} INFO - [2026-03-12T11:13:28.377+0000] {dag.py:3823} INFO - Setting next_dagrun for example_xcom_args to None, run_after=None
[2026-03-12T11:13:28.381+0000] {logging_mixin.py:188} INFO - [2026-03-12T11:13:28.381+0000] {dag.py:3823} INFO - Setting next_dagrun for example_xcom_args_with_operators to None, run_after=None
[2026-03-12T11:13:28.396+0000] {processor.py:183} INFO - Processing /home/airflow/.local/lib/python3.8/site-packages/airflow/example_dags/example_xcomargs.py took 0.064 seconds
[2026-03-12T11:13:59.285+0000] {processor.py:161} INFO - Started process (PID=992) to work on /home/airflow/.local/lib/python3.8/site-packages/airflow/example_dags/example_xcomargs.py
[2026-03-12T11:13:59.286+0000] {processor.py:830} INFO - Processing file /home/airflow/.local/lib/python3.8/site-packages/airflow/example_dags/example_xcomargs.py for tasks to queue
[2026-03-12T11:13:59.288+0000] {logging_mixin.py:188} INFO - [2026-03-12T11:13:59.288+0000] {dagbag.py:538} INFO - Filling up the DagBag from /home/airflow/.local/lib/python3.8/site-packages/airflow/example_dags/example_xcomargs.py
[2026-03-12T11:13:59.298+0000] {processor.py:840} INFO - DAG(s) 'example_xcom_args_with_operators', 'example_xcom_args' retrieved from /home/airflow/.local/lib/python3.8/site-packages/airflow/example_dags/example_xcomargs.py
[2026-03-12T11:13:59.320+0000] {logging_mixin.py:188} INFO - [2026-03-12T11:13:59.320+0000] {dag.py:3036} INFO - Sync 2 DAGs
[2026-03-12T11:13:59.330+0000] {logging_mixin.py:188} INFO - [2026-03-12T11:13:59.330+0000] {dag.py:3823} INFO - Setting next_dagrun for example_xcom_args to None, run_after=None
[2026-03-12T11:13:59.334+0000] {logging_mixin.py:188} INFO - [2026-03-12T11:13:59.334+0000] {dag.py:3823} INFO - Setting next_dagrun for example_xcom_args_with_operators to None, run_after=None
[2026-03-12T11:13:59.352+0000] {processor.py:183} INFO - Processing /home/airflow/.local/lib/python3.8/site-packages/airflow/example_dags/example_xcomargs.py took 0.070 seconds
[2026-03-12T11:14:29.857+0000] {processor.py:161} INFO - Started process (PID=1048) to work on /home/airflow/.local/lib/python3.8/site-packages/airflow/example_dags/example_xcomargs.py
[2026-03-12T11:14:29.858+0000] {processor.py:830} INFO - Processing file /home/airflow/.local/lib/python3.8/site-packages/airflow/example_dags/example_xcomargs.py for tasks to queue
[2026-03-12T11:14:29.860+0000] {logging_mixin.py:188} INFO - [2026-03-12T11:14:29.859+0000] {dagbag.py:538} INFO - Filling up the DagBag from /home/airflow/.local/lib/python3.8/site-packages/airflow/example_dags/example_xcomargs.py
[2026-03-12T11:14:29.872+0000] {processor.py:840} INFO - DAG(s) 'example_xcom_args_with_operators', 'example_xcom_args' retrieved from /home/airflow/.local/lib/python3.8/site-packages/airflow/example_dags/example_xcomargs.py
[2026-03-12T11:14:29.898+0000] {logging_mixin.py:188} INFO - [2026-03-12T11:14:29.897+0000] {dag.py:3036} INFO - Sync 2 DAGs
[2026-03-12T11:14:29.910+0000] {logging_mixin.py:188} INFO - [2026-03-12T11:14:29.910+0000] {dag.py:3823} INFO - Setting next_dagrun for example_xcom_args to None, run_after=None
[2026-03-12T11:14:29.914+0000] {logging_mixin.py:188} INFO - [2026-03-12T11:14:29.914+0000] {dag.py:3823} INFO - Setting next_dagrun for example_xcom_args_with_operators to None, run_after=None
[2026-03-12T11:14:29.935+0000] {processor.py:183} INFO - Processing /home/airflow/.local/lib/python3.8/site-packages/airflow/example_dags/example_xcomargs.py took 0.081 seconds
[2026-03-12T11:14:59.995+0000] {processor.py:161} INFO - Started process (PID=1104) to work on /home/airflow/.local/lib/python3.8/site-packages/airflow/example_dags/example_xcomargs.py
[2026-03-12T11:14:59.997+0000] {processor.py:830} INFO - Processing file /home/airflow/.local/lib/python3.8/site-packages/airflow/example_dags/example_xcomargs.py for tasks to queue
[2026-03-12T11:14:59.999+0000] {logging_mixin.py:188} INFO - [2026-03-12T11:14:59.999+0000] {dagbag.py:538} INFO - Filling up the DagBag from /home/airflow/.local/lib/python3.8/site-packages/airflow/example_dags/example_xcomargs.py
[2026-03-12T11:15:00.006+0000] {processor.py:840} INFO - DAG(s) 'example_xcom_args_with_operators', 'example_xcom_args' retrieved from /home/airflow/.local/lib/python3.8/site-packages/airflow/example_dags/example_xcomargs.py
[2026-03-12T11:15:00.034+0000] {logging_mixin.py:188} INFO - [2026-03-12T11:15:00.034+0000] {dag.py:3036} INFO - Sync 2 DAGs
[2026-03-12T11:15:00.046+0000] {logging_mixin.py:188} INFO - [2026-03-12T11:15:00.045+0000] {dag.py:3823} INFO - Setting next_dagrun for example_xcom_args to None, run_after=None
[2026-03-12T11:15:00.050+0000] {logging_mixin.py:188} INFO - [2026-03-12T11:15:00.049+0000] {dag.py:3823} INFO - Setting next_dagrun for example_xcom_args_with_operators to None, run_after=None
[2026-03-12T11:15:00.069+0000] {processor.py:183} INFO - Processing /home/airflow/.local/lib/python3.8/site-packages/airflow/example_dags/example_xcomargs.py took 0.077 seconds
[2026-03-12T11:15:30.468+0000] {processor.py:161} INFO - Started process (PID=1160) to work on /home/airflow/.local/lib/python3.8/site-packages/airflow/example_dags/example_xcomargs.py
[2026-03-12T11:15:30.470+0000] {processor.py:830} INFO - Processing file /home/airflow/.local/lib/python3.8/site-packages/airflow/example_dags/example_xcomargs.py for tasks to queue
[2026-03-12T11:15:30.473+0000] {logging_mixin.py:188} INFO - [2026-03-12T11:15:30.472+0000] {dagbag.py:538} INFO - Filling up the DagBag from /home/airflow/.local/lib/python3.8/site-packages/airflow/example_dags/example_xcomargs.py
[2026-03-12T11:15:30.482+0000] {processor.py:840} INFO - DAG(s) 'example_xcom_args_with_operators', 'example_xcom_args' retrieved from /home/airflow/.local/lib/python3.8/site-packages/airflow/example_dags/example_xcomargs.py
[2026-03-12T11:15:30.506+0000] {logging_mixin.py:188} INFO - [2026-03-12T11:15:30.505+0000] {dag.py:3036} INFO - Sync 2 DAGs
[2026-03-12T11:15:30.517+0000] {logging_mixin.py:188} INFO - [2026-03-12T11:15:30.516+0000] {dag.py:3823} INFO - Setting next_dagrun for example_xcom_args to None, run_after=None
[2026-03-12T11:15:30.521+0000] {logging_mixin.py:188} INFO - [2026-03-12T11:15:30.521+0000] {dag.py:3823} INFO - Setting next_dagrun for example_xcom_args_with_operators to None, run_after=None
[2026-03-12T11:15:30.543+0000] {processor.py:183} INFO - Processing /home/airflow/.local/lib/python3.8/site-packages/airflow/example_dags/example_xcomargs.py took 0.081 seconds
