[2026-03-12T11:05:49.061+0000] {processor.py:161} INFO - Started process (PID=91) to work on /home/airflow/.local/lib/python3.8/site-packages/airflow/example_dags/example_skip_dag.py
[2026-03-12T11:05:49.062+0000] {processor.py:830} INFO - Processing file /home/airflow/.local/lib/python3.8/site-packages/airflow/example_dags/example_skip_dag.py for tasks to queue
[2026-03-12T11:05:49.064+0000] {logging_mixin.py:188} INFO - [2026-03-12T11:05:49.064+0000] {dagbag.py:538} INFO - Filling up the DagBag from /home/airflow/.local/lib/python3.8/site-packages/airflow/example_dags/example_skip_dag.py
[2026-03-12T11:05:49.075+0000] {processor.py:840} INFO - DAG(s) 'example_skip_dag' retrieved from /home/airflow/.local/lib/python3.8/site-packages/airflow/example_dags/example_skip_dag.py
[2026-03-12T11:05:49.099+0000] {logging_mixin.py:188} INFO - [2026-03-12T11:05:49.099+0000] {dag.py:3036} INFO - Sync 1 DAGs
[2026-03-12T11:05:49.155+0000] {logging_mixin.py:188} INFO - [2026-03-12T11:05:49.155+0000] {dag.py:3823} INFO - Setting next_dagrun for example_skip_dag to 2026-03-11 00:00:00+00:00, run_after=2026-03-12 00:00:00+00:00
[2026-03-12T11:05:49.206+0000] {processor.py:183} INFO - Processing /home/airflow/.local/lib/python3.8/site-packages/airflow/example_dags/example_skip_dag.py took 0.152 seconds
[2026-03-12T11:06:19.652+0000] {processor.py:161} INFO - Started process (PID=146) to work on /home/airflow/.local/lib/python3.8/site-packages/airflow/example_dags/example_skip_dag.py
[2026-03-12T11:06:19.655+0000] {processor.py:830} INFO - Processing file /home/airflow/.local/lib/python3.8/site-packages/airflow/example_dags/example_skip_dag.py for tasks to queue
[2026-03-12T11:06:19.659+0000] {logging_mixin.py:188} INFO - [2026-03-12T11:06:19.658+0000] {dagbag.py:538} INFO - Filling up the DagBag from /home/airflow/.local/lib/python3.8/site-packages/airflow/example_dags/example_skip_dag.py
[2026-03-12T11:06:19.669+0000] {processor.py:840} INFO - DAG(s) 'example_skip_dag' retrieved from /home/airflow/.local/lib/python3.8/site-packages/airflow/example_dags/example_skip_dag.py
[2026-03-12T11:06:19.774+0000] {logging_mixin.py:188} INFO - [2026-03-12T11:06:19.774+0000] {dag.py:3036} INFO - Sync 1 DAGs
[2026-03-12T11:06:19.793+0000] {logging_mixin.py:188} INFO - [2026-03-12T11:06:19.793+0000] {dag.py:3823} INFO - Setting next_dagrun for example_skip_dag to 2026-03-11 00:00:00+00:00, run_after=2026-03-12 00:00:00+00:00
[2026-03-12T11:06:19.813+0000] {processor.py:183} INFO - Processing /home/airflow/.local/lib/python3.8/site-packages/airflow/example_dags/example_skip_dag.py took 0.165 seconds
[2026-03-12T11:06:50.064+0000] {processor.py:161} INFO - Started process (PID=201) to work on /home/airflow/.local/lib/python3.8/site-packages/airflow/example_dags/example_skip_dag.py
[2026-03-12T11:06:50.066+0000] {processor.py:830} INFO - Processing file /home/airflow/.local/lib/python3.8/site-packages/airflow/example_dags/example_skip_dag.py for tasks to queue
[2026-03-12T11:06:50.068+0000] {logging_mixin.py:188} INFO - [2026-03-12T11:06:50.068+0000] {dagbag.py:538} INFO - Filling up the DagBag from /home/airflow/.local/lib/python3.8/site-packages/airflow/example_dags/example_skip_dag.py
[2026-03-12T11:06:50.075+0000] {processor.py:840} INFO - DAG(s) 'example_skip_dag' retrieved from /home/airflow/.local/lib/python3.8/site-packages/airflow/example_dags/example_skip_dag.py
[2026-03-12T11:06:50.100+0000] {logging_mixin.py:188} INFO - [2026-03-12T11:06:50.100+0000] {dag.py:3036} INFO - Sync 1 DAGs
[2026-03-12T11:06:50.125+0000] {logging_mixin.py:188} INFO - [2026-03-12T11:06:50.124+0000] {dag.py:3823} INFO - Setting next_dagrun for example_skip_dag to 2026-03-11 00:00:00+00:00, run_after=2026-03-12 00:00:00+00:00
[2026-03-12T11:06:50.147+0000] {processor.py:183} INFO - Processing /home/airflow/.local/lib/python3.8/site-packages/airflow/example_dags/example_skip_dag.py took 0.087 seconds
[2026-03-12T11:07:20.565+0000] {processor.py:161} INFO - Started process (PID=256) to work on /home/airflow/.local/lib/python3.8/site-packages/airflow/example_dags/example_skip_dag.py
[2026-03-12T11:07:20.567+0000] {processor.py:830} INFO - Processing file /home/airflow/.local/lib/python3.8/site-packages/airflow/example_dags/example_skip_dag.py for tasks to queue
[2026-03-12T11:07:20.569+0000] {logging_mixin.py:188} INFO - [2026-03-12T11:07:20.569+0000] {dagbag.py:538} INFO - Filling up the DagBag from /home/airflow/.local/lib/python3.8/site-packages/airflow/example_dags/example_skip_dag.py
[2026-03-12T11:07:20.575+0000] {processor.py:840} INFO - DAG(s) 'example_skip_dag' retrieved from /home/airflow/.local/lib/python3.8/site-packages/airflow/example_dags/example_skip_dag.py
[2026-03-12T11:07:20.595+0000] {logging_mixin.py:188} INFO - [2026-03-12T11:07:20.595+0000] {dag.py:3036} INFO - Sync 1 DAGs
[2026-03-12T11:07:20.614+0000] {logging_mixin.py:188} INFO - [2026-03-12T11:07:20.614+0000] {dag.py:3823} INFO - Setting next_dagrun for example_skip_dag to 2026-03-11 00:00:00+00:00, run_after=2026-03-12 00:00:00+00:00
[2026-03-12T11:07:20.631+0000] {processor.py:183} INFO - Processing /home/airflow/.local/lib/python3.8/site-packages/airflow/example_dags/example_skip_dag.py took 0.069 seconds
[2026-03-12T11:07:51.093+0000] {processor.py:161} INFO - Started process (PID=311) to work on /home/airflow/.local/lib/python3.8/site-packages/airflow/example_dags/example_skip_dag.py
[2026-03-12T11:07:51.094+0000] {processor.py:830} INFO - Processing file /home/airflow/.local/lib/python3.8/site-packages/airflow/example_dags/example_skip_dag.py for tasks to queue
[2026-03-12T11:07:51.096+0000] {logging_mixin.py:188} INFO - [2026-03-12T11:07:51.096+0000] {dagbag.py:538} INFO - Filling up the DagBag from /home/airflow/.local/lib/python3.8/site-packages/airflow/example_dags/example_skip_dag.py
[2026-03-12T11:07:51.102+0000] {processor.py:840} INFO - DAG(s) 'example_skip_dag' retrieved from /home/airflow/.local/lib/python3.8/site-packages/airflow/example_dags/example_skip_dag.py
[2026-03-12T11:07:51.126+0000] {logging_mixin.py:188} INFO - [2026-03-12T11:07:51.126+0000] {dag.py:3036} INFO - Sync 1 DAGs
[2026-03-12T11:07:51.160+0000] {logging_mixin.py:188} INFO - [2026-03-12T11:07:51.160+0000] {dag.py:3823} INFO - Setting next_dagrun for example_skip_dag to 2026-03-11 00:00:00+00:00, run_after=2026-03-12 00:00:00+00:00
[2026-03-12T11:07:51.187+0000] {processor.py:183} INFO - Processing /home/airflow/.local/lib/python3.8/site-packages/airflow/example_dags/example_skip_dag.py took 0.098 seconds
[2026-03-12T11:08:21.362+0000] {processor.py:161} INFO - Started process (PID=366) to work on /home/airflow/.local/lib/python3.8/site-packages/airflow/example_dags/example_skip_dag.py
[2026-03-12T11:08:21.363+0000] {processor.py:830} INFO - Processing file /home/airflow/.local/lib/python3.8/site-packages/airflow/example_dags/example_skip_dag.py for tasks to queue
[2026-03-12T11:08:21.366+0000] {logging_mixin.py:188} INFO - [2026-03-12T11:08:21.366+0000] {dagbag.py:538} INFO - Filling up the DagBag from /home/airflow/.local/lib/python3.8/site-packages/airflow/example_dags/example_skip_dag.py
[2026-03-12T11:08:21.373+0000] {processor.py:840} INFO - DAG(s) 'example_skip_dag' retrieved from /home/airflow/.local/lib/python3.8/site-packages/airflow/example_dags/example_skip_dag.py
[2026-03-12T11:08:21.392+0000] {logging_mixin.py:188} INFO - [2026-03-12T11:08:21.392+0000] {dag.py:3036} INFO - Sync 1 DAGs
[2026-03-12T11:08:21.411+0000] {logging_mixin.py:188} INFO - [2026-03-12T11:08:21.411+0000] {dag.py:3823} INFO - Setting next_dagrun for example_skip_dag to 2026-03-11 00:00:00+00:00, run_after=2026-03-12 00:00:00+00:00
[2026-03-12T11:08:21.434+0000] {processor.py:183} INFO - Processing /home/airflow/.local/lib/python3.8/site-packages/airflow/example_dags/example_skip_dag.py took 0.076 seconds
[2026-03-12T11:08:52.112+0000] {processor.py:161} INFO - Started process (PID=421) to work on /home/airflow/.local/lib/python3.8/site-packages/airflow/example_dags/example_skip_dag.py
[2026-03-12T11:08:52.114+0000] {processor.py:830} INFO - Processing file /home/airflow/.local/lib/python3.8/site-packages/airflow/example_dags/example_skip_dag.py for tasks to queue
[2026-03-12T11:08:52.119+0000] {logging_mixin.py:188} INFO - [2026-03-12T11:08:52.118+0000] {dagbag.py:538} INFO - Filling up the DagBag from /home/airflow/.local/lib/python3.8/site-packages/airflow/example_dags/example_skip_dag.py
[2026-03-12T11:08:52.127+0000] {processor.py:840} INFO - DAG(s) 'example_skip_dag' retrieved from /home/airflow/.local/lib/python3.8/site-packages/airflow/example_dags/example_skip_dag.py
[2026-03-12T11:08:52.156+0000] {logging_mixin.py:188} INFO - [2026-03-12T11:08:52.156+0000] {dag.py:3036} INFO - Sync 1 DAGs
[2026-03-12T11:08:52.177+0000] {logging_mixin.py:188} INFO - [2026-03-12T11:08:52.177+0000] {dag.py:3823} INFO - Setting next_dagrun for example_skip_dag to 2026-03-11 00:00:00+00:00, run_after=2026-03-12 00:00:00+00:00
[2026-03-12T11:08:52.196+0000] {processor.py:183} INFO - Processing /home/airflow/.local/lib/python3.8/site-packages/airflow/example_dags/example_skip_dag.py took 0.088 seconds
[2026-03-12T11:09:22.787+0000] {processor.py:161} INFO - Started process (PID=476) to work on /home/airflow/.local/lib/python3.8/site-packages/airflow/example_dags/example_skip_dag.py
[2026-03-12T11:09:22.790+0000] {processor.py:830} INFO - Processing file /home/airflow/.local/lib/python3.8/site-packages/airflow/example_dags/example_skip_dag.py for tasks to queue
[2026-03-12T11:09:22.793+0000] {logging_mixin.py:188} INFO - [2026-03-12T11:09:22.792+0000] {dagbag.py:538} INFO - Filling up the DagBag from /home/airflow/.local/lib/python3.8/site-packages/airflow/example_dags/example_skip_dag.py
[2026-03-12T11:09:22.799+0000] {processor.py:840} INFO - DAG(s) 'example_skip_dag' retrieved from /home/airflow/.local/lib/python3.8/site-packages/airflow/example_dags/example_skip_dag.py
[2026-03-12T11:09:22.819+0000] {logging_mixin.py:188} INFO - [2026-03-12T11:09:22.819+0000] {dag.py:3036} INFO - Sync 1 DAGs
[2026-03-12T11:09:22.837+0000] {logging_mixin.py:188} INFO - [2026-03-12T11:09:22.837+0000] {dag.py:3823} INFO - Setting next_dagrun for example_skip_dag to 2026-03-11 00:00:00+00:00, run_after=2026-03-12 00:00:00+00:00
[2026-03-12T11:09:22.857+0000] {processor.py:183} INFO - Processing /home/airflow/.local/lib/python3.8/site-packages/airflow/example_dags/example_skip_dag.py took 0.074 seconds
[2026-03-12T11:09:53.883+0000] {processor.py:161} INFO - Started process (PID=531) to work on /home/airflow/.local/lib/python3.8/site-packages/airflow/example_dags/example_skip_dag.py
[2026-03-12T11:09:53.884+0000] {processor.py:830} INFO - Processing file /home/airflow/.local/lib/python3.8/site-packages/airflow/example_dags/example_skip_dag.py for tasks to queue
[2026-03-12T11:09:53.887+0000] {logging_mixin.py:188} INFO - [2026-03-12T11:09:53.886+0000] {dagbag.py:538} INFO - Filling up the DagBag from /home/airflow/.local/lib/python3.8/site-packages/airflow/example_dags/example_skip_dag.py
[2026-03-12T11:09:53.893+0000] {processor.py:840} INFO - DAG(s) 'example_skip_dag' retrieved from /home/airflow/.local/lib/python3.8/site-packages/airflow/example_dags/example_skip_dag.py
[2026-03-12T11:09:53.914+0000] {logging_mixin.py:188} INFO - [2026-03-12T11:09:53.914+0000] {dag.py:3036} INFO - Sync 1 DAGs
[2026-03-12T11:09:53.932+0000] {logging_mixin.py:188} INFO - [2026-03-12T11:09:53.932+0000] {dag.py:3823} INFO - Setting next_dagrun for example_skip_dag to 2026-03-11 00:00:00+00:00, run_after=2026-03-12 00:00:00+00:00
[2026-03-12T11:09:53.950+0000] {processor.py:183} INFO - Processing /home/airflow/.local/lib/python3.8/site-packages/airflow/example_dags/example_skip_dag.py took 0.070 seconds
[2026-03-12T11:10:24.826+0000] {processor.py:161} INFO - Started process (PID=586) to work on /home/airflow/.local/lib/python3.8/site-packages/airflow/example_dags/example_skip_dag.py
[2026-03-12T11:10:24.827+0000] {processor.py:830} INFO - Processing file /home/airflow/.local/lib/python3.8/site-packages/airflow/example_dags/example_skip_dag.py for tasks to queue
[2026-03-12T11:10:24.829+0000] {logging_mixin.py:188} INFO - [2026-03-12T11:10:24.829+0000] {dagbag.py:538} INFO - Filling up the DagBag from /home/airflow/.local/lib/python3.8/site-packages/airflow/example_dags/example_skip_dag.py
[2026-03-12T11:10:24.835+0000] {processor.py:840} INFO - DAG(s) 'example_skip_dag' retrieved from /home/airflow/.local/lib/python3.8/site-packages/airflow/example_dags/example_skip_dag.py
[2026-03-12T11:10:24.857+0000] {logging_mixin.py:188} INFO - [2026-03-12T11:10:24.857+0000] {dag.py:3036} INFO - Sync 1 DAGs
[2026-03-12T11:10:24.881+0000] {logging_mixin.py:188} INFO - [2026-03-12T11:10:24.881+0000] {dag.py:3823} INFO - Setting next_dagrun for example_skip_dag to 2026-03-11 00:00:00+00:00, run_after=2026-03-12 00:00:00+00:00
[2026-03-12T11:10:24.916+0000] {processor.py:183} INFO - Processing /home/airflow/.local/lib/python3.8/site-packages/airflow/example_dags/example_skip_dag.py took 0.093 seconds
[2026-03-12T11:10:55.337+0000] {processor.py:161} INFO - Started process (PID=642) to work on /home/airflow/.local/lib/python3.8/site-packages/airflow/example_dags/example_skip_dag.py
[2026-03-12T11:10:55.338+0000] {processor.py:830} INFO - Processing file /home/airflow/.local/lib/python3.8/site-packages/airflow/example_dags/example_skip_dag.py for tasks to queue
[2026-03-12T11:10:55.340+0000] {logging_mixin.py:188} INFO - [2026-03-12T11:10:55.340+0000] {dagbag.py:538} INFO - Filling up the DagBag from /home/airflow/.local/lib/python3.8/site-packages/airflow/example_dags/example_skip_dag.py
[2026-03-12T11:10:55.346+0000] {processor.py:840} INFO - DAG(s) 'example_skip_dag' retrieved from /home/airflow/.local/lib/python3.8/site-packages/airflow/example_dags/example_skip_dag.py
[2026-03-12T11:10:55.363+0000] {logging_mixin.py:188} INFO - [2026-03-12T11:10:55.363+0000] {dag.py:3036} INFO - Sync 1 DAGs
[2026-03-12T11:10:55.380+0000] {logging_mixin.py:188} INFO - [2026-03-12T11:10:55.380+0000] {dag.py:3823} INFO - Setting next_dagrun for example_skip_dag to 2026-03-11 00:00:00+00:00, run_after=2026-03-12 00:00:00+00:00
[2026-03-12T11:10:55.397+0000] {processor.py:183} INFO - Processing /home/airflow/.local/lib/python3.8/site-packages/airflow/example_dags/example_skip_dag.py took 0.064 seconds
[2026-03-12T11:11:25.615+0000] {processor.py:161} INFO - Started process (PID=698) to work on /home/airflow/.local/lib/python3.8/site-packages/airflow/example_dags/example_skip_dag.py
[2026-03-12T11:11:25.617+0000] {processor.py:830} INFO - Processing file /home/airflow/.local/lib/python3.8/site-packages/airflow/example_dags/example_skip_dag.py for tasks to queue
[2026-03-12T11:11:25.620+0000] {logging_mixin.py:188} INFO - [2026-03-12T11:11:25.619+0000] {dagbag.py:538} INFO - Filling up the DagBag from /home/airflow/.local/lib/python3.8/site-packages/airflow/example_dags/example_skip_dag.py
[2026-03-12T11:11:25.626+0000] {processor.py:840} INFO - DAG(s) 'example_skip_dag' retrieved from /home/airflow/.local/lib/python3.8/site-packages/airflow/example_dags/example_skip_dag.py
[2026-03-12T11:11:25.646+0000] {logging_mixin.py:188} INFO - [2026-03-12T11:11:25.645+0000] {dag.py:3036} INFO - Sync 1 DAGs
[2026-03-12T11:11:25.665+0000] {logging_mixin.py:188} INFO - [2026-03-12T11:11:25.664+0000] {dag.py:3823} INFO - Setting next_dagrun for example_skip_dag to 2026-03-11 00:00:00+00:00, run_after=2026-03-12 00:00:00+00:00
[2026-03-12T11:11:25.680+0000] {processor.py:183} INFO - Processing /home/airflow/.local/lib/python3.8/site-packages/airflow/example_dags/example_skip_dag.py took 0.068 seconds
[2026-03-12T11:11:55.764+0000] {processor.py:161} INFO - Started process (PID=755) to work on /home/airflow/.local/lib/python3.8/site-packages/airflow/example_dags/example_skip_dag.py
[2026-03-12T11:11:55.766+0000] {processor.py:830} INFO - Processing file /home/airflow/.local/lib/python3.8/site-packages/airflow/example_dags/example_skip_dag.py for tasks to queue
[2026-03-12T11:11:55.768+0000] {logging_mixin.py:188} INFO - [2026-03-12T11:11:55.768+0000] {dagbag.py:538} INFO - Filling up the DagBag from /home/airflow/.local/lib/python3.8/site-packages/airflow/example_dags/example_skip_dag.py
[2026-03-12T11:11:55.776+0000] {processor.py:840} INFO - DAG(s) 'example_skip_dag' retrieved from /home/airflow/.local/lib/python3.8/site-packages/airflow/example_dags/example_skip_dag.py
[2026-03-12T11:11:55.799+0000] {logging_mixin.py:188} INFO - [2026-03-12T11:11:55.799+0000] {dag.py:3036} INFO - Sync 1 DAGs
[2026-03-12T11:11:55.818+0000] {logging_mixin.py:188} INFO - [2026-03-12T11:11:55.818+0000] {dag.py:3823} INFO - Setting next_dagrun for example_skip_dag to 2026-03-11 00:00:00+00:00, run_after=2026-03-12 00:00:00+00:00
[2026-03-12T11:11:55.838+0000] {processor.py:183} INFO - Processing /home/airflow/.local/lib/python3.8/site-packages/airflow/example_dags/example_skip_dag.py took 0.078 seconds
[2026-03-12T11:12:26.295+0000] {processor.py:161} INFO - Started process (PID=811) to work on /home/airflow/.local/lib/python3.8/site-packages/airflow/example_dags/example_skip_dag.py
[2026-03-12T11:12:26.297+0000] {processor.py:830} INFO - Processing file /home/airflow/.local/lib/python3.8/site-packages/airflow/example_dags/example_skip_dag.py for tasks to queue
[2026-03-12T11:12:26.299+0000] {logging_mixin.py:188} INFO - [2026-03-12T11:12:26.298+0000] {dagbag.py:538} INFO - Filling up the DagBag from /home/airflow/.local/lib/python3.8/site-packages/airflow/example_dags/example_skip_dag.py
[2026-03-12T11:12:26.304+0000] {processor.py:840} INFO - DAG(s) 'example_skip_dag' retrieved from /home/airflow/.local/lib/python3.8/site-packages/airflow/example_dags/example_skip_dag.py
[2026-03-12T11:12:26.322+0000] {logging_mixin.py:188} INFO - [2026-03-12T11:12:26.321+0000] {dag.py:3036} INFO - Sync 1 DAGs
[2026-03-12T11:12:26.338+0000] {logging_mixin.py:188} INFO - [2026-03-12T11:12:26.338+0000] {dag.py:3823} INFO - Setting next_dagrun for example_skip_dag to 2026-03-11 00:00:00+00:00, run_after=2026-03-12 00:00:00+00:00
[2026-03-12T11:12:26.357+0000] {processor.py:183} INFO - Processing /home/airflow/.local/lib/python3.8/site-packages/airflow/example_dags/example_skip_dag.py took 0.064 seconds
[2026-03-12T11:12:57.072+0000] {processor.py:161} INFO - Started process (PID=867) to work on /home/airflow/.local/lib/python3.8/site-packages/airflow/example_dags/example_skip_dag.py
[2026-03-12T11:12:57.073+0000] {processor.py:830} INFO - Processing file /home/airflow/.local/lib/python3.8/site-packages/airflow/example_dags/example_skip_dag.py for tasks to queue
[2026-03-12T11:12:57.077+0000] {logging_mixin.py:188} INFO - [2026-03-12T11:12:57.076+0000] {dagbag.py:538} INFO - Filling up the DagBag from /home/airflow/.local/lib/python3.8/site-packages/airflow/example_dags/example_skip_dag.py
[2026-03-12T11:12:57.085+0000] {processor.py:840} INFO - DAG(s) 'example_skip_dag' retrieved from /home/airflow/.local/lib/python3.8/site-packages/airflow/example_dags/example_skip_dag.py
[2026-03-12T11:12:57.113+0000] {logging_mixin.py:188} INFO - [2026-03-12T11:12:57.113+0000] {dag.py:3036} INFO - Sync 1 DAGs
[2026-03-12T11:12:57.138+0000] {logging_mixin.py:188} INFO - [2026-03-12T11:12:57.138+0000] {dag.py:3823} INFO - Setting next_dagrun for example_skip_dag to 2026-03-11 00:00:00+00:00, run_after=2026-03-12 00:00:00+00:00
[2026-03-12T11:12:57.167+0000] {processor.py:183} INFO - Processing /home/airflow/.local/lib/python3.8/site-packages/airflow/example_dags/example_skip_dag.py took 0.100 seconds
[2026-03-12T11:13:27.337+0000] {processor.py:161} INFO - Started process (PID=923) to work on /home/airflow/.local/lib/python3.8/site-packages/airflow/example_dags/example_skip_dag.py
[2026-03-12T11:13:27.339+0000] {processor.py:830} INFO - Processing file /home/airflow/.local/lib/python3.8/site-packages/airflow/example_dags/example_skip_dag.py for tasks to queue
[2026-03-12T11:13:27.341+0000] {logging_mixin.py:188} INFO - [2026-03-12T11:13:27.340+0000] {dagbag.py:538} INFO - Filling up the DagBag from /home/airflow/.local/lib/python3.8/site-packages/airflow/example_dags/example_skip_dag.py
[2026-03-12T11:13:27.347+0000] {processor.py:840} INFO - DAG(s) 'example_skip_dag' retrieved from /home/airflow/.local/lib/python3.8/site-packages/airflow/example_dags/example_skip_dag.py
[2026-03-12T11:13:27.366+0000] {logging_mixin.py:188} INFO - [2026-03-12T11:13:27.366+0000] {dag.py:3036} INFO - Sync 1 DAGs
[2026-03-12T11:13:27.384+0000] {logging_mixin.py:188} INFO - [2026-03-12T11:13:27.384+0000] {dag.py:3823} INFO - Setting next_dagrun for example_skip_dag to 2026-03-11 00:00:00+00:00, run_after=2026-03-12 00:00:00+00:00
[2026-03-12T11:13:27.407+0000] {processor.py:183} INFO - Processing /home/airflow/.local/lib/python3.8/site-packages/airflow/example_dags/example_skip_dag.py took 0.073 seconds
[2026-03-12T11:13:57.565+0000] {processor.py:161} INFO - Started process (PID=979) to work on /home/airflow/.local/lib/python3.8/site-packages/airflow/example_dags/example_skip_dag.py
[2026-03-12T11:13:57.567+0000] {processor.py:830} INFO - Processing file /home/airflow/.local/lib/python3.8/site-packages/airflow/example_dags/example_skip_dag.py for tasks to queue
[2026-03-12T11:13:57.569+0000] {logging_mixin.py:188} INFO - [2026-03-12T11:13:57.568+0000] {dagbag.py:538} INFO - Filling up the DagBag from /home/airflow/.local/lib/python3.8/site-packages/airflow/example_dags/example_skip_dag.py
[2026-03-12T11:13:57.575+0000] {processor.py:840} INFO - DAG(s) 'example_skip_dag' retrieved from /home/airflow/.local/lib/python3.8/site-packages/airflow/example_dags/example_skip_dag.py
[2026-03-12T11:13:57.601+0000] {logging_mixin.py:188} INFO - [2026-03-12T11:13:57.600+0000] {dag.py:3036} INFO - Sync 1 DAGs
[2026-03-12T11:13:57.624+0000] {logging_mixin.py:188} INFO - [2026-03-12T11:13:57.624+0000] {dag.py:3823} INFO - Setting next_dagrun for example_skip_dag to 2026-03-11 00:00:00+00:00, run_after=2026-03-12 00:00:00+00:00
[2026-03-12T11:13:57.646+0000] {processor.py:183} INFO - Processing /home/airflow/.local/lib/python3.8/site-packages/airflow/example_dags/example_skip_dag.py took 0.085 seconds
[2026-03-12T11:14:28.176+0000] {processor.py:161} INFO - Started process (PID=1035) to work on /home/airflow/.local/lib/python3.8/site-packages/airflow/example_dags/example_skip_dag.py
[2026-03-12T11:14:28.177+0000] {processor.py:830} INFO - Processing file /home/airflow/.local/lib/python3.8/site-packages/airflow/example_dags/example_skip_dag.py for tasks to queue
[2026-03-12T11:14:28.180+0000] {logging_mixin.py:188} INFO - [2026-03-12T11:14:28.179+0000] {dagbag.py:538} INFO - Filling up the DagBag from /home/airflow/.local/lib/python3.8/site-packages/airflow/example_dags/example_skip_dag.py
[2026-03-12T11:14:28.185+0000] {processor.py:840} INFO - DAG(s) 'example_skip_dag' retrieved from /home/airflow/.local/lib/python3.8/site-packages/airflow/example_dags/example_skip_dag.py
[2026-03-12T11:14:28.205+0000] {logging_mixin.py:188} INFO - [2026-03-12T11:14:28.205+0000] {dag.py:3036} INFO - Sync 1 DAGs
[2026-03-12T11:14:28.223+0000] {logging_mixin.py:188} INFO - [2026-03-12T11:14:28.223+0000] {dag.py:3823} INFO - Setting next_dagrun for example_skip_dag to 2026-03-11 00:00:00+00:00, run_after=2026-03-12 00:00:00+00:00
[2026-03-12T11:14:28.238+0000] {processor.py:183} INFO - Processing /home/airflow/.local/lib/python3.8/site-packages/airflow/example_dags/example_skip_dag.py took 0.065 seconds
[2026-03-12T11:14:58.356+0000] {processor.py:161} INFO - Started process (PID=1091) to work on /home/airflow/.local/lib/python3.8/site-packages/airflow/example_dags/example_skip_dag.py
[2026-03-12T11:14:58.357+0000] {processor.py:830} INFO - Processing file /home/airflow/.local/lib/python3.8/site-packages/airflow/example_dags/example_skip_dag.py for tasks to queue
[2026-03-12T11:14:58.359+0000] {logging_mixin.py:188} INFO - [2026-03-12T11:14:58.359+0000] {dagbag.py:538} INFO - Filling up the DagBag from /home/airflow/.local/lib/python3.8/site-packages/airflow/example_dags/example_skip_dag.py
[2026-03-12T11:14:58.365+0000] {processor.py:840} INFO - DAG(s) 'example_skip_dag' retrieved from /home/airflow/.local/lib/python3.8/site-packages/airflow/example_dags/example_skip_dag.py
[2026-03-12T11:14:58.382+0000] {logging_mixin.py:188} INFO - [2026-03-12T11:14:58.382+0000] {dag.py:3036} INFO - Sync 1 DAGs
[2026-03-12T11:14:58.399+0000] {logging_mixin.py:188} INFO - [2026-03-12T11:14:58.399+0000] {dag.py:3823} INFO - Setting next_dagrun for example_skip_dag to 2026-03-11 00:00:00+00:00, run_after=2026-03-12 00:00:00+00:00
[2026-03-12T11:14:58.414+0000] {processor.py:183} INFO - Processing /home/airflow/.local/lib/python3.8/site-packages/airflow/example_dags/example_skip_dag.py took 0.061 seconds
[2026-03-12T11:15:28.739+0000] {processor.py:161} INFO - Started process (PID=1147) to work on /home/airflow/.local/lib/python3.8/site-packages/airflow/example_dags/example_skip_dag.py
[2026-03-12T11:15:28.740+0000] {processor.py:830} INFO - Processing file /home/airflow/.local/lib/python3.8/site-packages/airflow/example_dags/example_skip_dag.py for tasks to queue
[2026-03-12T11:15:28.743+0000] {logging_mixin.py:188} INFO - [2026-03-12T11:15:28.742+0000] {dagbag.py:538} INFO - Filling up the DagBag from /home/airflow/.local/lib/python3.8/site-packages/airflow/example_dags/example_skip_dag.py
[2026-03-12T11:15:28.749+0000] {processor.py:840} INFO - DAG(s) 'example_skip_dag' retrieved from /home/airflow/.local/lib/python3.8/site-packages/airflow/example_dags/example_skip_dag.py
[2026-03-12T11:15:28.771+0000] {logging_mixin.py:188} INFO - [2026-03-12T11:15:28.770+0000] {dag.py:3036} INFO - Sync 1 DAGs
[2026-03-12T11:15:28.793+0000] {logging_mixin.py:188} INFO - [2026-03-12T11:15:28.793+0000] {dag.py:3823} INFO - Setting next_dagrun for example_skip_dag to 2026-03-11 00:00:00+00:00, run_after=2026-03-12 00:00:00+00:00
[2026-03-12T11:15:28.811+0000] {processor.py:183} INFO - Processing /home/airflow/.local/lib/python3.8/site-packages/airflow/example_dags/example_skip_dag.py took 0.076 seconds
