[2026-03-12T11:05:46.116+0000] {processor.py:161} INFO - Started process (PID=64) to work on /home/airflow/.local/lib/python3.8/site-packages/airflow/example_dags/example_sensors.py
[2026-03-12T11:05:46.122+0000] {processor.py:830} INFO - Processing file /home/airflow/.local/lib/python3.8/site-packages/airflow/example_dags/example_sensors.py for tasks to queue
[2026-03-12T11:05:46.138+0000] {logging_mixin.py:188} INFO - [2026-03-12T11:05:46.136+0000] {dagbag.py:538} INFO - Filling up the DagBag from /home/airflow/.local/lib/python3.8/site-packages/airflow/example_dags/example_sensors.py
[2026-03-12T11:05:46.190+0000] {processor.py:840} INFO - DAG(s) 'example_sensors' retrieved from /home/airflow/.local/lib/python3.8/site-packages/airflow/example_dags/example_sensors.py
[2026-03-12T11:05:46.220+0000] {logging_mixin.py:188} INFO - [2026-03-12T11:05:46.220+0000] {dag.py:3036} INFO - Sync 1 DAGs
[2026-03-12T11:05:46.273+0000] {logging_mixin.py:188} INFO - [2026-03-12T11:05:46.273+0000] {dag.py:3823} INFO - Setting next_dagrun for example_sensors to None, run_after=None
[2026-03-12T11:05:46.322+0000] {processor.py:183} INFO - Processing /home/airflow/.local/lib/python3.8/site-packages/airflow/example_dags/example_sensors.py took 0.235 seconds
[2026-03-12T11:06:16.684+0000] {processor.py:161} INFO - Started process (PID=119) to work on /home/airflow/.local/lib/python3.8/site-packages/airflow/example_dags/example_sensors.py
[2026-03-12T11:06:16.687+0000] {processor.py:830} INFO - Processing file /home/airflow/.local/lib/python3.8/site-packages/airflow/example_dags/example_sensors.py for tasks to queue
[2026-03-12T11:06:16.691+0000] {logging_mixin.py:188} INFO - [2026-03-12T11:06:16.691+0000] {dagbag.py:538} INFO - Filling up the DagBag from /home/airflow/.local/lib/python3.8/site-packages/airflow/example_dags/example_sensors.py
[2026-03-12T11:06:16.700+0000] {processor.py:840} INFO - DAG(s) 'example_sensors' retrieved from /home/airflow/.local/lib/python3.8/site-packages/airflow/example_dags/example_sensors.py
[2026-03-12T11:06:16.790+0000] {logging_mixin.py:188} INFO - [2026-03-12T11:06:16.790+0000] {dag.py:3036} INFO - Sync 1 DAGs
[2026-03-12T11:06:16.801+0000] {logging_mixin.py:188} INFO - [2026-03-12T11:06:16.801+0000] {dag.py:3823} INFO - Setting next_dagrun for example_sensors to None, run_after=None
[2026-03-12T11:06:16.826+0000] {processor.py:183} INFO - Processing /home/airflow/.local/lib/python3.8/site-packages/airflow/example_dags/example_sensors.py took 0.144 seconds
[2026-03-12T11:06:47.230+0000] {processor.py:161} INFO - Started process (PID=174) to work on /home/airflow/.local/lib/python3.8/site-packages/airflow/example_dags/example_sensors.py
[2026-03-12T11:06:47.232+0000] {processor.py:830} INFO - Processing file /home/airflow/.local/lib/python3.8/site-packages/airflow/example_dags/example_sensors.py for tasks to queue
[2026-03-12T11:06:47.234+0000] {logging_mixin.py:188} INFO - [2026-03-12T11:06:47.234+0000] {dagbag.py:538} INFO - Filling up the DagBag from /home/airflow/.local/lib/python3.8/site-packages/airflow/example_dags/example_sensors.py
[2026-03-12T11:06:47.245+0000] {processor.py:840} INFO - DAG(s) 'example_sensors' retrieved from /home/airflow/.local/lib/python3.8/site-packages/airflow/example_dags/example_sensors.py
[2026-03-12T11:06:47.271+0000] {logging_mixin.py:188} INFO - [2026-03-12T11:06:47.271+0000] {dag.py:3036} INFO - Sync 1 DAGs
[2026-03-12T11:06:47.283+0000] {logging_mixin.py:188} INFO - [2026-03-12T11:06:47.283+0000] {dag.py:3823} INFO - Setting next_dagrun for example_sensors to None, run_after=None
[2026-03-12T11:06:47.308+0000] {processor.py:183} INFO - Processing /home/airflow/.local/lib/python3.8/site-packages/airflow/example_dags/example_sensors.py took 0.081 seconds
[2026-03-12T11:07:17.449+0000] {processor.py:161} INFO - Started process (PID=229) to work on /home/airflow/.local/lib/python3.8/site-packages/airflow/example_dags/example_sensors.py
[2026-03-12T11:07:17.450+0000] {processor.py:830} INFO - Processing file /home/airflow/.local/lib/python3.8/site-packages/airflow/example_dags/example_sensors.py for tasks to queue
[2026-03-12T11:07:17.453+0000] {logging_mixin.py:188} INFO - [2026-03-12T11:07:17.453+0000] {dagbag.py:538} INFO - Filling up the DagBag from /home/airflow/.local/lib/python3.8/site-packages/airflow/example_dags/example_sensors.py
[2026-03-12T11:07:17.461+0000] {processor.py:840} INFO - DAG(s) 'example_sensors' retrieved from /home/airflow/.local/lib/python3.8/site-packages/airflow/example_dags/example_sensors.py
[2026-03-12T11:07:17.485+0000] {logging_mixin.py:188} INFO - [2026-03-12T11:07:17.485+0000] {dag.py:3036} INFO - Sync 1 DAGs
[2026-03-12T11:07:17.495+0000] {logging_mixin.py:188} INFO - [2026-03-12T11:07:17.495+0000] {dag.py:3823} INFO - Setting next_dagrun for example_sensors to None, run_after=None
[2026-03-12T11:07:17.513+0000] {processor.py:183} INFO - Processing /home/airflow/.local/lib/python3.8/site-packages/airflow/example_dags/example_sensors.py took 0.068 seconds
[2026-03-12T11:07:47.684+0000] {processor.py:161} INFO - Started process (PID=284) to work on /home/airflow/.local/lib/python3.8/site-packages/airflow/example_dags/example_sensors.py
[2026-03-12T11:07:47.685+0000] {processor.py:830} INFO - Processing file /home/airflow/.local/lib/python3.8/site-packages/airflow/example_dags/example_sensors.py for tasks to queue
[2026-03-12T11:07:47.684+0000] {logging_mixin.py:188} INFO - [2026-03-12T11:07:47.683+0000] {dagbag.py:538} INFO - Filling up the DagBag from /home/airflow/.local/lib/python3.8/site-packages/airflow/example_dags/example_sensors.py
[2026-03-12T11:07:47.692+0000] {processor.py:840} INFO - DAG(s) 'example_sensors' retrieved from /home/airflow/.local/lib/python3.8/site-packages/airflow/example_dags/example_sensors.py
[2026-03-12T11:07:47.712+0000] {logging_mixin.py:188} INFO - [2026-03-12T11:07:47.712+0000] {dag.py:3036} INFO - Sync 1 DAGs
[2026-03-12T11:07:47.722+0000] {logging_mixin.py:188} INFO - [2026-03-12T11:07:47.721+0000] {dag.py:3823} INFO - Setting next_dagrun for example_sensors to None, run_after=None
[2026-03-12T11:07:47.737+0000] {processor.py:183} INFO - Processing /home/airflow/.local/lib/python3.8/site-packages/airflow/example_dags/example_sensors.py took 0.061 seconds
[2026-03-12T11:08:18.056+0000] {processor.py:161} INFO - Started process (PID=339) to work on /home/airflow/.local/lib/python3.8/site-packages/airflow/example_dags/example_sensors.py
[2026-03-12T11:08:18.058+0000] {processor.py:830} INFO - Processing file /home/airflow/.local/lib/python3.8/site-packages/airflow/example_dags/example_sensors.py for tasks to queue
[2026-03-12T11:08:18.061+0000] {logging_mixin.py:188} INFO - [2026-03-12T11:08:18.060+0000] {dagbag.py:538} INFO - Filling up the DagBag from /home/airflow/.local/lib/python3.8/site-packages/airflow/example_dags/example_sensors.py
[2026-03-12T11:08:18.070+0000] {processor.py:840} INFO - DAG(s) 'example_sensors' retrieved from /home/airflow/.local/lib/python3.8/site-packages/airflow/example_dags/example_sensors.py
[2026-03-12T11:08:18.100+0000] {logging_mixin.py:188} INFO - [2026-03-12T11:08:18.099+0000] {dag.py:3036} INFO - Sync 1 DAGs
[2026-03-12T11:08:18.118+0000] {logging_mixin.py:188} INFO - [2026-03-12T11:08:18.117+0000] {dag.py:3823} INFO - Setting next_dagrun for example_sensors to None, run_after=None
[2026-03-12T11:08:18.146+0000] {processor.py:183} INFO - Processing /home/airflow/.local/lib/python3.8/site-packages/airflow/example_dags/example_sensors.py took 0.093 seconds
[2026-03-12T11:08:48.605+0000] {processor.py:161} INFO - Started process (PID=400) to work on /home/airflow/.local/lib/python3.8/site-packages/airflow/example_dags/example_sensors.py
[2026-03-12T11:08:48.607+0000] {processor.py:830} INFO - Processing file /home/airflow/.local/lib/python3.8/site-packages/airflow/example_dags/example_sensors.py for tasks to queue
[2026-03-12T11:08:48.611+0000] {logging_mixin.py:188} INFO - [2026-03-12T11:08:48.611+0000] {dagbag.py:538} INFO - Filling up the DagBag from /home/airflow/.local/lib/python3.8/site-packages/airflow/example_dags/example_sensors.py
[2026-03-12T11:08:48.624+0000] {processor.py:840} INFO - DAG(s) 'example_sensors' retrieved from /home/airflow/.local/lib/python3.8/site-packages/airflow/example_dags/example_sensors.py
[2026-03-12T11:08:48.654+0000] {logging_mixin.py:188} INFO - [2026-03-12T11:08:48.654+0000] {dag.py:3036} INFO - Sync 1 DAGs
[2026-03-12T11:08:48.666+0000] {logging_mixin.py:188} INFO - [2026-03-12T11:08:48.665+0000] {dag.py:3823} INFO - Setting next_dagrun for example_sensors to None, run_after=None
[2026-03-12T11:08:48.689+0000] {processor.py:183} INFO - Processing /home/airflow/.local/lib/python3.8/site-packages/airflow/example_dags/example_sensors.py took 0.089 seconds
[2026-03-12T11:09:19.423+0000] {processor.py:161} INFO - Started process (PID=455) to work on /home/airflow/.local/lib/python3.8/site-packages/airflow/example_dags/example_sensors.py
[2026-03-12T11:09:19.425+0000] {processor.py:830} INFO - Processing file /home/airflow/.local/lib/python3.8/site-packages/airflow/example_dags/example_sensors.py for tasks to queue
[2026-03-12T11:09:19.427+0000] {logging_mixin.py:188} INFO - [2026-03-12T11:09:19.426+0000] {dagbag.py:538} INFO - Filling up the DagBag from /home/airflow/.local/lib/python3.8/site-packages/airflow/example_dags/example_sensors.py
[2026-03-12T11:09:19.434+0000] {processor.py:840} INFO - DAG(s) 'example_sensors' retrieved from /home/airflow/.local/lib/python3.8/site-packages/airflow/example_dags/example_sensors.py
[2026-03-12T11:09:19.456+0000] {logging_mixin.py:188} INFO - [2026-03-12T11:09:19.456+0000] {dag.py:3036} INFO - Sync 1 DAGs
[2026-03-12T11:09:19.466+0000] {logging_mixin.py:188} INFO - [2026-03-12T11:09:19.466+0000] {dag.py:3823} INFO - Setting next_dagrun for example_sensors to None, run_after=None
[2026-03-12T11:09:19.485+0000] {processor.py:183} INFO - Processing /home/airflow/.local/lib/python3.8/site-packages/airflow/example_dags/example_sensors.py took 0.065 seconds
[2026-03-12T11:09:50.307+0000] {processor.py:161} INFO - Started process (PID=510) to work on /home/airflow/.local/lib/python3.8/site-packages/airflow/example_dags/example_sensors.py
[2026-03-12T11:09:50.308+0000] {processor.py:830} INFO - Processing file /home/airflow/.local/lib/python3.8/site-packages/airflow/example_dags/example_sensors.py for tasks to queue
[2026-03-12T11:09:50.311+0000] {logging_mixin.py:188} INFO - [2026-03-12T11:09:50.310+0000] {dagbag.py:538} INFO - Filling up the DagBag from /home/airflow/.local/lib/python3.8/site-packages/airflow/example_dags/example_sensors.py
[2026-03-12T11:09:50.319+0000] {processor.py:840} INFO - DAG(s) 'example_sensors' retrieved from /home/airflow/.local/lib/python3.8/site-packages/airflow/example_dags/example_sensors.py
[2026-03-12T11:09:50.344+0000] {logging_mixin.py:188} INFO - [2026-03-12T11:09:50.344+0000] {dag.py:3036} INFO - Sync 1 DAGs
[2026-03-12T11:09:50.356+0000] {logging_mixin.py:188} INFO - [2026-03-12T11:09:50.356+0000] {dag.py:3823} INFO - Setting next_dagrun for example_sensors to None, run_after=None
[2026-03-12T11:09:50.378+0000] {processor.py:183} INFO - Processing /home/airflow/.local/lib/python3.8/site-packages/airflow/example_dags/example_sensors.py took 0.075 seconds
[2026-03-12T11:10:20.654+0000] {processor.py:161} INFO - Started process (PID=565) to work on /home/airflow/.local/lib/python3.8/site-packages/airflow/example_dags/example_sensors.py
[2026-03-12T11:10:20.656+0000] {processor.py:830} INFO - Processing file /home/airflow/.local/lib/python3.8/site-packages/airflow/example_dags/example_sensors.py for tasks to queue
[2026-03-12T11:10:20.658+0000] {logging_mixin.py:188} INFO - [2026-03-12T11:10:20.658+0000] {dagbag.py:538} INFO - Filling up the DagBag from /home/airflow/.local/lib/python3.8/site-packages/airflow/example_dags/example_sensors.py
[2026-03-12T11:10:20.665+0000] {processor.py:840} INFO - DAG(s) 'example_sensors' retrieved from /home/airflow/.local/lib/python3.8/site-packages/airflow/example_dags/example_sensors.py
[2026-03-12T11:10:20.686+0000] {logging_mixin.py:188} INFO - [2026-03-12T11:10:20.686+0000] {dag.py:3036} INFO - Sync 1 DAGs
[2026-03-12T11:10:20.695+0000] {logging_mixin.py:188} INFO - [2026-03-12T11:10:20.695+0000] {dag.py:3823} INFO - Setting next_dagrun for example_sensors to None, run_after=None
[2026-03-12T11:10:20.713+0000] {processor.py:183} INFO - Processing /home/airflow/.local/lib/python3.8/site-packages/airflow/example_dags/example_sensors.py took 0.062 seconds
[2026-03-12T11:10:50.823+0000] {processor.py:161} INFO - Started process (PID=621) to work on /home/airflow/.local/lib/python3.8/site-packages/airflow/example_dags/example_sensors.py
[2026-03-12T11:10:50.824+0000] {processor.py:830} INFO - Processing file /home/airflow/.local/lib/python3.8/site-packages/airflow/example_dags/example_sensors.py for tasks to queue
[2026-03-12T11:10:50.826+0000] {logging_mixin.py:188} INFO - [2026-03-12T11:10:50.826+0000] {dagbag.py:538} INFO - Filling up the DagBag from /home/airflow/.local/lib/python3.8/site-packages/airflow/example_dags/example_sensors.py
[2026-03-12T11:10:50.834+0000] {processor.py:840} INFO - DAG(s) 'example_sensors' retrieved from /home/airflow/.local/lib/python3.8/site-packages/airflow/example_dags/example_sensors.py
[2026-03-12T11:10:50.856+0000] {logging_mixin.py:188} INFO - [2026-03-12T11:10:50.856+0000] {dag.py:3036} INFO - Sync 1 DAGs
[2026-03-12T11:10:50.866+0000] {logging_mixin.py:188} INFO - [2026-03-12T11:10:50.866+0000] {dag.py:3823} INFO - Setting next_dagrun for example_sensors to None, run_after=None
[2026-03-12T11:10:50.891+0000] {processor.py:183} INFO - Processing /home/airflow/.local/lib/python3.8/site-packages/airflow/example_dags/example_sensors.py took 0.071 seconds
[2026-03-12T11:11:20.977+0000] {processor.py:161} INFO - Started process (PID=676) to work on /home/airflow/.local/lib/python3.8/site-packages/airflow/example_dags/example_sensors.py
[2026-03-12T11:11:20.978+0000] {processor.py:830} INFO - Processing file /home/airflow/.local/lib/python3.8/site-packages/airflow/example_dags/example_sensors.py for tasks to queue
[2026-03-12T11:11:20.980+0000] {logging_mixin.py:188} INFO - [2026-03-12T11:11:20.979+0000] {dagbag.py:538} INFO - Filling up the DagBag from /home/airflow/.local/lib/python3.8/site-packages/airflow/example_dags/example_sensors.py
[2026-03-12T11:11:20.987+0000] {processor.py:840} INFO - DAG(s) 'example_sensors' retrieved from /home/airflow/.local/lib/python3.8/site-packages/airflow/example_dags/example_sensors.py
[2026-03-12T11:11:21.008+0000] {logging_mixin.py:188} INFO - [2026-03-12T11:11:21.008+0000] {dag.py:3036} INFO - Sync 1 DAGs
[2026-03-12T11:11:21.029+0000] {logging_mixin.py:188} INFO - [2026-03-12T11:11:21.028+0000] {dag.py:3823} INFO - Setting next_dagrun for example_sensors to None, run_after=None
[2026-03-12T11:11:21.060+0000] {processor.py:183} INFO - Processing /home/airflow/.local/lib/python3.8/site-packages/airflow/example_dags/example_sensors.py took 0.086 seconds
[2026-03-12T11:11:51.590+0000] {processor.py:161} INFO - Started process (PID=734) to work on /home/airflow/.local/lib/python3.8/site-packages/airflow/example_dags/example_sensors.py
[2026-03-12T11:11:51.591+0000] {processor.py:830} INFO - Processing file /home/airflow/.local/lib/python3.8/site-packages/airflow/example_dags/example_sensors.py for tasks to queue
[2026-03-12T11:11:51.593+0000] {logging_mixin.py:188} INFO - [2026-03-12T11:11:51.593+0000] {dagbag.py:538} INFO - Filling up the DagBag from /home/airflow/.local/lib/python3.8/site-packages/airflow/example_dags/example_sensors.py
[2026-03-12T11:11:51.601+0000] {processor.py:840} INFO - DAG(s) 'example_sensors' retrieved from /home/airflow/.local/lib/python3.8/site-packages/airflow/example_dags/example_sensors.py
[2026-03-12T11:11:51.623+0000] {logging_mixin.py:188} INFO - [2026-03-12T11:11:51.623+0000] {dag.py:3036} INFO - Sync 1 DAGs
[2026-03-12T11:11:51.633+0000] {logging_mixin.py:188} INFO - [2026-03-12T11:11:51.633+0000] {dag.py:3823} INFO - Setting next_dagrun for example_sensors to None, run_after=None
[2026-03-12T11:11:51.654+0000] {processor.py:183} INFO - Processing /home/airflow/.local/lib/python3.8/site-packages/airflow/example_dags/example_sensors.py took 0.067 seconds
[2026-03-12T11:12:22.032+0000] {processor.py:161} INFO - Started process (PID=790) to work on /home/airflow/.local/lib/python3.8/site-packages/airflow/example_dags/example_sensors.py
[2026-03-12T11:12:22.035+0000] {processor.py:830} INFO - Processing file /home/airflow/.local/lib/python3.8/site-packages/airflow/example_dags/example_sensors.py for tasks to queue
[2026-03-12T11:12:22.037+0000] {logging_mixin.py:188} INFO - [2026-03-12T11:12:22.037+0000] {dagbag.py:538} INFO - Filling up the DagBag from /home/airflow/.local/lib/python3.8/site-packages/airflow/example_dags/example_sensors.py
[2026-03-12T11:12:22.044+0000] {processor.py:840} INFO - DAG(s) 'example_sensors' retrieved from /home/airflow/.local/lib/python3.8/site-packages/airflow/example_dags/example_sensors.py
[2026-03-12T11:12:22.063+0000] {logging_mixin.py:188} INFO - [2026-03-12T11:12:22.063+0000] {dag.py:3036} INFO - Sync 1 DAGs
[2026-03-12T11:12:22.072+0000] {logging_mixin.py:188} INFO - [2026-03-12T11:12:22.072+0000] {dag.py:3823} INFO - Setting next_dagrun for example_sensors to None, run_after=None
[2026-03-12T11:12:22.095+0000] {processor.py:183} INFO - Processing /home/airflow/.local/lib/python3.8/site-packages/airflow/example_dags/example_sensors.py took 0.065 seconds
[2026-03-12T11:12:52.791+0000] {processor.py:161} INFO - Started process (PID=846) to work on /home/airflow/.local/lib/python3.8/site-packages/airflow/example_dags/example_sensors.py
[2026-03-12T11:12:52.793+0000] {processor.py:830} INFO - Processing file /home/airflow/.local/lib/python3.8/site-packages/airflow/example_dags/example_sensors.py for tasks to queue
[2026-03-12T11:12:52.795+0000] {logging_mixin.py:188} INFO - [2026-03-12T11:12:52.795+0000] {dagbag.py:538} INFO - Filling up the DagBag from /home/airflow/.local/lib/python3.8/site-packages/airflow/example_dags/example_sensors.py
[2026-03-12T11:12:52.802+0000] {processor.py:840} INFO - DAG(s) 'example_sensors' retrieved from /home/airflow/.local/lib/python3.8/site-packages/airflow/example_dags/example_sensors.py
[2026-03-12T11:12:52.824+0000] {logging_mixin.py:188} INFO - [2026-03-12T11:12:52.824+0000] {dag.py:3036} INFO - Sync 1 DAGs
[2026-03-12T11:12:52.834+0000] {logging_mixin.py:188} INFO - [2026-03-12T11:12:52.833+0000] {dag.py:3823} INFO - Setting next_dagrun for example_sensors to None, run_after=None
[2026-03-12T11:12:52.859+0000] {processor.py:183} INFO - Processing /home/airflow/.local/lib/python3.8/site-packages/airflow/example_dags/example_sensors.py took 0.070 seconds
[2026-03-12T11:13:22.912+0000] {processor.py:161} INFO - Started process (PID=901) to work on /home/airflow/.local/lib/python3.8/site-packages/airflow/example_dags/example_sensors.py
[2026-03-12T11:13:22.914+0000] {processor.py:830} INFO - Processing file /home/airflow/.local/lib/python3.8/site-packages/airflow/example_dags/example_sensors.py for tasks to queue
[2026-03-12T11:13:22.917+0000] {logging_mixin.py:188} INFO - [2026-03-12T11:13:22.916+0000] {dagbag.py:538} INFO - Filling up the DagBag from /home/airflow/.local/lib/python3.8/site-packages/airflow/example_dags/example_sensors.py
[2026-03-12T11:13:22.924+0000] {processor.py:840} INFO - DAG(s) 'example_sensors' retrieved from /home/airflow/.local/lib/python3.8/site-packages/airflow/example_dags/example_sensors.py
[2026-03-12T11:13:22.946+0000] {logging_mixin.py:188} INFO - [2026-03-12T11:13:22.945+0000] {dag.py:3036} INFO - Sync 1 DAGs
[2026-03-12T11:13:22.956+0000] {logging_mixin.py:188} INFO - [2026-03-12T11:13:22.956+0000] {dag.py:3823} INFO - Setting next_dagrun for example_sensors to None, run_after=None
[2026-03-12T11:13:22.978+0000] {processor.py:183} INFO - Processing /home/airflow/.local/lib/python3.8/site-packages/airflow/example_dags/example_sensors.py took 0.070 seconds
[2026-03-12T11:13:53.173+0000] {processor.py:161} INFO - Started process (PID=957) to work on /home/airflow/.local/lib/python3.8/site-packages/airflow/example_dags/example_sensors.py
[2026-03-12T11:13:53.175+0000] {processor.py:830} INFO - Processing file /home/airflow/.local/lib/python3.8/site-packages/airflow/example_dags/example_sensors.py for tasks to queue
[2026-03-12T11:13:53.177+0000] {logging_mixin.py:188} INFO - [2026-03-12T11:13:53.176+0000] {dagbag.py:538} INFO - Filling up the DagBag from /home/airflow/.local/lib/python3.8/site-packages/airflow/example_dags/example_sensors.py
[2026-03-12T11:13:53.184+0000] {processor.py:840} INFO - DAG(s) 'example_sensors' retrieved from /home/airflow/.local/lib/python3.8/site-packages/airflow/example_dags/example_sensors.py
[2026-03-12T11:13:53.210+0000] {logging_mixin.py:188} INFO - [2026-03-12T11:13:53.210+0000] {dag.py:3036} INFO - Sync 1 DAGs
[2026-03-12T11:13:53.220+0000] {logging_mixin.py:188} INFO - [2026-03-12T11:13:53.220+0000] {dag.py:3823} INFO - Setting next_dagrun for example_sensors to None, run_after=None
[2026-03-12T11:13:53.245+0000] {processor.py:183} INFO - Processing /home/airflow/.local/lib/python3.8/site-packages/airflow/example_dags/example_sensors.py took 0.075 seconds
[2026-03-12T11:14:23.391+0000] {processor.py:161} INFO - Started process (PID=1013) to work on /home/airflow/.local/lib/python3.8/site-packages/airflow/example_dags/example_sensors.py
[2026-03-12T11:14:23.392+0000] {processor.py:830} INFO - Processing file /home/airflow/.local/lib/python3.8/site-packages/airflow/example_dags/example_sensors.py for tasks to queue
[2026-03-12T11:14:23.394+0000] {logging_mixin.py:188} INFO - [2026-03-12T11:14:23.394+0000] {dagbag.py:538} INFO - Filling up the DagBag from /home/airflow/.local/lib/python3.8/site-packages/airflow/example_dags/example_sensors.py
[2026-03-12T11:14:23.405+0000] {processor.py:840} INFO - DAG(s) 'example_sensors' retrieved from /home/airflow/.local/lib/python3.8/site-packages/airflow/example_dags/example_sensors.py
[2026-03-12T11:14:23.435+0000] {logging_mixin.py:188} INFO - [2026-03-12T11:14:23.435+0000] {dag.py:3036} INFO - Sync 1 DAGs
[2026-03-12T11:14:23.449+0000] {logging_mixin.py:188} INFO - [2026-03-12T11:14:23.448+0000] {dag.py:3823} INFO - Setting next_dagrun for example_sensors to None, run_after=None
[2026-03-12T11:14:23.474+0000] {processor.py:183} INFO - Processing /home/airflow/.local/lib/python3.8/site-packages/airflow/example_dags/example_sensors.py took 0.087 seconds
[2026-03-12T11:14:53.714+0000] {processor.py:161} INFO - Started process (PID=1069) to work on /home/airflow/.local/lib/python3.8/site-packages/airflow/example_dags/example_sensors.py
[2026-03-12T11:14:53.718+0000] {processor.py:830} INFO - Processing file /home/airflow/.local/lib/python3.8/site-packages/airflow/example_dags/example_sensors.py for tasks to queue
[2026-03-12T11:14:53.720+0000] {logging_mixin.py:188} INFO - [2026-03-12T11:14:53.720+0000] {dagbag.py:538} INFO - Filling up the DagBag from /home/airflow/.local/lib/python3.8/site-packages/airflow/example_dags/example_sensors.py
[2026-03-12T11:14:53.731+0000] {processor.py:840} INFO - DAG(s) 'example_sensors' retrieved from /home/airflow/.local/lib/python3.8/site-packages/airflow/example_dags/example_sensors.py
[2026-03-12T11:14:53.763+0000] {logging_mixin.py:188} INFO - [2026-03-12T11:14:53.762+0000] {dag.py:3036} INFO - Sync 1 DAGs
[2026-03-12T11:14:53.776+0000] {logging_mixin.py:188} INFO - [2026-03-12T11:14:53.776+0000] {dag.py:3823} INFO - Setting next_dagrun for example_sensors to None, run_after=None
[2026-03-12T11:14:53.803+0000] {processor.py:183} INFO - Processing /home/airflow/.local/lib/python3.8/site-packages/airflow/example_dags/example_sensors.py took 0.092 seconds
[2026-03-12T11:15:23.870+0000] {processor.py:161} INFO - Started process (PID=1124) to work on /home/airflow/.local/lib/python3.8/site-packages/airflow/example_dags/example_sensors.py
[2026-03-12T11:15:23.872+0000] {processor.py:830} INFO - Processing file /home/airflow/.local/lib/python3.8/site-packages/airflow/example_dags/example_sensors.py for tasks to queue
[2026-03-12T11:15:23.874+0000] {logging_mixin.py:188} INFO - [2026-03-12T11:15:23.873+0000] {dagbag.py:538} INFO - Filling up the DagBag from /home/airflow/.local/lib/python3.8/site-packages/airflow/example_dags/example_sensors.py
[2026-03-12T11:15:23.882+0000] {processor.py:840} INFO - DAG(s) 'example_sensors' retrieved from /home/airflow/.local/lib/python3.8/site-packages/airflow/example_dags/example_sensors.py
[2026-03-12T11:15:23.904+0000] {logging_mixin.py:188} INFO - [2026-03-12T11:15:23.904+0000] {dag.py:3036} INFO - Sync 1 DAGs
[2026-03-12T11:15:23.915+0000] {logging_mixin.py:188} INFO - [2026-03-12T11:15:23.914+0000] {dag.py:3823} INFO - Setting next_dagrun for example_sensors to None, run_after=None
[2026-03-12T11:15:23.932+0000] {processor.py:183} INFO - Processing /home/airflow/.local/lib/python3.8/site-packages/airflow/example_dags/example_sensors.py took 0.065 seconds
