[2026-03-12T11:05:46.751+0000] {processor.py:161} INFO - Started process (PID=68) to work on /home/airflow/.local/lib/python3.8/site-packages/airflow/example_dags/example_xcom.py
[2026-03-12T11:05:46.761+0000] {processor.py:830} INFO - Processing file /home/airflow/.local/lib/python3.8/site-packages/airflow/example_dags/example_xcom.py for tasks to queue
[2026-03-12T11:05:46.770+0000] {logging_mixin.py:188} INFO - [2026-03-12T11:05:46.769+0000] {dagbag.py:538} INFO - Filling up the DagBag from /home/airflow/.local/lib/python3.8/site-packages/airflow/example_dags/example_xcom.py
[2026-03-12T11:05:46.837+0000] {processor.py:840} INFO - DAG(s) 'example_xcom' retrieved from /home/airflow/.local/lib/python3.8/site-packages/airflow/example_dags/example_xcom.py
[2026-03-12T11:05:46.860+0000] {logging_mixin.py:188} INFO - [2026-03-12T11:05:46.860+0000] {dag.py:3036} INFO - Sync 1 DAGs
[2026-03-12T11:05:46.886+0000] {logging_mixin.py:188} INFO - [2026-03-12T11:05:46.886+0000] {dag.py:3823} INFO - Setting next_dagrun for example_xcom to 2021-01-01 00:00:00+00:00, run_after=2021-01-01 00:00:00+00:00
[2026-03-12T11:05:46.910+0000] {processor.py:183} INFO - Processing /home/airflow/.local/lib/python3.8/site-packages/airflow/example_dags/example_xcom.py took 0.192 seconds
[2026-03-12T11:06:17.084+0000] {processor.py:161} INFO - Started process (PID=123) to work on /home/airflow/.local/lib/python3.8/site-packages/airflow/example_dags/example_xcom.py
[2026-03-12T11:06:17.086+0000] {processor.py:830} INFO - Processing file /home/airflow/.local/lib/python3.8/site-packages/airflow/example_dags/example_xcom.py for tasks to queue
[2026-03-12T11:06:17.089+0000] {logging_mixin.py:188} INFO - [2026-03-12T11:06:17.089+0000] {dagbag.py:538} INFO - Filling up the DagBag from /home/airflow/.local/lib/python3.8/site-packages/airflow/example_dags/example_xcom.py
[2026-03-12T11:06:17.098+0000] {processor.py:840} INFO - DAG(s) 'example_xcom' retrieved from /home/airflow/.local/lib/python3.8/site-packages/airflow/example_dags/example_xcom.py
[2026-03-12T11:06:17.235+0000] {logging_mixin.py:188} INFO - [2026-03-12T11:06:17.235+0000] {dag.py:3036} INFO - Sync 1 DAGs
[2026-03-12T11:06:17.274+0000] {logging_mixin.py:188} INFO - [2026-03-12T11:06:17.274+0000] {dag.py:3823} INFO - Setting next_dagrun for example_xcom to 2021-01-01 00:00:00+00:00, run_after=2021-01-01 00:00:00+00:00
[2026-03-12T11:06:17.313+0000] {processor.py:183} INFO - Processing /home/airflow/.local/lib/python3.8/site-packages/airflow/example_dags/example_xcom.py took 0.233 seconds
[2026-03-12T11:06:47.690+0000] {processor.py:161} INFO - Started process (PID=178) to work on /home/airflow/.local/lib/python3.8/site-packages/airflow/example_dags/example_xcom.py
[2026-03-12T11:06:47.692+0000] {processor.py:830} INFO - Processing file /home/airflow/.local/lib/python3.8/site-packages/airflow/example_dags/example_xcom.py for tasks to queue
[2026-03-12T11:06:47.684+0000] {logging_mixin.py:188} INFO - [2026-03-12T11:06:47.683+0000] {dagbag.py:538} INFO - Filling up the DagBag from /home/airflow/.local/lib/python3.8/site-packages/airflow/example_dags/example_xcom.py
[2026-03-12T11:06:47.698+0000] {processor.py:840} INFO - DAG(s) 'example_xcom' retrieved from /home/airflow/.local/lib/python3.8/site-packages/airflow/example_dags/example_xcom.py
[2026-03-12T11:06:47.721+0000] {logging_mixin.py:188} INFO - [2026-03-12T11:06:47.720+0000] {dag.py:3036} INFO - Sync 1 DAGs
[2026-03-12T11:06:47.743+0000] {logging_mixin.py:188} INFO - [2026-03-12T11:06:47.742+0000] {dag.py:3823} INFO - Setting next_dagrun for example_xcom to 2021-01-01 00:00:00+00:00, run_after=2021-01-01 00:00:00+00:00
[2026-03-12T11:06:47.765+0000] {processor.py:183} INFO - Processing /home/airflow/.local/lib/python3.8/site-packages/airflow/example_dags/example_xcom.py took 0.090 seconds
[2026-03-12T11:07:18.576+0000] {processor.py:161} INFO - Started process (PID=239) to work on /home/airflow/.local/lib/python3.8/site-packages/airflow/example_dags/example_xcom.py
[2026-03-12T11:07:18.578+0000] {processor.py:830} INFO - Processing file /home/airflow/.local/lib/python3.8/site-packages/airflow/example_dags/example_xcom.py for tasks to queue
[2026-03-12T11:07:18.580+0000] {logging_mixin.py:188} INFO - [2026-03-12T11:07:18.580+0000] {dagbag.py:538} INFO - Filling up the DagBag from /home/airflow/.local/lib/python3.8/site-packages/airflow/example_dags/example_xcom.py
[2026-03-12T11:07:18.587+0000] {processor.py:840} INFO - DAG(s) 'example_xcom' retrieved from /home/airflow/.local/lib/python3.8/site-packages/airflow/example_dags/example_xcom.py
[2026-03-12T11:07:18.607+0000] {logging_mixin.py:188} INFO - [2026-03-12T11:07:18.607+0000] {dag.py:3036} INFO - Sync 1 DAGs
[2026-03-12T11:07:18.623+0000] {logging_mixin.py:188} INFO - [2026-03-12T11:07:18.622+0000] {dag.py:3823} INFO - Setting next_dagrun for example_xcom to 2021-01-01 00:00:00+00:00, run_after=2021-01-01 00:00:00+00:00
[2026-03-12T11:07:18.640+0000] {processor.py:183} INFO - Processing /home/airflow/.local/lib/python3.8/site-packages/airflow/example_dags/example_xcom.py took 0.067 seconds
[2026-03-12T11:07:48.901+0000] {processor.py:161} INFO - Started process (PID=294) to work on /home/airflow/.local/lib/python3.8/site-packages/airflow/example_dags/example_xcom.py
[2026-03-12T11:07:48.903+0000] {processor.py:830} INFO - Processing file /home/airflow/.local/lib/python3.8/site-packages/airflow/example_dags/example_xcom.py for tasks to queue
[2026-03-12T11:07:48.906+0000] {logging_mixin.py:188} INFO - [2026-03-12T11:07:48.905+0000] {dagbag.py:538} INFO - Filling up the DagBag from /home/airflow/.local/lib/python3.8/site-packages/airflow/example_dags/example_xcom.py
[2026-03-12T11:07:48.913+0000] {processor.py:840} INFO - DAG(s) 'example_xcom' retrieved from /home/airflow/.local/lib/python3.8/site-packages/airflow/example_dags/example_xcom.py
[2026-03-12T11:07:48.938+0000] {logging_mixin.py:188} INFO - [2026-03-12T11:07:48.938+0000] {dag.py:3036} INFO - Sync 1 DAGs
[2026-03-12T11:07:48.959+0000] {logging_mixin.py:188} INFO - [2026-03-12T11:07:48.959+0000] {dag.py:3823} INFO - Setting next_dagrun for example_xcom to 2021-01-01 00:00:00+00:00, run_after=2021-01-01 00:00:00+00:00
[2026-03-12T11:07:48.981+0000] {processor.py:183} INFO - Processing /home/airflow/.local/lib/python3.8/site-packages/airflow/example_dags/example_xcom.py took 0.083 seconds
[2026-03-12T11:08:19.291+0000] {processor.py:161} INFO - Started process (PID=349) to work on /home/airflow/.local/lib/python3.8/site-packages/airflow/example_dags/example_xcom.py
[2026-03-12T11:08:19.293+0000] {processor.py:830} INFO - Processing file /home/airflow/.local/lib/python3.8/site-packages/airflow/example_dags/example_xcom.py for tasks to queue
[2026-03-12T11:08:19.297+0000] {logging_mixin.py:188} INFO - [2026-03-12T11:08:19.296+0000] {dagbag.py:538} INFO - Filling up the DagBag from /home/airflow/.local/lib/python3.8/site-packages/airflow/example_dags/example_xcom.py
[2026-03-12T11:08:19.303+0000] {processor.py:840} INFO - DAG(s) 'example_xcom' retrieved from /home/airflow/.local/lib/python3.8/site-packages/airflow/example_dags/example_xcom.py
[2026-03-12T11:08:19.322+0000] {logging_mixin.py:188} INFO - [2026-03-12T11:08:19.322+0000] {dag.py:3036} INFO - Sync 1 DAGs
[2026-03-12T11:08:19.341+0000] {logging_mixin.py:188} INFO - [2026-03-12T11:08:19.341+0000] {dag.py:3823} INFO - Setting next_dagrun for example_xcom to 2021-01-01 00:00:00+00:00, run_after=2021-01-01 00:00:00+00:00
[2026-03-12T11:08:19.361+0000] {processor.py:183} INFO - Processing /home/airflow/.local/lib/python3.8/site-packages/airflow/example_dags/example_xcom.py took 0.072 seconds
[2026-03-12T11:08:49.906+0000] {processor.py:161} INFO - Started process (PID=404) to work on /home/airflow/.local/lib/python3.8/site-packages/airflow/example_dags/example_xcom.py
[2026-03-12T11:08:49.908+0000] {processor.py:830} INFO - Processing file /home/airflow/.local/lib/python3.8/site-packages/airflow/example_dags/example_xcom.py for tasks to queue
[2026-03-12T11:08:49.910+0000] {logging_mixin.py:188} INFO - [2026-03-12T11:08:49.910+0000] {dagbag.py:538} INFO - Filling up the DagBag from /home/airflow/.local/lib/python3.8/site-packages/airflow/example_dags/example_xcom.py
[2026-03-12T11:08:49.919+0000] {processor.py:840} INFO - DAG(s) 'example_xcom' retrieved from /home/airflow/.local/lib/python3.8/site-packages/airflow/example_dags/example_xcom.py
[2026-03-12T11:08:49.944+0000] {logging_mixin.py:188} INFO - [2026-03-12T11:08:49.944+0000] {dag.py:3036} INFO - Sync 1 DAGs
[2026-03-12T11:08:49.972+0000] {logging_mixin.py:188} INFO - [2026-03-12T11:08:49.972+0000] {dag.py:3823} INFO - Setting next_dagrun for example_xcom to 2021-01-01 00:00:00+00:00, run_after=2021-01-01 00:00:00+00:00
[2026-03-12T11:08:49.995+0000] {processor.py:183} INFO - Processing /home/airflow/.local/lib/python3.8/site-packages/airflow/example_dags/example_xcom.py took 0.092 seconds
[2026-03-12T11:09:20.637+0000] {processor.py:161} INFO - Started process (PID=459) to work on /home/airflow/.local/lib/python3.8/site-packages/airflow/example_dags/example_xcom.py
[2026-03-12T11:09:20.639+0000] {processor.py:830} INFO - Processing file /home/airflow/.local/lib/python3.8/site-packages/airflow/example_dags/example_xcom.py for tasks to queue
[2026-03-12T11:09:20.641+0000] {logging_mixin.py:188} INFO - [2026-03-12T11:09:20.641+0000] {dagbag.py:538} INFO - Filling up the DagBag from /home/airflow/.local/lib/python3.8/site-packages/airflow/example_dags/example_xcom.py
[2026-03-12T11:09:20.648+0000] {processor.py:840} INFO - DAG(s) 'example_xcom' retrieved from /home/airflow/.local/lib/python3.8/site-packages/airflow/example_dags/example_xcom.py
[2026-03-12T11:09:20.672+0000] {logging_mixin.py:188} INFO - [2026-03-12T11:09:20.672+0000] {dag.py:3036} INFO - Sync 1 DAGs
[2026-03-12T11:09:20.698+0000] {logging_mixin.py:188} INFO - [2026-03-12T11:09:20.697+0000] {dag.py:3823} INFO - Setting next_dagrun for example_xcom to 2021-01-01 00:00:00+00:00, run_after=2021-01-01 00:00:00+00:00
[2026-03-12T11:09:20.721+0000] {processor.py:183} INFO - Processing /home/airflow/.local/lib/python3.8/site-packages/airflow/example_dags/example_xcom.py took 0.087 seconds
[2026-03-12T11:09:51.489+0000] {processor.py:161} INFO - Started process (PID=514) to work on /home/airflow/.local/lib/python3.8/site-packages/airflow/example_dags/example_xcom.py
[2026-03-12T11:09:51.490+0000] {processor.py:830} INFO - Processing file /home/airflow/.local/lib/python3.8/site-packages/airflow/example_dags/example_xcom.py for tasks to queue
[2026-03-12T11:09:51.492+0000] {logging_mixin.py:188} INFO - [2026-03-12T11:09:51.492+0000] {dagbag.py:538} INFO - Filling up the DagBag from /home/airflow/.local/lib/python3.8/site-packages/airflow/example_dags/example_xcom.py
[2026-03-12T11:09:51.499+0000] {processor.py:840} INFO - DAG(s) 'example_xcom' retrieved from /home/airflow/.local/lib/python3.8/site-packages/airflow/example_dags/example_xcom.py
[2026-03-12T11:09:51.523+0000] {logging_mixin.py:188} INFO - [2026-03-12T11:09:51.523+0000] {dag.py:3036} INFO - Sync 1 DAGs
[2026-03-12T11:09:51.542+0000] {logging_mixin.py:188} INFO - [2026-03-12T11:09:51.541+0000] {dag.py:3823} INFO - Setting next_dagrun for example_xcom to 2021-01-01 00:00:00+00:00, run_after=2021-01-01 00:00:00+00:00
[2026-03-12T11:09:51.565+0000] {processor.py:183} INFO - Processing /home/airflow/.local/lib/python3.8/site-packages/airflow/example_dags/example_xcom.py took 0.079 seconds
[2026-03-12T11:10:21.901+0000] {processor.py:161} INFO - Started process (PID=569) to work on /home/airflow/.local/lib/python3.8/site-packages/airflow/example_dags/example_xcom.py
[2026-03-12T11:10:21.902+0000] {processor.py:830} INFO - Processing file /home/airflow/.local/lib/python3.8/site-packages/airflow/example_dags/example_xcom.py for tasks to queue
[2026-03-12T11:10:21.905+0000] {logging_mixin.py:188} INFO - [2026-03-12T11:10:21.904+0000] {dagbag.py:538} INFO - Filling up the DagBag from /home/airflow/.local/lib/python3.8/site-packages/airflow/example_dags/example_xcom.py
[2026-03-12T11:10:21.917+0000] {processor.py:840} INFO - DAG(s) 'example_xcom' retrieved from /home/airflow/.local/lib/python3.8/site-packages/airflow/example_dags/example_xcom.py
[2026-03-12T11:10:21.980+0000] {logging_mixin.py:188} INFO - [2026-03-12T11:10:21.980+0000] {dag.py:3036} INFO - Sync 1 DAGs
[2026-03-12T11:10:22.004+0000] {logging_mixin.py:188} INFO - [2026-03-12T11:10:22.004+0000] {dag.py:3823} INFO - Setting next_dagrun for example_xcom to 2021-01-01 00:00:00+00:00, run_after=2021-01-01 00:00:00+00:00
[2026-03-12T11:10:22.024+0000] {processor.py:183} INFO - Processing /home/airflow/.local/lib/python3.8/site-packages/airflow/example_dags/example_xcom.py took 0.125 seconds
[2026-03-12T11:10:52.172+0000] {processor.py:161} INFO - Started process (PID=625) to work on /home/airflow/.local/lib/python3.8/site-packages/airflow/example_dags/example_xcom.py
[2026-03-12T11:10:52.174+0000] {processor.py:830} INFO - Processing file /home/airflow/.local/lib/python3.8/site-packages/airflow/example_dags/example_xcom.py for tasks to queue
[2026-03-12T11:10:52.176+0000] {logging_mixin.py:188} INFO - [2026-03-12T11:10:52.175+0000] {dagbag.py:538} INFO - Filling up the DagBag from /home/airflow/.local/lib/python3.8/site-packages/airflow/example_dags/example_xcom.py
[2026-03-12T11:10:52.184+0000] {processor.py:840} INFO - DAG(s) 'example_xcom' retrieved from /home/airflow/.local/lib/python3.8/site-packages/airflow/example_dags/example_xcom.py
[2026-03-12T11:10:52.204+0000] {logging_mixin.py:188} INFO - [2026-03-12T11:10:52.203+0000] {dag.py:3036} INFO - Sync 1 DAGs
[2026-03-12T11:10:52.222+0000] {logging_mixin.py:188} INFO - [2026-03-12T11:10:52.222+0000] {dag.py:3823} INFO - Setting next_dagrun for example_xcom to 2021-01-01 00:00:00+00:00, run_after=2021-01-01 00:00:00+00:00
[2026-03-12T11:10:52.239+0000] {processor.py:183} INFO - Processing /home/airflow/.local/lib/python3.8/site-packages/airflow/example_dags/example_xcom.py took 0.070 seconds
[2026-03-12T11:11:22.329+0000] {processor.py:161} INFO - Started process (PID=681) to work on /home/airflow/.local/lib/python3.8/site-packages/airflow/example_dags/example_xcom.py
[2026-03-12T11:11:22.331+0000] {processor.py:830} INFO - Processing file /home/airflow/.local/lib/python3.8/site-packages/airflow/example_dags/example_xcom.py for tasks to queue
[2026-03-12T11:11:22.334+0000] {logging_mixin.py:188} INFO - [2026-03-12T11:11:22.333+0000] {dagbag.py:538} INFO - Filling up the DagBag from /home/airflow/.local/lib/python3.8/site-packages/airflow/example_dags/example_xcom.py
[2026-03-12T11:11:22.340+0000] {processor.py:840} INFO - DAG(s) 'example_xcom' retrieved from /home/airflow/.local/lib/python3.8/site-packages/airflow/example_dags/example_xcom.py
[2026-03-12T11:11:22.359+0000] {logging_mixin.py:188} INFO - [2026-03-12T11:11:22.359+0000] {dag.py:3036} INFO - Sync 1 DAGs
[2026-03-12T11:11:22.376+0000] {logging_mixin.py:188} INFO - [2026-03-12T11:11:22.375+0000] {dag.py:3823} INFO - Setting next_dagrun for example_xcom to 2021-01-01 00:00:00+00:00, run_after=2021-01-01 00:00:00+00:00
[2026-03-12T11:11:22.396+0000] {processor.py:183} INFO - Processing /home/airflow/.local/lib/python3.8/site-packages/airflow/example_dags/example_xcom.py took 0.069 seconds
[2026-03-12T11:11:52.799+0000] {processor.py:161} INFO - Started process (PID=738) to work on /home/airflow/.local/lib/python3.8/site-packages/airflow/example_dags/example_xcom.py
[2026-03-12T11:11:52.800+0000] {processor.py:830} INFO - Processing file /home/airflow/.local/lib/python3.8/site-packages/airflow/example_dags/example_xcom.py for tasks to queue
[2026-03-12T11:11:52.803+0000] {logging_mixin.py:188} INFO - [2026-03-12T11:11:52.802+0000] {dagbag.py:538} INFO - Filling up the DagBag from /home/airflow/.local/lib/python3.8/site-packages/airflow/example_dags/example_xcom.py
[2026-03-12T11:11:52.810+0000] {processor.py:840} INFO - DAG(s) 'example_xcom' retrieved from /home/airflow/.local/lib/python3.8/site-packages/airflow/example_dags/example_xcom.py
[2026-03-12T11:11:52.831+0000] {logging_mixin.py:188} INFO - [2026-03-12T11:11:52.831+0000] {dag.py:3036} INFO - Sync 1 DAGs
[2026-03-12T11:11:52.849+0000] {logging_mixin.py:188} INFO - [2026-03-12T11:11:52.848+0000] {dag.py:3823} INFO - Setting next_dagrun for example_xcom to 2021-01-01 00:00:00+00:00, run_after=2021-01-01 00:00:00+00:00
[2026-03-12T11:11:52.868+0000] {processor.py:183} INFO - Processing /home/airflow/.local/lib/python3.8/site-packages/airflow/example_dags/example_xcom.py took 0.073 seconds
[2026-03-12T11:12:23.232+0000] {processor.py:161} INFO - Started process (PID=794) to work on /home/airflow/.local/lib/python3.8/site-packages/airflow/example_dags/example_xcom.py
[2026-03-12T11:12:23.232+0000] {processor.py:830} INFO - Processing file /home/airflow/.local/lib/python3.8/site-packages/airflow/example_dags/example_xcom.py for tasks to queue
[2026-03-12T11:12:23.234+0000] {logging_mixin.py:188} INFO - [2026-03-12T11:12:23.234+0000] {dagbag.py:538} INFO - Filling up the DagBag from /home/airflow/.local/lib/python3.8/site-packages/airflow/example_dags/example_xcom.py
[2026-03-12T11:12:23.241+0000] {processor.py:840} INFO - DAG(s) 'example_xcom' retrieved from /home/airflow/.local/lib/python3.8/site-packages/airflow/example_dags/example_xcom.py
[2026-03-12T11:12:23.263+0000] {logging_mixin.py:188} INFO - [2026-03-12T11:12:23.263+0000] {dag.py:3036} INFO - Sync 1 DAGs
[2026-03-12T11:12:23.280+0000] {logging_mixin.py:188} INFO - [2026-03-12T11:12:23.280+0000] {dag.py:3823} INFO - Setting next_dagrun for example_xcom to 2021-01-01 00:00:00+00:00, run_after=2021-01-01 00:00:00+00:00
[2026-03-12T11:12:23.299+0000] {processor.py:183} INFO - Processing /home/airflow/.local/lib/python3.8/site-packages/airflow/example_dags/example_xcom.py took 0.069 seconds
[2026-03-12T11:12:54.027+0000] {processor.py:161} INFO - Started process (PID=850) to work on /home/airflow/.local/lib/python3.8/site-packages/airflow/example_dags/example_xcom.py
[2026-03-12T11:12:54.028+0000] {processor.py:830} INFO - Processing file /home/airflow/.local/lib/python3.8/site-packages/airflow/example_dags/example_xcom.py for tasks to queue
[2026-03-12T11:12:54.031+0000] {logging_mixin.py:188} INFO - [2026-03-12T11:12:54.031+0000] {dagbag.py:538} INFO - Filling up the DagBag from /home/airflow/.local/lib/python3.8/site-packages/airflow/example_dags/example_xcom.py
[2026-03-12T11:12:54.040+0000] {processor.py:840} INFO - DAG(s) 'example_xcom' retrieved from /home/airflow/.local/lib/python3.8/site-packages/airflow/example_dags/example_xcom.py
[2026-03-12T11:12:54.063+0000] {logging_mixin.py:188} INFO - [2026-03-12T11:12:54.062+0000] {dag.py:3036} INFO - Sync 1 DAGs
[2026-03-12T11:12:54.082+0000] {logging_mixin.py:188} INFO - [2026-03-12T11:12:54.082+0000] {dag.py:3823} INFO - Setting next_dagrun for example_xcom to 2021-01-01 00:00:00+00:00, run_after=2021-01-01 00:00:00+00:00
[2026-03-12T11:12:54.102+0000] {processor.py:183} INFO - Processing /home/airflow/.local/lib/python3.8/site-packages/airflow/example_dags/example_xcom.py took 0.078 seconds
[2026-03-12T11:13:24.396+0000] {processor.py:161} INFO - Started process (PID=906) to work on /home/airflow/.local/lib/python3.8/site-packages/airflow/example_dags/example_xcom.py
[2026-03-12T11:13:24.397+0000] {processor.py:830} INFO - Processing file /home/airflow/.local/lib/python3.8/site-packages/airflow/example_dags/example_xcom.py for tasks to queue
[2026-03-12T11:13:24.400+0000] {logging_mixin.py:188} INFO - [2026-03-12T11:13:24.400+0000] {dagbag.py:538} INFO - Filling up the DagBag from /home/airflow/.local/lib/python3.8/site-packages/airflow/example_dags/example_xcom.py
[2026-03-12T11:13:24.407+0000] {processor.py:840} INFO - DAG(s) 'example_xcom' retrieved from /home/airflow/.local/lib/python3.8/site-packages/airflow/example_dags/example_xcom.py
[2026-03-12T11:13:24.426+0000] {logging_mixin.py:188} INFO - [2026-03-12T11:13:24.426+0000] {dag.py:3036} INFO - Sync 1 DAGs
[2026-03-12T11:13:24.445+0000] {logging_mixin.py:188} INFO - [2026-03-12T11:13:24.445+0000] {dag.py:3823} INFO - Setting next_dagrun for example_xcom to 2021-01-01 00:00:00+00:00, run_after=2021-01-01 00:00:00+00:00
[2026-03-12T11:13:24.468+0000] {processor.py:183} INFO - Processing /home/airflow/.local/lib/python3.8/site-packages/airflow/example_dags/example_xcom.py took 0.075 seconds
[2026-03-12T11:13:54.546+0000] {processor.py:161} INFO - Started process (PID=962) to work on /home/airflow/.local/lib/python3.8/site-packages/airflow/example_dags/example_xcom.py
[2026-03-12T11:13:54.547+0000] {processor.py:830} INFO - Processing file /home/airflow/.local/lib/python3.8/site-packages/airflow/example_dags/example_xcom.py for tasks to queue
[2026-03-12T11:13:54.550+0000] {logging_mixin.py:188} INFO - [2026-03-12T11:13:54.550+0000] {dagbag.py:538} INFO - Filling up the DagBag from /home/airflow/.local/lib/python3.8/site-packages/airflow/example_dags/example_xcom.py
[2026-03-12T11:13:54.560+0000] {processor.py:840} INFO - DAG(s) 'example_xcom' retrieved from /home/airflow/.local/lib/python3.8/site-packages/airflow/example_dags/example_xcom.py
[2026-03-12T11:13:54.588+0000] {logging_mixin.py:188} INFO - [2026-03-12T11:13:54.588+0000] {dag.py:3036} INFO - Sync 1 DAGs
[2026-03-12T11:13:54.615+0000] {logging_mixin.py:188} INFO - [2026-03-12T11:13:54.615+0000] {dag.py:3823} INFO - Setting next_dagrun for example_xcom to 2021-01-01 00:00:00+00:00, run_after=2021-01-01 00:00:00+00:00
[2026-03-12T11:13:54.638+0000] {processor.py:183} INFO - Processing /home/airflow/.local/lib/python3.8/site-packages/airflow/example_dags/example_xcom.py took 0.096 seconds
[2026-03-12T11:14:24.926+0000] {processor.py:161} INFO - Started process (PID=1018) to work on /home/airflow/.local/lib/python3.8/site-packages/airflow/example_dags/example_xcom.py
[2026-03-12T11:14:24.927+0000] {processor.py:830} INFO - Processing file /home/airflow/.local/lib/python3.8/site-packages/airflow/example_dags/example_xcom.py for tasks to queue
[2026-03-12T11:14:24.930+0000] {logging_mixin.py:188} INFO - [2026-03-12T11:14:24.929+0000] {dagbag.py:538} INFO - Filling up the DagBag from /home/airflow/.local/lib/python3.8/site-packages/airflow/example_dags/example_xcom.py
[2026-03-12T11:14:24.938+0000] {processor.py:840} INFO - DAG(s) 'example_xcom' retrieved from /home/airflow/.local/lib/python3.8/site-packages/airflow/example_dags/example_xcom.py
[2026-03-12T11:14:24.958+0000] {logging_mixin.py:188} INFO - [2026-03-12T11:14:24.957+0000] {dag.py:3036} INFO - Sync 1 DAGs
[2026-03-12T11:14:24.976+0000] {logging_mixin.py:188} INFO - [2026-03-12T11:14:24.976+0000] {dag.py:3823} INFO - Setting next_dagrun for example_xcom to 2021-01-01 00:00:00+00:00, run_after=2021-01-01 00:00:00+00:00
[2026-03-12T11:14:24.998+0000] {processor.py:183} INFO - Processing /home/airflow/.local/lib/python3.8/site-packages/airflow/example_dags/example_xcom.py took 0.076 seconds
[2026-03-12T11:14:55.223+0000] {processor.py:161} INFO - Started process (PID=1074) to work on /home/airflow/.local/lib/python3.8/site-packages/airflow/example_dags/example_xcom.py
[2026-03-12T11:14:55.224+0000] {processor.py:830} INFO - Processing file /home/airflow/.local/lib/python3.8/site-packages/airflow/example_dags/example_xcom.py for tasks to queue
[2026-03-12T11:14:55.226+0000] {logging_mixin.py:188} INFO - [2026-03-12T11:14:55.225+0000] {dagbag.py:538} INFO - Filling up the DagBag from /home/airflow/.local/lib/python3.8/site-packages/airflow/example_dags/example_xcom.py
[2026-03-12T11:14:55.234+0000] {processor.py:840} INFO - DAG(s) 'example_xcom' retrieved from /home/airflow/.local/lib/python3.8/site-packages/airflow/example_dags/example_xcom.py
[2026-03-12T11:14:55.256+0000] {logging_mixin.py:188} INFO - [2026-03-12T11:14:55.256+0000] {dag.py:3036} INFO - Sync 1 DAGs
[2026-03-12T11:14:55.276+0000] {logging_mixin.py:188} INFO - [2026-03-12T11:14:55.276+0000] {dag.py:3823} INFO - Setting next_dagrun for example_xcom to 2021-01-01 00:00:00+00:00, run_after=2021-01-01 00:00:00+00:00
[2026-03-12T11:14:55.298+0000] {processor.py:183} INFO - Processing /home/airflow/.local/lib/python3.8/site-packages/airflow/example_dags/example_xcom.py took 0.078 seconds
[2026-03-12T11:15:25.538+0000] {processor.py:161} INFO - Started process (PID=1130) to work on /home/airflow/.local/lib/python3.8/site-packages/airflow/example_dags/example_xcom.py
[2026-03-12T11:15:25.539+0000] {processor.py:830} INFO - Processing file /home/airflow/.local/lib/python3.8/site-packages/airflow/example_dags/example_xcom.py for tasks to queue
[2026-03-12T11:15:25.542+0000] {logging_mixin.py:188} INFO - [2026-03-12T11:15:25.541+0000] {dagbag.py:538} INFO - Filling up the DagBag from /home/airflow/.local/lib/python3.8/site-packages/airflow/example_dags/example_xcom.py
[2026-03-12T11:15:25.549+0000] {processor.py:840} INFO - DAG(s) 'example_xcom' retrieved from /home/airflow/.local/lib/python3.8/site-packages/airflow/example_dags/example_xcom.py
[2026-03-12T11:15:25.571+0000] {logging_mixin.py:188} INFO - [2026-03-12T11:15:25.571+0000] {dag.py:3036} INFO - Sync 1 DAGs
[2026-03-12T11:15:25.600+0000] {logging_mixin.py:188} INFO - [2026-03-12T11:15:25.599+0000] {dag.py:3823} INFO - Setting next_dagrun for example_xcom to 2021-01-01 00:00:00+00:00, run_after=2021-01-01 00:00:00+00:00
[2026-03-12T11:15:25.635+0000] {processor.py:183} INFO - Processing /home/airflow/.local/lib/python3.8/site-packages/airflow/example_dags/example_xcom.py took 0.100 seconds
