[2026-03-12T11:05:48.055+0000] {processor.py:161} INFO - Started process (PID=84) to work on /home/airflow/.local/lib/python3.8/site-packages/airflow/example_dags/example_datasets.py
[2026-03-12T11:05:48.072+0000] {processor.py:830} INFO - Processing file /home/airflow/.local/lib/python3.8/site-packages/airflow/example_dags/example_datasets.py for tasks to queue
[2026-03-12T11:05:48.083+0000] {logging_mixin.py:188} INFO - [2026-03-12T11:05:48.082+0000] {dagbag.py:538} INFO - Filling up the DagBag from /home/airflow/.local/lib/python3.8/site-packages/airflow/example_dags/example_datasets.py
[2026-03-12T11:05:48.110+0000] {processor.py:840} INFO - DAG(s) 'dataset_produces_1', 'dataset_consumes_unknown_never_scheduled', 'dataset_produces_2', 'dataset_consumes_1_and_2', 'dataset_consumes_1_never_scheduled', 'dataset_consumes_1' retrieved from /home/airflow/.local/lib/python3.8/site-packages/airflow/example_dags/example_datasets.py
[2026-03-12T11:05:48.131+0000] {logging_mixin.py:188} INFO - [2026-03-12T11:05:48.131+0000] {dag.py:3036} INFO - Sync 6 DAGs
[2026-03-12T11:05:48.182+0000] {logging_mixin.py:188} INFO - [2026-03-12T11:05:48.182+0000] {dag.py:3823} INFO - Setting next_dagrun for dataset_consumes_1 to None, run_after=None
[2026-03-12T11:05:48.189+0000] {logging_mixin.py:188} INFO - [2026-03-12T11:05:48.189+0000] {dag.py:3823} INFO - Setting next_dagrun for dataset_consumes_1_and_2 to None, run_after=None
[2026-03-12T11:05:48.192+0000] {logging_mixin.py:188} INFO - [2026-03-12T11:05:48.191+0000] {dag.py:3823} INFO - Setting next_dagrun for dataset_consumes_1_never_scheduled to None, run_after=None
[2026-03-12T11:05:48.194+0000] {logging_mixin.py:188} INFO - [2026-03-12T11:05:48.194+0000] {dag.py:3823} INFO - Setting next_dagrun for dataset_consumes_unknown_never_scheduled to None, run_after=None
[2026-03-12T11:05:48.200+0000] {logging_mixin.py:188} INFO - [2026-03-12T11:05:48.200+0000] {dag.py:3823} INFO - Setting next_dagrun for dataset_produces_1 to 2026-03-11 00:00:00+00:00, run_after=2026-03-12 00:00:00+00:00
[2026-03-12T11:05:48.203+0000] {logging_mixin.py:188} INFO - [2026-03-12T11:05:48.203+0000] {dag.py:3823} INFO - Setting next_dagrun for dataset_produces_2 to None, run_after=None
[2026-03-12T11:05:48.279+0000] {processor.py:183} INFO - Processing /home/airflow/.local/lib/python3.8/site-packages/airflow/example_dags/example_datasets.py took 0.245 seconds
[2026-03-12T11:06:18.335+0000] {processor.py:161} INFO - Started process (PID=139) to work on /home/airflow/.local/lib/python3.8/site-packages/airflow/example_dags/example_datasets.py
[2026-03-12T11:06:18.337+0000] {processor.py:830} INFO - Processing file /home/airflow/.local/lib/python3.8/site-packages/airflow/example_dags/example_datasets.py for tasks to queue
[2026-03-12T11:06:18.339+0000] {logging_mixin.py:188} INFO - [2026-03-12T11:06:18.339+0000] {dagbag.py:538} INFO - Filling up the DagBag from /home/airflow/.local/lib/python3.8/site-packages/airflow/example_dags/example_datasets.py
[2026-03-12T11:06:18.349+0000] {processor.py:840} INFO - DAG(s) 'dataset_produces_1', 'dataset_produces_2', 'dataset_consumes_1_never_scheduled', 'dataset_consumes_1_and_2', 'dataset_consumes_1', 'dataset_consumes_unknown_never_scheduled' retrieved from /home/airflow/.local/lib/python3.8/site-packages/airflow/example_dags/example_datasets.py
[2026-03-12T11:06:18.494+0000] {logging_mixin.py:188} INFO - [2026-03-12T11:06:18.494+0000] {dag.py:3036} INFO - Sync 6 DAGs
[2026-03-12T11:06:18.514+0000] {logging_mixin.py:188} INFO - [2026-03-12T11:06:18.514+0000] {dag.py:3823} INFO - Setting next_dagrun for dataset_consumes_1 to None, run_after=None
[2026-03-12T11:06:18.520+0000] {logging_mixin.py:188} INFO - [2026-03-12T11:06:18.520+0000] {dag.py:3823} INFO - Setting next_dagrun for dataset_consumes_1_and_2 to None, run_after=None
[2026-03-12T11:06:18.523+0000] {logging_mixin.py:188} INFO - [2026-03-12T11:06:18.523+0000] {dag.py:3823} INFO - Setting next_dagrun for dataset_consumes_1_never_scheduled to None, run_after=None
[2026-03-12T11:06:18.526+0000] {logging_mixin.py:188} INFO - [2026-03-12T11:06:18.526+0000] {dag.py:3823} INFO - Setting next_dagrun for dataset_consumes_unknown_never_scheduled to None, run_after=None
[2026-03-12T11:06:18.529+0000] {logging_mixin.py:188} INFO - [2026-03-12T11:06:18.529+0000] {dag.py:3823} INFO - Setting next_dagrun for dataset_produces_1 to 2026-03-11 00:00:00+00:00, run_after=2026-03-12 00:00:00+00:00
[2026-03-12T11:06:18.534+0000] {logging_mixin.py:188} INFO - [2026-03-12T11:06:18.534+0000] {dag.py:3823} INFO - Setting next_dagrun for dataset_produces_2 to None, run_after=None
[2026-03-12T11:06:18.569+0000] {processor.py:183} INFO - Processing /home/airflow/.local/lib/python3.8/site-packages/airflow/example_dags/example_datasets.py took 0.237 seconds
[2026-03-12T11:06:49.061+0000] {processor.py:161} INFO - Started process (PID=194) to work on /home/airflow/.local/lib/python3.8/site-packages/airflow/example_dags/example_datasets.py
[2026-03-12T11:06:49.063+0000] {processor.py:830} INFO - Processing file /home/airflow/.local/lib/python3.8/site-packages/airflow/example_dags/example_datasets.py for tasks to queue
[2026-03-12T11:06:49.066+0000] {logging_mixin.py:188} INFO - [2026-03-12T11:06:49.065+0000] {dagbag.py:538} INFO - Filling up the DagBag from /home/airflow/.local/lib/python3.8/site-packages/airflow/example_dags/example_datasets.py
[2026-03-12T11:06:49.080+0000] {processor.py:840} INFO - DAG(s) 'dataset_produces_1', 'dataset_consumes_1_and_2', 'dataset_consumes_1', 'dataset_consumes_unknown_never_scheduled', 'dataset_produces_2', 'dataset_consumes_1_never_scheduled' retrieved from /home/airflow/.local/lib/python3.8/site-packages/airflow/example_dags/example_datasets.py
[2026-03-12T11:06:49.137+0000] {logging_mixin.py:188} INFO - [2026-03-12T11:06:49.136+0000] {dag.py:3036} INFO - Sync 6 DAGs
[2026-03-12T11:06:49.224+0000] {logging_mixin.py:188} INFO - [2026-03-12T11:06:49.223+0000] {dag.py:3823} INFO - Setting next_dagrun for dataset_consumes_1 to None, run_after=None
[2026-03-12T11:06:49.231+0000] {logging_mixin.py:188} INFO - [2026-03-12T11:06:49.230+0000] {dag.py:3823} INFO - Setting next_dagrun for dataset_consumes_1_and_2 to None, run_after=None
[2026-03-12T11:06:49.233+0000] {logging_mixin.py:188} INFO - [2026-03-12T11:06:49.233+0000] {dag.py:3823} INFO - Setting next_dagrun for dataset_consumes_1_never_scheduled to None, run_after=None
[2026-03-12T11:06:49.236+0000] {logging_mixin.py:188} INFO - [2026-03-12T11:06:49.236+0000] {dag.py:3823} INFO - Setting next_dagrun for dataset_consumes_unknown_never_scheduled to None, run_after=None
[2026-03-12T11:06:49.240+0000] {logging_mixin.py:188} INFO - [2026-03-12T11:06:49.239+0000] {dag.py:3823} INFO - Setting next_dagrun for dataset_produces_1 to 2026-03-11 00:00:00+00:00, run_after=2026-03-12 00:00:00+00:00
[2026-03-12T11:06:49.242+0000] {logging_mixin.py:188} INFO - [2026-03-12T11:06:49.242+0000] {dag.py:3823} INFO - Setting next_dagrun for dataset_produces_2 to None, run_after=None
[2026-03-12T11:06:49.299+0000] {processor.py:183} INFO - Processing /home/airflow/.local/lib/python3.8/site-packages/airflow/example_dags/example_datasets.py took 0.242 seconds
[2026-03-12T11:07:20.234+0000] {processor.py:161} INFO - Started process (PID=249) to work on /home/airflow/.local/lib/python3.8/site-packages/airflow/example_dags/example_datasets.py
[2026-03-12T11:07:20.236+0000] {processor.py:830} INFO - Processing file /home/airflow/.local/lib/python3.8/site-packages/airflow/example_dags/example_datasets.py for tasks to queue
[2026-03-12T11:07:20.238+0000] {logging_mixin.py:188} INFO - [2026-03-12T11:07:20.238+0000] {dagbag.py:538} INFO - Filling up the DagBag from /home/airflow/.local/lib/python3.8/site-packages/airflow/example_dags/example_datasets.py
[2026-03-12T11:07:20.247+0000] {processor.py:840} INFO - DAG(s) 'dataset_produces_2', 'dataset_consumes_1_and_2', 'dataset_consumes_1', 'dataset_produces_1', 'dataset_consumes_unknown_never_scheduled', 'dataset_consumes_1_never_scheduled' retrieved from /home/airflow/.local/lib/python3.8/site-packages/airflow/example_dags/example_datasets.py
[2026-03-12T11:07:20.274+0000] {logging_mixin.py:188} INFO - [2026-03-12T11:07:20.274+0000] {dag.py:3036} INFO - Sync 6 DAGs
[2026-03-12T11:07:20.293+0000] {logging_mixin.py:188} INFO - [2026-03-12T11:07:20.292+0000] {dag.py:3823} INFO - Setting next_dagrun for dataset_consumes_1 to None, run_after=None
[2026-03-12T11:07:20.296+0000] {logging_mixin.py:188} INFO - [2026-03-12T11:07:20.296+0000] {dag.py:3823} INFO - Setting next_dagrun for dataset_consumes_1_and_2 to None, run_after=None
[2026-03-12T11:07:20.298+0000] {logging_mixin.py:188} INFO - [2026-03-12T11:07:20.298+0000] {dag.py:3823} INFO - Setting next_dagrun for dataset_consumes_1_never_scheduled to None, run_after=None
[2026-03-12T11:07:20.299+0000] {logging_mixin.py:188} INFO - [2026-03-12T11:07:20.299+0000] {dag.py:3823} INFO - Setting next_dagrun for dataset_consumes_unknown_never_scheduled to None, run_after=None
[2026-03-12T11:07:20.302+0000] {logging_mixin.py:188} INFO - [2026-03-12T11:07:20.301+0000] {dag.py:3823} INFO - Setting next_dagrun for dataset_produces_1 to 2026-03-11 00:00:00+00:00, run_after=2026-03-12 00:00:00+00:00
[2026-03-12T11:07:20.303+0000] {logging_mixin.py:188} INFO - [2026-03-12T11:07:20.303+0000] {dag.py:3823} INFO - Setting next_dagrun for dataset_produces_2 to None, run_after=None
[2026-03-12T11:07:20.330+0000] {processor.py:183} INFO - Processing /home/airflow/.local/lib/python3.8/site-packages/airflow/example_dags/example_datasets.py took 0.098 seconds
[2026-03-12T11:07:50.699+0000] {processor.py:161} INFO - Started process (PID=304) to work on /home/airflow/.local/lib/python3.8/site-packages/airflow/example_dags/example_datasets.py
[2026-03-12T11:07:50.701+0000] {processor.py:830} INFO - Processing file /home/airflow/.local/lib/python3.8/site-packages/airflow/example_dags/example_datasets.py for tasks to queue
[2026-03-12T11:07:50.703+0000] {logging_mixin.py:188} INFO - [2026-03-12T11:07:50.703+0000] {dagbag.py:538} INFO - Filling up the DagBag from /home/airflow/.local/lib/python3.8/site-packages/airflow/example_dags/example_datasets.py
[2026-03-12T11:07:50.716+0000] {processor.py:840} INFO - DAG(s) 'dataset_consumes_unknown_never_scheduled', 'dataset_produces_2', 'dataset_consumes_1', 'dataset_consumes_1_and_2', 'dataset_produces_1', 'dataset_consumes_1_never_scheduled' retrieved from /home/airflow/.local/lib/python3.8/site-packages/airflow/example_dags/example_datasets.py
[2026-03-12T11:07:50.755+0000] {logging_mixin.py:188} INFO - [2026-03-12T11:07:50.754+0000] {dag.py:3036} INFO - Sync 6 DAGs
[2026-03-12T11:07:50.772+0000] {logging_mixin.py:188} INFO - [2026-03-12T11:07:50.772+0000] {dag.py:3823} INFO - Setting next_dagrun for dataset_consumes_1 to None, run_after=None
[2026-03-12T11:07:50.776+0000] {logging_mixin.py:188} INFO - [2026-03-12T11:07:50.775+0000] {dag.py:3823} INFO - Setting next_dagrun for dataset_consumes_1_and_2 to None, run_after=None
[2026-03-12T11:07:50.778+0000] {logging_mixin.py:188} INFO - [2026-03-12T11:07:50.778+0000] {dag.py:3823} INFO - Setting next_dagrun for dataset_consumes_1_never_scheduled to None, run_after=None
[2026-03-12T11:07:50.780+0000] {logging_mixin.py:188} INFO - [2026-03-12T11:07:50.780+0000] {dag.py:3823} INFO - Setting next_dagrun for dataset_consumes_unknown_never_scheduled to None, run_after=None
[2026-03-12T11:07:50.782+0000] {logging_mixin.py:188} INFO - [2026-03-12T11:07:50.782+0000] {dag.py:3823} INFO - Setting next_dagrun for dataset_produces_1 to 2026-03-11 00:00:00+00:00, run_after=2026-03-12 00:00:00+00:00
[2026-03-12T11:07:50.784+0000] {logging_mixin.py:188} INFO - [2026-03-12T11:07:50.784+0000] {dag.py:3823} INFO - Setting next_dagrun for dataset_produces_2 to None, run_after=None
[2026-03-12T11:07:50.821+0000] {processor.py:183} INFO - Processing /home/airflow/.local/lib/python3.8/site-packages/airflow/example_dags/example_datasets.py took 0.126 seconds
[2026-03-12T11:08:20.992+0000] {processor.py:161} INFO - Started process (PID=359) to work on /home/airflow/.local/lib/python3.8/site-packages/airflow/example_dags/example_datasets.py
[2026-03-12T11:08:20.995+0000] {processor.py:830} INFO - Processing file /home/airflow/.local/lib/python3.8/site-packages/airflow/example_dags/example_datasets.py for tasks to queue
[2026-03-12T11:08:20.998+0000] {logging_mixin.py:188} INFO - [2026-03-12T11:08:20.998+0000] {dagbag.py:538} INFO - Filling up the DagBag from /home/airflow/.local/lib/python3.8/site-packages/airflow/example_dags/example_datasets.py
[2026-03-12T11:08:21.009+0000] {processor.py:840} INFO - DAG(s) 'dataset_produces_2', 'dataset_consumes_1_never_scheduled', 'dataset_produces_1', 'dataset_consumes_1', 'dataset_consumes_1_and_2', 'dataset_consumes_unknown_never_scheduled' retrieved from /home/airflow/.local/lib/python3.8/site-packages/airflow/example_dags/example_datasets.py
[2026-03-12T11:08:21.046+0000] {logging_mixin.py:188} INFO - [2026-03-12T11:08:21.046+0000] {dag.py:3036} INFO - Sync 6 DAGs
[2026-03-12T11:08:21.068+0000] {logging_mixin.py:188} INFO - [2026-03-12T11:08:21.067+0000] {dag.py:3823} INFO - Setting next_dagrun for dataset_consumes_1 to None, run_after=None
[2026-03-12T11:08:21.072+0000] {logging_mixin.py:188} INFO - [2026-03-12T11:08:21.072+0000] {dag.py:3823} INFO - Setting next_dagrun for dataset_consumes_1_and_2 to None, run_after=None
[2026-03-12T11:08:21.075+0000] {logging_mixin.py:188} INFO - [2026-03-12T11:08:21.075+0000] {dag.py:3823} INFO - Setting next_dagrun for dataset_consumes_1_never_scheduled to None, run_after=None
[2026-03-12T11:08:21.078+0000] {logging_mixin.py:188} INFO - [2026-03-12T11:08:21.078+0000] {dag.py:3823} INFO - Setting next_dagrun for dataset_consumes_unknown_never_scheduled to None, run_after=None
[2026-03-12T11:08:21.081+0000] {logging_mixin.py:188} INFO - [2026-03-12T11:08:21.081+0000] {dag.py:3823} INFO - Setting next_dagrun for dataset_produces_1 to 2026-03-11 00:00:00+00:00, run_after=2026-03-12 00:00:00+00:00
[2026-03-12T11:08:21.083+0000] {logging_mixin.py:188} INFO - [2026-03-12T11:08:21.083+0000] {dag.py:3823} INFO - Setting next_dagrun for dataset_produces_2 to None, run_after=None
[2026-03-12T11:08:21.118+0000] {processor.py:183} INFO - Processing /home/airflow/.local/lib/python3.8/site-packages/airflow/example_dags/example_datasets.py took 0.129 seconds
[2026-03-12T11:08:51.724+0000] {processor.py:161} INFO - Started process (PID=414) to work on /home/airflow/.local/lib/python3.8/site-packages/airflow/example_dags/example_datasets.py
[2026-03-12T11:08:51.728+0000] {processor.py:830} INFO - Processing file /home/airflow/.local/lib/python3.8/site-packages/airflow/example_dags/example_datasets.py for tasks to queue
[2026-03-12T11:08:51.730+0000] {logging_mixin.py:188} INFO - [2026-03-12T11:08:51.729+0000] {dagbag.py:538} INFO - Filling up the DagBag from /home/airflow/.local/lib/python3.8/site-packages/airflow/example_dags/example_datasets.py
[2026-03-12T11:08:51.739+0000] {processor.py:840} INFO - DAG(s) 'dataset_consumes_1_never_scheduled', 'dataset_consumes_1', 'dataset_produces_1', 'dataset_consumes_unknown_never_scheduled', 'dataset_consumes_1_and_2', 'dataset_produces_2' retrieved from /home/airflow/.local/lib/python3.8/site-packages/airflow/example_dags/example_datasets.py
[2026-03-12T11:08:51.772+0000] {logging_mixin.py:188} INFO - [2026-03-12T11:08:51.771+0000] {dag.py:3036} INFO - Sync 6 DAGs
[2026-03-12T11:08:51.789+0000] {logging_mixin.py:188} INFO - [2026-03-12T11:08:51.789+0000] {dag.py:3823} INFO - Setting next_dagrun for dataset_consumes_1 to None, run_after=None
[2026-03-12T11:08:51.794+0000] {logging_mixin.py:188} INFO - [2026-03-12T11:08:51.793+0000] {dag.py:3823} INFO - Setting next_dagrun for dataset_consumes_1_and_2 to None, run_after=None
[2026-03-12T11:08:51.796+0000] {logging_mixin.py:188} INFO - [2026-03-12T11:08:51.795+0000] {dag.py:3823} INFO - Setting next_dagrun for dataset_consumes_1_never_scheduled to None, run_after=None
[2026-03-12T11:08:51.797+0000] {logging_mixin.py:188} INFO - [2026-03-12T11:08:51.797+0000] {dag.py:3823} INFO - Setting next_dagrun for dataset_consumes_unknown_never_scheduled to None, run_after=None
[2026-03-12T11:08:51.800+0000] {logging_mixin.py:188} INFO - [2026-03-12T11:08:51.800+0000] {dag.py:3823} INFO - Setting next_dagrun for dataset_produces_1 to 2026-03-11 00:00:00+00:00, run_after=2026-03-12 00:00:00+00:00
[2026-03-12T11:08:51.802+0000] {logging_mixin.py:188} INFO - [2026-03-12T11:08:51.802+0000] {dag.py:3823} INFO - Setting next_dagrun for dataset_produces_2 to None, run_after=None
[2026-03-12T11:08:51.835+0000] {processor.py:183} INFO - Processing /home/airflow/.local/lib/python3.8/site-packages/airflow/example_dags/example_datasets.py took 0.114 seconds
[2026-03-12T11:09:22.410+0000] {processor.py:161} INFO - Started process (PID=469) to work on /home/airflow/.local/lib/python3.8/site-packages/airflow/example_dags/example_datasets.py
[2026-03-12T11:09:22.412+0000] {processor.py:830} INFO - Processing file /home/airflow/.local/lib/python3.8/site-packages/airflow/example_dags/example_datasets.py for tasks to queue
[2026-03-12T11:09:22.413+0000] {logging_mixin.py:188} INFO - [2026-03-12T11:09:22.413+0000] {dagbag.py:538} INFO - Filling up the DagBag from /home/airflow/.local/lib/python3.8/site-packages/airflow/example_dags/example_datasets.py
[2026-03-12T11:09:22.422+0000] {processor.py:840} INFO - DAG(s) 'dataset_consumes_unknown_never_scheduled', 'dataset_produces_1', 'dataset_produces_2', 'dataset_consumes_1', 'dataset_consumes_1_never_scheduled', 'dataset_consumes_1_and_2' retrieved from /home/airflow/.local/lib/python3.8/site-packages/airflow/example_dags/example_datasets.py
[2026-03-12T11:09:22.460+0000] {logging_mixin.py:188} INFO - [2026-03-12T11:09:22.460+0000] {dag.py:3036} INFO - Sync 6 DAGs
[2026-03-12T11:09:22.479+0000] {logging_mixin.py:188} INFO - [2026-03-12T11:09:22.479+0000] {dag.py:3823} INFO - Setting next_dagrun for dataset_consumes_1 to None, run_after=None
[2026-03-12T11:09:22.484+0000] {logging_mixin.py:188} INFO - [2026-03-12T11:09:22.483+0000] {dag.py:3823} INFO - Setting next_dagrun for dataset_consumes_1_and_2 to None, run_after=None
[2026-03-12T11:09:22.486+0000] {logging_mixin.py:188} INFO - [2026-03-12T11:09:22.485+0000] {dag.py:3823} INFO - Setting next_dagrun for dataset_consumes_1_never_scheduled to None, run_after=None
[2026-03-12T11:09:22.487+0000] {logging_mixin.py:188} INFO - [2026-03-12T11:09:22.487+0000] {dag.py:3823} INFO - Setting next_dagrun for dataset_consumes_unknown_never_scheduled to None, run_after=None
[2026-03-12T11:09:22.491+0000] {logging_mixin.py:188} INFO - [2026-03-12T11:09:22.491+0000] {dag.py:3823} INFO - Setting next_dagrun for dataset_produces_1 to 2026-03-11 00:00:00+00:00, run_after=2026-03-12 00:00:00+00:00
[2026-03-12T11:09:22.494+0000] {logging_mixin.py:188} INFO - [2026-03-12T11:09:22.494+0000] {dag.py:3823} INFO - Setting next_dagrun for dataset_produces_2 to None, run_after=None
[2026-03-12T11:09:22.535+0000] {processor.py:183} INFO - Processing /home/airflow/.local/lib/python3.8/site-packages/airflow/example_dags/example_datasets.py took 0.128 seconds
[2026-03-12T11:09:53.412+0000] {processor.py:161} INFO - Started process (PID=524) to work on /home/airflow/.local/lib/python3.8/site-packages/airflow/example_dags/example_datasets.py
[2026-03-12T11:09:53.414+0000] {processor.py:830} INFO - Processing file /home/airflow/.local/lib/python3.8/site-packages/airflow/example_dags/example_datasets.py for tasks to queue
[2026-03-12T11:09:53.417+0000] {logging_mixin.py:188} INFO - [2026-03-12T11:09:53.417+0000] {dagbag.py:538} INFO - Filling up the DagBag from /home/airflow/.local/lib/python3.8/site-packages/airflow/example_dags/example_datasets.py
[2026-03-12T11:09:53.426+0000] {processor.py:840} INFO - DAG(s) 'dataset_consumes_1', 'dataset_produces_2', 'dataset_consumes_1_never_scheduled', 'dataset_produces_1', 'dataset_consumes_unknown_never_scheduled', 'dataset_consumes_1_and_2' retrieved from /home/airflow/.local/lib/python3.8/site-packages/airflow/example_dags/example_datasets.py
[2026-03-12T11:09:53.455+0000] {logging_mixin.py:188} INFO - [2026-03-12T11:09:53.455+0000] {dag.py:3036} INFO - Sync 6 DAGs
[2026-03-12T11:09:53.473+0000] {logging_mixin.py:188} INFO - [2026-03-12T11:09:53.473+0000] {dag.py:3823} INFO - Setting next_dagrun for dataset_consumes_1 to None, run_after=None
[2026-03-12T11:09:53.536+0000] {logging_mixin.py:188} INFO - [2026-03-12T11:09:53.535+0000] {dag.py:3823} INFO - Setting next_dagrun for dataset_consumes_1_and_2 to None, run_after=None
[2026-03-12T11:09:53.539+0000] {logging_mixin.py:188} INFO - [2026-03-12T11:09:53.539+0000] {dag.py:3823} INFO - Setting next_dagrun for dataset_consumes_1_never_scheduled to None, run_after=None
[2026-03-12T11:09:53.544+0000] {logging_mixin.py:188} INFO - [2026-03-12T11:09:53.543+0000] {dag.py:3823} INFO - Setting next_dagrun for dataset_consumes_unknown_never_scheduled to None, run_after=None
[2026-03-12T11:09:53.552+0000] {logging_mixin.py:188} INFO - [2026-03-12T11:09:53.552+0000] {dag.py:3823} INFO - Setting next_dagrun for dataset_produces_1 to 2026-03-11 00:00:00+00:00, run_after=2026-03-12 00:00:00+00:00
[2026-03-12T11:09:53.556+0000] {logging_mixin.py:188} INFO - [2026-03-12T11:09:53.556+0000] {dag.py:3823} INFO - Setting next_dagrun for dataset_produces_2 to None, run_after=None
[2026-03-12T11:09:53.600+0000] {processor.py:183} INFO - Processing /home/airflow/.local/lib/python3.8/site-packages/airflow/example_dags/example_datasets.py took 0.193 seconds
[2026-03-12T11:10:24.303+0000] {processor.py:161} INFO - Started process (PID=579) to work on /home/airflow/.local/lib/python3.8/site-packages/airflow/example_dags/example_datasets.py
[2026-03-12T11:10:24.305+0000] {processor.py:830} INFO - Processing file /home/airflow/.local/lib/python3.8/site-packages/airflow/example_dags/example_datasets.py for tasks to queue
[2026-03-12T11:10:24.308+0000] {logging_mixin.py:188} INFO - [2026-03-12T11:10:24.308+0000] {dagbag.py:538} INFO - Filling up the DagBag from /home/airflow/.local/lib/python3.8/site-packages/airflow/example_dags/example_datasets.py
[2026-03-12T11:10:24.316+0000] {processor.py:840} INFO - DAG(s) 'dataset_consumes_1_and_2', 'dataset_produces_2', 'dataset_consumes_1', 'dataset_produces_1', 'dataset_consumes_unknown_never_scheduled', 'dataset_consumes_1_never_scheduled' retrieved from /home/airflow/.local/lib/python3.8/site-packages/airflow/example_dags/example_datasets.py
[2026-03-12T11:10:24.346+0000] {logging_mixin.py:188} INFO - [2026-03-12T11:10:24.346+0000] {dag.py:3036} INFO - Sync 6 DAGs
[2026-03-12T11:10:24.448+0000] {logging_mixin.py:188} INFO - [2026-03-12T11:10:24.448+0000] {dag.py:3823} INFO - Setting next_dagrun for dataset_consumes_1 to None, run_after=None
[2026-03-12T11:10:24.452+0000] {logging_mixin.py:188} INFO - [2026-03-12T11:10:24.452+0000] {dag.py:3823} INFO - Setting next_dagrun for dataset_consumes_1_and_2 to None, run_after=None
[2026-03-12T11:10:24.454+0000] {logging_mixin.py:188} INFO - [2026-03-12T11:10:24.454+0000] {dag.py:3823} INFO - Setting next_dagrun for dataset_consumes_1_never_scheduled to None, run_after=None
[2026-03-12T11:10:24.456+0000] {logging_mixin.py:188} INFO - [2026-03-12T11:10:24.455+0000] {dag.py:3823} INFO - Setting next_dagrun for dataset_consumes_unknown_never_scheduled to None, run_after=None
[2026-03-12T11:10:24.458+0000] {logging_mixin.py:188} INFO - [2026-03-12T11:10:24.458+0000] {dag.py:3823} INFO - Setting next_dagrun for dataset_produces_1 to 2026-03-11 00:00:00+00:00, run_after=2026-03-12 00:00:00+00:00
[2026-03-12T11:10:24.460+0000] {logging_mixin.py:188} INFO - [2026-03-12T11:10:24.460+0000] {dag.py:3823} INFO - Setting next_dagrun for dataset_produces_2 to None, run_after=None
[2026-03-12T11:10:24.486+0000] {processor.py:183} INFO - Processing /home/airflow/.local/lib/python3.8/site-packages/airflow/example_dags/example_datasets.py took 0.187 seconds
[2026-03-12T11:10:54.844+0000] {processor.py:161} INFO - Started process (PID=635) to work on /home/airflow/.local/lib/python3.8/site-packages/airflow/example_dags/example_datasets.py
[2026-03-12T11:10:54.846+0000] {processor.py:830} INFO - Processing file /home/airflow/.local/lib/python3.8/site-packages/airflow/example_dags/example_datasets.py for tasks to queue
[2026-03-12T11:10:54.849+0000] {logging_mixin.py:188} INFO - [2026-03-12T11:10:54.849+0000] {dagbag.py:538} INFO - Filling up the DagBag from /home/airflow/.local/lib/python3.8/site-packages/airflow/example_dags/example_datasets.py
[2026-03-12T11:10:54.858+0000] {processor.py:840} INFO - DAG(s) 'dataset_produces_1', 'dataset_consumes_1', 'dataset_produces_2', 'dataset_consumes_1_never_scheduled', 'dataset_consumes_1_and_2', 'dataset_consumes_unknown_never_scheduled' retrieved from /home/airflow/.local/lib/python3.8/site-packages/airflow/example_dags/example_datasets.py
[2026-03-12T11:10:54.895+0000] {logging_mixin.py:188} INFO - [2026-03-12T11:10:54.894+0000] {dag.py:3036} INFO - Sync 6 DAGs
[2026-03-12T11:10:54.917+0000] {logging_mixin.py:188} INFO - [2026-03-12T11:10:54.916+0000] {dag.py:3823} INFO - Setting next_dagrun for dataset_consumes_1 to None, run_after=None
[2026-03-12T11:10:54.920+0000] {logging_mixin.py:188} INFO - [2026-03-12T11:10:54.920+0000] {dag.py:3823} INFO - Setting next_dagrun for dataset_consumes_1_and_2 to None, run_after=None
[2026-03-12T11:10:54.922+0000] {logging_mixin.py:188} INFO - [2026-03-12T11:10:54.922+0000] {dag.py:3823} INFO - Setting next_dagrun for dataset_consumes_1_never_scheduled to None, run_after=None
[2026-03-12T11:10:54.924+0000] {logging_mixin.py:188} INFO - [2026-03-12T11:10:54.924+0000] {dag.py:3823} INFO - Setting next_dagrun for dataset_consumes_unknown_never_scheduled to None, run_after=None
[2026-03-12T11:10:54.928+0000] {logging_mixin.py:188} INFO - [2026-03-12T11:10:54.928+0000] {dag.py:3823} INFO - Setting next_dagrun for dataset_produces_1 to 2026-03-11 00:00:00+00:00, run_after=2026-03-12 00:00:00+00:00
[2026-03-12T11:10:54.930+0000] {logging_mixin.py:188} INFO - [2026-03-12T11:10:54.930+0000] {dag.py:3823} INFO - Setting next_dagrun for dataset_produces_2 to None, run_after=None
[2026-03-12T11:10:54.983+0000] {processor.py:183} INFO - Processing /home/airflow/.local/lib/python3.8/site-packages/airflow/example_dags/example_datasets.py took 0.142 seconds
[2026-03-12T11:11:25.168+0000] {processor.py:161} INFO - Started process (PID=692) to work on /home/airflow/.local/lib/python3.8/site-packages/airflow/example_dags/example_datasets.py
[2026-03-12T11:11:25.170+0000] {processor.py:830} INFO - Processing file /home/airflow/.local/lib/python3.8/site-packages/airflow/example_dags/example_datasets.py for tasks to queue
[2026-03-12T11:11:25.171+0000] {logging_mixin.py:188} INFO - [2026-03-12T11:11:25.171+0000] {dagbag.py:538} INFO - Filling up the DagBag from /home/airflow/.local/lib/python3.8/site-packages/airflow/example_dags/example_datasets.py
[2026-03-12T11:11:25.180+0000] {processor.py:840} INFO - DAG(s) 'dataset_consumes_unknown_never_scheduled', 'dataset_consumes_1', 'dataset_consumes_1_never_scheduled', 'dataset_produces_2', 'dataset_consumes_1_and_2', 'dataset_produces_1' retrieved from /home/airflow/.local/lib/python3.8/site-packages/airflow/example_dags/example_datasets.py
[2026-03-12T11:11:25.216+0000] {logging_mixin.py:188} INFO - [2026-03-12T11:11:25.216+0000] {dag.py:3036} INFO - Sync 6 DAGs
[2026-03-12T11:11:25.238+0000] {logging_mixin.py:188} INFO - [2026-03-12T11:11:25.238+0000] {dag.py:3823} INFO - Setting next_dagrun for dataset_consumes_1 to None, run_after=None
[2026-03-12T11:11:25.242+0000] {logging_mixin.py:188} INFO - [2026-03-12T11:11:25.242+0000] {dag.py:3823} INFO - Setting next_dagrun for dataset_consumes_1_and_2 to None, run_after=None
[2026-03-12T11:11:25.244+0000] {logging_mixin.py:188} INFO - [2026-03-12T11:11:25.243+0000] {dag.py:3823} INFO - Setting next_dagrun for dataset_consumes_1_never_scheduled to None, run_after=None
[2026-03-12T11:11:25.245+0000] {logging_mixin.py:188} INFO - [2026-03-12T11:11:25.245+0000] {dag.py:3823} INFO - Setting next_dagrun for dataset_consumes_unknown_never_scheduled to None, run_after=None
[2026-03-12T11:11:25.248+0000] {logging_mixin.py:188} INFO - [2026-03-12T11:11:25.247+0000] {dag.py:3823} INFO - Setting next_dagrun for dataset_produces_1 to 2026-03-11 00:00:00+00:00, run_after=2026-03-12 00:00:00+00:00
[2026-03-12T11:11:25.249+0000] {logging_mixin.py:188} INFO - [2026-03-12T11:11:25.249+0000] {dag.py:3823} INFO - Setting next_dagrun for dataset_produces_2 to None, run_after=None
[2026-03-12T11:11:25.276+0000] {processor.py:183} INFO - Processing /home/airflow/.local/lib/python3.8/site-packages/airflow/example_dags/example_datasets.py took 0.110 seconds
[2026-03-12T11:11:55.386+0000] {processor.py:161} INFO - Started process (PID=748) to work on /home/airflow/.local/lib/python3.8/site-packages/airflow/example_dags/example_datasets.py
[2026-03-12T11:11:55.388+0000] {processor.py:830} INFO - Processing file /home/airflow/.local/lib/python3.8/site-packages/airflow/example_dags/example_datasets.py for tasks to queue
[2026-03-12T11:11:55.391+0000] {logging_mixin.py:188} INFO - [2026-03-12T11:11:55.391+0000] {dagbag.py:538} INFO - Filling up the DagBag from /home/airflow/.local/lib/python3.8/site-packages/airflow/example_dags/example_datasets.py
[2026-03-12T11:11:55.401+0000] {processor.py:840} INFO - DAG(s) 'dataset_produces_1', 'dataset_produces_2', 'dataset_consumes_1_never_scheduled', 'dataset_consumes_1_and_2', 'dataset_consumes_unknown_never_scheduled', 'dataset_consumes_1' retrieved from /home/airflow/.local/lib/python3.8/site-packages/airflow/example_dags/example_datasets.py
[2026-03-12T11:11:55.438+0000] {logging_mixin.py:188} INFO - [2026-03-12T11:11:55.437+0000] {dag.py:3036} INFO - Sync 6 DAGs
[2026-03-12T11:11:55.459+0000] {logging_mixin.py:188} INFO - [2026-03-12T11:11:55.458+0000] {dag.py:3823} INFO - Setting next_dagrun for dataset_consumes_1 to None, run_after=None
[2026-03-12T11:11:55.462+0000] {logging_mixin.py:188} INFO - [2026-03-12T11:11:55.462+0000] {dag.py:3823} INFO - Setting next_dagrun for dataset_consumes_1_and_2 to None, run_after=None
[2026-03-12T11:11:55.464+0000] {logging_mixin.py:188} INFO - [2026-03-12T11:11:55.463+0000] {dag.py:3823} INFO - Setting next_dagrun for dataset_consumes_1_never_scheduled to None, run_after=None
[2026-03-12T11:11:55.465+0000] {logging_mixin.py:188} INFO - [2026-03-12T11:11:55.465+0000] {dag.py:3823} INFO - Setting next_dagrun for dataset_consumes_unknown_never_scheduled to None, run_after=None
[2026-03-12T11:11:55.468+0000] {logging_mixin.py:188} INFO - [2026-03-12T11:11:55.468+0000] {dag.py:3823} INFO - Setting next_dagrun for dataset_produces_1 to 2026-03-11 00:00:00+00:00, run_after=2026-03-12 00:00:00+00:00
[2026-03-12T11:11:55.471+0000] {logging_mixin.py:188} INFO - [2026-03-12T11:11:55.470+0000] {dag.py:3823} INFO - Setting next_dagrun for dataset_produces_2 to None, run_after=None
[2026-03-12T11:11:55.502+0000] {processor.py:183} INFO - Processing /home/airflow/.local/lib/python3.8/site-packages/airflow/example_dags/example_datasets.py took 0.118 seconds
[2026-03-12T11:12:25.952+0000] {processor.py:161} INFO - Started process (PID=804) to work on /home/airflow/.local/lib/python3.8/site-packages/airflow/example_dags/example_datasets.py
[2026-03-12T11:12:25.953+0000] {processor.py:830} INFO - Processing file /home/airflow/.local/lib/python3.8/site-packages/airflow/example_dags/example_datasets.py for tasks to queue
[2026-03-12T11:12:25.955+0000] {logging_mixin.py:188} INFO - [2026-03-12T11:12:25.955+0000] {dagbag.py:538} INFO - Filling up the DagBag from /home/airflow/.local/lib/python3.8/site-packages/airflow/example_dags/example_datasets.py
[2026-03-12T11:12:25.962+0000] {processor.py:840} INFO - DAG(s) 'dataset_consumes_1_never_scheduled', 'dataset_consumes_unknown_never_scheduled', 'dataset_produces_1', 'dataset_consumes_1_and_2', 'dataset_produces_2', 'dataset_consumes_1' retrieved from /home/airflow/.local/lib/python3.8/site-packages/airflow/example_dags/example_datasets.py
[2026-03-12T11:12:25.992+0000] {logging_mixin.py:188} INFO - [2026-03-12T11:12:25.991+0000] {dag.py:3036} INFO - Sync 6 DAGs
[2026-03-12T11:12:26.008+0000] {logging_mixin.py:188} INFO - [2026-03-12T11:12:26.008+0000] {dag.py:3823} INFO - Setting next_dagrun for dataset_consumes_1 to None, run_after=None
[2026-03-12T11:12:26.012+0000] {logging_mixin.py:188} INFO - [2026-03-12T11:12:26.011+0000] {dag.py:3823} INFO - Setting next_dagrun for dataset_consumes_1_and_2 to None, run_after=None
[2026-03-12T11:12:26.013+0000] {logging_mixin.py:188} INFO - [2026-03-12T11:12:26.013+0000] {dag.py:3823} INFO - Setting next_dagrun for dataset_consumes_1_never_scheduled to None, run_after=None
[2026-03-12T11:12:26.015+0000] {logging_mixin.py:188} INFO - [2026-03-12T11:12:26.015+0000] {dag.py:3823} INFO - Setting next_dagrun for dataset_consumes_unknown_never_scheduled to None, run_after=None
[2026-03-12T11:12:26.018+0000] {logging_mixin.py:188} INFO - [2026-03-12T11:12:26.017+0000] {dag.py:3823} INFO - Setting next_dagrun for dataset_produces_1 to 2026-03-11 00:00:00+00:00, run_after=2026-03-12 00:00:00+00:00
[2026-03-12T11:12:26.019+0000] {logging_mixin.py:188} INFO - [2026-03-12T11:12:26.019+0000] {dag.py:3823} INFO - Setting next_dagrun for dataset_produces_2 to None, run_after=None
[2026-03-12T11:12:26.044+0000] {processor.py:183} INFO - Processing /home/airflow/.local/lib/python3.8/site-packages/airflow/example_dags/example_datasets.py took 0.095 seconds
[2026-03-12T11:12:56.601+0000] {processor.py:161} INFO - Started process (PID=860) to work on /home/airflow/.local/lib/python3.8/site-packages/airflow/example_dags/example_datasets.py
[2026-03-12T11:12:56.602+0000] {processor.py:830} INFO - Processing file /home/airflow/.local/lib/python3.8/site-packages/airflow/example_dags/example_datasets.py for tasks to queue
[2026-03-12T11:12:56.605+0000] {logging_mixin.py:188} INFO - [2026-03-12T11:12:56.604+0000] {dagbag.py:538} INFO - Filling up the DagBag from /home/airflow/.local/lib/python3.8/site-packages/airflow/example_dags/example_datasets.py
[2026-03-12T11:12:56.614+0000] {processor.py:840} INFO - DAG(s) 'dataset_consumes_unknown_never_scheduled', 'dataset_consumes_1', 'dataset_produces_1', 'dataset_consumes_1_and_2', 'dataset_consumes_1_never_scheduled', 'dataset_produces_2' retrieved from /home/airflow/.local/lib/python3.8/site-packages/airflow/example_dags/example_datasets.py
[2026-03-12T11:12:56.650+0000] {logging_mixin.py:188} INFO - [2026-03-12T11:12:56.650+0000] {dag.py:3036} INFO - Sync 6 DAGs
[2026-03-12T11:12:56.669+0000] {logging_mixin.py:188} INFO - [2026-03-12T11:12:56.669+0000] {dag.py:3823} INFO - Setting next_dagrun for dataset_consumes_1 to None, run_after=None
[2026-03-12T11:12:56.672+0000] {logging_mixin.py:188} INFO - [2026-03-12T11:12:56.672+0000] {dag.py:3823} INFO - Setting next_dagrun for dataset_consumes_1_and_2 to None, run_after=None
[2026-03-12T11:12:56.674+0000] {logging_mixin.py:188} INFO - [2026-03-12T11:12:56.674+0000] {dag.py:3823} INFO - Setting next_dagrun for dataset_consumes_1_never_scheduled to None, run_after=None
[2026-03-12T11:12:56.676+0000] {logging_mixin.py:188} INFO - [2026-03-12T11:12:56.676+0000] {dag.py:3823} INFO - Setting next_dagrun for dataset_consumes_unknown_never_scheduled to None, run_after=None
[2026-03-12T11:12:56.679+0000] {logging_mixin.py:188} INFO - [2026-03-12T11:12:56.679+0000] {dag.py:3823} INFO - Setting next_dagrun for dataset_produces_1 to 2026-03-11 00:00:00+00:00, run_after=2026-03-12 00:00:00+00:00
[2026-03-12T11:12:56.682+0000] {logging_mixin.py:188} INFO - [2026-03-12T11:12:56.682+0000] {dag.py:3823} INFO - Setting next_dagrun for dataset_produces_2 to None, run_after=None
[2026-03-12T11:12:56.726+0000] {processor.py:183} INFO - Processing /home/airflow/.local/lib/python3.8/site-packages/airflow/example_dags/example_datasets.py took 0.128 seconds
[2026-03-12T11:13:26.966+0000] {processor.py:161} INFO - Started process (PID=916) to work on /home/airflow/.local/lib/python3.8/site-packages/airflow/example_dags/example_datasets.py
[2026-03-12T11:13:26.967+0000] {processor.py:830} INFO - Processing file /home/airflow/.local/lib/python3.8/site-packages/airflow/example_dags/example_datasets.py for tasks to queue
[2026-03-12T11:13:26.969+0000] {logging_mixin.py:188} INFO - [2026-03-12T11:13:26.969+0000] {dagbag.py:538} INFO - Filling up the DagBag from /home/airflow/.local/lib/python3.8/site-packages/airflow/example_dags/example_datasets.py
[2026-03-12T11:13:26.977+0000] {processor.py:840} INFO - DAG(s) 'dataset_consumes_1_and_2', 'dataset_consumes_1_never_scheduled', 'dataset_consumes_1', 'dataset_consumes_unknown_never_scheduled', 'dataset_produces_2', 'dataset_produces_1' retrieved from /home/airflow/.local/lib/python3.8/site-packages/airflow/example_dags/example_datasets.py
[2026-03-12T11:13:27.014+0000] {logging_mixin.py:188} INFO - [2026-03-12T11:13:27.014+0000] {dag.py:3036} INFO - Sync 6 DAGs
[2026-03-12T11:13:27.034+0000] {logging_mixin.py:188} INFO - [2026-03-12T11:13:27.034+0000] {dag.py:3823} INFO - Setting next_dagrun for dataset_consumes_1 to None, run_after=None
[2026-03-12T11:13:27.038+0000] {logging_mixin.py:188} INFO - [2026-03-12T11:13:27.038+0000] {dag.py:3823} INFO - Setting next_dagrun for dataset_consumes_1_and_2 to None, run_after=None
[2026-03-12T11:13:27.040+0000] {logging_mixin.py:188} INFO - [2026-03-12T11:13:27.040+0000] {dag.py:3823} INFO - Setting next_dagrun for dataset_consumes_1_never_scheduled to None, run_after=None
[2026-03-12T11:13:27.042+0000] {logging_mixin.py:188} INFO - [2026-03-12T11:13:27.042+0000] {dag.py:3823} INFO - Setting next_dagrun for dataset_consumes_unknown_never_scheduled to None, run_after=None
[2026-03-12T11:13:27.045+0000] {logging_mixin.py:188} INFO - [2026-03-12T11:13:27.045+0000] {dag.py:3823} INFO - Setting next_dagrun for dataset_produces_1 to 2026-03-11 00:00:00+00:00, run_after=2026-03-12 00:00:00+00:00
[2026-03-12T11:13:27.048+0000] {logging_mixin.py:188} INFO - [2026-03-12T11:13:27.048+0000] {dag.py:3823} INFO - Setting next_dagrun for dataset_produces_2 to None, run_after=None
[2026-03-12T11:13:27.081+0000] {processor.py:183} INFO - Processing /home/airflow/.local/lib/python3.8/site-packages/airflow/example_dags/example_datasets.py took 0.117 seconds
[2026-03-12T11:13:57.190+0000] {processor.py:161} INFO - Started process (PID=972) to work on /home/airflow/.local/lib/python3.8/site-packages/airflow/example_dags/example_datasets.py
[2026-03-12T11:13:57.191+0000] {processor.py:830} INFO - Processing file /home/airflow/.local/lib/python3.8/site-packages/airflow/example_dags/example_datasets.py for tasks to queue
[2026-03-12T11:13:57.193+0000] {logging_mixin.py:188} INFO - [2026-03-12T11:13:57.193+0000] {dagbag.py:538} INFO - Filling up the DagBag from /home/airflow/.local/lib/python3.8/site-packages/airflow/example_dags/example_datasets.py
[2026-03-12T11:13:57.202+0000] {processor.py:840} INFO - DAG(s) 'dataset_produces_2', 'dataset_consumes_1', 'dataset_consumes_1_never_scheduled', 'dataset_produces_1', 'dataset_consumes_1_and_2', 'dataset_consumes_unknown_never_scheduled' retrieved from /home/airflow/.local/lib/python3.8/site-packages/airflow/example_dags/example_datasets.py
[2026-03-12T11:13:57.248+0000] {logging_mixin.py:188} INFO - [2026-03-12T11:13:57.248+0000] {dag.py:3036} INFO - Sync 6 DAGs
[2026-03-12T11:13:57.267+0000] {logging_mixin.py:188} INFO - [2026-03-12T11:13:57.267+0000] {dag.py:3823} INFO - Setting next_dagrun for dataset_consumes_1 to None, run_after=None
[2026-03-12T11:13:57.271+0000] {logging_mixin.py:188} INFO - [2026-03-12T11:13:57.271+0000] {dag.py:3823} INFO - Setting next_dagrun for dataset_consumes_1_and_2 to None, run_after=None
[2026-03-12T11:13:57.273+0000] {logging_mixin.py:188} INFO - [2026-03-12T11:13:57.273+0000] {dag.py:3823} INFO - Setting next_dagrun for dataset_consumes_1_never_scheduled to None, run_after=None
[2026-03-12T11:13:57.275+0000] {logging_mixin.py:188} INFO - [2026-03-12T11:13:57.274+0000] {dag.py:3823} INFO - Setting next_dagrun for dataset_consumes_unknown_never_scheduled to None, run_after=None
[2026-03-12T11:13:57.277+0000] {logging_mixin.py:188} INFO - [2026-03-12T11:13:57.277+0000] {dag.py:3823} INFO - Setting next_dagrun for dataset_produces_1 to 2026-03-11 00:00:00+00:00, run_after=2026-03-12 00:00:00+00:00
[2026-03-12T11:13:57.279+0000] {logging_mixin.py:188} INFO - [2026-03-12T11:13:57.279+0000] {dag.py:3823} INFO - Setting next_dagrun for dataset_produces_2 to None, run_after=None
[2026-03-12T11:13:57.310+0000] {processor.py:183} INFO - Processing /home/airflow/.local/lib/python3.8/site-packages/airflow/example_dags/example_datasets.py took 0.123 seconds
[2026-03-12T11:14:27.826+0000] {processor.py:161} INFO - Started process (PID=1028) to work on /home/airflow/.local/lib/python3.8/site-packages/airflow/example_dags/example_datasets.py
[2026-03-12T11:14:27.827+0000] {processor.py:830} INFO - Processing file /home/airflow/.local/lib/python3.8/site-packages/airflow/example_dags/example_datasets.py for tasks to queue
[2026-03-12T11:14:27.829+0000] {logging_mixin.py:188} INFO - [2026-03-12T11:14:27.829+0000] {dagbag.py:538} INFO - Filling up the DagBag from /home/airflow/.local/lib/python3.8/site-packages/airflow/example_dags/example_datasets.py
[2026-03-12T11:14:27.840+0000] {processor.py:840} INFO - DAG(s) 'dataset_consumes_unknown_never_scheduled', 'dataset_produces_1', 'dataset_consumes_1_never_scheduled', 'dataset_consumes_1', 'dataset_produces_2', 'dataset_consumes_1_and_2' retrieved from /home/airflow/.local/lib/python3.8/site-packages/airflow/example_dags/example_datasets.py
[2026-03-12T11:14:27.873+0000] {logging_mixin.py:188} INFO - [2026-03-12T11:14:27.873+0000] {dag.py:3036} INFO - Sync 6 DAGs
[2026-03-12T11:14:27.892+0000] {logging_mixin.py:188} INFO - [2026-03-12T11:14:27.891+0000] {dag.py:3823} INFO - Setting next_dagrun for dataset_consumes_1 to None, run_after=None
[2026-03-12T11:14:27.896+0000] {logging_mixin.py:188} INFO - [2026-03-12T11:14:27.896+0000] {dag.py:3823} INFO - Setting next_dagrun for dataset_consumes_1_and_2 to None, run_after=None
[2026-03-12T11:14:27.898+0000] {logging_mixin.py:188} INFO - [2026-03-12T11:14:27.898+0000] {dag.py:3823} INFO - Setting next_dagrun for dataset_consumes_1_never_scheduled to None, run_after=None
[2026-03-12T11:14:27.899+0000] {logging_mixin.py:188} INFO - [2026-03-12T11:14:27.899+0000] {dag.py:3823} INFO - Setting next_dagrun for dataset_consumes_unknown_never_scheduled to None, run_after=None
[2026-03-12T11:14:27.902+0000] {logging_mixin.py:188} INFO - [2026-03-12T11:14:27.902+0000] {dag.py:3823} INFO - Setting next_dagrun for dataset_produces_1 to 2026-03-11 00:00:00+00:00, run_after=2026-03-12 00:00:00+00:00
[2026-03-12T11:14:27.904+0000] {logging_mixin.py:188} INFO - [2026-03-12T11:14:27.904+0000] {dag.py:3823} INFO - Setting next_dagrun for dataset_produces_2 to None, run_after=None
[2026-03-12T11:14:27.931+0000] {processor.py:183} INFO - Processing /home/airflow/.local/lib/python3.8/site-packages/airflow/example_dags/example_datasets.py took 0.108 seconds
[2026-03-12T11:14:58.017+0000] {processor.py:161} INFO - Started process (PID=1084) to work on /home/airflow/.local/lib/python3.8/site-packages/airflow/example_dags/example_datasets.py
[2026-03-12T11:14:58.018+0000] {processor.py:830} INFO - Processing file /home/airflow/.local/lib/python3.8/site-packages/airflow/example_dags/example_datasets.py for tasks to queue
[2026-03-12T11:14:58.020+0000] {logging_mixin.py:188} INFO - [2026-03-12T11:14:58.020+0000] {dagbag.py:538} INFO - Filling up the DagBag from /home/airflow/.local/lib/python3.8/site-packages/airflow/example_dags/example_datasets.py
[2026-03-12T11:14:58.029+0000] {processor.py:840} INFO - DAG(s) 'dataset_consumes_unknown_never_scheduled', 'dataset_produces_2', 'dataset_produces_1', 'dataset_consumes_1', 'dataset_consumes_1_never_scheduled', 'dataset_consumes_1_and_2' retrieved from /home/airflow/.local/lib/python3.8/site-packages/airflow/example_dags/example_datasets.py
[2026-03-12T11:14:58.061+0000] {logging_mixin.py:188} INFO - [2026-03-12T11:14:58.061+0000] {dag.py:3036} INFO - Sync 6 DAGs
[2026-03-12T11:14:58.080+0000] {logging_mixin.py:188} INFO - [2026-03-12T11:14:58.080+0000] {dag.py:3823} INFO - Setting next_dagrun for dataset_consumes_1 to None, run_after=None
[2026-03-12T11:14:58.083+0000] {logging_mixin.py:188} INFO - [2026-03-12T11:14:58.083+0000] {dag.py:3823} INFO - Setting next_dagrun for dataset_consumes_1_and_2 to None, run_after=None
[2026-03-12T11:14:58.085+0000] {logging_mixin.py:188} INFO - [2026-03-12T11:14:58.085+0000] {dag.py:3823} INFO - Setting next_dagrun for dataset_consumes_1_never_scheduled to None, run_after=None
[2026-03-12T11:14:58.086+0000] {logging_mixin.py:188} INFO - [2026-03-12T11:14:58.086+0000] {dag.py:3823} INFO - Setting next_dagrun for dataset_consumes_unknown_never_scheduled to None, run_after=None
[2026-03-12T11:14:58.088+0000] {logging_mixin.py:188} INFO - [2026-03-12T11:14:58.088+0000] {dag.py:3823} INFO - Setting next_dagrun for dataset_produces_1 to 2026-03-11 00:00:00+00:00, run_after=2026-03-12 00:00:00+00:00
[2026-03-12T11:14:58.091+0000] {logging_mixin.py:188} INFO - [2026-03-12T11:14:58.091+0000] {dag.py:3823} INFO - Setting next_dagrun for dataset_produces_2 to None, run_after=None
[2026-03-12T11:14:58.122+0000] {processor.py:183} INFO - Processing /home/airflow/.local/lib/python3.8/site-packages/airflow/example_dags/example_datasets.py took 0.109 seconds
[2026-03-12T11:15:28.353+0000] {processor.py:161} INFO - Started process (PID=1140) to work on /home/airflow/.local/lib/python3.8/site-packages/airflow/example_dags/example_datasets.py
[2026-03-12T11:15:28.356+0000] {processor.py:830} INFO - Processing file /home/airflow/.local/lib/python3.8/site-packages/airflow/example_dags/example_datasets.py for tasks to queue
[2026-03-12T11:15:28.359+0000] {logging_mixin.py:188} INFO - [2026-03-12T11:15:28.359+0000] {dagbag.py:538} INFO - Filling up the DagBag from /home/airflow/.local/lib/python3.8/site-packages/airflow/example_dags/example_datasets.py
[2026-03-12T11:15:28.369+0000] {processor.py:840} INFO - DAG(s) 'dataset_produces_2', 'dataset_consumes_1_and_2', 'dataset_consumes_1_never_scheduled', 'dataset_produces_1', 'dataset_consumes_unknown_never_scheduled', 'dataset_consumes_1' retrieved from /home/airflow/.local/lib/python3.8/site-packages/airflow/example_dags/example_datasets.py
[2026-03-12T11:15:28.402+0000] {logging_mixin.py:188} INFO - [2026-03-12T11:15:28.401+0000] {dag.py:3036} INFO - Sync 6 DAGs
[2026-03-12T11:15:28.422+0000] {logging_mixin.py:188} INFO - [2026-03-12T11:15:28.422+0000] {dag.py:3823} INFO - Setting next_dagrun for dataset_consumes_1 to None, run_after=None
[2026-03-12T11:15:28.426+0000] {logging_mixin.py:188} INFO - [2026-03-12T11:15:28.426+0000] {dag.py:3823} INFO - Setting next_dagrun for dataset_consumes_1_and_2 to None, run_after=None
[2026-03-12T11:15:28.429+0000] {logging_mixin.py:188} INFO - [2026-03-12T11:15:28.428+0000] {dag.py:3823} INFO - Setting next_dagrun for dataset_consumes_1_never_scheduled to None, run_after=None
[2026-03-12T11:15:28.431+0000] {logging_mixin.py:188} INFO - [2026-03-12T11:15:28.431+0000] {dag.py:3823} INFO - Setting next_dagrun for dataset_consumes_unknown_never_scheduled to None, run_after=None
[2026-03-12T11:15:28.434+0000] {logging_mixin.py:188} INFO - [2026-03-12T11:15:28.434+0000] {dag.py:3823} INFO - Setting next_dagrun for dataset_produces_1 to 2026-03-11 00:00:00+00:00, run_after=2026-03-12 00:00:00+00:00
[2026-03-12T11:15:28.436+0000] {logging_mixin.py:188} INFO - [2026-03-12T11:15:28.435+0000] {dag.py:3823} INFO - Setting next_dagrun for dataset_produces_2 to None, run_after=None
[2026-03-12T11:15:28.468+0000] {processor.py:183} INFO - Processing /home/airflow/.local/lib/python3.8/site-packages/airflow/example_dags/example_datasets.py took 0.120 seconds
