[2026-03-12T11:05:44.956+0000] {processor.py:161} INFO - Started process (PID=57) to work on /home/airflow/.local/lib/python3.8/site-packages/airflow/example_dags/example_latest_only_with_trigger.py
[2026-03-12T11:05:44.964+0000] {processor.py:830} INFO - Processing file /home/airflow/.local/lib/python3.8/site-packages/airflow/example_dags/example_latest_only_with_trigger.py for tasks to queue
[2026-03-12T11:05:44.983+0000] {logging_mixin.py:188} INFO - [2026-03-12T11:05:44.982+0000] {dagbag.py:538} INFO - Filling up the DagBag from /home/airflow/.local/lib/python3.8/site-packages/airflow/example_dags/example_latest_only_with_trigger.py
[2026-03-12T11:05:45.033+0000] {processor.py:840} INFO - DAG(s) 'latest_only_with_trigger' retrieved from /home/airflow/.local/lib/python3.8/site-packages/airflow/example_dags/example_latest_only_with_trigger.py
[2026-03-12T11:05:45.125+0000] {logging_mixin.py:188} INFO - [2026-03-12T11:05:45.124+0000] {dag.py:3036} INFO - Sync 1 DAGs
[2026-03-12T11:05:45.203+0000] {logging_mixin.py:188} INFO - [2026-03-12T11:05:45.203+0000] {dag.py:3823} INFO - Setting next_dagrun for latest_only_with_trigger to 2026-03-12 04:00:00+00:00, run_after=2026-03-12 08:00:00+00:00
[2026-03-12T11:05:45.244+0000] {processor.py:183} INFO - Processing /home/airflow/.local/lib/python3.8/site-packages/airflow/example_dags/example_latest_only_with_trigger.py took 0.305 seconds
[2026-03-12T11:06:15.610+0000] {processor.py:161} INFO - Started process (PID=112) to work on /home/airflow/.local/lib/python3.8/site-packages/airflow/example_dags/example_latest_only_with_trigger.py
[2026-03-12T11:06:15.612+0000] {processor.py:830} INFO - Processing file /home/airflow/.local/lib/python3.8/site-packages/airflow/example_dags/example_latest_only_with_trigger.py for tasks to queue
[2026-03-12T11:06:15.619+0000] {logging_mixin.py:188} INFO - [2026-03-12T11:06:15.618+0000] {dagbag.py:538} INFO - Filling up the DagBag from /home/airflow/.local/lib/python3.8/site-packages/airflow/example_dags/example_latest_only_with_trigger.py
[2026-03-12T11:06:15.638+0000] {processor.py:840} INFO - DAG(s) 'latest_only_with_trigger' retrieved from /home/airflow/.local/lib/python3.8/site-packages/airflow/example_dags/example_latest_only_with_trigger.py
[2026-03-12T11:06:15.949+0000] {logging_mixin.py:188} INFO - [2026-03-12T11:06:15.949+0000] {dag.py:3036} INFO - Sync 1 DAGs
[2026-03-12T11:06:15.976+0000] {logging_mixin.py:188} INFO - [2026-03-12T11:06:15.976+0000] {dag.py:3823} INFO - Setting next_dagrun for latest_only_with_trigger to 2026-03-12 04:00:00+00:00, run_after=2026-03-12 08:00:00+00:00
[2026-03-12T11:06:16.000+0000] {processor.py:183} INFO - Processing /home/airflow/.local/lib/python3.8/site-packages/airflow/example_dags/example_latest_only_with_trigger.py took 0.399 seconds
[2026-03-12T11:06:46.580+0000] {processor.py:161} INFO - Started process (PID=167) to work on /home/airflow/.local/lib/python3.8/site-packages/airflow/example_dags/example_latest_only_with_trigger.py
[2026-03-12T11:06:46.583+0000] {processor.py:830} INFO - Processing file /home/airflow/.local/lib/python3.8/site-packages/airflow/example_dags/example_latest_only_with_trigger.py for tasks to queue
[2026-03-12T11:06:46.591+0000] {logging_mixin.py:188} INFO - [2026-03-12T11:06:46.590+0000] {dagbag.py:538} INFO - Filling up the DagBag from /home/airflow/.local/lib/python3.8/site-packages/airflow/example_dags/example_latest_only_with_trigger.py
[2026-03-12T11:06:46.615+0000] {processor.py:840} INFO - DAG(s) 'latest_only_with_trigger' retrieved from /home/airflow/.local/lib/python3.8/site-packages/airflow/example_dags/example_latest_only_with_trigger.py
[2026-03-12T11:06:46.672+0000] {logging_mixin.py:188} INFO - [2026-03-12T11:06:46.672+0000] {dag.py:3036} INFO - Sync 1 DAGs
[2026-03-12T11:06:46.719+0000] {logging_mixin.py:188} INFO - [2026-03-12T11:06:46.718+0000] {dag.py:3823} INFO - Setting next_dagrun for latest_only_with_trigger to 2026-03-12 04:00:00+00:00, run_after=2026-03-12 08:00:00+00:00
[2026-03-12T11:06:46.758+0000] {processor.py:183} INFO - Processing /home/airflow/.local/lib/python3.8/site-packages/airflow/example_dags/example_latest_only_with_trigger.py took 0.189 seconds
[2026-03-12T11:07:16.892+0000] {processor.py:161} INFO - Started process (PID=222) to work on /home/airflow/.local/lib/python3.8/site-packages/airflow/example_dags/example_latest_only_with_trigger.py
[2026-03-12T11:07:16.894+0000] {processor.py:830} INFO - Processing file /home/airflow/.local/lib/python3.8/site-packages/airflow/example_dags/example_latest_only_with_trigger.py for tasks to queue
[2026-03-12T11:07:16.896+0000] {logging_mixin.py:188} INFO - [2026-03-12T11:07:16.896+0000] {dagbag.py:538} INFO - Filling up the DagBag from /home/airflow/.local/lib/python3.8/site-packages/airflow/example_dags/example_latest_only_with_trigger.py
[2026-03-12T11:07:16.904+0000] {processor.py:840} INFO - DAG(s) 'latest_only_with_trigger' retrieved from /home/airflow/.local/lib/python3.8/site-packages/airflow/example_dags/example_latest_only_with_trigger.py
[2026-03-12T11:07:16.927+0000] {logging_mixin.py:188} INFO - [2026-03-12T11:07:16.926+0000] {dag.py:3036} INFO - Sync 1 DAGs
[2026-03-12T11:07:16.948+0000] {logging_mixin.py:188} INFO - [2026-03-12T11:07:16.948+0000] {dag.py:3823} INFO - Setting next_dagrun for latest_only_with_trigger to 2026-03-12 04:00:00+00:00, run_after=2026-03-12 08:00:00+00:00
[2026-03-12T11:07:16.971+0000] {processor.py:183} INFO - Processing /home/airflow/.local/lib/python3.8/site-packages/airflow/example_dags/example_latest_only_with_trigger.py took 0.082 seconds
[2026-03-12T11:07:47.225+0000] {processor.py:161} INFO - Started process (PID=277) to work on /home/airflow/.local/lib/python3.8/site-packages/airflow/example_dags/example_latest_only_with_trigger.py
[2026-03-12T11:07:47.226+0000] {processor.py:830} INFO - Processing file /home/airflow/.local/lib/python3.8/site-packages/airflow/example_dags/example_latest_only_with_trigger.py for tasks to queue
[2026-03-12T11:07:47.228+0000] {logging_mixin.py:188} INFO - [2026-03-12T11:07:47.228+0000] {dagbag.py:538} INFO - Filling up the DagBag from /home/airflow/.local/lib/python3.8/site-packages/airflow/example_dags/example_latest_only_with_trigger.py
[2026-03-12T11:07:47.234+0000] {processor.py:840} INFO - DAG(s) 'latest_only_with_trigger' retrieved from /home/airflow/.local/lib/python3.8/site-packages/airflow/example_dags/example_latest_only_with_trigger.py
[2026-03-12T11:07:47.253+0000] {logging_mixin.py:188} INFO - [2026-03-12T11:07:47.252+0000] {dag.py:3036} INFO - Sync 1 DAGs
[2026-03-12T11:07:47.272+0000] {logging_mixin.py:188} INFO - [2026-03-12T11:07:47.271+0000] {dag.py:3823} INFO - Setting next_dagrun for latest_only_with_trigger to 2026-03-12 04:00:00+00:00, run_after=2026-03-12 08:00:00+00:00
[2026-03-12T11:07:47.290+0000] {processor.py:183} INFO - Processing /home/airflow/.local/lib/python3.8/site-packages/airflow/example_dags/example_latest_only_with_trigger.py took 0.069 seconds
[2026-03-12T11:08:17.431+0000] {processor.py:161} INFO - Started process (PID=332) to work on /home/airflow/.local/lib/python3.8/site-packages/airflow/example_dags/example_latest_only_with_trigger.py
[2026-03-12T11:08:17.433+0000] {processor.py:830} INFO - Processing file /home/airflow/.local/lib/python3.8/site-packages/airflow/example_dags/example_latest_only_with_trigger.py for tasks to queue
[2026-03-12T11:08:17.437+0000] {logging_mixin.py:188} INFO - [2026-03-12T11:08:17.436+0000] {dagbag.py:538} INFO - Filling up the DagBag from /home/airflow/.local/lib/python3.8/site-packages/airflow/example_dags/example_latest_only_with_trigger.py
[2026-03-12T11:08:17.444+0000] {processor.py:840} INFO - DAG(s) 'latest_only_with_trigger' retrieved from /home/airflow/.local/lib/python3.8/site-packages/airflow/example_dags/example_latest_only_with_trigger.py
[2026-03-12T11:08:17.466+0000] {logging_mixin.py:188} INFO - [2026-03-12T11:08:17.466+0000] {dag.py:3036} INFO - Sync 1 DAGs
[2026-03-12T11:08:17.486+0000] {logging_mixin.py:188} INFO - [2026-03-12T11:08:17.486+0000] {dag.py:3823} INFO - Setting next_dagrun for latest_only_with_trigger to 2026-03-12 04:00:00+00:00, run_after=2026-03-12 08:00:00+00:00
[2026-03-12T11:08:17.503+0000] {processor.py:183} INFO - Processing /home/airflow/.local/lib/python3.8/site-packages/airflow/example_dags/example_latest_only_with_trigger.py took 0.076 seconds
[2026-03-12T11:08:47.615+0000] {processor.py:161} INFO - Started process (PID=387) to work on /home/airflow/.local/lib/python3.8/site-packages/airflow/example_dags/example_latest_only_with_trigger.py
[2026-03-12T11:08:47.617+0000] {processor.py:830} INFO - Processing file /home/airflow/.local/lib/python3.8/site-packages/airflow/example_dags/example_latest_only_with_trigger.py for tasks to queue
[2026-03-12T11:08:47.620+0000] {logging_mixin.py:188} INFO - [2026-03-12T11:08:47.620+0000] {dagbag.py:538} INFO - Filling up the DagBag from /home/airflow/.local/lib/python3.8/site-packages/airflow/example_dags/example_latest_only_with_trigger.py
[2026-03-12T11:08:47.633+0000] {processor.py:840} INFO - DAG(s) 'latest_only_with_trigger' retrieved from /home/airflow/.local/lib/python3.8/site-packages/airflow/example_dags/example_latest_only_with_trigger.py
[2026-03-12T11:08:47.662+0000] {logging_mixin.py:188} INFO - [2026-03-12T11:08:47.661+0000] {dag.py:3036} INFO - Sync 1 DAGs
[2026-03-12T11:08:47.701+0000] {logging_mixin.py:188} INFO - [2026-03-12T11:08:47.700+0000] {dag.py:3823} INFO - Setting next_dagrun for latest_only_with_trigger to 2026-03-12 04:00:00+00:00, run_after=2026-03-12 08:00:00+00:00
[2026-03-12T11:08:47.730+0000] {processor.py:183} INFO - Processing /home/airflow/.local/lib/python3.8/site-packages/airflow/example_dags/example_latest_only_with_trigger.py took 0.121 seconds
[2026-03-12T11:09:17.926+0000] {processor.py:161} INFO - Started process (PID=443) to work on /home/airflow/.local/lib/python3.8/site-packages/airflow/example_dags/example_latest_only_with_trigger.py
[2026-03-12T11:09:17.928+0000] {processor.py:830} INFO - Processing file /home/airflow/.local/lib/python3.8/site-packages/airflow/example_dags/example_latest_only_with_trigger.py for tasks to queue
[2026-03-12T11:09:17.930+0000] {logging_mixin.py:188} INFO - [2026-03-12T11:09:17.930+0000] {dagbag.py:538} INFO - Filling up the DagBag from /home/airflow/.local/lib/python3.8/site-packages/airflow/example_dags/example_latest_only_with_trigger.py
[2026-03-12T11:09:17.936+0000] {processor.py:840} INFO - DAG(s) 'latest_only_with_trigger' retrieved from /home/airflow/.local/lib/python3.8/site-packages/airflow/example_dags/example_latest_only_with_trigger.py
[2026-03-12T11:09:17.957+0000] {logging_mixin.py:188} INFO - [2026-03-12T11:09:17.956+0000] {dag.py:3036} INFO - Sync 1 DAGs
[2026-03-12T11:09:17.992+0000] {logging_mixin.py:188} INFO - [2026-03-12T11:09:17.991+0000] {dag.py:3823} INFO - Setting next_dagrun for latest_only_with_trigger to 2026-03-12 04:00:00+00:00, run_after=2026-03-12 08:00:00+00:00
[2026-03-12T11:09:18.021+0000] {processor.py:183} INFO - Processing /home/airflow/.local/lib/python3.8/site-packages/airflow/example_dags/example_latest_only_with_trigger.py took 0.098 seconds
[2026-03-12T11:09:48.955+0000] {processor.py:161} INFO - Started process (PID=504) to work on /home/airflow/.local/lib/python3.8/site-packages/airflow/example_dags/example_latest_only_with_trigger.py
[2026-03-12T11:09:48.957+0000] {processor.py:830} INFO - Processing file /home/airflow/.local/lib/python3.8/site-packages/airflow/example_dags/example_latest_only_with_trigger.py for tasks to queue
[2026-03-12T11:09:48.959+0000] {logging_mixin.py:188} INFO - [2026-03-12T11:09:48.959+0000] {dagbag.py:538} INFO - Filling up the DagBag from /home/airflow/.local/lib/python3.8/site-packages/airflow/example_dags/example_latest_only_with_trigger.py
[2026-03-12T11:09:48.966+0000] {processor.py:840} INFO - DAG(s) 'latest_only_with_trigger' retrieved from /home/airflow/.local/lib/python3.8/site-packages/airflow/example_dags/example_latest_only_with_trigger.py
[2026-03-12T11:09:48.988+0000] {logging_mixin.py:188} INFO - [2026-03-12T11:09:48.987+0000] {dag.py:3036} INFO - Sync 1 DAGs
[2026-03-12T11:09:49.008+0000] {logging_mixin.py:188} INFO - [2026-03-12T11:09:49.008+0000] {dag.py:3823} INFO - Setting next_dagrun for latest_only_with_trigger to 2026-03-12 04:00:00+00:00, run_after=2026-03-12 08:00:00+00:00
[2026-03-12T11:09:49.100+0000] {processor.py:183} INFO - Processing /home/airflow/.local/lib/python3.8/site-packages/airflow/example_dags/example_latest_only_with_trigger.py took 0.149 seconds
[2026-03-12T11:10:19.208+0000] {processor.py:161} INFO - Started process (PID=559) to work on /home/airflow/.local/lib/python3.8/site-packages/airflow/example_dags/example_latest_only_with_trigger.py
[2026-03-12T11:10:19.210+0000] {processor.py:830} INFO - Processing file /home/airflow/.local/lib/python3.8/site-packages/airflow/example_dags/example_latest_only_with_trigger.py for tasks to queue
[2026-03-12T11:10:19.227+0000] {logging_mixin.py:188} INFO - [2026-03-12T11:10:19.227+0000] {dagbag.py:538} INFO - Filling up the DagBag from /home/airflow/.local/lib/python3.8/site-packages/airflow/example_dags/example_latest_only_with_trigger.py
[2026-03-12T11:10:19.236+0000] {processor.py:840} INFO - DAG(s) 'latest_only_with_trigger' retrieved from /home/airflow/.local/lib/python3.8/site-packages/airflow/example_dags/example_latest_only_with_trigger.py
[2026-03-12T11:10:19.256+0000] {logging_mixin.py:188} INFO - [2026-03-12T11:10:19.256+0000] {dag.py:3036} INFO - Sync 1 DAGs
[2026-03-12T11:10:19.284+0000] {logging_mixin.py:188} INFO - [2026-03-12T11:10:19.284+0000] {dag.py:3823} INFO - Setting next_dagrun for latest_only_with_trigger to 2026-03-12 04:00:00+00:00, run_after=2026-03-12 08:00:00+00:00
[2026-03-12T11:10:19.305+0000] {processor.py:183} INFO - Processing /home/airflow/.local/lib/python3.8/site-packages/airflow/example_dags/example_latest_only_with_trigger.py took 0.099 seconds
[2026-03-12T11:10:49.396+0000] {processor.py:161} INFO - Started process (PID=615) to work on /home/airflow/.local/lib/python3.8/site-packages/airflow/example_dags/example_latest_only_with_trigger.py
[2026-03-12T11:10:49.397+0000] {processor.py:830} INFO - Processing file /home/airflow/.local/lib/python3.8/site-packages/airflow/example_dags/example_latest_only_with_trigger.py for tasks to queue
[2026-03-12T11:10:49.399+0000] {logging_mixin.py:188} INFO - [2026-03-12T11:10:49.399+0000] {dagbag.py:538} INFO - Filling up the DagBag from /home/airflow/.local/lib/python3.8/site-packages/airflow/example_dags/example_latest_only_with_trigger.py
[2026-03-12T11:10:49.404+0000] {processor.py:840} INFO - DAG(s) 'latest_only_with_trigger' retrieved from /home/airflow/.local/lib/python3.8/site-packages/airflow/example_dags/example_latest_only_with_trigger.py
[2026-03-12T11:10:49.424+0000] {logging_mixin.py:188} INFO - [2026-03-12T11:10:49.423+0000] {dag.py:3036} INFO - Sync 1 DAGs
[2026-03-12T11:10:49.445+0000] {logging_mixin.py:188} INFO - [2026-03-12T11:10:49.444+0000] {dag.py:3823} INFO - Setting next_dagrun for latest_only_with_trigger to 2026-03-12 04:00:00+00:00, run_after=2026-03-12 08:00:00+00:00
[2026-03-12T11:10:49.469+0000] {processor.py:183} INFO - Processing /home/airflow/.local/lib/python3.8/site-packages/airflow/example_dags/example_latest_only_with_trigger.py took 0.076 seconds
[2026-03-12T11:11:19.617+0000] {processor.py:161} INFO - Started process (PID=671) to work on /home/airflow/.local/lib/python3.8/site-packages/airflow/example_dags/example_latest_only_with_trigger.py
[2026-03-12T11:11:19.618+0000] {processor.py:830} INFO - Processing file /home/airflow/.local/lib/python3.8/site-packages/airflow/example_dags/example_latest_only_with_trigger.py for tasks to queue
[2026-03-12T11:11:19.619+0000] {logging_mixin.py:188} INFO - [2026-03-12T11:11:19.619+0000] {dagbag.py:538} INFO - Filling up the DagBag from /home/airflow/.local/lib/python3.8/site-packages/airflow/example_dags/example_latest_only_with_trigger.py
[2026-03-12T11:11:19.624+0000] {processor.py:840} INFO - DAG(s) 'latest_only_with_trigger' retrieved from /home/airflow/.local/lib/python3.8/site-packages/airflow/example_dags/example_latest_only_with_trigger.py
[2026-03-12T11:11:19.644+0000] {logging_mixin.py:188} INFO - [2026-03-12T11:11:19.644+0000] {dag.py:3036} INFO - Sync 1 DAGs
[2026-03-12T11:11:19.662+0000] {logging_mixin.py:188} INFO - [2026-03-12T11:11:19.661+0000] {dag.py:3823} INFO - Setting next_dagrun for latest_only_with_trigger to 2026-03-12 04:00:00+00:00, run_after=2026-03-12 08:00:00+00:00
[2026-03-12T11:11:19.678+0000] {processor.py:183} INFO - Processing /home/airflow/.local/lib/python3.8/site-packages/airflow/example_dags/example_latest_only_with_trigger.py took 0.065 seconds
[2026-03-12T11:11:50.339+0000] {processor.py:161} INFO - Started process (PID=728) to work on /home/airflow/.local/lib/python3.8/site-packages/airflow/example_dags/example_latest_only_with_trigger.py
[2026-03-12T11:11:50.340+0000] {processor.py:830} INFO - Processing file /home/airflow/.local/lib/python3.8/site-packages/airflow/example_dags/example_latest_only_with_trigger.py for tasks to queue
[2026-03-12T11:11:50.342+0000] {logging_mixin.py:188} INFO - [2026-03-12T11:11:50.342+0000] {dagbag.py:538} INFO - Filling up the DagBag from /home/airflow/.local/lib/python3.8/site-packages/airflow/example_dags/example_latest_only_with_trigger.py
[2026-03-12T11:11:50.347+0000] {processor.py:840} INFO - DAG(s) 'latest_only_with_trigger' retrieved from /home/airflow/.local/lib/python3.8/site-packages/airflow/example_dags/example_latest_only_with_trigger.py
[2026-03-12T11:11:50.366+0000] {logging_mixin.py:188} INFO - [2026-03-12T11:11:50.366+0000] {dag.py:3036} INFO - Sync 1 DAGs
[2026-03-12T11:11:50.386+0000] {logging_mixin.py:188} INFO - [2026-03-12T11:11:50.386+0000] {dag.py:3823} INFO - Setting next_dagrun for latest_only_with_trigger to 2026-03-12 04:00:00+00:00, run_after=2026-03-12 08:00:00+00:00
[2026-03-12T11:11:50.406+0000] {processor.py:183} INFO - Processing /home/airflow/.local/lib/python3.8/site-packages/airflow/example_dags/example_latest_only_with_trigger.py took 0.070 seconds
[2026-03-12T11:12:20.652+0000] {processor.py:161} INFO - Started process (PID=784) to work on /home/airflow/.local/lib/python3.8/site-packages/airflow/example_dags/example_latest_only_with_trigger.py
[2026-03-12T11:12:20.655+0000] {processor.py:830} INFO - Processing file /home/airflow/.local/lib/python3.8/site-packages/airflow/example_dags/example_latest_only_with_trigger.py for tasks to queue
[2026-03-12T11:12:20.659+0000] {logging_mixin.py:188} INFO - [2026-03-12T11:12:20.658+0000] {dagbag.py:538} INFO - Filling up the DagBag from /home/airflow/.local/lib/python3.8/site-packages/airflow/example_dags/example_latest_only_with_trigger.py
[2026-03-12T11:12:20.666+0000] {processor.py:840} INFO - DAG(s) 'latest_only_with_trigger' retrieved from /home/airflow/.local/lib/python3.8/site-packages/airflow/example_dags/example_latest_only_with_trigger.py
[2026-03-12T11:12:20.687+0000] {logging_mixin.py:188} INFO - [2026-03-12T11:12:20.687+0000] {dag.py:3036} INFO - Sync 1 DAGs
[2026-03-12T11:12:20.706+0000] {logging_mixin.py:188} INFO - [2026-03-12T11:12:20.705+0000] {dag.py:3823} INFO - Setting next_dagrun for latest_only_with_trigger to 2026-03-12 04:00:00+00:00, run_after=2026-03-12 08:00:00+00:00
[2026-03-12T11:12:20.726+0000] {processor.py:183} INFO - Processing /home/airflow/.local/lib/python3.8/site-packages/airflow/example_dags/example_latest_only_with_trigger.py took 0.081 seconds
[2026-03-12T11:12:51.468+0000] {processor.py:161} INFO - Started process (PID=840) to work on /home/airflow/.local/lib/python3.8/site-packages/airflow/example_dags/example_latest_only_with_trigger.py
[2026-03-12T11:12:51.469+0000] {processor.py:830} INFO - Processing file /home/airflow/.local/lib/python3.8/site-packages/airflow/example_dags/example_latest_only_with_trigger.py for tasks to queue
[2026-03-12T11:12:51.471+0000] {logging_mixin.py:188} INFO - [2026-03-12T11:12:51.471+0000] {dagbag.py:538} INFO - Filling up the DagBag from /home/airflow/.local/lib/python3.8/site-packages/airflow/example_dags/example_latest_only_with_trigger.py
[2026-03-12T11:12:51.476+0000] {processor.py:840} INFO - DAG(s) 'latest_only_with_trigger' retrieved from /home/airflow/.local/lib/python3.8/site-packages/airflow/example_dags/example_latest_only_with_trigger.py
[2026-03-12T11:12:51.494+0000] {logging_mixin.py:188} INFO - [2026-03-12T11:12:51.494+0000] {dag.py:3036} INFO - Sync 1 DAGs
[2026-03-12T11:12:51.522+0000] {logging_mixin.py:188} INFO - [2026-03-12T11:12:51.522+0000] {dag.py:3823} INFO - Setting next_dagrun for latest_only_with_trigger to 2026-03-12 04:00:00+00:00, run_after=2026-03-12 08:00:00+00:00
[2026-03-12T11:12:51.598+0000] {processor.py:183} INFO - Processing /home/airflow/.local/lib/python3.8/site-packages/airflow/example_dags/example_latest_only_with_trigger.py took 0.133 seconds
[2026-03-12T11:13:21.760+0000] {processor.py:161} INFO - Started process (PID=896) to work on /home/airflow/.local/lib/python3.8/site-packages/airflow/example_dags/example_latest_only_with_trigger.py
[2026-03-12T11:13:21.762+0000] {processor.py:830} INFO - Processing file /home/airflow/.local/lib/python3.8/site-packages/airflow/example_dags/example_latest_only_with_trigger.py for tasks to queue
[2026-03-12T11:13:21.764+0000] {logging_mixin.py:188} INFO - [2026-03-12T11:13:21.763+0000] {dagbag.py:538} INFO - Filling up the DagBag from /home/airflow/.local/lib/python3.8/site-packages/airflow/example_dags/example_latest_only_with_trigger.py
[2026-03-12T11:13:21.770+0000] {processor.py:840} INFO - DAG(s) 'latest_only_with_trigger' retrieved from /home/airflow/.local/lib/python3.8/site-packages/airflow/example_dags/example_latest_only_with_trigger.py
[2026-03-12T11:13:21.797+0000] {logging_mixin.py:188} INFO - [2026-03-12T11:13:21.797+0000] {dag.py:3036} INFO - Sync 1 DAGs
[2026-03-12T11:13:21.819+0000] {logging_mixin.py:188} INFO - [2026-03-12T11:13:21.819+0000] {dag.py:3823} INFO - Setting next_dagrun for latest_only_with_trigger to 2026-03-12 04:00:00+00:00, run_after=2026-03-12 08:00:00+00:00
[2026-03-12T11:13:21.841+0000] {processor.py:183} INFO - Processing /home/airflow/.local/lib/python3.8/site-packages/airflow/example_dags/example_latest_only_with_trigger.py took 0.085 seconds
[2026-03-12T11:13:51.927+0000] {processor.py:161} INFO - Started process (PID=952) to work on /home/airflow/.local/lib/python3.8/site-packages/airflow/example_dags/example_latest_only_with_trigger.py
[2026-03-12T11:13:51.928+0000] {processor.py:830} INFO - Processing file /home/airflow/.local/lib/python3.8/site-packages/airflow/example_dags/example_latest_only_with_trigger.py for tasks to queue
[2026-03-12T11:13:51.930+0000] {logging_mixin.py:188} INFO - [2026-03-12T11:13:51.930+0000] {dagbag.py:538} INFO - Filling up the DagBag from /home/airflow/.local/lib/python3.8/site-packages/airflow/example_dags/example_latest_only_with_trigger.py
[2026-03-12T11:13:51.935+0000] {processor.py:840} INFO - DAG(s) 'latest_only_with_trigger' retrieved from /home/airflow/.local/lib/python3.8/site-packages/airflow/example_dags/example_latest_only_with_trigger.py
[2026-03-12T11:13:51.953+0000] {logging_mixin.py:188} INFO - [2026-03-12T11:13:51.952+0000] {dag.py:3036} INFO - Sync 1 DAGs
[2026-03-12T11:13:51.969+0000] {logging_mixin.py:188} INFO - [2026-03-12T11:13:51.968+0000] {dag.py:3823} INFO - Setting next_dagrun for latest_only_with_trigger to 2026-03-12 04:00:00+00:00, run_after=2026-03-12 08:00:00+00:00
[2026-03-12T11:13:51.985+0000] {processor.py:183} INFO - Processing /home/airflow/.local/lib/python3.8/site-packages/airflow/example_dags/example_latest_only_with_trigger.py took 0.061 seconds
[2026-03-12T11:14:22.268+0000] {processor.py:161} INFO - Started process (PID=1008) to work on /home/airflow/.local/lib/python3.8/site-packages/airflow/example_dags/example_latest_only_with_trigger.py
[2026-03-12T11:14:22.270+0000] {processor.py:830} INFO - Processing file /home/airflow/.local/lib/python3.8/site-packages/airflow/example_dags/example_latest_only_with_trigger.py for tasks to queue
[2026-03-12T11:14:22.272+0000] {logging_mixin.py:188} INFO - [2026-03-12T11:14:22.271+0000] {dagbag.py:538} INFO - Filling up the DagBag from /home/airflow/.local/lib/python3.8/site-packages/airflow/example_dags/example_latest_only_with_trigger.py
[2026-03-12T11:14:22.277+0000] {processor.py:840} INFO - DAG(s) 'latest_only_with_trigger' retrieved from /home/airflow/.local/lib/python3.8/site-packages/airflow/example_dags/example_latest_only_with_trigger.py
[2026-03-12T11:14:22.298+0000] {logging_mixin.py:188} INFO - [2026-03-12T11:14:22.298+0000] {dag.py:3036} INFO - Sync 1 DAGs
[2026-03-12T11:14:22.317+0000] {logging_mixin.py:188} INFO - [2026-03-12T11:14:22.317+0000] {dag.py:3823} INFO - Setting next_dagrun for latest_only_with_trigger to 2026-03-12 04:00:00+00:00, run_after=2026-03-12 08:00:00+00:00
[2026-03-12T11:14:22.335+0000] {processor.py:183} INFO - Processing /home/airflow/.local/lib/python3.8/site-packages/airflow/example_dags/example_latest_only_with_trigger.py took 0.071 seconds
[2026-03-12T11:14:52.464+0000] {processor.py:161} INFO - Started process (PID=1064) to work on /home/airflow/.local/lib/python3.8/site-packages/airflow/example_dags/example_latest_only_with_trigger.py
[2026-03-12T11:14:52.466+0000] {processor.py:830} INFO - Processing file /home/airflow/.local/lib/python3.8/site-packages/airflow/example_dags/example_latest_only_with_trigger.py for tasks to queue
[2026-03-12T11:14:52.468+0000] {logging_mixin.py:188} INFO - [2026-03-12T11:14:52.467+0000] {dagbag.py:538} INFO - Filling up the DagBag from /home/airflow/.local/lib/python3.8/site-packages/airflow/example_dags/example_latest_only_with_trigger.py
[2026-03-12T11:14:52.473+0000] {processor.py:840} INFO - DAG(s) 'latest_only_with_trigger' retrieved from /home/airflow/.local/lib/python3.8/site-packages/airflow/example_dags/example_latest_only_with_trigger.py
[2026-03-12T11:14:52.494+0000] {logging_mixin.py:188} INFO - [2026-03-12T11:14:52.494+0000] {dag.py:3036} INFO - Sync 1 DAGs
[2026-03-12T11:14:52.512+0000] {logging_mixin.py:188} INFO - [2026-03-12T11:14:52.512+0000] {dag.py:3823} INFO - Setting next_dagrun for latest_only_with_trigger to 2026-03-12 04:00:00+00:00, run_after=2026-03-12 08:00:00+00:00
[2026-03-12T11:14:52.532+0000] {processor.py:183} INFO - Processing /home/airflow/.local/lib/python3.8/site-packages/airflow/example_dags/example_latest_only_with_trigger.py took 0.071 seconds
[2026-03-12T11:15:22.594+0000] {processor.py:161} INFO - Started process (PID=1120) to work on /home/airflow/.local/lib/python3.8/site-packages/airflow/example_dags/example_latest_only_with_trigger.py
[2026-03-12T11:15:22.595+0000] {processor.py:830} INFO - Processing file /home/airflow/.local/lib/python3.8/site-packages/airflow/example_dags/example_latest_only_with_trigger.py for tasks to queue
[2026-03-12T11:15:22.598+0000] {logging_mixin.py:188} INFO - [2026-03-12T11:15:22.597+0000] {dagbag.py:538} INFO - Filling up the DagBag from /home/airflow/.local/lib/python3.8/site-packages/airflow/example_dags/example_latest_only_with_trigger.py
[2026-03-12T11:15:22.604+0000] {processor.py:840} INFO - DAG(s) 'latest_only_with_trigger' retrieved from /home/airflow/.local/lib/python3.8/site-packages/airflow/example_dags/example_latest_only_with_trigger.py
[2026-03-12T11:15:22.629+0000] {logging_mixin.py:188} INFO - [2026-03-12T11:15:22.629+0000] {dag.py:3036} INFO - Sync 1 DAGs
[2026-03-12T11:15:22.650+0000] {logging_mixin.py:188} INFO - [2026-03-12T11:15:22.650+0000] {dag.py:3823} INFO - Setting next_dagrun for latest_only_with_trigger to 2026-03-12 04:00:00+00:00, run_after=2026-03-12 08:00:00+00:00
[2026-03-12T11:15:22.675+0000] {processor.py:183} INFO - Processing /home/airflow/.local/lib/python3.8/site-packages/airflow/example_dags/example_latest_only_with_trigger.py took 0.085 seconds
