[2026-03-12T11:05:48.887+0000] {processor.py:161} INFO - Started process (PID=90) to work on /home/airflow/.local/lib/python3.8/site-packages/airflow/example_dags/example_branch_python_dop_operator_3.py
[2026-03-12T11:05:48.892+0000] {processor.py:830} INFO - Processing file /home/airflow/.local/lib/python3.8/site-packages/airflow/example_dags/example_branch_python_dop_operator_3.py for tasks to queue
[2026-03-12T11:05:48.911+0000] {logging_mixin.py:188} INFO - [2026-03-12T11:05:48.909+0000] {dagbag.py:538} INFO - Filling up the DagBag from /home/airflow/.local/lib/python3.8/site-packages/airflow/example_dags/example_branch_python_dop_operator_3.py
[2026-03-12T11:05:48.976+0000] {processor.py:840} INFO - DAG(s) 'example_branch_dop_operator_v3' retrieved from /home/airflow/.local/lib/python3.8/site-packages/airflow/example_dags/example_branch_python_dop_operator_3.py
[2026-03-12T11:05:49.017+0000] {logging_mixin.py:188} INFO - [2026-03-12T11:05:49.016+0000] {dag.py:3036} INFO - Sync 1 DAGs
[2026-03-12T11:05:49.049+0000] {logging_mixin.py:188} INFO - [2026-03-12T11:05:49.048+0000] {dag.py:3823} INFO - Setting next_dagrun for example_branch_dop_operator_v3 to 2026-03-12 11:04:00+00:00, run_after=2026-03-12 11:05:00+00:00
[2026-03-12T11:05:49.072+0000] {processor.py:183} INFO - Processing /home/airflow/.local/lib/python3.8/site-packages/airflow/example_dags/example_branch_python_dop_operator_3.py took 0.220 seconds
[2026-03-12T11:06:19.451+0000] {processor.py:161} INFO - Started process (PID=145) to work on /home/airflow/.local/lib/python3.8/site-packages/airflow/example_dags/example_branch_python_dop_operator_3.py
[2026-03-12T11:06:19.453+0000] {processor.py:830} INFO - Processing file /home/airflow/.local/lib/python3.8/site-packages/airflow/example_dags/example_branch_python_dop_operator_3.py for tasks to queue
[2026-03-12T11:06:19.455+0000] {logging_mixin.py:188} INFO - [2026-03-12T11:06:19.455+0000] {dagbag.py:538} INFO - Filling up the DagBag from /home/airflow/.local/lib/python3.8/site-packages/airflow/example_dags/example_branch_python_dop_operator_3.py
[2026-03-12T11:06:19.464+0000] {processor.py:840} INFO - DAG(s) 'example_branch_dop_operator_v3' retrieved from /home/airflow/.local/lib/python3.8/site-packages/airflow/example_dags/example_branch_python_dop_operator_3.py
[2026-03-12T11:06:19.560+0000] {logging_mixin.py:188} INFO - [2026-03-12T11:06:19.560+0000] {dag.py:3036} INFO - Sync 1 DAGs
[2026-03-12T11:06:19.583+0000] {logging_mixin.py:188} INFO - [2026-03-12T11:06:19.582+0000] {dag.py:3823} INFO - Setting next_dagrun for example_branch_dop_operator_v3 to 2026-03-12 11:05:00+00:00, run_after=2026-03-12 11:06:00+00:00
[2026-03-12T11:06:19.603+0000] {processor.py:183} INFO - Processing /home/airflow/.local/lib/python3.8/site-packages/airflow/example_dags/example_branch_python_dop_operator_3.py took 0.155 seconds
[2026-03-12T11:06:49.935+0000] {processor.py:161} INFO - Started process (PID=200) to work on /home/airflow/.local/lib/python3.8/site-packages/airflow/example_dags/example_branch_python_dop_operator_3.py
[2026-03-12T11:06:49.937+0000] {processor.py:830} INFO - Processing file /home/airflow/.local/lib/python3.8/site-packages/airflow/example_dags/example_branch_python_dop_operator_3.py for tasks to queue
[2026-03-12T11:06:49.939+0000] {logging_mixin.py:188} INFO - [2026-03-12T11:06:49.939+0000] {dagbag.py:538} INFO - Filling up the DagBag from /home/airflow/.local/lib/python3.8/site-packages/airflow/example_dags/example_branch_python_dop_operator_3.py
[2026-03-12T11:06:49.948+0000] {processor.py:840} INFO - DAG(s) 'example_branch_dop_operator_v3' retrieved from /home/airflow/.local/lib/python3.8/site-packages/airflow/example_dags/example_branch_python_dop_operator_3.py
[2026-03-12T11:06:49.966+0000] {logging_mixin.py:188} INFO - [2026-03-12T11:06:49.966+0000] {dag.py:3036} INFO - Sync 1 DAGs
[2026-03-12T11:06:49.989+0000] {logging_mixin.py:188} INFO - [2026-03-12T11:06:49.989+0000] {dag.py:3823} INFO - Setting next_dagrun for example_branch_dop_operator_v3 to 2026-03-12 11:05:00+00:00, run_after=2026-03-12 11:06:00+00:00
[2026-03-12T11:06:50.012+0000] {processor.py:183} INFO - Processing /home/airflow/.local/lib/python3.8/site-packages/airflow/example_dags/example_branch_python_dop_operator_3.py took 0.080 seconds
[2026-03-12T11:07:20.510+0000] {processor.py:161} INFO - Started process (PID=255) to work on /home/airflow/.local/lib/python3.8/site-packages/airflow/example_dags/example_branch_python_dop_operator_3.py
[2026-03-12T11:07:20.512+0000] {processor.py:830} INFO - Processing file /home/airflow/.local/lib/python3.8/site-packages/airflow/example_dags/example_branch_python_dop_operator_3.py for tasks to queue
[2026-03-12T11:07:20.514+0000] {logging_mixin.py:188} INFO - [2026-03-12T11:07:20.514+0000] {dagbag.py:538} INFO - Filling up the DagBag from /home/airflow/.local/lib/python3.8/site-packages/airflow/example_dags/example_branch_python_dop_operator_3.py
[2026-03-12T11:07:20.522+0000] {processor.py:840} INFO - DAG(s) 'example_branch_dop_operator_v3' retrieved from /home/airflow/.local/lib/python3.8/site-packages/airflow/example_dags/example_branch_python_dop_operator_3.py
[2026-03-12T11:07:20.539+0000] {logging_mixin.py:188} INFO - [2026-03-12T11:07:20.539+0000] {dag.py:3036} INFO - Sync 1 DAGs
[2026-03-12T11:07:20.560+0000] {logging_mixin.py:188} INFO - [2026-03-12T11:07:20.559+0000] {dag.py:3823} INFO - Setting next_dagrun for example_branch_dop_operator_v3 to 2026-03-12 11:06:00+00:00, run_after=2026-03-12 11:07:00+00:00
[2026-03-12T11:07:20.576+0000] {processor.py:183} INFO - Processing /home/airflow/.local/lib/python3.8/site-packages/airflow/example_dags/example_branch_python_dop_operator_3.py took 0.069 seconds
[2026-03-12T11:07:51.020+0000] {processor.py:161} INFO - Started process (PID=310) to work on /home/airflow/.local/lib/python3.8/site-packages/airflow/example_dags/example_branch_python_dop_operator_3.py
[2026-03-12T11:07:51.022+0000] {processor.py:830} INFO - Processing file /home/airflow/.local/lib/python3.8/site-packages/airflow/example_dags/example_branch_python_dop_operator_3.py for tasks to queue
[2026-03-12T11:07:51.024+0000] {logging_mixin.py:188} INFO - [2026-03-12T11:07:51.024+0000] {dagbag.py:538} INFO - Filling up the DagBag from /home/airflow/.local/lib/python3.8/site-packages/airflow/example_dags/example_branch_python_dop_operator_3.py
[2026-03-12T11:07:51.034+0000] {processor.py:840} INFO - DAG(s) 'example_branch_dop_operator_v3' retrieved from /home/airflow/.local/lib/python3.8/site-packages/airflow/example_dags/example_branch_python_dop_operator_3.py
[2026-03-12T11:07:51.054+0000] {logging_mixin.py:188} INFO - [2026-03-12T11:07:51.053+0000] {dag.py:3036} INFO - Sync 1 DAGs
[2026-03-12T11:07:51.078+0000] {logging_mixin.py:188} INFO - [2026-03-12T11:07:51.078+0000] {dag.py:3823} INFO - Setting next_dagrun for example_branch_dop_operator_v3 to 2026-03-12 11:06:00+00:00, run_after=2026-03-12 11:07:00+00:00
[2026-03-12T11:07:51.098+0000] {processor.py:183} INFO - Processing /home/airflow/.local/lib/python3.8/site-packages/airflow/example_dags/example_branch_python_dop_operator_3.py took 0.081 seconds
[2026-03-12T11:08:21.302+0000] {processor.py:161} INFO - Started process (PID=365) to work on /home/airflow/.local/lib/python3.8/site-packages/airflow/example_dags/example_branch_python_dop_operator_3.py
[2026-03-12T11:08:21.303+0000] {processor.py:830} INFO - Processing file /home/airflow/.local/lib/python3.8/site-packages/airflow/example_dags/example_branch_python_dop_operator_3.py for tasks to queue
[2026-03-12T11:08:21.305+0000] {logging_mixin.py:188} INFO - [2026-03-12T11:08:21.305+0000] {dagbag.py:538} INFO - Filling up the DagBag from /home/airflow/.local/lib/python3.8/site-packages/airflow/example_dags/example_branch_python_dop_operator_3.py
[2026-03-12T11:08:21.313+0000] {processor.py:840} INFO - DAG(s) 'example_branch_dop_operator_v3' retrieved from /home/airflow/.local/lib/python3.8/site-packages/airflow/example_dags/example_branch_python_dop_operator_3.py
[2026-03-12T11:08:21.329+0000] {logging_mixin.py:188} INFO - [2026-03-12T11:08:21.329+0000] {dag.py:3036} INFO - Sync 1 DAGs
[2026-03-12T11:08:21.351+0000] {logging_mixin.py:188} INFO - [2026-03-12T11:08:21.351+0000] {dag.py:3823} INFO - Setting next_dagrun for example_branch_dop_operator_v3 to 2026-03-12 11:07:00+00:00, run_after=2026-03-12 11:08:00+00:00
[2026-03-12T11:08:21.367+0000] {processor.py:183} INFO - Processing /home/airflow/.local/lib/python3.8/site-packages/airflow/example_dags/example_branch_python_dop_operator_3.py took 0.068 seconds
[2026-03-12T11:08:52.039+0000] {processor.py:161} INFO - Started process (PID=420) to work on /home/airflow/.local/lib/python3.8/site-packages/airflow/example_dags/example_branch_python_dop_operator_3.py
[2026-03-12T11:08:52.041+0000] {processor.py:830} INFO - Processing file /home/airflow/.local/lib/python3.8/site-packages/airflow/example_dags/example_branch_python_dop_operator_3.py for tasks to queue
[2026-03-12T11:08:52.042+0000] {logging_mixin.py:188} INFO - [2026-03-12T11:08:52.042+0000] {dagbag.py:538} INFO - Filling up the DagBag from /home/airflow/.local/lib/python3.8/site-packages/airflow/example_dags/example_branch_python_dop_operator_3.py
[2026-03-12T11:08:52.054+0000] {processor.py:840} INFO - DAG(s) 'example_branch_dop_operator_v3' retrieved from /home/airflow/.local/lib/python3.8/site-packages/airflow/example_dags/example_branch_python_dop_operator_3.py
[2026-03-12T11:08:52.076+0000] {logging_mixin.py:188} INFO - [2026-03-12T11:08:52.075+0000] {dag.py:3036} INFO - Sync 1 DAGs
[2026-03-12T11:08:52.101+0000] {logging_mixin.py:188} INFO - [2026-03-12T11:08:52.101+0000] {dag.py:3823} INFO - Setting next_dagrun for example_branch_dop_operator_v3 to 2026-03-12 11:07:00+00:00, run_after=2026-03-12 11:08:00+00:00
[2026-03-12T11:08:52.134+0000] {processor.py:183} INFO - Processing /home/airflow/.local/lib/python3.8/site-packages/airflow/example_dags/example_branch_python_dop_operator_3.py took 0.098 seconds
[2026-03-12T11:09:22.711+0000] {processor.py:161} INFO - Started process (PID=475) to work on /home/airflow/.local/lib/python3.8/site-packages/airflow/example_dags/example_branch_python_dop_operator_3.py
[2026-03-12T11:09:22.713+0000] {processor.py:830} INFO - Processing file /home/airflow/.local/lib/python3.8/site-packages/airflow/example_dags/example_branch_python_dop_operator_3.py for tasks to queue
[2026-03-12T11:09:22.714+0000] {logging_mixin.py:188} INFO - [2026-03-12T11:09:22.714+0000] {dagbag.py:538} INFO - Filling up the DagBag from /home/airflow/.local/lib/python3.8/site-packages/airflow/example_dags/example_branch_python_dop_operator_3.py
[2026-03-12T11:09:22.722+0000] {processor.py:840} INFO - DAG(s) 'example_branch_dop_operator_v3' retrieved from /home/airflow/.local/lib/python3.8/site-packages/airflow/example_dags/example_branch_python_dop_operator_3.py
[2026-03-12T11:09:22.740+0000] {logging_mixin.py:188} INFO - [2026-03-12T11:09:22.740+0000] {dag.py:3036} INFO - Sync 1 DAGs
[2026-03-12T11:09:22.762+0000] {logging_mixin.py:188} INFO - [2026-03-12T11:09:22.762+0000] {dag.py:3823} INFO - Setting next_dagrun for example_branch_dop_operator_v3 to 2026-03-12 11:08:00+00:00, run_after=2026-03-12 11:09:00+00:00
[2026-03-12T11:09:22.781+0000] {processor.py:183} INFO - Processing /home/airflow/.local/lib/python3.8/site-packages/airflow/example_dags/example_branch_python_dop_operator_3.py took 0.073 seconds
[2026-03-12T11:09:53.883+0000] {processor.py:161} INFO - Started process (PID=530) to work on /home/airflow/.local/lib/python3.8/site-packages/airflow/example_dags/example_branch_python_dop_operator_3.py
[2026-03-12T11:09:53.884+0000] {processor.py:830} INFO - Processing file /home/airflow/.local/lib/python3.8/site-packages/airflow/example_dags/example_branch_python_dop_operator_3.py for tasks to queue
[2026-03-12T11:09:53.887+0000] {logging_mixin.py:188} INFO - [2026-03-12T11:09:53.886+0000] {dagbag.py:538} INFO - Filling up the DagBag from /home/airflow/.local/lib/python3.8/site-packages/airflow/example_dags/example_branch_python_dop_operator_3.py
[2026-03-12T11:09:53.895+0000] {processor.py:840} INFO - DAG(s) 'example_branch_dop_operator_v3' retrieved from /home/airflow/.local/lib/python3.8/site-packages/airflow/example_dags/example_branch_python_dop_operator_3.py
[2026-03-12T11:09:53.916+0000] {logging_mixin.py:188} INFO - [2026-03-12T11:09:53.916+0000] {dag.py:3036} INFO - Sync 1 DAGs
[2026-03-12T11:09:53.937+0000] {logging_mixin.py:188} INFO - [2026-03-12T11:09:53.937+0000] {dag.py:3823} INFO - Setting next_dagrun for example_branch_dop_operator_v3 to 2026-03-12 11:08:00+00:00, run_after=2026-03-12 11:09:00+00:00
[2026-03-12T11:09:53.957+0000] {processor.py:183} INFO - Processing /home/airflow/.local/lib/python3.8/site-packages/airflow/example_dags/example_branch_python_dop_operator_3.py took 0.077 seconds
[2026-03-12T11:10:24.793+0000] {processor.py:161} INFO - Started process (PID=585) to work on /home/airflow/.local/lib/python3.8/site-packages/airflow/example_dags/example_branch_python_dop_operator_3.py
[2026-03-12T11:10:24.795+0000] {processor.py:830} INFO - Processing file /home/airflow/.local/lib/python3.8/site-packages/airflow/example_dags/example_branch_python_dop_operator_3.py for tasks to queue
[2026-03-12T11:10:24.798+0000] {logging_mixin.py:188} INFO - [2026-03-12T11:10:24.797+0000] {dagbag.py:538} INFO - Filling up the DagBag from /home/airflow/.local/lib/python3.8/site-packages/airflow/example_dags/example_branch_python_dop_operator_3.py
[2026-03-12T11:10:24.806+0000] {processor.py:840} INFO - DAG(s) 'example_branch_dop_operator_v3' retrieved from /home/airflow/.local/lib/python3.8/site-packages/airflow/example_dags/example_branch_python_dop_operator_3.py
[2026-03-12T11:10:24.825+0000] {logging_mixin.py:188} INFO - [2026-03-12T11:10:24.824+0000] {dag.py:3036} INFO - Sync 1 DAGs
[2026-03-12T11:10:24.847+0000] {logging_mixin.py:188} INFO - [2026-03-12T11:10:24.847+0000] {dag.py:3823} INFO - Setting next_dagrun for example_branch_dop_operator_v3 to 2026-03-12 11:09:00+00:00, run_after=2026-03-12 11:10:00+00:00
[2026-03-12T11:10:24.869+0000] {processor.py:183} INFO - Processing /home/airflow/.local/lib/python3.8/site-packages/airflow/example_dags/example_branch_python_dop_operator_3.py took 0.080 seconds
[2026-03-12T11:10:55.313+0000] {processor.py:161} INFO - Started process (PID=641) to work on /home/airflow/.local/lib/python3.8/site-packages/airflow/example_dags/example_branch_python_dop_operator_3.py
[2026-03-12T11:10:55.314+0000] {processor.py:830} INFO - Processing file /home/airflow/.local/lib/python3.8/site-packages/airflow/example_dags/example_branch_python_dop_operator_3.py for tasks to queue
[2026-03-12T11:10:55.317+0000] {logging_mixin.py:188} INFO - [2026-03-12T11:10:55.317+0000] {dagbag.py:538} INFO - Filling up the DagBag from /home/airflow/.local/lib/python3.8/site-packages/airflow/example_dags/example_branch_python_dop_operator_3.py
[2026-03-12T11:10:55.325+0000] {processor.py:840} INFO - DAG(s) 'example_branch_dop_operator_v3' retrieved from /home/airflow/.local/lib/python3.8/site-packages/airflow/example_dags/example_branch_python_dop_operator_3.py
[2026-03-12T11:10:55.342+0000] {logging_mixin.py:188} INFO - [2026-03-12T11:10:55.342+0000] {dag.py:3036} INFO - Sync 1 DAGs
[2026-03-12T11:10:55.361+0000] {logging_mixin.py:188} INFO - [2026-03-12T11:10:55.361+0000] {dag.py:3823} INFO - Setting next_dagrun for example_branch_dop_operator_v3 to 2026-03-12 11:09:00+00:00, run_after=2026-03-12 11:10:00+00:00
[2026-03-12T11:10:55.377+0000] {processor.py:183} INFO - Processing /home/airflow/.local/lib/python3.8/site-packages/airflow/example_dags/example_branch_python_dop_operator_3.py took 0.067 seconds
[2026-03-12T11:11:25.533+0000] {processor.py:161} INFO - Started process (PID=697) to work on /home/airflow/.local/lib/python3.8/site-packages/airflow/example_dags/example_branch_python_dop_operator_3.py
[2026-03-12T11:11:25.534+0000] {processor.py:830} INFO - Processing file /home/airflow/.local/lib/python3.8/site-packages/airflow/example_dags/example_branch_python_dop_operator_3.py for tasks to queue
[2026-03-12T11:11:25.536+0000] {logging_mixin.py:188} INFO - [2026-03-12T11:11:25.536+0000] {dagbag.py:538} INFO - Filling up the DagBag from /home/airflow/.local/lib/python3.8/site-packages/airflow/example_dags/example_branch_python_dop_operator_3.py
[2026-03-12T11:11:25.544+0000] {processor.py:840} INFO - DAG(s) 'example_branch_dop_operator_v3' retrieved from /home/airflow/.local/lib/python3.8/site-packages/airflow/example_dags/example_branch_python_dop_operator_3.py
[2026-03-12T11:11:25.563+0000] {logging_mixin.py:188} INFO - [2026-03-12T11:11:25.562+0000] {dag.py:3036} INFO - Sync 1 DAGs
[2026-03-12T11:11:25.584+0000] {logging_mixin.py:188} INFO - [2026-03-12T11:11:25.583+0000] {dag.py:3823} INFO - Setting next_dagrun for example_branch_dop_operator_v3 to 2026-03-12 11:10:00+00:00, run_after=2026-03-12 11:11:00+00:00
[2026-03-12T11:11:25.602+0000] {processor.py:183} INFO - Processing /home/airflow/.local/lib/python3.8/site-packages/airflow/example_dags/example_branch_python_dop_operator_3.py took 0.072 seconds
[2026-03-12T11:11:55.690+0000] {processor.py:161} INFO - Started process (PID=754) to work on /home/airflow/.local/lib/python3.8/site-packages/airflow/example_dags/example_branch_python_dop_operator_3.py
[2026-03-12T11:11:55.692+0000] {processor.py:830} INFO - Processing file /home/airflow/.local/lib/python3.8/site-packages/airflow/example_dags/example_branch_python_dop_operator_3.py for tasks to queue
[2026-03-12T11:11:55.694+0000] {logging_mixin.py:188} INFO - [2026-03-12T11:11:55.694+0000] {dagbag.py:538} INFO - Filling up the DagBag from /home/airflow/.local/lib/python3.8/site-packages/airflow/example_dags/example_branch_python_dop_operator_3.py
[2026-03-12T11:11:55.702+0000] {processor.py:840} INFO - DAG(s) 'example_branch_dop_operator_v3' retrieved from /home/airflow/.local/lib/python3.8/site-packages/airflow/example_dags/example_branch_python_dop_operator_3.py
[2026-03-12T11:11:55.721+0000] {logging_mixin.py:188} INFO - [2026-03-12T11:11:55.721+0000] {dag.py:3036} INFO - Sync 1 DAGs
[2026-03-12T11:11:55.741+0000] {logging_mixin.py:188} INFO - [2026-03-12T11:11:55.741+0000] {dag.py:3823} INFO - Setting next_dagrun for example_branch_dop_operator_v3 to 2026-03-12 11:10:00+00:00, run_after=2026-03-12 11:11:00+00:00
[2026-03-12T11:11:55.761+0000] {processor.py:183} INFO - Processing /home/airflow/.local/lib/python3.8/site-packages/airflow/example_dags/example_branch_python_dop_operator_3.py took 0.073 seconds
[2026-03-12T11:12:26.230+0000] {processor.py:161} INFO - Started process (PID=810) to work on /home/airflow/.local/lib/python3.8/site-packages/airflow/example_dags/example_branch_python_dop_operator_3.py
[2026-03-12T11:12:26.231+0000] {processor.py:830} INFO - Processing file /home/airflow/.local/lib/python3.8/site-packages/airflow/example_dags/example_branch_python_dop_operator_3.py for tasks to queue
[2026-03-12T11:12:26.233+0000] {logging_mixin.py:188} INFO - [2026-03-12T11:12:26.233+0000] {dagbag.py:538} INFO - Filling up the DagBag from /home/airflow/.local/lib/python3.8/site-packages/airflow/example_dags/example_branch_python_dop_operator_3.py
[2026-03-12T11:12:26.241+0000] {processor.py:840} INFO - DAG(s) 'example_branch_dop_operator_v3' retrieved from /home/airflow/.local/lib/python3.8/site-packages/airflow/example_dags/example_branch_python_dop_operator_3.py
[2026-03-12T11:12:26.257+0000] {logging_mixin.py:188} INFO - [2026-03-12T11:12:26.257+0000] {dag.py:3036} INFO - Sync 1 DAGs
[2026-03-12T11:12:26.276+0000] {logging_mixin.py:188} INFO - [2026-03-12T11:12:26.276+0000] {dag.py:3823} INFO - Setting next_dagrun for example_branch_dop_operator_v3 to 2026-03-12 11:11:00+00:00, run_after=2026-03-12 11:12:00+00:00
[2026-03-12T11:12:26.293+0000] {processor.py:183} INFO - Processing /home/airflow/.local/lib/python3.8/site-packages/airflow/example_dags/example_branch_python_dop_operator_3.py took 0.066 seconds
[2026-03-12T11:12:56.941+0000] {processor.py:161} INFO - Started process (PID=866) to work on /home/airflow/.local/lib/python3.8/site-packages/airflow/example_dags/example_branch_python_dop_operator_3.py
[2026-03-12T11:12:56.943+0000] {processor.py:830} INFO - Processing file /home/airflow/.local/lib/python3.8/site-packages/airflow/example_dags/example_branch_python_dop_operator_3.py for tasks to queue
[2026-03-12T11:12:56.946+0000] {logging_mixin.py:188} INFO - [2026-03-12T11:12:56.945+0000] {dagbag.py:538} INFO - Filling up the DagBag from /home/airflow/.local/lib/python3.8/site-packages/airflow/example_dags/example_branch_python_dop_operator_3.py
[2026-03-12T11:12:56.956+0000] {processor.py:840} INFO - DAG(s) 'example_branch_dop_operator_v3' retrieved from /home/airflow/.local/lib/python3.8/site-packages/airflow/example_dags/example_branch_python_dop_operator_3.py
[2026-03-12T11:12:56.984+0000] {logging_mixin.py:188} INFO - [2026-03-12T11:12:56.983+0000] {dag.py:3036} INFO - Sync 1 DAGs
[2026-03-12T11:12:57.012+0000] {logging_mixin.py:188} INFO - [2026-03-12T11:12:57.012+0000] {dag.py:3823} INFO - Setting next_dagrun for example_branch_dop_operator_v3 to 2026-03-12 11:11:00+00:00, run_after=2026-03-12 11:12:00+00:00
[2026-03-12T11:12:57.037+0000] {processor.py:183} INFO - Processing /home/airflow/.local/lib/python3.8/site-packages/airflow/example_dags/example_branch_python_dop_operator_3.py took 0.099 seconds
[2026-03-12T11:13:27.279+0000] {processor.py:161} INFO - Started process (PID=922) to work on /home/airflow/.local/lib/python3.8/site-packages/airflow/example_dags/example_branch_python_dop_operator_3.py
[2026-03-12T11:13:27.281+0000] {processor.py:830} INFO - Processing file /home/airflow/.local/lib/python3.8/site-packages/airflow/example_dags/example_branch_python_dop_operator_3.py for tasks to queue
[2026-03-12T11:13:27.284+0000] {logging_mixin.py:188} INFO - [2026-03-12T11:13:27.283+0000] {dagbag.py:538} INFO - Filling up the DagBag from /home/airflow/.local/lib/python3.8/site-packages/airflow/example_dags/example_branch_python_dop_operator_3.py
[2026-03-12T11:13:27.291+0000] {processor.py:840} INFO - DAG(s) 'example_branch_dop_operator_v3' retrieved from /home/airflow/.local/lib/python3.8/site-packages/airflow/example_dags/example_branch_python_dop_operator_3.py
[2026-03-12T11:13:27.309+0000] {logging_mixin.py:188} INFO - [2026-03-12T11:13:27.309+0000] {dag.py:3036} INFO - Sync 1 DAGs
[2026-03-12T11:13:27.331+0000] {logging_mixin.py:188} INFO - [2026-03-12T11:13:27.330+0000] {dag.py:3823} INFO - Setting next_dagrun for example_branch_dop_operator_v3 to 2026-03-12 11:12:00+00:00, run_after=2026-03-12 11:13:00+00:00
[2026-03-12T11:13:27.347+0000] {processor.py:183} INFO - Processing /home/airflow/.local/lib/python3.8/site-packages/airflow/example_dags/example_branch_python_dop_operator_3.py took 0.071 seconds
[2026-03-12T11:13:57.490+0000] {processor.py:161} INFO - Started process (PID=978) to work on /home/airflow/.local/lib/python3.8/site-packages/airflow/example_dags/example_branch_python_dop_operator_3.py
[2026-03-12T11:13:57.491+0000] {processor.py:830} INFO - Processing file /home/airflow/.local/lib/python3.8/site-packages/airflow/example_dags/example_branch_python_dop_operator_3.py for tasks to queue
[2026-03-12T11:13:57.493+0000] {logging_mixin.py:188} INFO - [2026-03-12T11:13:57.493+0000] {dagbag.py:538} INFO - Filling up the DagBag from /home/airflow/.local/lib/python3.8/site-packages/airflow/example_dags/example_branch_python_dop_operator_3.py
[2026-03-12T11:13:57.503+0000] {processor.py:840} INFO - DAG(s) 'example_branch_dop_operator_v3' retrieved from /home/airflow/.local/lib/python3.8/site-packages/airflow/example_dags/example_branch_python_dop_operator_3.py
[2026-03-12T11:13:57.525+0000] {logging_mixin.py:188} INFO - [2026-03-12T11:13:57.525+0000] {dag.py:3036} INFO - Sync 1 DAGs
[2026-03-12T11:13:57.551+0000] {logging_mixin.py:188} INFO - [2026-03-12T11:13:57.551+0000] {dag.py:3823} INFO - Setting next_dagrun for example_branch_dop_operator_v3 to 2026-03-12 11:12:00+00:00, run_after=2026-03-12 11:13:00+00:00
[2026-03-12T11:13:57.573+0000] {processor.py:183} INFO - Processing /home/airflow/.local/lib/python3.8/site-packages/airflow/example_dags/example_branch_python_dop_operator_3.py took 0.087 seconds
[2026-03-12T11:14:28.121+0000] {processor.py:161} INFO - Started process (PID=1034) to work on /home/airflow/.local/lib/python3.8/site-packages/airflow/example_dags/example_branch_python_dop_operator_3.py
[2026-03-12T11:14:28.123+0000] {processor.py:830} INFO - Processing file /home/airflow/.local/lib/python3.8/site-packages/airflow/example_dags/example_branch_python_dop_operator_3.py for tasks to queue
[2026-03-12T11:14:28.125+0000] {logging_mixin.py:188} INFO - [2026-03-12T11:14:28.125+0000] {dagbag.py:538} INFO - Filling up the DagBag from /home/airflow/.local/lib/python3.8/site-packages/airflow/example_dags/example_branch_python_dop_operator_3.py
[2026-03-12T11:14:28.132+0000] {processor.py:840} INFO - DAG(s) 'example_branch_dop_operator_v3' retrieved from /home/airflow/.local/lib/python3.8/site-packages/airflow/example_dags/example_branch_python_dop_operator_3.py
[2026-03-12T11:14:28.151+0000] {logging_mixin.py:188} INFO - [2026-03-12T11:14:28.150+0000] {dag.py:3036} INFO - Sync 1 DAGs
[2026-03-12T11:14:28.172+0000] {logging_mixin.py:188} INFO - [2026-03-12T11:14:28.172+0000] {dag.py:3823} INFO - Setting next_dagrun for example_branch_dop_operator_v3 to 2026-03-12 11:13:00+00:00, run_after=2026-03-12 11:14:00+00:00
[2026-03-12T11:14:28.190+0000] {processor.py:183} INFO - Processing /home/airflow/.local/lib/python3.8/site-packages/airflow/example_dags/example_branch_python_dop_operator_3.py took 0.071 seconds
[2026-03-12T11:14:58.306+0000] {processor.py:161} INFO - Started process (PID=1090) to work on /home/airflow/.local/lib/python3.8/site-packages/airflow/example_dags/example_branch_python_dop_operator_3.py
[2026-03-12T11:14:58.307+0000] {processor.py:830} INFO - Processing file /home/airflow/.local/lib/python3.8/site-packages/airflow/example_dags/example_branch_python_dop_operator_3.py for tasks to queue
[2026-03-12T11:14:58.309+0000] {logging_mixin.py:188} INFO - [2026-03-12T11:14:58.309+0000] {dagbag.py:538} INFO - Filling up the DagBag from /home/airflow/.local/lib/python3.8/site-packages/airflow/example_dags/example_branch_python_dop_operator_3.py
[2026-03-12T11:14:58.317+0000] {processor.py:840} INFO - DAG(s) 'example_branch_dop_operator_v3' retrieved from /home/airflow/.local/lib/python3.8/site-packages/airflow/example_dags/example_branch_python_dop_operator_3.py
[2026-03-12T11:14:58.333+0000] {logging_mixin.py:188} INFO - [2026-03-12T11:14:58.333+0000] {dag.py:3036} INFO - Sync 1 DAGs
[2026-03-12T11:14:58.353+0000] {logging_mixin.py:188} INFO - [2026-03-12T11:14:58.353+0000] {dag.py:3823} INFO - Setting next_dagrun for example_branch_dop_operator_v3 to 2026-03-12 11:13:00+00:00, run_after=2026-03-12 11:14:00+00:00
[2026-03-12T11:14:58.368+0000] {processor.py:183} INFO - Processing /home/airflow/.local/lib/python3.8/site-packages/airflow/example_dags/example_branch_python_dop_operator_3.py took 0.064 seconds
[2026-03-12T11:15:28.664+0000] {processor.py:161} INFO - Started process (PID=1146) to work on /home/airflow/.local/lib/python3.8/site-packages/airflow/example_dags/example_branch_python_dop_operator_3.py
[2026-03-12T11:15:28.665+0000] {processor.py:830} INFO - Processing file /home/airflow/.local/lib/python3.8/site-packages/airflow/example_dags/example_branch_python_dop_operator_3.py for tasks to queue
[2026-03-12T11:15:28.668+0000] {logging_mixin.py:188} INFO - [2026-03-12T11:15:28.667+0000] {dagbag.py:538} INFO - Filling up the DagBag from /home/airflow/.local/lib/python3.8/site-packages/airflow/example_dags/example_branch_python_dop_operator_3.py
[2026-03-12T11:15:28.676+0000] {processor.py:840} INFO - DAG(s) 'example_branch_dop_operator_v3' retrieved from /home/airflow/.local/lib/python3.8/site-packages/airflow/example_dags/example_branch_python_dop_operator_3.py
[2026-03-12T11:15:28.699+0000] {logging_mixin.py:188} INFO - [2026-03-12T11:15:28.699+0000] {dag.py:3036} INFO - Sync 1 DAGs
[2026-03-12T11:15:28.726+0000] {logging_mixin.py:188} INFO - [2026-03-12T11:15:28.726+0000] {dag.py:3823} INFO - Setting next_dagrun for example_branch_dop_operator_v3 to 2026-03-12 11:14:00+00:00, run_after=2026-03-12 11:15:00+00:00
[2026-03-12T11:15:28.750+0000] {processor.py:183} INFO - Processing /home/airflow/.local/lib/python3.8/site-packages/airflow/example_dags/example_branch_python_dop_operator_3.py took 0.090 seconds
