[2026-03-12T11:05:50.311+0000] {processor.py:161} INFO - Started process (PID=100) to work on /home/airflow/.local/lib/python3.8/site-packages/airflow/example_dags/example_branch_labels.py
[2026-03-12T11:05:50.319+0000] {processor.py:830} INFO - Processing file /home/airflow/.local/lib/python3.8/site-packages/airflow/example_dags/example_branch_labels.py for tasks to queue
[2026-03-12T11:05:50.326+0000] {logging_mixin.py:188} INFO - [2026-03-12T11:05:50.325+0000] {dagbag.py:538} INFO - Filling up the DagBag from /home/airflow/.local/lib/python3.8/site-packages/airflow/example_dags/example_branch_labels.py
[2026-03-12T11:05:50.382+0000] {processor.py:840} INFO - DAG(s) 'example_branch_labels' retrieved from /home/airflow/.local/lib/python3.8/site-packages/airflow/example_dags/example_branch_labels.py
[2026-03-12T11:05:50.402+0000] {logging_mixin.py:188} INFO - [2026-03-12T11:05:50.402+0000] {dag.py:3036} INFO - Sync 1 DAGs
[2026-03-12T11:05:50.466+0000] {logging_mixin.py:188} INFO - [2026-03-12T11:05:50.465+0000] {dag.py:3823} INFO - Setting next_dagrun for example_branch_labels to 2026-03-11 00:00:00+00:00, run_after=2026-03-12 00:00:00+00:00
[2026-03-12T11:05:50.507+0000] {processor.py:183} INFO - Processing /home/airflow/.local/lib/python3.8/site-packages/airflow/example_dags/example_branch_labels.py took 0.222 seconds
[2026-03-12T11:06:20.904+0000] {processor.py:161} INFO - Started process (PID=155) to work on /home/airflow/.local/lib/python3.8/site-packages/airflow/example_dags/example_branch_labels.py
[2026-03-12T11:06:20.906+0000] {processor.py:830} INFO - Processing file /home/airflow/.local/lib/python3.8/site-packages/airflow/example_dags/example_branch_labels.py for tasks to queue
[2026-03-12T11:06:20.909+0000] {logging_mixin.py:188} INFO - [2026-03-12T11:06:20.908+0000] {dagbag.py:538} INFO - Filling up the DagBag from /home/airflow/.local/lib/python3.8/site-packages/airflow/example_dags/example_branch_labels.py
[2026-03-12T11:06:20.919+0000] {processor.py:840} INFO - DAG(s) 'example_branch_labels' retrieved from /home/airflow/.local/lib/python3.8/site-packages/airflow/example_dags/example_branch_labels.py
[2026-03-12T11:06:21.027+0000] {logging_mixin.py:188} INFO - [2026-03-12T11:06:21.027+0000] {dag.py:3036} INFO - Sync 1 DAGs
[2026-03-12T11:06:21.046+0000] {logging_mixin.py:188} INFO - [2026-03-12T11:06:21.046+0000] {dag.py:3823} INFO - Setting next_dagrun for example_branch_labels to 2026-03-11 00:00:00+00:00, run_after=2026-03-12 00:00:00+00:00
[2026-03-12T11:06:21.068+0000] {processor.py:183} INFO - Processing /home/airflow/.local/lib/python3.8/site-packages/airflow/example_dags/example_branch_labels.py took 0.168 seconds
[2026-03-12T11:06:51.543+0000] {processor.py:161} INFO - Started process (PID=210) to work on /home/airflow/.local/lib/python3.8/site-packages/airflow/example_dags/example_branch_labels.py
[2026-03-12T11:06:51.547+0000] {processor.py:830} INFO - Processing file /home/airflow/.local/lib/python3.8/site-packages/airflow/example_dags/example_branch_labels.py for tasks to queue
[2026-03-12T11:06:51.553+0000] {logging_mixin.py:188} INFO - [2026-03-12T11:06:51.552+0000] {dagbag.py:538} INFO - Filling up the DagBag from /home/airflow/.local/lib/python3.8/site-packages/airflow/example_dags/example_branch_labels.py
[2026-03-12T11:06:51.562+0000] {processor.py:840} INFO - DAG(s) 'example_branch_labels' retrieved from /home/airflow/.local/lib/python3.8/site-packages/airflow/example_dags/example_branch_labels.py
[2026-03-12T11:06:51.583+0000] {logging_mixin.py:188} INFO - [2026-03-12T11:06:51.582+0000] {dag.py:3036} INFO - Sync 1 DAGs
[2026-03-12T11:06:51.608+0000] {logging_mixin.py:188} INFO - [2026-03-12T11:06:51.608+0000] {dag.py:3823} INFO - Setting next_dagrun for example_branch_labels to 2026-03-11 00:00:00+00:00, run_after=2026-03-12 00:00:00+00:00
[2026-03-12T11:06:51.629+0000] {processor.py:183} INFO - Processing /home/airflow/.local/lib/python3.8/site-packages/airflow/example_dags/example_branch_labels.py took 0.091 seconds
[2026-03-12T11:07:22.083+0000] {processor.py:161} INFO - Started process (PID=265) to work on /home/airflow/.local/lib/python3.8/site-packages/airflow/example_dags/example_branch_labels.py
[2026-03-12T11:07:22.085+0000] {processor.py:830} INFO - Processing file /home/airflow/.local/lib/python3.8/site-packages/airflow/example_dags/example_branch_labels.py for tasks to queue
[2026-03-12T11:07:22.087+0000] {logging_mixin.py:188} INFO - [2026-03-12T11:07:22.087+0000] {dagbag.py:538} INFO - Filling up the DagBag from /home/airflow/.local/lib/python3.8/site-packages/airflow/example_dags/example_branch_labels.py
[2026-03-12T11:07:22.097+0000] {processor.py:840} INFO - DAG(s) 'example_branch_labels' retrieved from /home/airflow/.local/lib/python3.8/site-packages/airflow/example_dags/example_branch_labels.py
[2026-03-12T11:07:22.125+0000] {logging_mixin.py:188} INFO - [2026-03-12T11:07:22.125+0000] {dag.py:3036} INFO - Sync 1 DAGs
[2026-03-12T11:07:22.147+0000] {logging_mixin.py:188} INFO - [2026-03-12T11:07:22.147+0000] {dag.py:3823} INFO - Setting next_dagrun for example_branch_labels to 2026-03-11 00:00:00+00:00, run_after=2026-03-12 00:00:00+00:00
[2026-03-12T11:07:22.168+0000] {processor.py:183} INFO - Processing /home/airflow/.local/lib/python3.8/site-packages/airflow/example_dags/example_branch_labels.py took 0.088 seconds
[2026-03-12T11:07:52.609+0000] {processor.py:161} INFO - Started process (PID=320) to work on /home/airflow/.local/lib/python3.8/site-packages/airflow/example_dags/example_branch_labels.py
[2026-03-12T11:07:52.611+0000] {processor.py:830} INFO - Processing file /home/airflow/.local/lib/python3.8/site-packages/airflow/example_dags/example_branch_labels.py for tasks to queue
[2026-03-12T11:07:52.613+0000] {logging_mixin.py:188} INFO - [2026-03-12T11:07:52.612+0000] {dagbag.py:538} INFO - Filling up the DagBag from /home/airflow/.local/lib/python3.8/site-packages/airflow/example_dags/example_branch_labels.py
[2026-03-12T11:07:52.619+0000] {processor.py:840} INFO - DAG(s) 'example_branch_labels' retrieved from /home/airflow/.local/lib/python3.8/site-packages/airflow/example_dags/example_branch_labels.py
[2026-03-12T11:07:52.639+0000] {logging_mixin.py:188} INFO - [2026-03-12T11:07:52.639+0000] {dag.py:3036} INFO - Sync 1 DAGs
[2026-03-12T11:07:52.658+0000] {logging_mixin.py:188} INFO - [2026-03-12T11:07:52.657+0000] {dag.py:3823} INFO - Setting next_dagrun for example_branch_labels to 2026-03-11 00:00:00+00:00, run_after=2026-03-12 00:00:00+00:00
[2026-03-12T11:07:52.677+0000] {processor.py:183} INFO - Processing /home/airflow/.local/lib/python3.8/site-packages/airflow/example_dags/example_branch_labels.py took 0.071 seconds
[2026-03-12T11:08:22.847+0000] {processor.py:161} INFO - Started process (PID=375) to work on /home/airflow/.local/lib/python3.8/site-packages/airflow/example_dags/example_branch_labels.py
[2026-03-12T11:08:22.849+0000] {processor.py:830} INFO - Processing file /home/airflow/.local/lib/python3.8/site-packages/airflow/example_dags/example_branch_labels.py for tasks to queue
[2026-03-12T11:08:22.852+0000] {logging_mixin.py:188} INFO - [2026-03-12T11:08:22.851+0000] {dagbag.py:538} INFO - Filling up the DagBag from /home/airflow/.local/lib/python3.8/site-packages/airflow/example_dags/example_branch_labels.py
[2026-03-12T11:08:22.860+0000] {processor.py:840} INFO - DAG(s) 'example_branch_labels' retrieved from /home/airflow/.local/lib/python3.8/site-packages/airflow/example_dags/example_branch_labels.py
[2026-03-12T11:08:22.878+0000] {logging_mixin.py:188} INFO - [2026-03-12T11:08:22.878+0000] {dag.py:3036} INFO - Sync 1 DAGs
[2026-03-12T11:08:22.899+0000] {logging_mixin.py:188} INFO - [2026-03-12T11:08:22.898+0000] {dag.py:3823} INFO - Setting next_dagrun for example_branch_labels to 2026-03-11 00:00:00+00:00, run_after=2026-03-12 00:00:00+00:00
[2026-03-12T11:08:22.917+0000] {processor.py:183} INFO - Processing /home/airflow/.local/lib/python3.8/site-packages/airflow/example_dags/example_branch_labels.py took 0.073 seconds
[2026-03-12T11:08:53.718+0000] {processor.py:161} INFO - Started process (PID=430) to work on /home/airflow/.local/lib/python3.8/site-packages/airflow/example_dags/example_branch_labels.py
[2026-03-12T11:08:53.719+0000] {processor.py:830} INFO - Processing file /home/airflow/.local/lib/python3.8/site-packages/airflow/example_dags/example_branch_labels.py for tasks to queue
[2026-03-12T11:08:53.721+0000] {logging_mixin.py:188} INFO - [2026-03-12T11:08:53.721+0000] {dagbag.py:538} INFO - Filling up the DagBag from /home/airflow/.local/lib/python3.8/site-packages/airflow/example_dags/example_branch_labels.py
[2026-03-12T11:08:53.730+0000] {processor.py:840} INFO - DAG(s) 'example_branch_labels' retrieved from /home/airflow/.local/lib/python3.8/site-packages/airflow/example_dags/example_branch_labels.py
[2026-03-12T11:08:53.755+0000] {logging_mixin.py:188} INFO - [2026-03-12T11:08:53.754+0000] {dag.py:3036} INFO - Sync 1 DAGs
[2026-03-12T11:08:53.782+0000] {logging_mixin.py:188} INFO - [2026-03-12T11:08:53.781+0000] {dag.py:3823} INFO - Setting next_dagrun for example_branch_labels to 2026-03-11 00:00:00+00:00, run_after=2026-03-12 00:00:00+00:00
[2026-03-12T11:08:53.807+0000] {processor.py:183} INFO - Processing /home/airflow/.local/lib/python3.8/site-packages/airflow/example_dags/example_branch_labels.py took 0.093 seconds
[2026-03-12T11:09:24.287+0000] {processor.py:161} INFO - Started process (PID=485) to work on /home/airflow/.local/lib/python3.8/site-packages/airflow/example_dags/example_branch_labels.py
[2026-03-12T11:09:24.288+0000] {processor.py:830} INFO - Processing file /home/airflow/.local/lib/python3.8/site-packages/airflow/example_dags/example_branch_labels.py for tasks to queue
[2026-03-12T11:09:24.290+0000] {logging_mixin.py:188} INFO - [2026-03-12T11:09:24.290+0000] {dagbag.py:538} INFO - Filling up the DagBag from /home/airflow/.local/lib/python3.8/site-packages/airflow/example_dags/example_branch_labels.py
[2026-03-12T11:09:24.297+0000] {processor.py:840} INFO - DAG(s) 'example_branch_labels' retrieved from /home/airflow/.local/lib/python3.8/site-packages/airflow/example_dags/example_branch_labels.py
[2026-03-12T11:09:24.317+0000] {logging_mixin.py:188} INFO - [2026-03-12T11:09:24.317+0000] {dag.py:3036} INFO - Sync 1 DAGs
[2026-03-12T11:09:24.339+0000] {logging_mixin.py:188} INFO - [2026-03-12T11:09:24.339+0000] {dag.py:3823} INFO - Setting next_dagrun for example_branch_labels to 2026-03-11 00:00:00+00:00, run_after=2026-03-12 00:00:00+00:00
[2026-03-12T11:09:24.358+0000] {processor.py:183} INFO - Processing /home/airflow/.local/lib/python3.8/site-packages/airflow/example_dags/example_branch_labels.py took 0.075 seconds
[2026-03-12T11:09:54.716+0000] {processor.py:161} INFO - Started process (PID=540) to work on /home/airflow/.local/lib/python3.8/site-packages/airflow/example_dags/example_branch_labels.py
[2026-03-12T11:09:54.717+0000] {processor.py:830} INFO - Processing file /home/airflow/.local/lib/python3.8/site-packages/airflow/example_dags/example_branch_labels.py for tasks to queue
[2026-03-12T11:09:54.721+0000] {logging_mixin.py:188} INFO - [2026-03-12T11:09:54.720+0000] {dagbag.py:538} INFO - Filling up the DagBag from /home/airflow/.local/lib/python3.8/site-packages/airflow/example_dags/example_branch_labels.py
[2026-03-12T11:09:54.731+0000] {processor.py:840} INFO - DAG(s) 'example_branch_labels' retrieved from /home/airflow/.local/lib/python3.8/site-packages/airflow/example_dags/example_branch_labels.py
[2026-03-12T11:09:54.753+0000] {logging_mixin.py:188} INFO - [2026-03-12T11:09:54.752+0000] {dag.py:3036} INFO - Sync 1 DAGs
[2026-03-12T11:09:54.774+0000] {logging_mixin.py:188} INFO - [2026-03-12T11:09:54.774+0000] {dag.py:3823} INFO - Setting next_dagrun for example_branch_labels to 2026-03-11 00:00:00+00:00, run_after=2026-03-12 00:00:00+00:00
[2026-03-12T11:09:54.792+0000] {processor.py:183} INFO - Processing /home/airflow/.local/lib/python3.8/site-packages/airflow/example_dags/example_branch_labels.py took 0.079 seconds
[2026-03-12T11:10:25.513+0000] {processor.py:161} INFO - Started process (PID=595) to work on /home/airflow/.local/lib/python3.8/site-packages/airflow/example_dags/example_branch_labels.py
[2026-03-12T11:10:25.514+0000] {processor.py:830} INFO - Processing file /home/airflow/.local/lib/python3.8/site-packages/airflow/example_dags/example_branch_labels.py for tasks to queue
[2026-03-12T11:10:25.517+0000] {logging_mixin.py:188} INFO - [2026-03-12T11:10:25.517+0000] {dagbag.py:538} INFO - Filling up the DagBag from /home/airflow/.local/lib/python3.8/site-packages/airflow/example_dags/example_branch_labels.py
[2026-03-12T11:10:25.524+0000] {processor.py:840} INFO - DAG(s) 'example_branch_labels' retrieved from /home/airflow/.local/lib/python3.8/site-packages/airflow/example_dags/example_branch_labels.py
[2026-03-12T11:10:25.543+0000] {logging_mixin.py:188} INFO - [2026-03-12T11:10:25.543+0000] {dag.py:3036} INFO - Sync 1 DAGs
[2026-03-12T11:10:25.561+0000] {logging_mixin.py:188} INFO - [2026-03-12T11:10:25.561+0000] {dag.py:3823} INFO - Setting next_dagrun for example_branch_labels to 2026-03-11 00:00:00+00:00, run_after=2026-03-12 00:00:00+00:00
[2026-03-12T11:10:25.578+0000] {processor.py:183} INFO - Processing /home/airflow/.local/lib/python3.8/site-packages/airflow/example_dags/example_branch_labels.py took 0.068 seconds
[2026-03-12T11:10:55.861+0000] {processor.py:161} INFO - Started process (PID=651) to work on /home/airflow/.local/lib/python3.8/site-packages/airflow/example_dags/example_branch_labels.py
[2026-03-12T11:10:55.862+0000] {processor.py:830} INFO - Processing file /home/airflow/.local/lib/python3.8/site-packages/airflow/example_dags/example_branch_labels.py for tasks to queue
[2026-03-12T11:10:55.864+0000] {logging_mixin.py:188} INFO - [2026-03-12T11:10:55.864+0000] {dagbag.py:538} INFO - Filling up the DagBag from /home/airflow/.local/lib/python3.8/site-packages/airflow/example_dags/example_branch_labels.py
[2026-03-12T11:10:55.873+0000] {processor.py:840} INFO - DAG(s) 'example_branch_labels' retrieved from /home/airflow/.local/lib/python3.8/site-packages/airflow/example_dags/example_branch_labels.py
[2026-03-12T11:10:55.901+0000] {logging_mixin.py:188} INFO - [2026-03-12T11:10:55.900+0000] {dag.py:3036} INFO - Sync 1 DAGs
[2026-03-12T11:10:55.923+0000] {logging_mixin.py:188} INFO - [2026-03-12T11:10:55.923+0000] {dag.py:3823} INFO - Setting next_dagrun for example_branch_labels to 2026-03-11 00:00:00+00:00, run_after=2026-03-12 00:00:00+00:00
[2026-03-12T11:10:55.944+0000] {processor.py:183} INFO - Processing /home/airflow/.local/lib/python3.8/site-packages/airflow/example_dags/example_branch_labels.py took 0.088 seconds
[2026-03-12T11:11:26.105+0000] {processor.py:161} INFO - Started process (PID=707) to work on /home/airflow/.local/lib/python3.8/site-packages/airflow/example_dags/example_branch_labels.py
[2026-03-12T11:11:26.106+0000] {processor.py:830} INFO - Processing file /home/airflow/.local/lib/python3.8/site-packages/airflow/example_dags/example_branch_labels.py for tasks to queue
[2026-03-12T11:11:26.108+0000] {logging_mixin.py:188} INFO - [2026-03-12T11:11:26.108+0000] {dagbag.py:538} INFO - Filling up the DagBag from /home/airflow/.local/lib/python3.8/site-packages/airflow/example_dags/example_branch_labels.py
[2026-03-12T11:11:26.115+0000] {processor.py:840} INFO - DAG(s) 'example_branch_labels' retrieved from /home/airflow/.local/lib/python3.8/site-packages/airflow/example_dags/example_branch_labels.py
[2026-03-12T11:11:26.132+0000] {logging_mixin.py:188} INFO - [2026-03-12T11:11:26.132+0000] {dag.py:3036} INFO - Sync 1 DAGs
[2026-03-12T11:11:26.149+0000] {logging_mixin.py:188} INFO - [2026-03-12T11:11:26.149+0000] {dag.py:3823} INFO - Setting next_dagrun for example_branch_labels to 2026-03-11 00:00:00+00:00, run_after=2026-03-12 00:00:00+00:00
[2026-03-12T11:11:26.165+0000] {processor.py:183} INFO - Processing /home/airflow/.local/lib/python3.8/site-packages/airflow/example_dags/example_branch_labels.py took 0.063 seconds
[2026-03-12T11:11:56.246+0000] {processor.py:161} INFO - Started process (PID=764) to work on /home/airflow/.local/lib/python3.8/site-packages/airflow/example_dags/example_branch_labels.py
[2026-03-12T11:11:56.248+0000] {processor.py:830} INFO - Processing file /home/airflow/.local/lib/python3.8/site-packages/airflow/example_dags/example_branch_labels.py for tasks to queue
[2026-03-12T11:11:56.250+0000] {logging_mixin.py:188} INFO - [2026-03-12T11:11:56.250+0000] {dagbag.py:538} INFO - Filling up the DagBag from /home/airflow/.local/lib/python3.8/site-packages/airflow/example_dags/example_branch_labels.py
[2026-03-12T11:11:56.257+0000] {processor.py:840} INFO - DAG(s) 'example_branch_labels' retrieved from /home/airflow/.local/lib/python3.8/site-packages/airflow/example_dags/example_branch_labels.py
[2026-03-12T11:11:56.275+0000] {logging_mixin.py:188} INFO - [2026-03-12T11:11:56.275+0000] {dag.py:3036} INFO - Sync 1 DAGs
[2026-03-12T11:11:56.294+0000] {logging_mixin.py:188} INFO - [2026-03-12T11:11:56.294+0000] {dag.py:3823} INFO - Setting next_dagrun for example_branch_labels to 2026-03-11 00:00:00+00:00, run_after=2026-03-12 00:00:00+00:00
[2026-03-12T11:11:56.312+0000] {processor.py:183} INFO - Processing /home/airflow/.local/lib/python3.8/site-packages/airflow/example_dags/example_branch_labels.py took 0.069 seconds
[2026-03-12T11:12:26.900+0000] {processor.py:161} INFO - Started process (PID=820) to work on /home/airflow/.local/lib/python3.8/site-packages/airflow/example_dags/example_branch_labels.py
[2026-03-12T11:12:26.901+0000] {processor.py:830} INFO - Processing file /home/airflow/.local/lib/python3.8/site-packages/airflow/example_dags/example_branch_labels.py for tasks to queue
[2026-03-12T11:12:26.904+0000] {logging_mixin.py:188} INFO - [2026-03-12T11:12:26.903+0000] {dagbag.py:538} INFO - Filling up the DagBag from /home/airflow/.local/lib/python3.8/site-packages/airflow/example_dags/example_branch_labels.py
[2026-03-12T11:12:26.910+0000] {processor.py:840} INFO - DAG(s) 'example_branch_labels' retrieved from /home/airflow/.local/lib/python3.8/site-packages/airflow/example_dags/example_branch_labels.py
[2026-03-12T11:12:26.928+0000] {logging_mixin.py:188} INFO - [2026-03-12T11:12:26.928+0000] {dag.py:3036} INFO - Sync 1 DAGs
[2026-03-12T11:12:26.945+0000] {logging_mixin.py:188} INFO - [2026-03-12T11:12:26.945+0000] {dag.py:3823} INFO - Setting next_dagrun for example_branch_labels to 2026-03-11 00:00:00+00:00, run_after=2026-03-12 00:00:00+00:00
[2026-03-12T11:12:26.966+0000] {processor.py:183} INFO - Processing /home/airflow/.local/lib/python3.8/site-packages/airflow/example_dags/example_branch_labels.py took 0.069 seconds
[2026-03-12T11:12:57.751+0000] {processor.py:161} INFO - Started process (PID=876) to work on /home/airflow/.local/lib/python3.8/site-packages/airflow/example_dags/example_branch_labels.py
[2026-03-12T11:12:57.753+0000] {processor.py:830} INFO - Processing file /home/airflow/.local/lib/python3.8/site-packages/airflow/example_dags/example_branch_labels.py for tasks to queue
[2026-03-12T11:12:57.755+0000] {logging_mixin.py:188} INFO - [2026-03-12T11:12:57.755+0000] {dagbag.py:538} INFO - Filling up the DagBag from /home/airflow/.local/lib/python3.8/site-packages/airflow/example_dags/example_branch_labels.py
[2026-03-12T11:12:57.762+0000] {processor.py:840} INFO - DAG(s) 'example_branch_labels' retrieved from /home/airflow/.local/lib/python3.8/site-packages/airflow/example_dags/example_branch_labels.py
[2026-03-12T11:12:57.781+0000] {logging_mixin.py:188} INFO - [2026-03-12T11:12:57.780+0000] {dag.py:3036} INFO - Sync 1 DAGs
[2026-03-12T11:12:57.799+0000] {logging_mixin.py:188} INFO - [2026-03-12T11:12:57.799+0000] {dag.py:3823} INFO - Setting next_dagrun for example_branch_labels to 2026-03-11 00:00:00+00:00, run_after=2026-03-12 00:00:00+00:00
[2026-03-12T11:12:57.816+0000] {processor.py:183} INFO - Processing /home/airflow/.local/lib/python3.8/site-packages/airflow/example_dags/example_branch_labels.py took 0.068 seconds
[2026-03-12T11:13:27.916+0000] {processor.py:161} INFO - Started process (PID=932) to work on /home/airflow/.local/lib/python3.8/site-packages/airflow/example_dags/example_branch_labels.py
[2026-03-12T11:13:27.917+0000] {processor.py:830} INFO - Processing file /home/airflow/.local/lib/python3.8/site-packages/airflow/example_dags/example_branch_labels.py for tasks to queue
[2026-03-12T11:13:27.919+0000] {logging_mixin.py:188} INFO - [2026-03-12T11:13:27.919+0000] {dagbag.py:538} INFO - Filling up the DagBag from /home/airflow/.local/lib/python3.8/site-packages/airflow/example_dags/example_branch_labels.py
[2026-03-12T11:13:27.925+0000] {processor.py:840} INFO - DAG(s) 'example_branch_labels' retrieved from /home/airflow/.local/lib/python3.8/site-packages/airflow/example_dags/example_branch_labels.py
[2026-03-12T11:13:27.942+0000] {logging_mixin.py:188} INFO - [2026-03-12T11:13:27.942+0000] {dag.py:3036} INFO - Sync 1 DAGs
[2026-03-12T11:13:27.959+0000] {logging_mixin.py:188} INFO - [2026-03-12T11:13:27.959+0000] {dag.py:3823} INFO - Setting next_dagrun for example_branch_labels to 2026-03-11 00:00:00+00:00, run_after=2026-03-12 00:00:00+00:00
[2026-03-12T11:13:27.980+0000] {processor.py:183} INFO - Processing /home/airflow/.local/lib/python3.8/site-packages/airflow/example_dags/example_branch_labels.py took 0.067 seconds
[2026-03-12T11:13:58.102+0000] {processor.py:161} INFO - Started process (PID=988) to work on /home/airflow/.local/lib/python3.8/site-packages/airflow/example_dags/example_branch_labels.py
[2026-03-12T11:13:58.103+0000] {processor.py:830} INFO - Processing file /home/airflow/.local/lib/python3.8/site-packages/airflow/example_dags/example_branch_labels.py for tasks to queue
[2026-03-12T11:13:58.105+0000] {logging_mixin.py:188} INFO - [2026-03-12T11:13:58.105+0000] {dagbag.py:538} INFO - Filling up the DagBag from /home/airflow/.local/lib/python3.8/site-packages/airflow/example_dags/example_branch_labels.py
[2026-03-12T11:13:58.113+0000] {processor.py:840} INFO - DAG(s) 'example_branch_labels' retrieved from /home/airflow/.local/lib/python3.8/site-packages/airflow/example_dags/example_branch_labels.py
[2026-03-12T11:13:58.133+0000] {logging_mixin.py:188} INFO - [2026-03-12T11:13:58.133+0000] {dag.py:3036} INFO - Sync 1 DAGs
[2026-03-12T11:13:58.157+0000] {logging_mixin.py:188} INFO - [2026-03-12T11:13:58.157+0000] {dag.py:3823} INFO - Setting next_dagrun for example_branch_labels to 2026-03-11 00:00:00+00:00, run_after=2026-03-12 00:00:00+00:00
[2026-03-12T11:13:58.175+0000] {processor.py:183} INFO - Processing /home/airflow/.local/lib/python3.8/site-packages/airflow/example_dags/example_branch_labels.py took 0.077 seconds
[2026-03-12T11:14:28.653+0000] {processor.py:161} INFO - Started process (PID=1044) to work on /home/airflow/.local/lib/python3.8/site-packages/airflow/example_dags/example_branch_labels.py
[2026-03-12T11:14:28.654+0000] {processor.py:830} INFO - Processing file /home/airflow/.local/lib/python3.8/site-packages/airflow/example_dags/example_branch_labels.py for tasks to queue
[2026-03-12T11:14:28.656+0000] {logging_mixin.py:188} INFO - [2026-03-12T11:14:28.656+0000] {dagbag.py:538} INFO - Filling up the DagBag from /home/airflow/.local/lib/python3.8/site-packages/airflow/example_dags/example_branch_labels.py
[2026-03-12T11:14:28.664+0000] {processor.py:840} INFO - DAG(s) 'example_branch_labels' retrieved from /home/airflow/.local/lib/python3.8/site-packages/airflow/example_dags/example_branch_labels.py
[2026-03-12T11:14:28.691+0000] {logging_mixin.py:188} INFO - [2026-03-12T11:14:28.690+0000] {dag.py:3036} INFO - Sync 1 DAGs
[2026-03-12T11:14:28.720+0000] {logging_mixin.py:188} INFO - [2026-03-12T11:14:28.719+0000] {dag.py:3823} INFO - Setting next_dagrun for example_branch_labels to 2026-03-11 00:00:00+00:00, run_after=2026-03-12 00:00:00+00:00
[2026-03-12T11:14:28.746+0000] {processor.py:183} INFO - Processing /home/airflow/.local/lib/python3.8/site-packages/airflow/example_dags/example_branch_labels.py took 0.097 seconds
[2026-03-12T11:14:58.817+0000] {processor.py:161} INFO - Started process (PID=1100) to work on /home/airflow/.local/lib/python3.8/site-packages/airflow/example_dags/example_branch_labels.py
[2026-03-12T11:14:58.819+0000] {processor.py:830} INFO - Processing file /home/airflow/.local/lib/python3.8/site-packages/airflow/example_dags/example_branch_labels.py for tasks to queue
[2026-03-12T11:14:58.820+0000] {logging_mixin.py:188} INFO - [2026-03-12T11:14:58.820+0000] {dagbag.py:538} INFO - Filling up the DagBag from /home/airflow/.local/lib/python3.8/site-packages/airflow/example_dags/example_branch_labels.py
[2026-03-12T11:14:58.827+0000] {processor.py:840} INFO - DAG(s) 'example_branch_labels' retrieved from /home/airflow/.local/lib/python3.8/site-packages/airflow/example_dags/example_branch_labels.py
[2026-03-12T11:14:58.843+0000] {logging_mixin.py:188} INFO - [2026-03-12T11:14:58.843+0000] {dag.py:3036} INFO - Sync 1 DAGs
[2026-03-12T11:14:58.860+0000] {logging_mixin.py:188} INFO - [2026-03-12T11:14:58.860+0000] {dag.py:3823} INFO - Setting next_dagrun for example_branch_labels to 2026-03-11 00:00:00+00:00, run_after=2026-03-12 00:00:00+00:00
[2026-03-12T11:14:58.879+0000] {processor.py:183} INFO - Processing /home/airflow/.local/lib/python3.8/site-packages/airflow/example_dags/example_branch_labels.py took 0.064 seconds
[2026-03-12T11:15:29.217+0000] {processor.py:161} INFO - Started process (PID=1156) to work on /home/airflow/.local/lib/python3.8/site-packages/airflow/example_dags/example_branch_labels.py
[2026-03-12T11:15:29.218+0000] {processor.py:830} INFO - Processing file /home/airflow/.local/lib/python3.8/site-packages/airflow/example_dags/example_branch_labels.py for tasks to queue
[2026-03-12T11:15:29.220+0000] {logging_mixin.py:188} INFO - [2026-03-12T11:15:29.220+0000] {dagbag.py:538} INFO - Filling up the DagBag from /home/airflow/.local/lib/python3.8/site-packages/airflow/example_dags/example_branch_labels.py
[2026-03-12T11:15:29.228+0000] {processor.py:840} INFO - DAG(s) 'example_branch_labels' retrieved from /home/airflow/.local/lib/python3.8/site-packages/airflow/example_dags/example_branch_labels.py
[2026-03-12T11:15:29.248+0000] {logging_mixin.py:188} INFO - [2026-03-12T11:15:29.248+0000] {dag.py:3036} INFO - Sync 1 DAGs
[2026-03-12T11:15:29.271+0000] {logging_mixin.py:188} INFO - [2026-03-12T11:15:29.271+0000] {dag.py:3823} INFO - Setting next_dagrun for example_branch_labels to 2026-03-11 00:00:00+00:00, run_after=2026-03-12 00:00:00+00:00
[2026-03-12T11:15:29.291+0000] {processor.py:183} INFO - Processing /home/airflow/.local/lib/python3.8/site-packages/airflow/example_dags/example_branch_labels.py took 0.077 seconds
