[2026-03-12T11:05:48.521+0000] {processor.py:161} INFO - Started process (PID=87) to work on /home/airflow/.local/lib/python3.8/site-packages/airflow/example_dags/example_branch_datetime_operator.py
[2026-03-12T11:05:48.525+0000] {processor.py:830} INFO - Processing file /home/airflow/.local/lib/python3.8/site-packages/airflow/example_dags/example_branch_datetime_operator.py for tasks to queue
[2026-03-12T11:05:48.547+0000] {logging_mixin.py:188} INFO - [2026-03-12T11:05:48.546+0000] {dagbag.py:538} INFO - Filling up the DagBag from /home/airflow/.local/lib/python3.8/site-packages/airflow/example_dags/example_branch_datetime_operator.py
[2026-03-12T11:05:48.578+0000] {processor.py:840} INFO - DAG(s) 'example_branch_datetime_operator_2', 'example_branch_datetime_operator_3', 'example_branch_datetime_operator' retrieved from /home/airflow/.local/lib/python3.8/site-packages/airflow/example_dags/example_branch_datetime_operator.py
[2026-03-12T11:05:48.600+0000] {logging_mixin.py:188} INFO - [2026-03-12T11:05:48.600+0000] {dag.py:3036} INFO - Sync 3 DAGs
[2026-03-12T11:05:48.653+0000] {logging_mixin.py:188} INFO - [2026-03-12T11:05:48.652+0000] {dag.py:3823} INFO - Setting next_dagrun for example_branch_datetime_operator to 2026-03-11 00:00:00+00:00, run_after=2026-03-12 00:00:00+00:00
[2026-03-12T11:05:48.670+0000] {logging_mixin.py:188} INFO - [2026-03-12T11:05:48.669+0000] {dag.py:3823} INFO - Setting next_dagrun for example_branch_datetime_operator_2 to 2026-03-11 00:00:00+00:00, run_after=2026-03-12 00:00:00+00:00
[2026-03-12T11:05:48.674+0000] {logging_mixin.py:188} INFO - [2026-03-12T11:05:48.674+0000] {dag.py:3823} INFO - Setting next_dagrun for example_branch_datetime_operator_3 to 2026-03-11 00:00:00+00:00, run_after=2026-03-12 00:00:00+00:00
[2026-03-12T11:05:48.717+0000] {processor.py:183} INFO - Processing /home/airflow/.local/lib/python3.8/site-packages/airflow/example_dags/example_branch_datetime_operator.py took 0.213 seconds
[2026-03-12T11:06:18.846+0000] {processor.py:161} INFO - Started process (PID=142) to work on /home/airflow/.local/lib/python3.8/site-packages/airflow/example_dags/example_branch_datetime_operator.py
[2026-03-12T11:06:18.849+0000] {processor.py:830} INFO - Processing file /home/airflow/.local/lib/python3.8/site-packages/airflow/example_dags/example_branch_datetime_operator.py for tasks to queue
[2026-03-12T11:06:18.854+0000] {logging_mixin.py:188} INFO - [2026-03-12T11:06:18.853+0000] {dagbag.py:538} INFO - Filling up the DagBag from /home/airflow/.local/lib/python3.8/site-packages/airflow/example_dags/example_branch_datetime_operator.py
[2026-03-12T11:06:18.877+0000] {processor.py:840} INFO - DAG(s) 'example_branch_datetime_operator_3', 'example_branch_datetime_operator', 'example_branch_datetime_operator_2' retrieved from /home/airflow/.local/lib/python3.8/site-packages/airflow/example_dags/example_branch_datetime_operator.py
[2026-03-12T11:06:19.079+0000] {logging_mixin.py:188} INFO - [2026-03-12T11:06:19.079+0000] {dag.py:3036} INFO - Sync 3 DAGs
[2026-03-12T11:06:19.119+0000] {logging_mixin.py:188} INFO - [2026-03-12T11:06:19.119+0000] {dag.py:3823} INFO - Setting next_dagrun for example_branch_datetime_operator to 2026-03-11 00:00:00+00:00, run_after=2026-03-12 00:00:00+00:00
[2026-03-12T11:06:19.133+0000] {logging_mixin.py:188} INFO - [2026-03-12T11:06:19.133+0000] {dag.py:3823} INFO - Setting next_dagrun for example_branch_datetime_operator_2 to 2026-03-11 00:00:00+00:00, run_after=2026-03-12 00:00:00+00:00
[2026-03-12T11:06:19.141+0000] {logging_mixin.py:188} INFO - [2026-03-12T11:06:19.141+0000] {dag.py:3823} INFO - Setting next_dagrun for example_branch_datetime_operator_3 to 2026-03-11 00:00:00+00:00, run_after=2026-03-12 00:00:00+00:00
[2026-03-12T11:06:19.176+0000] {processor.py:183} INFO - Processing /home/airflow/.local/lib/python3.8/site-packages/airflow/example_dags/example_branch_datetime_operator.py took 0.335 seconds
[2026-03-12T11:06:49.564+0000] {processor.py:161} INFO - Started process (PID=197) to work on /home/airflow/.local/lib/python3.8/site-packages/airflow/example_dags/example_branch_datetime_operator.py
[2026-03-12T11:06:49.568+0000] {processor.py:830} INFO - Processing file /home/airflow/.local/lib/python3.8/site-packages/airflow/example_dags/example_branch_datetime_operator.py for tasks to queue
[2026-03-12T11:06:49.570+0000] {logging_mixin.py:188} INFO - [2026-03-12T11:06:49.570+0000] {dagbag.py:538} INFO - Filling up the DagBag from /home/airflow/.local/lib/python3.8/site-packages/airflow/example_dags/example_branch_datetime_operator.py
[2026-03-12T11:06:49.582+0000] {processor.py:840} INFO - DAG(s) 'example_branch_datetime_operator_2', 'example_branch_datetime_operator', 'example_branch_datetime_operator_3' retrieved from /home/airflow/.local/lib/python3.8/site-packages/airflow/example_dags/example_branch_datetime_operator.py
[2026-03-12T11:06:49.617+0000] {logging_mixin.py:188} INFO - [2026-03-12T11:06:49.616+0000] {dag.py:3036} INFO - Sync 3 DAGs
[2026-03-12T11:06:49.643+0000] {logging_mixin.py:188} INFO - [2026-03-12T11:06:49.643+0000] {dag.py:3823} INFO - Setting next_dagrun for example_branch_datetime_operator to 2026-03-11 00:00:00+00:00, run_after=2026-03-12 00:00:00+00:00
[2026-03-12T11:06:49.652+0000] {logging_mixin.py:188} INFO - [2026-03-12T11:06:49.651+0000] {dag.py:3823} INFO - Setting next_dagrun for example_branch_datetime_operator_2 to 2026-03-11 00:00:00+00:00, run_after=2026-03-12 00:00:00+00:00
[2026-03-12T11:06:49.659+0000] {logging_mixin.py:188} INFO - [2026-03-12T11:06:49.658+0000] {dag.py:3823} INFO - Setting next_dagrun for example_branch_datetime_operator_3 to 2026-03-11 00:00:00+00:00, run_after=2026-03-12 00:00:00+00:00
[2026-03-12T11:06:49.679+0000] {processor.py:183} INFO - Processing /home/airflow/.local/lib/python3.8/site-packages/airflow/example_dags/example_branch_datetime_operator.py took 0.119 seconds
[2026-03-12T11:07:20.363+0000] {processor.py:161} INFO - Started process (PID=252) to work on /home/airflow/.local/lib/python3.8/site-packages/airflow/example_dags/example_branch_datetime_operator.py
[2026-03-12T11:07:20.365+0000] {processor.py:830} INFO - Processing file /home/airflow/.local/lib/python3.8/site-packages/airflow/example_dags/example_branch_datetime_operator.py for tasks to queue
[2026-03-12T11:07:20.367+0000] {logging_mixin.py:188} INFO - [2026-03-12T11:07:20.366+0000] {dagbag.py:538} INFO - Filling up the DagBag from /home/airflow/.local/lib/python3.8/site-packages/airflow/example_dags/example_branch_datetime_operator.py
[2026-03-12T11:07:20.375+0000] {processor.py:840} INFO - DAG(s) 'example_branch_datetime_operator_3', 'example_branch_datetime_operator', 'example_branch_datetime_operator_2' retrieved from /home/airflow/.local/lib/python3.8/site-packages/airflow/example_dags/example_branch_datetime_operator.py
[2026-03-12T11:07:20.400+0000] {logging_mixin.py:188} INFO - [2026-03-12T11:07:20.400+0000] {dag.py:3036} INFO - Sync 3 DAGs
[2026-03-12T11:07:20.420+0000] {logging_mixin.py:188} INFO - [2026-03-12T11:07:20.420+0000] {dag.py:3823} INFO - Setting next_dagrun for example_branch_datetime_operator to 2026-03-11 00:00:00+00:00, run_after=2026-03-12 00:00:00+00:00
[2026-03-12T11:07:20.424+0000] {logging_mixin.py:188} INFO - [2026-03-12T11:07:20.424+0000] {dag.py:3823} INFO - Setting next_dagrun for example_branch_datetime_operator_2 to 2026-03-11 00:00:00+00:00, run_after=2026-03-12 00:00:00+00:00
[2026-03-12T11:07:20.427+0000] {logging_mixin.py:188} INFO - [2026-03-12T11:07:20.427+0000] {dag.py:3823} INFO - Setting next_dagrun for example_branch_datetime_operator_3 to 2026-03-11 00:00:00+00:00, run_after=2026-03-12 00:00:00+00:00
[2026-03-12T11:07:20.443+0000] {processor.py:183} INFO - Processing /home/airflow/.local/lib/python3.8/site-packages/airflow/example_dags/example_branch_datetime_operator.py took 0.083 seconds
[2026-03-12T11:07:50.853+0000] {processor.py:161} INFO - Started process (PID=307) to work on /home/airflow/.local/lib/python3.8/site-packages/airflow/example_dags/example_branch_datetime_operator.py
[2026-03-12T11:07:50.854+0000] {processor.py:830} INFO - Processing file /home/airflow/.local/lib/python3.8/site-packages/airflow/example_dags/example_branch_datetime_operator.py for tasks to queue
[2026-03-12T11:07:50.857+0000] {logging_mixin.py:188} INFO - [2026-03-12T11:07:50.856+0000] {dagbag.py:538} INFO - Filling up the DagBag from /home/airflow/.local/lib/python3.8/site-packages/airflow/example_dags/example_branch_datetime_operator.py
[2026-03-12T11:07:50.866+0000] {processor.py:840} INFO - DAG(s) 'example_branch_datetime_operator', 'example_branch_datetime_operator_3', 'example_branch_datetime_operator_2' retrieved from /home/airflow/.local/lib/python3.8/site-packages/airflow/example_dags/example_branch_datetime_operator.py
[2026-03-12T11:07:50.898+0000] {logging_mixin.py:188} INFO - [2026-03-12T11:07:50.897+0000] {dag.py:3036} INFO - Sync 3 DAGs
[2026-03-12T11:07:50.920+0000] {logging_mixin.py:188} INFO - [2026-03-12T11:07:50.920+0000] {dag.py:3823} INFO - Setting next_dagrun for example_branch_datetime_operator to 2026-03-11 00:00:00+00:00, run_after=2026-03-12 00:00:00+00:00
[2026-03-12T11:07:50.924+0000] {logging_mixin.py:188} INFO - [2026-03-12T11:07:50.924+0000] {dag.py:3823} INFO - Setting next_dagrun for example_branch_datetime_operator_2 to 2026-03-11 00:00:00+00:00, run_after=2026-03-12 00:00:00+00:00
[2026-03-12T11:07:50.927+0000] {logging_mixin.py:188} INFO - [2026-03-12T11:07:50.927+0000] {dag.py:3823} INFO - Setting next_dagrun for example_branch_datetime_operator_3 to 2026-03-11 00:00:00+00:00, run_after=2026-03-12 00:00:00+00:00
[2026-03-12T11:07:50.948+0000] {processor.py:183} INFO - Processing /home/airflow/.local/lib/python3.8/site-packages/airflow/example_dags/example_branch_datetime_operator.py took 0.098 seconds
[2026-03-12T11:08:21.147+0000] {processor.py:161} INFO - Started process (PID=362) to work on /home/airflow/.local/lib/python3.8/site-packages/airflow/example_dags/example_branch_datetime_operator.py
[2026-03-12T11:08:21.149+0000] {processor.py:830} INFO - Processing file /home/airflow/.local/lib/python3.8/site-packages/airflow/example_dags/example_branch_datetime_operator.py for tasks to queue
[2026-03-12T11:08:21.151+0000] {logging_mixin.py:188} INFO - [2026-03-12T11:08:21.150+0000] {dagbag.py:538} INFO - Filling up the DagBag from /home/airflow/.local/lib/python3.8/site-packages/airflow/example_dags/example_branch_datetime_operator.py
[2026-03-12T11:08:21.158+0000] {processor.py:840} INFO - DAG(s) 'example_branch_datetime_operator_3', 'example_branch_datetime_operator_2', 'example_branch_datetime_operator' retrieved from /home/airflow/.local/lib/python3.8/site-packages/airflow/example_dags/example_branch_datetime_operator.py
[2026-03-12T11:08:21.185+0000] {logging_mixin.py:188} INFO - [2026-03-12T11:08:21.185+0000] {dag.py:3036} INFO - Sync 3 DAGs
[2026-03-12T11:08:21.205+0000] {logging_mixin.py:188} INFO - [2026-03-12T11:08:21.205+0000] {dag.py:3823} INFO - Setting next_dagrun for example_branch_datetime_operator to 2026-03-11 00:00:00+00:00, run_after=2026-03-12 00:00:00+00:00
[2026-03-12T11:08:21.209+0000] {logging_mixin.py:188} INFO - [2026-03-12T11:08:21.209+0000] {dag.py:3823} INFO - Setting next_dagrun for example_branch_datetime_operator_2 to 2026-03-11 00:00:00+00:00, run_after=2026-03-12 00:00:00+00:00
[2026-03-12T11:08:21.212+0000] {logging_mixin.py:188} INFO - [2026-03-12T11:08:21.212+0000] {dag.py:3823} INFO - Setting next_dagrun for example_branch_datetime_operator_3 to 2026-03-11 00:00:00+00:00, run_after=2026-03-12 00:00:00+00:00
[2026-03-12T11:08:21.227+0000] {processor.py:183} INFO - Processing /home/airflow/.local/lib/python3.8/site-packages/airflow/example_dags/example_branch_datetime_operator.py took 0.083 seconds
[2026-03-12T11:08:51.867+0000] {processor.py:161} INFO - Started process (PID=417) to work on /home/airflow/.local/lib/python3.8/site-packages/airflow/example_dags/example_branch_datetime_operator.py
[2026-03-12T11:08:51.868+0000] {processor.py:830} INFO - Processing file /home/airflow/.local/lib/python3.8/site-packages/airflow/example_dags/example_branch_datetime_operator.py for tasks to queue
[2026-03-12T11:08:51.871+0000] {logging_mixin.py:188} INFO - [2026-03-12T11:08:51.870+0000] {dagbag.py:538} INFO - Filling up the DagBag from /home/airflow/.local/lib/python3.8/site-packages/airflow/example_dags/example_branch_datetime_operator.py
[2026-03-12T11:08:51.880+0000] {processor.py:840} INFO - DAG(s) 'example_branch_datetime_operator_2', 'example_branch_datetime_operator', 'example_branch_datetime_operator_3' retrieved from /home/airflow/.local/lib/python3.8/site-packages/airflow/example_dags/example_branch_datetime_operator.py
[2026-03-12T11:08:51.908+0000] {logging_mixin.py:188} INFO - [2026-03-12T11:08:51.908+0000] {dag.py:3036} INFO - Sync 3 DAGs
[2026-03-12T11:08:51.928+0000] {logging_mixin.py:188} INFO - [2026-03-12T11:08:51.927+0000] {dag.py:3823} INFO - Setting next_dagrun for example_branch_datetime_operator to 2026-03-11 00:00:00+00:00, run_after=2026-03-12 00:00:00+00:00
[2026-03-12T11:08:51.932+0000] {logging_mixin.py:188} INFO - [2026-03-12T11:08:51.932+0000] {dag.py:3823} INFO - Setting next_dagrun for example_branch_datetime_operator_2 to 2026-03-11 00:00:00+00:00, run_after=2026-03-12 00:00:00+00:00
[2026-03-12T11:08:51.935+0000] {logging_mixin.py:188} INFO - [2026-03-12T11:08:51.934+0000] {dag.py:3823} INFO - Setting next_dagrun for example_branch_datetime_operator_3 to 2026-03-11 00:00:00+00:00, run_after=2026-03-12 00:00:00+00:00
[2026-03-12T11:08:51.950+0000] {processor.py:183} INFO - Processing /home/airflow/.local/lib/python3.8/site-packages/airflow/example_dags/example_branch_datetime_operator.py took 0.086 seconds
[2026-03-12T11:09:22.564+0000] {processor.py:161} INFO - Started process (PID=472) to work on /home/airflow/.local/lib/python3.8/site-packages/airflow/example_dags/example_branch_datetime_operator.py
[2026-03-12T11:09:22.566+0000] {processor.py:830} INFO - Processing file /home/airflow/.local/lib/python3.8/site-packages/airflow/example_dags/example_branch_datetime_operator.py for tasks to queue
[2026-03-12T11:09:22.567+0000] {logging_mixin.py:188} INFO - [2026-03-12T11:09:22.567+0000] {dagbag.py:538} INFO - Filling up the DagBag from /home/airflow/.local/lib/python3.8/site-packages/airflow/example_dags/example_branch_datetime_operator.py
[2026-03-12T11:09:22.577+0000] {processor.py:840} INFO - DAG(s) 'example_branch_datetime_operator_3', 'example_branch_datetime_operator', 'example_branch_datetime_operator_2' retrieved from /home/airflow/.local/lib/python3.8/site-packages/airflow/example_dags/example_branch_datetime_operator.py
[2026-03-12T11:09:22.604+0000] {logging_mixin.py:188} INFO - [2026-03-12T11:09:22.604+0000] {dag.py:3036} INFO - Sync 3 DAGs
[2026-03-12T11:09:22.626+0000] {logging_mixin.py:188} INFO - [2026-03-12T11:09:22.626+0000] {dag.py:3823} INFO - Setting next_dagrun for example_branch_datetime_operator to 2026-03-11 00:00:00+00:00, run_after=2026-03-12 00:00:00+00:00
[2026-03-12T11:09:22.631+0000] {logging_mixin.py:188} INFO - [2026-03-12T11:09:22.631+0000] {dag.py:3823} INFO - Setting next_dagrun for example_branch_datetime_operator_2 to 2026-03-11 00:00:00+00:00, run_after=2026-03-12 00:00:00+00:00
[2026-03-12T11:09:22.634+0000] {logging_mixin.py:188} INFO - [2026-03-12T11:09:22.634+0000] {dag.py:3823} INFO - Setting next_dagrun for example_branch_datetime_operator_3 to 2026-03-11 00:00:00+00:00, run_after=2026-03-12 00:00:00+00:00
[2026-03-12T11:09:22.650+0000] {processor.py:183} INFO - Processing /home/airflow/.local/lib/python3.8/site-packages/airflow/example_dags/example_branch_datetime_operator.py took 0.089 seconds
[2026-03-12T11:09:53.636+0000] {processor.py:161} INFO - Started process (PID=527) to work on /home/airflow/.local/lib/python3.8/site-packages/airflow/example_dags/example_branch_datetime_operator.py
[2026-03-12T11:09:53.637+0000] {processor.py:830} INFO - Processing file /home/airflow/.local/lib/python3.8/site-packages/airflow/example_dags/example_branch_datetime_operator.py for tasks to queue
[2026-03-12T11:09:53.640+0000] {logging_mixin.py:188} INFO - [2026-03-12T11:09:53.640+0000] {dagbag.py:538} INFO - Filling up the DagBag from /home/airflow/.local/lib/python3.8/site-packages/airflow/example_dags/example_branch_datetime_operator.py
[2026-03-12T11:09:53.649+0000] {processor.py:840} INFO - DAG(s) 'example_branch_datetime_operator_3', 'example_branch_datetime_operator', 'example_branch_datetime_operator_2' retrieved from /home/airflow/.local/lib/python3.8/site-packages/airflow/example_dags/example_branch_datetime_operator.py
[2026-03-12T11:09:53.673+0000] {logging_mixin.py:188} INFO - [2026-03-12T11:09:53.673+0000] {dag.py:3036} INFO - Sync 3 DAGs
[2026-03-12T11:09:53.692+0000] {logging_mixin.py:188} INFO - [2026-03-12T11:09:53.691+0000] {dag.py:3823} INFO - Setting next_dagrun for example_branch_datetime_operator to 2026-03-11 00:00:00+00:00, run_after=2026-03-12 00:00:00+00:00
[2026-03-12T11:09:53.696+0000] {logging_mixin.py:188} INFO - [2026-03-12T11:09:53.696+0000] {dag.py:3823} INFO - Setting next_dagrun for example_branch_datetime_operator_2 to 2026-03-11 00:00:00+00:00, run_after=2026-03-12 00:00:00+00:00
[2026-03-12T11:09:53.699+0000] {logging_mixin.py:188} INFO - [2026-03-12T11:09:53.699+0000] {dag.py:3823} INFO - Setting next_dagrun for example_branch_datetime_operator_3 to 2026-03-11 00:00:00+00:00, run_after=2026-03-12 00:00:00+00:00
[2026-03-12T11:09:53.720+0000] {processor.py:183} INFO - Processing /home/airflow/.local/lib/python3.8/site-packages/airflow/example_dags/example_branch_datetime_operator.py took 0.087 seconds
[2026-03-12T11:10:24.593+0000] {processor.py:161} INFO - Started process (PID=582) to work on /home/airflow/.local/lib/python3.8/site-packages/airflow/example_dags/example_branch_datetime_operator.py
[2026-03-12T11:10:24.595+0000] {processor.py:830} INFO - Processing file /home/airflow/.local/lib/python3.8/site-packages/airflow/example_dags/example_branch_datetime_operator.py for tasks to queue
[2026-03-12T11:10:24.597+0000] {logging_mixin.py:188} INFO - [2026-03-12T11:10:24.596+0000] {dagbag.py:538} INFO - Filling up the DagBag from /home/airflow/.local/lib/python3.8/site-packages/airflow/example_dags/example_branch_datetime_operator.py
[2026-03-12T11:10:24.605+0000] {processor.py:840} INFO - DAG(s) 'example_branch_datetime_operator_3', 'example_branch_datetime_operator', 'example_branch_datetime_operator_2' retrieved from /home/airflow/.local/lib/python3.8/site-packages/airflow/example_dags/example_branch_datetime_operator.py
[2026-03-12T11:10:24.629+0000] {logging_mixin.py:188} INFO - [2026-03-12T11:10:24.629+0000] {dag.py:3036} INFO - Sync 3 DAGs
[2026-03-12T11:10:24.647+0000] {logging_mixin.py:188} INFO - [2026-03-12T11:10:24.647+0000] {dag.py:3823} INFO - Setting next_dagrun for example_branch_datetime_operator to 2026-03-11 00:00:00+00:00, run_after=2026-03-12 00:00:00+00:00
[2026-03-12T11:10:24.652+0000] {logging_mixin.py:188} INFO - [2026-03-12T11:10:24.652+0000] {dag.py:3823} INFO - Setting next_dagrun for example_branch_datetime_operator_2 to 2026-03-11 00:00:00+00:00, run_after=2026-03-12 00:00:00+00:00
[2026-03-12T11:10:24.656+0000] {logging_mixin.py:188} INFO - [2026-03-12T11:10:24.656+0000] {dag.py:3823} INFO - Setting next_dagrun for example_branch_datetime_operator_3 to 2026-03-11 00:00:00+00:00, run_after=2026-03-12 00:00:00+00:00
[2026-03-12T11:10:24.676+0000] {processor.py:183} INFO - Processing /home/airflow/.local/lib/python3.8/site-packages/airflow/example_dags/example_branch_datetime_operator.py took 0.086 seconds
[2026-03-12T11:10:55.042+0000] {processor.py:161} INFO - Started process (PID=638) to work on /home/airflow/.local/lib/python3.8/site-packages/airflow/example_dags/example_branch_datetime_operator.py
[2026-03-12T11:10:55.045+0000] {processor.py:830} INFO - Processing file /home/airflow/.local/lib/python3.8/site-packages/airflow/example_dags/example_branch_datetime_operator.py for tasks to queue
[2026-03-12T11:10:55.048+0000] {logging_mixin.py:188} INFO - [2026-03-12T11:10:55.047+0000] {dagbag.py:538} INFO - Filling up the DagBag from /home/airflow/.local/lib/python3.8/site-packages/airflow/example_dags/example_branch_datetime_operator.py
[2026-03-12T11:10:55.061+0000] {processor.py:840} INFO - DAG(s) 'example_branch_datetime_operator_2', 'example_branch_datetime_operator', 'example_branch_datetime_operator_3' retrieved from /home/airflow/.local/lib/python3.8/site-packages/airflow/example_dags/example_branch_datetime_operator.py
[2026-03-12T11:10:55.106+0000] {logging_mixin.py:188} INFO - [2026-03-12T11:10:55.105+0000] {dag.py:3036} INFO - Sync 3 DAGs
[2026-03-12T11:10:55.135+0000] {logging_mixin.py:188} INFO - [2026-03-12T11:10:55.135+0000] {dag.py:3823} INFO - Setting next_dagrun for example_branch_datetime_operator to 2026-03-11 00:00:00+00:00, run_after=2026-03-12 00:00:00+00:00
[2026-03-12T11:10:55.148+0000] {logging_mixin.py:188} INFO - [2026-03-12T11:10:55.148+0000] {dag.py:3823} INFO - Setting next_dagrun for example_branch_datetime_operator_2 to 2026-03-11 00:00:00+00:00, run_after=2026-03-12 00:00:00+00:00
[2026-03-12T11:10:55.156+0000] {logging_mixin.py:188} INFO - [2026-03-12T11:10:55.156+0000] {dag.py:3823} INFO - Setting next_dagrun for example_branch_datetime_operator_3 to 2026-03-11 00:00:00+00:00, run_after=2026-03-12 00:00:00+00:00
[2026-03-12T11:10:55.181+0000] {processor.py:183} INFO - Processing /home/airflow/.local/lib/python3.8/site-packages/airflow/example_dags/example_branch_datetime_operator.py took 0.142 seconds
[2026-03-12T11:11:25.410+0000] {processor.py:161} INFO - Started process (PID=694) to work on /home/airflow/.local/lib/python3.8/site-packages/airflow/example_dags/example_branch_datetime_operator.py
[2026-03-12T11:11:25.411+0000] {processor.py:830} INFO - Processing file /home/airflow/.local/lib/python3.8/site-packages/airflow/example_dags/example_branch_datetime_operator.py for tasks to queue
[2026-03-12T11:11:25.412+0000] {logging_mixin.py:188} INFO - [2026-03-12T11:11:25.412+0000] {dagbag.py:538} INFO - Filling up the DagBag from /home/airflow/.local/lib/python3.8/site-packages/airflow/example_dags/example_branch_datetime_operator.py
[2026-03-12T11:11:25.420+0000] {processor.py:840} INFO - DAG(s) 'example_branch_datetime_operator', 'example_branch_datetime_operator_2', 'example_branch_datetime_operator_3' retrieved from /home/airflow/.local/lib/python3.8/site-packages/airflow/example_dags/example_branch_datetime_operator.py
[2026-03-12T11:11:25.445+0000] {logging_mixin.py:188} INFO - [2026-03-12T11:11:25.444+0000] {dag.py:3036} INFO - Sync 3 DAGs
[2026-03-12T11:11:25.464+0000] {logging_mixin.py:188} INFO - [2026-03-12T11:11:25.464+0000] {dag.py:3823} INFO - Setting next_dagrun for example_branch_datetime_operator to 2026-03-11 00:00:00+00:00, run_after=2026-03-12 00:00:00+00:00
[2026-03-12T11:11:25.469+0000] {logging_mixin.py:188} INFO - [2026-03-12T11:11:25.469+0000] {dag.py:3823} INFO - Setting next_dagrun for example_branch_datetime_operator_2 to 2026-03-11 00:00:00+00:00, run_after=2026-03-12 00:00:00+00:00
[2026-03-12T11:11:25.473+0000] {logging_mixin.py:188} INFO - [2026-03-12T11:11:25.473+0000] {dag.py:3823} INFO - Setting next_dagrun for example_branch_datetime_operator_3 to 2026-03-11 00:00:00+00:00, run_after=2026-03-12 00:00:00+00:00
[2026-03-12T11:11:25.492+0000] {processor.py:183} INFO - Processing /home/airflow/.local/lib/python3.8/site-packages/airflow/example_dags/example_branch_datetime_operator.py took 0.086 seconds
[2026-03-12T11:11:55.540+0000] {processor.py:161} INFO - Started process (PID=751) to work on /home/airflow/.local/lib/python3.8/site-packages/airflow/example_dags/example_branch_datetime_operator.py
[2026-03-12T11:11:55.541+0000] {processor.py:830} INFO - Processing file /home/airflow/.local/lib/python3.8/site-packages/airflow/example_dags/example_branch_datetime_operator.py for tasks to queue
[2026-03-12T11:11:55.543+0000] {logging_mixin.py:188} INFO - [2026-03-12T11:11:55.543+0000] {dagbag.py:538} INFO - Filling up the DagBag from /home/airflow/.local/lib/python3.8/site-packages/airflow/example_dags/example_branch_datetime_operator.py
[2026-03-12T11:11:55.552+0000] {processor.py:840} INFO - DAG(s) 'example_branch_datetime_operator_3', 'example_branch_datetime_operator_2', 'example_branch_datetime_operator' retrieved from /home/airflow/.local/lib/python3.8/site-packages/airflow/example_dags/example_branch_datetime_operator.py
[2026-03-12T11:11:55.576+0000] {logging_mixin.py:188} INFO - [2026-03-12T11:11:55.576+0000] {dag.py:3036} INFO - Sync 3 DAGs
[2026-03-12T11:11:55.596+0000] {logging_mixin.py:188} INFO - [2026-03-12T11:11:55.596+0000] {dag.py:3823} INFO - Setting next_dagrun for example_branch_datetime_operator to 2026-03-11 00:00:00+00:00, run_after=2026-03-12 00:00:00+00:00
[2026-03-12T11:11:55.601+0000] {logging_mixin.py:188} INFO - [2026-03-12T11:11:55.601+0000] {dag.py:3823} INFO - Setting next_dagrun for example_branch_datetime_operator_2 to 2026-03-11 00:00:00+00:00, run_after=2026-03-12 00:00:00+00:00
[2026-03-12T11:11:55.605+0000] {logging_mixin.py:188} INFO - [2026-03-12T11:11:55.604+0000] {dag.py:3823} INFO - Setting next_dagrun for example_branch_datetime_operator_3 to 2026-03-11 00:00:00+00:00, run_after=2026-03-12 00:00:00+00:00
[2026-03-12T11:11:55.623+0000] {processor.py:183} INFO - Processing /home/airflow/.local/lib/python3.8/site-packages/airflow/example_dags/example_branch_datetime_operator.py took 0.086 seconds
[2026-03-12T11:12:26.084+0000] {processor.py:161} INFO - Started process (PID=807) to work on /home/airflow/.local/lib/python3.8/site-packages/airflow/example_dags/example_branch_datetime_operator.py
[2026-03-12T11:12:26.086+0000] {processor.py:830} INFO - Processing file /home/airflow/.local/lib/python3.8/site-packages/airflow/example_dags/example_branch_datetime_operator.py for tasks to queue
[2026-03-12T11:12:26.088+0000] {logging_mixin.py:188} INFO - [2026-03-12T11:12:26.088+0000] {dagbag.py:538} INFO - Filling up the DagBag from /home/airflow/.local/lib/python3.8/site-packages/airflow/example_dags/example_branch_datetime_operator.py
[2026-03-12T11:12:26.098+0000] {processor.py:840} INFO - DAG(s) 'example_branch_datetime_operator_2', 'example_branch_datetime_operator', 'example_branch_datetime_operator_3' retrieved from /home/airflow/.local/lib/python3.8/site-packages/airflow/example_dags/example_branch_datetime_operator.py
[2026-03-12T11:12:26.124+0000] {logging_mixin.py:188} INFO - [2026-03-12T11:12:26.124+0000] {dag.py:3036} INFO - Sync 3 DAGs
[2026-03-12T11:12:26.148+0000] {logging_mixin.py:188} INFO - [2026-03-12T11:12:26.147+0000] {dag.py:3823} INFO - Setting next_dagrun for example_branch_datetime_operator to 2026-03-11 00:00:00+00:00, run_after=2026-03-12 00:00:00+00:00
[2026-03-12T11:12:26.152+0000] {logging_mixin.py:188} INFO - [2026-03-12T11:12:26.151+0000] {dag.py:3823} INFO - Setting next_dagrun for example_branch_datetime_operator_2 to 2026-03-11 00:00:00+00:00, run_after=2026-03-12 00:00:00+00:00
[2026-03-12T11:12:26.154+0000] {logging_mixin.py:188} INFO - [2026-03-12T11:12:26.154+0000] {dag.py:3823} INFO - Setting next_dagrun for example_branch_datetime_operator_3 to 2026-03-11 00:00:00+00:00, run_after=2026-03-12 00:00:00+00:00
[2026-03-12T11:12:26.169+0000] {processor.py:183} INFO - Processing /home/airflow/.local/lib/python3.8/site-packages/airflow/example_dags/example_branch_datetime_operator.py took 0.088 seconds
[2026-03-12T11:12:56.757+0000] {processor.py:161} INFO - Started process (PID=863) to work on /home/airflow/.local/lib/python3.8/site-packages/airflow/example_dags/example_branch_datetime_operator.py
[2026-03-12T11:12:56.758+0000] {processor.py:830} INFO - Processing file /home/airflow/.local/lib/python3.8/site-packages/airflow/example_dags/example_branch_datetime_operator.py for tasks to queue
[2026-03-12T11:12:56.760+0000] {logging_mixin.py:188} INFO - [2026-03-12T11:12:56.760+0000] {dagbag.py:538} INFO - Filling up the DagBag from /home/airflow/.local/lib/python3.8/site-packages/airflow/example_dags/example_branch_datetime_operator.py
[2026-03-12T11:12:56.768+0000] {processor.py:840} INFO - DAG(s) 'example_branch_datetime_operator_2', 'example_branch_datetime_operator_3', 'example_branch_datetime_operator' retrieved from /home/airflow/.local/lib/python3.8/site-packages/airflow/example_dags/example_branch_datetime_operator.py
[2026-03-12T11:12:56.796+0000] {logging_mixin.py:188} INFO - [2026-03-12T11:12:56.796+0000] {dag.py:3036} INFO - Sync 3 DAGs
[2026-03-12T11:12:56.815+0000] {logging_mixin.py:188} INFO - [2026-03-12T11:12:56.815+0000] {dag.py:3823} INFO - Setting next_dagrun for example_branch_datetime_operator to 2026-03-11 00:00:00+00:00, run_after=2026-03-12 00:00:00+00:00
[2026-03-12T11:12:56.820+0000] {logging_mixin.py:188} INFO - [2026-03-12T11:12:56.820+0000] {dag.py:3823} INFO - Setting next_dagrun for example_branch_datetime_operator_2 to 2026-03-11 00:00:00+00:00, run_after=2026-03-12 00:00:00+00:00
[2026-03-12T11:12:56.822+0000] {logging_mixin.py:188} INFO - [2026-03-12T11:12:56.822+0000] {dag.py:3823} INFO - Setting next_dagrun for example_branch_datetime_operator_3 to 2026-03-11 00:00:00+00:00, run_after=2026-03-12 00:00:00+00:00
[2026-03-12T11:12:56.837+0000] {processor.py:183} INFO - Processing /home/airflow/.local/lib/python3.8/site-packages/airflow/example_dags/example_branch_datetime_operator.py took 0.083 seconds
[2026-03-12T11:13:27.116+0000] {processor.py:161} INFO - Started process (PID=919) to work on /home/airflow/.local/lib/python3.8/site-packages/airflow/example_dags/example_branch_datetime_operator.py
[2026-03-12T11:13:27.118+0000] {processor.py:830} INFO - Processing file /home/airflow/.local/lib/python3.8/site-packages/airflow/example_dags/example_branch_datetime_operator.py for tasks to queue
[2026-03-12T11:13:27.120+0000] {logging_mixin.py:188} INFO - [2026-03-12T11:13:27.120+0000] {dagbag.py:538} INFO - Filling up the DagBag from /home/airflow/.local/lib/python3.8/site-packages/airflow/example_dags/example_branch_datetime_operator.py
[2026-03-12T11:13:27.128+0000] {processor.py:840} INFO - DAG(s) 'example_branch_datetime_operator', 'example_branch_datetime_operator_2', 'example_branch_datetime_operator_3' retrieved from /home/airflow/.local/lib/python3.8/site-packages/airflow/example_dags/example_branch_datetime_operator.py
[2026-03-12T11:13:27.158+0000] {logging_mixin.py:188} INFO - [2026-03-12T11:13:27.157+0000] {dag.py:3036} INFO - Sync 3 DAGs
[2026-03-12T11:13:27.176+0000] {logging_mixin.py:188} INFO - [2026-03-12T11:13:27.176+0000] {dag.py:3823} INFO - Setting next_dagrun for example_branch_datetime_operator to 2026-03-11 00:00:00+00:00, run_after=2026-03-12 00:00:00+00:00
[2026-03-12T11:13:27.181+0000] {logging_mixin.py:188} INFO - [2026-03-12T11:13:27.181+0000] {dag.py:3823} INFO - Setting next_dagrun for example_branch_datetime_operator_2 to 2026-03-11 00:00:00+00:00, run_after=2026-03-12 00:00:00+00:00
[2026-03-12T11:13:27.183+0000] {logging_mixin.py:188} INFO - [2026-03-12T11:13:27.183+0000] {dag.py:3823} INFO - Setting next_dagrun for example_branch_datetime_operator_3 to 2026-03-11 00:00:00+00:00, run_after=2026-03-12 00:00:00+00:00
[2026-03-12T11:13:27.199+0000] {processor.py:183} INFO - Processing /home/airflow/.local/lib/python3.8/site-packages/airflow/example_dags/example_branch_datetime_operator.py took 0.086 seconds
[2026-03-12T11:13:57.346+0000] {processor.py:161} INFO - Started process (PID=975) to work on /home/airflow/.local/lib/python3.8/site-packages/airflow/example_dags/example_branch_datetime_operator.py
[2026-03-12T11:13:57.347+0000] {processor.py:830} INFO - Processing file /home/airflow/.local/lib/python3.8/site-packages/airflow/example_dags/example_branch_datetime_operator.py for tasks to queue
[2026-03-12T11:13:57.349+0000] {logging_mixin.py:188} INFO - [2026-03-12T11:13:57.348+0000] {dagbag.py:538} INFO - Filling up the DagBag from /home/airflow/.local/lib/python3.8/site-packages/airflow/example_dags/example_branch_datetime_operator.py
[2026-03-12T11:13:57.357+0000] {processor.py:840} INFO - DAG(s) 'example_branch_datetime_operator_2', 'example_branch_datetime_operator', 'example_branch_datetime_operator_3' retrieved from /home/airflow/.local/lib/python3.8/site-packages/airflow/example_dags/example_branch_datetime_operator.py
[2026-03-12T11:13:57.383+0000] {logging_mixin.py:188} INFO - [2026-03-12T11:13:57.383+0000] {dag.py:3036} INFO - Sync 3 DAGs
[2026-03-12T11:13:57.402+0000] {logging_mixin.py:188} INFO - [2026-03-12T11:13:57.402+0000] {dag.py:3823} INFO - Setting next_dagrun for example_branch_datetime_operator to 2026-03-11 00:00:00+00:00, run_after=2026-03-12 00:00:00+00:00
[2026-03-12T11:13:57.407+0000] {logging_mixin.py:188} INFO - [2026-03-12T11:13:57.406+0000] {dag.py:3823} INFO - Setting next_dagrun for example_branch_datetime_operator_2 to 2026-03-11 00:00:00+00:00, run_after=2026-03-12 00:00:00+00:00
[2026-03-12T11:13:57.409+0000] {logging_mixin.py:188} INFO - [2026-03-12T11:13:57.409+0000] {dag.py:3823} INFO - Setting next_dagrun for example_branch_datetime_operator_3 to 2026-03-11 00:00:00+00:00, run_after=2026-03-12 00:00:00+00:00
[2026-03-12T11:13:57.428+0000] {processor.py:183} INFO - Processing /home/airflow/.local/lib/python3.8/site-packages/airflow/example_dags/example_branch_datetime_operator.py took 0.085 seconds
[2026-03-12T11:14:27.966+0000] {processor.py:161} INFO - Started process (PID=1031) to work on /home/airflow/.local/lib/python3.8/site-packages/airflow/example_dags/example_branch_datetime_operator.py
[2026-03-12T11:14:27.967+0000] {processor.py:830} INFO - Processing file /home/airflow/.local/lib/python3.8/site-packages/airflow/example_dags/example_branch_datetime_operator.py for tasks to queue
[2026-03-12T11:14:27.969+0000] {logging_mixin.py:188} INFO - [2026-03-12T11:14:27.969+0000] {dagbag.py:538} INFO - Filling up the DagBag from /home/airflow/.local/lib/python3.8/site-packages/airflow/example_dags/example_branch_datetime_operator.py
[2026-03-12T11:14:27.977+0000] {processor.py:840} INFO - DAG(s) 'example_branch_datetime_operator_2', 'example_branch_datetime_operator_3', 'example_branch_datetime_operator' retrieved from /home/airflow/.local/lib/python3.8/site-packages/airflow/example_dags/example_branch_datetime_operator.py
[2026-03-12T11:14:28.000+0000] {logging_mixin.py:188} INFO - [2026-03-12T11:14:28.000+0000] {dag.py:3036} INFO - Sync 3 DAGs
[2026-03-12T11:14:28.020+0000] {logging_mixin.py:188} INFO - [2026-03-12T11:14:28.020+0000] {dag.py:3823} INFO - Setting next_dagrun for example_branch_datetime_operator to 2026-03-11 00:00:00+00:00, run_after=2026-03-12 00:00:00+00:00
[2026-03-12T11:14:28.025+0000] {logging_mixin.py:188} INFO - [2026-03-12T11:14:28.025+0000] {dag.py:3823} INFO - Setting next_dagrun for example_branch_datetime_operator_2 to 2026-03-11 00:00:00+00:00, run_after=2026-03-12 00:00:00+00:00
[2026-03-12T11:14:28.027+0000] {logging_mixin.py:188} INFO - [2026-03-12T11:14:28.027+0000] {dag.py:3823} INFO - Setting next_dagrun for example_branch_datetime_operator_3 to 2026-03-11 00:00:00+00:00, run_after=2026-03-12 00:00:00+00:00
[2026-03-12T11:14:28.045+0000] {processor.py:183} INFO - Processing /home/airflow/.local/lib/python3.8/site-packages/airflow/example_dags/example_branch_datetime_operator.py took 0.082 seconds
[2026-03-12T11:14:58.153+0000] {processor.py:161} INFO - Started process (PID=1087) to work on /home/airflow/.local/lib/python3.8/site-packages/airflow/example_dags/example_branch_datetime_operator.py
[2026-03-12T11:14:58.154+0000] {processor.py:830} INFO - Processing file /home/airflow/.local/lib/python3.8/site-packages/airflow/example_dags/example_branch_datetime_operator.py for tasks to queue
[2026-03-12T11:14:58.157+0000] {logging_mixin.py:188} INFO - [2026-03-12T11:14:58.156+0000] {dagbag.py:538} INFO - Filling up the DagBag from /home/airflow/.local/lib/python3.8/site-packages/airflow/example_dags/example_branch_datetime_operator.py
[2026-03-12T11:14:58.166+0000] {processor.py:840} INFO - DAG(s) 'example_branch_datetime_operator', 'example_branch_datetime_operator_2', 'example_branch_datetime_operator_3' retrieved from /home/airflow/.local/lib/python3.8/site-packages/airflow/example_dags/example_branch_datetime_operator.py
[2026-03-12T11:14:58.189+0000] {logging_mixin.py:188} INFO - [2026-03-12T11:14:58.189+0000] {dag.py:3036} INFO - Sync 3 DAGs
[2026-03-12T11:14:58.208+0000] {logging_mixin.py:188} INFO - [2026-03-12T11:14:58.208+0000] {dag.py:3823} INFO - Setting next_dagrun for example_branch_datetime_operator to 2026-03-11 00:00:00+00:00, run_after=2026-03-12 00:00:00+00:00
[2026-03-12T11:14:58.213+0000] {logging_mixin.py:188} INFO - [2026-03-12T11:14:58.212+0000] {dag.py:3823} INFO - Setting next_dagrun for example_branch_datetime_operator_2 to 2026-03-11 00:00:00+00:00, run_after=2026-03-12 00:00:00+00:00
[2026-03-12T11:14:58.216+0000] {logging_mixin.py:188} INFO - [2026-03-12T11:14:58.215+0000] {dag.py:3823} INFO - Setting next_dagrun for example_branch_datetime_operator_3 to 2026-03-11 00:00:00+00:00, run_after=2026-03-12 00:00:00+00:00
[2026-03-12T11:14:58.233+0000] {processor.py:183} INFO - Processing /home/airflow/.local/lib/python3.8/site-packages/airflow/example_dags/example_branch_datetime_operator.py took 0.083 seconds
[2026-03-12T11:15:28.503+0000] {processor.py:161} INFO - Started process (PID=1143) to work on /home/airflow/.local/lib/python3.8/site-packages/airflow/example_dags/example_branch_datetime_operator.py
[2026-03-12T11:15:28.505+0000] {processor.py:830} INFO - Processing file /home/airflow/.local/lib/python3.8/site-packages/airflow/example_dags/example_branch_datetime_operator.py for tasks to queue
[2026-03-12T11:15:28.507+0000] {logging_mixin.py:188} INFO - [2026-03-12T11:15:28.506+0000] {dagbag.py:538} INFO - Filling up the DagBag from /home/airflow/.local/lib/python3.8/site-packages/airflow/example_dags/example_branch_datetime_operator.py
[2026-03-12T11:15:28.515+0000] {processor.py:840} INFO - DAG(s) 'example_branch_datetime_operator_2', 'example_branch_datetime_operator', 'example_branch_datetime_operator_3' retrieved from /home/airflow/.local/lib/python3.8/site-packages/airflow/example_dags/example_branch_datetime_operator.py
[2026-03-12T11:15:28.541+0000] {logging_mixin.py:188} INFO - [2026-03-12T11:15:28.540+0000] {dag.py:3036} INFO - Sync 3 DAGs
[2026-03-12T11:15:28.561+0000] {logging_mixin.py:188} INFO - [2026-03-12T11:15:28.561+0000] {dag.py:3823} INFO - Setting next_dagrun for example_branch_datetime_operator to 2026-03-11 00:00:00+00:00, run_after=2026-03-12 00:00:00+00:00
[2026-03-12T11:15:28.565+0000] {logging_mixin.py:188} INFO - [2026-03-12T11:15:28.565+0000] {dag.py:3823} INFO - Setting next_dagrun for example_branch_datetime_operator_2 to 2026-03-11 00:00:00+00:00, run_after=2026-03-12 00:00:00+00:00
[2026-03-12T11:15:28.568+0000] {logging_mixin.py:188} INFO - [2026-03-12T11:15:28.568+0000] {dag.py:3823} INFO - Setting next_dagrun for example_branch_datetime_operator_3 to 2026-03-11 00:00:00+00:00, run_after=2026-03-12 00:00:00+00:00
[2026-03-12T11:15:28.585+0000] {processor.py:183} INFO - Processing /home/airflow/.local/lib/python3.8/site-packages/airflow/example_dags/example_branch_datetime_operator.py took 0.085 seconds
