[2026-03-12T11:05:51.092+0000] {processor.py:161} INFO - Started process (PID=106) to work on /home/airflow/.local/lib/python3.8/site-packages/airflow/example_dags/example_sensor_decorator.py
[2026-03-12T11:05:51.094+0000] {processor.py:830} INFO - Processing file /home/airflow/.local/lib/python3.8/site-packages/airflow/example_dags/example_sensor_decorator.py for tasks to queue
[2026-03-12T11:05:51.097+0000] {logging_mixin.py:188} INFO - [2026-03-12T11:05:51.097+0000] {dagbag.py:538} INFO - Filling up the DagBag from /home/airflow/.local/lib/python3.8/site-packages/airflow/example_dags/example_sensor_decorator.py
[2026-03-12T11:05:51.108+0000] {processor.py:840} INFO - DAG(s) 'example_sensor_decorator' retrieved from /home/airflow/.local/lib/python3.8/site-packages/airflow/example_dags/example_sensor_decorator.py
[2026-03-12T11:05:51.129+0000] {logging_mixin.py:188} INFO - [2026-03-12T11:05:51.129+0000] {dag.py:3036} INFO - Sync 1 DAGs
[2026-03-12T11:05:51.145+0000] {logging_mixin.py:188} INFO - [2026-03-12T11:05:51.144+0000] {dag.py:3823} INFO - Setting next_dagrun for example_sensor_decorator to None, run_after=None
[2026-03-12T11:05:51.174+0000] {processor.py:183} INFO - Processing /home/airflow/.local/lib/python3.8/site-packages/airflow/example_dags/example_sensor_decorator.py took 0.085 seconds
[2026-03-12T11:06:21.994+0000] {processor.py:161} INFO - Started process (PID=161) to work on /home/airflow/.local/lib/python3.8/site-packages/airflow/example_dags/example_sensor_decorator.py
[2026-03-12T11:06:21.997+0000] {processor.py:830} INFO - Processing file /home/airflow/.local/lib/python3.8/site-packages/airflow/example_dags/example_sensor_decorator.py for tasks to queue
[2026-03-12T11:06:22.000+0000] {logging_mixin.py:188} INFO - [2026-03-12T11:06:21.999+0000] {dagbag.py:538} INFO - Filling up the DagBag from /home/airflow/.local/lib/python3.8/site-packages/airflow/example_dags/example_sensor_decorator.py
[2026-03-12T11:06:22.008+0000] {processor.py:840} INFO - DAG(s) 'example_sensor_decorator' retrieved from /home/airflow/.local/lib/python3.8/site-packages/airflow/example_dags/example_sensor_decorator.py
[2026-03-12T11:06:22.106+0000] {logging_mixin.py:188} INFO - [2026-03-12T11:06:22.106+0000] {dag.py:3036} INFO - Sync 1 DAGs
[2026-03-12T11:06:22.118+0000] {logging_mixin.py:188} INFO - [2026-03-12T11:06:22.117+0000] {dag.py:3823} INFO - Setting next_dagrun for example_sensor_decorator to None, run_after=None
[2026-03-12T11:06:22.160+0000] {processor.py:183} INFO - Processing /home/airflow/.local/lib/python3.8/site-packages/airflow/example_dags/example_sensor_decorator.py took 0.169 seconds
[2026-03-12T11:06:52.244+0000] {processor.py:161} INFO - Started process (PID=216) to work on /home/airflow/.local/lib/python3.8/site-packages/airflow/example_dags/example_sensor_decorator.py
[2026-03-12T11:06:52.246+0000] {processor.py:830} INFO - Processing file /home/airflow/.local/lib/python3.8/site-packages/airflow/example_dags/example_sensor_decorator.py for tasks to queue
[2026-03-12T11:06:52.248+0000] {logging_mixin.py:188} INFO - [2026-03-12T11:06:52.248+0000] {dagbag.py:538} INFO - Filling up the DagBag from /home/airflow/.local/lib/python3.8/site-packages/airflow/example_dags/example_sensor_decorator.py
[2026-03-12T11:06:52.254+0000] {processor.py:840} INFO - DAG(s) 'example_sensor_decorator' retrieved from /home/airflow/.local/lib/python3.8/site-packages/airflow/example_dags/example_sensor_decorator.py
[2026-03-12T11:06:52.275+0000] {logging_mixin.py:188} INFO - [2026-03-12T11:06:52.274+0000] {dag.py:3036} INFO - Sync 1 DAGs
[2026-03-12T11:06:52.285+0000] {logging_mixin.py:188} INFO - [2026-03-12T11:06:52.285+0000] {dag.py:3823} INFO - Setting next_dagrun for example_sensor_decorator to None, run_after=None
[2026-03-12T11:06:52.306+0000] {processor.py:183} INFO - Processing /home/airflow/.local/lib/python3.8/site-packages/airflow/example_dags/example_sensor_decorator.py took 0.065 seconds
[2026-03-12T11:07:22.516+0000] {processor.py:161} INFO - Started process (PID=271) to work on /home/airflow/.local/lib/python3.8/site-packages/airflow/example_dags/example_sensor_decorator.py
[2026-03-12T11:07:22.517+0000] {processor.py:830} INFO - Processing file /home/airflow/.local/lib/python3.8/site-packages/airflow/example_dags/example_sensor_decorator.py for tasks to queue
[2026-03-12T11:07:22.519+0000] {logging_mixin.py:188} INFO - [2026-03-12T11:07:22.519+0000] {dagbag.py:538} INFO - Filling up the DagBag from /home/airflow/.local/lib/python3.8/site-packages/airflow/example_dags/example_sensor_decorator.py
[2026-03-12T11:07:22.526+0000] {processor.py:840} INFO - DAG(s) 'example_sensor_decorator' retrieved from /home/airflow/.local/lib/python3.8/site-packages/airflow/example_dags/example_sensor_decorator.py
[2026-03-12T11:07:22.548+0000] {logging_mixin.py:188} INFO - [2026-03-12T11:07:22.548+0000] {dag.py:3036} INFO - Sync 1 DAGs
[2026-03-12T11:07:22.561+0000] {logging_mixin.py:188} INFO - [2026-03-12T11:07:22.560+0000] {dag.py:3823} INFO - Setting next_dagrun for example_sensor_decorator to None, run_after=None
[2026-03-12T11:07:22.584+0000] {processor.py:183} INFO - Processing /home/airflow/.local/lib/python3.8/site-packages/airflow/example_dags/example_sensor_decorator.py took 0.071 seconds
[2026-03-12T11:07:53.109+0000] {processor.py:161} INFO - Started process (PID=326) to work on /home/airflow/.local/lib/python3.8/site-packages/airflow/example_dags/example_sensor_decorator.py
[2026-03-12T11:07:53.111+0000] {processor.py:830} INFO - Processing file /home/airflow/.local/lib/python3.8/site-packages/airflow/example_dags/example_sensor_decorator.py for tasks to queue
[2026-03-12T11:07:53.113+0000] {logging_mixin.py:188} INFO - [2026-03-12T11:07:53.113+0000] {dagbag.py:538} INFO - Filling up the DagBag from /home/airflow/.local/lib/python3.8/site-packages/airflow/example_dags/example_sensor_decorator.py
[2026-03-12T11:07:53.120+0000] {processor.py:840} INFO - DAG(s) 'example_sensor_decorator' retrieved from /home/airflow/.local/lib/python3.8/site-packages/airflow/example_dags/example_sensor_decorator.py
[2026-03-12T11:07:53.143+0000] {logging_mixin.py:188} INFO - [2026-03-12T11:07:53.143+0000] {dag.py:3036} INFO - Sync 1 DAGs
[2026-03-12T11:07:53.162+0000] {logging_mixin.py:188} INFO - [2026-03-12T11:07:53.161+0000] {dag.py:3823} INFO - Setting next_dagrun for example_sensor_decorator to None, run_after=None
[2026-03-12T11:07:53.190+0000] {processor.py:183} INFO - Processing /home/airflow/.local/lib/python3.8/site-packages/airflow/example_dags/example_sensor_decorator.py took 0.084 seconds
[2026-03-12T11:08:23.288+0000] {processor.py:161} INFO - Started process (PID=381) to work on /home/airflow/.local/lib/python3.8/site-packages/airflow/example_dags/example_sensor_decorator.py
[2026-03-12T11:08:23.289+0000] {processor.py:830} INFO - Processing file /home/airflow/.local/lib/python3.8/site-packages/airflow/example_dags/example_sensor_decorator.py for tasks to queue
[2026-03-12T11:08:23.291+0000] {logging_mixin.py:188} INFO - [2026-03-12T11:08:23.291+0000] {dagbag.py:538} INFO - Filling up the DagBag from /home/airflow/.local/lib/python3.8/site-packages/airflow/example_dags/example_sensor_decorator.py
[2026-03-12T11:08:23.298+0000] {processor.py:840} INFO - DAG(s) 'example_sensor_decorator' retrieved from /home/airflow/.local/lib/python3.8/site-packages/airflow/example_dags/example_sensor_decorator.py
[2026-03-12T11:08:23.318+0000] {logging_mixin.py:188} INFO - [2026-03-12T11:08:23.318+0000] {dag.py:3036} INFO - Sync 1 DAGs
[2026-03-12T11:08:23.330+0000] {logging_mixin.py:188} INFO - [2026-03-12T11:08:23.330+0000] {dag.py:3823} INFO - Setting next_dagrun for example_sensor_decorator to None, run_after=None
[2026-03-12T11:08:23.350+0000] {processor.py:183} INFO - Processing /home/airflow/.local/lib/python3.8/site-packages/airflow/example_dags/example_sensor_decorator.py took 0.065 seconds
[2026-03-12T11:08:54.295+0000] {processor.py:161} INFO - Started process (PID=436) to work on /home/airflow/.local/lib/python3.8/site-packages/airflow/example_dags/example_sensor_decorator.py
[2026-03-12T11:08:54.303+0000] {processor.py:830} INFO - Processing file /home/airflow/.local/lib/python3.8/site-packages/airflow/example_dags/example_sensor_decorator.py for tasks to queue
[2026-03-12T11:08:54.308+0000] {logging_mixin.py:188} INFO - [2026-03-12T11:08:54.307+0000] {dagbag.py:538} INFO - Filling up the DagBag from /home/airflow/.local/lib/python3.8/site-packages/airflow/example_dags/example_sensor_decorator.py
[2026-03-12T11:08:54.317+0000] {processor.py:840} INFO - DAG(s) 'example_sensor_decorator' retrieved from /home/airflow/.local/lib/python3.8/site-packages/airflow/example_dags/example_sensor_decorator.py
[2026-03-12T11:08:54.339+0000] {logging_mixin.py:188} INFO - [2026-03-12T11:08:54.338+0000] {dag.py:3036} INFO - Sync 1 DAGs
[2026-03-12T11:08:54.352+0000] {logging_mixin.py:188} INFO - [2026-03-12T11:08:54.351+0000] {dag.py:3823} INFO - Setting next_dagrun for example_sensor_decorator to None, run_after=None
[2026-03-12T11:08:54.383+0000] {processor.py:183} INFO - Processing /home/airflow/.local/lib/python3.8/site-packages/airflow/example_dags/example_sensor_decorator.py took 0.091 seconds
[2026-03-12T11:09:24.652+0000] {processor.py:161} INFO - Started process (PID=492) to work on /home/airflow/.local/lib/python3.8/site-packages/airflow/example_dags/example_sensor_decorator.py
[2026-03-12T11:09:24.654+0000] {processor.py:830} INFO - Processing file /home/airflow/.local/lib/python3.8/site-packages/airflow/example_dags/example_sensor_decorator.py for tasks to queue
[2026-03-12T11:09:24.656+0000] {logging_mixin.py:188} INFO - [2026-03-12T11:09:24.655+0000] {dagbag.py:538} INFO - Filling up the DagBag from /home/airflow/.local/lib/python3.8/site-packages/airflow/example_dags/example_sensor_decorator.py
[2026-03-12T11:09:24.662+0000] {processor.py:840} INFO - DAG(s) 'example_sensor_decorator' retrieved from /home/airflow/.local/lib/python3.8/site-packages/airflow/example_dags/example_sensor_decorator.py
[2026-03-12T11:09:24.683+0000] {logging_mixin.py:188} INFO - [2026-03-12T11:09:24.683+0000] {dag.py:3036} INFO - Sync 1 DAGs
[2026-03-12T11:09:24.696+0000] {logging_mixin.py:188} INFO - [2026-03-12T11:09:24.695+0000] {dag.py:3823} INFO - Setting next_dagrun for example_sensor_decorator to None, run_after=None
[2026-03-12T11:09:24.715+0000] {processor.py:183} INFO - Processing /home/airflow/.local/lib/python3.8/site-packages/airflow/example_dags/example_sensor_decorator.py took 0.065 seconds
[2026-03-12T11:09:55.159+0000] {processor.py:161} INFO - Started process (PID=546) to work on /home/airflow/.local/lib/python3.8/site-packages/airflow/example_dags/example_sensor_decorator.py
[2026-03-12T11:09:55.162+0000] {processor.py:830} INFO - Processing file /home/airflow/.local/lib/python3.8/site-packages/airflow/example_dags/example_sensor_decorator.py for tasks to queue
[2026-03-12T11:09:55.164+0000] {logging_mixin.py:188} INFO - [2026-03-12T11:09:55.164+0000] {dagbag.py:538} INFO - Filling up the DagBag from /home/airflow/.local/lib/python3.8/site-packages/airflow/example_dags/example_sensor_decorator.py
[2026-03-12T11:09:55.171+0000] {processor.py:840} INFO - DAG(s) 'example_sensor_decorator' retrieved from /home/airflow/.local/lib/python3.8/site-packages/airflow/example_dags/example_sensor_decorator.py
[2026-03-12T11:09:55.192+0000] {logging_mixin.py:188} INFO - [2026-03-12T11:09:55.191+0000] {dag.py:3036} INFO - Sync 1 DAGs
[2026-03-12T11:09:55.204+0000] {logging_mixin.py:188} INFO - [2026-03-12T11:09:55.204+0000] {dag.py:3823} INFO - Setting next_dagrun for example_sensor_decorator to None, run_after=None
[2026-03-12T11:09:55.228+0000] {processor.py:183} INFO - Processing /home/airflow/.local/lib/python3.8/site-packages/airflow/example_dags/example_sensor_decorator.py took 0.072 seconds
[2026-03-12T11:10:25.911+0000] {processor.py:161} INFO - Started process (PID=601) to work on /home/airflow/.local/lib/python3.8/site-packages/airflow/example_dags/example_sensor_decorator.py
[2026-03-12T11:10:25.913+0000] {processor.py:830} INFO - Processing file /home/airflow/.local/lib/python3.8/site-packages/airflow/example_dags/example_sensor_decorator.py for tasks to queue
[2026-03-12T11:10:25.916+0000] {logging_mixin.py:188} INFO - [2026-03-12T11:10:25.915+0000] {dagbag.py:538} INFO - Filling up the DagBag from /home/airflow/.local/lib/python3.8/site-packages/airflow/example_dags/example_sensor_decorator.py
[2026-03-12T11:10:25.922+0000] {processor.py:840} INFO - DAG(s) 'example_sensor_decorator' retrieved from /home/airflow/.local/lib/python3.8/site-packages/airflow/example_dags/example_sensor_decorator.py
[2026-03-12T11:10:25.942+0000] {logging_mixin.py:188} INFO - [2026-03-12T11:10:25.942+0000] {dag.py:3036} INFO - Sync 1 DAGs
[2026-03-12T11:10:25.954+0000] {logging_mixin.py:188} INFO - [2026-03-12T11:10:25.953+0000] {dag.py:3823} INFO - Setting next_dagrun for example_sensor_decorator to None, run_after=None
[2026-03-12T11:10:25.979+0000] {processor.py:183} INFO - Processing /home/airflow/.local/lib/python3.8/site-packages/airflow/example_dags/example_sensor_decorator.py took 0.072 seconds
[2026-03-12T11:10:56.219+0000] {processor.py:161} INFO - Started process (PID=657) to work on /home/airflow/.local/lib/python3.8/site-packages/airflow/example_dags/example_sensor_decorator.py
[2026-03-12T11:10:56.220+0000] {processor.py:830} INFO - Processing file /home/airflow/.local/lib/python3.8/site-packages/airflow/example_dags/example_sensor_decorator.py for tasks to queue
[2026-03-12T11:10:56.224+0000] {logging_mixin.py:188} INFO - [2026-03-12T11:10:56.223+0000] {dagbag.py:538} INFO - Filling up the DagBag from /home/airflow/.local/lib/python3.8/site-packages/airflow/example_dags/example_sensor_decorator.py
[2026-03-12T11:10:56.230+0000] {processor.py:840} INFO - DAG(s) 'example_sensor_decorator' retrieved from /home/airflow/.local/lib/python3.8/site-packages/airflow/example_dags/example_sensor_decorator.py
[2026-03-12T11:10:56.250+0000] {logging_mixin.py:188} INFO - [2026-03-12T11:10:56.250+0000] {dag.py:3036} INFO - Sync 1 DAGs
[2026-03-12T11:10:56.267+0000] {logging_mixin.py:188} INFO - [2026-03-12T11:10:56.266+0000] {dag.py:3823} INFO - Setting next_dagrun for example_sensor_decorator to None, run_after=None
[2026-03-12T11:10:56.295+0000] {processor.py:183} INFO - Processing /home/airflow/.local/lib/python3.8/site-packages/airflow/example_dags/example_sensor_decorator.py took 0.080 seconds
[2026-03-12T11:11:26.406+0000] {processor.py:161} INFO - Started process (PID=713) to work on /home/airflow/.local/lib/python3.8/site-packages/airflow/example_dags/example_sensor_decorator.py
[2026-03-12T11:11:26.407+0000] {processor.py:830} INFO - Processing file /home/airflow/.local/lib/python3.8/site-packages/airflow/example_dags/example_sensor_decorator.py for tasks to queue
[2026-03-12T11:11:26.409+0000] {logging_mixin.py:188} INFO - [2026-03-12T11:11:26.409+0000] {dagbag.py:538} INFO - Filling up the DagBag from /home/airflow/.local/lib/python3.8/site-packages/airflow/example_dags/example_sensor_decorator.py
[2026-03-12T11:11:26.414+0000] {processor.py:840} INFO - DAG(s) 'example_sensor_decorator' retrieved from /home/airflow/.local/lib/python3.8/site-packages/airflow/example_dags/example_sensor_decorator.py
[2026-03-12T11:11:26.431+0000] {logging_mixin.py:188} INFO - [2026-03-12T11:11:26.430+0000] {dag.py:3036} INFO - Sync 1 DAGs
[2026-03-12T11:11:26.441+0000] {logging_mixin.py:188} INFO - [2026-03-12T11:11:26.441+0000] {dag.py:3823} INFO - Setting next_dagrun for example_sensor_decorator to None, run_after=None
[2026-03-12T11:11:26.459+0000] {processor.py:183} INFO - Processing /home/airflow/.local/lib/python3.8/site-packages/airflow/example_dags/example_sensor_decorator.py took 0.056 seconds
[2026-03-12T11:11:56.596+0000] {processor.py:161} INFO - Started process (PID=770) to work on /home/airflow/.local/lib/python3.8/site-packages/airflow/example_dags/example_sensor_decorator.py
[2026-03-12T11:11:56.599+0000] {processor.py:830} INFO - Processing file /home/airflow/.local/lib/python3.8/site-packages/airflow/example_dags/example_sensor_decorator.py for tasks to queue
[2026-03-12T11:11:56.603+0000] {logging_mixin.py:188} INFO - [2026-03-12T11:11:56.602+0000] {dagbag.py:538} INFO - Filling up the DagBag from /home/airflow/.local/lib/python3.8/site-packages/airflow/example_dags/example_sensor_decorator.py
[2026-03-12T11:11:56.618+0000] {processor.py:840} INFO - DAG(s) 'example_sensor_decorator' retrieved from /home/airflow/.local/lib/python3.8/site-packages/airflow/example_dags/example_sensor_decorator.py
[2026-03-12T11:11:56.654+0000] {logging_mixin.py:188} INFO - [2026-03-12T11:11:56.654+0000] {dag.py:3036} INFO - Sync 1 DAGs
[2026-03-12T11:11:56.677+0000] {logging_mixin.py:188} INFO - [2026-03-12T11:11:56.677+0000] {dag.py:3823} INFO - Setting next_dagrun for example_sensor_decorator to None, run_after=None
[2026-03-12T11:11:56.719+0000] {processor.py:183} INFO - Processing /home/airflow/.local/lib/python3.8/site-packages/airflow/example_dags/example_sensor_decorator.py took 0.132 seconds
[2026-03-12T11:12:27.216+0000] {processor.py:161} INFO - Started process (PID=826) to work on /home/airflow/.local/lib/python3.8/site-packages/airflow/example_dags/example_sensor_decorator.py
[2026-03-12T11:12:27.217+0000] {processor.py:830} INFO - Processing file /home/airflow/.local/lib/python3.8/site-packages/airflow/example_dags/example_sensor_decorator.py for tasks to queue
[2026-03-12T11:12:27.219+0000] {logging_mixin.py:188} INFO - [2026-03-12T11:12:27.219+0000] {dagbag.py:538} INFO - Filling up the DagBag from /home/airflow/.local/lib/python3.8/site-packages/airflow/example_dags/example_sensor_decorator.py
[2026-03-12T11:12:27.225+0000] {processor.py:840} INFO - DAG(s) 'example_sensor_decorator' retrieved from /home/airflow/.local/lib/python3.8/site-packages/airflow/example_dags/example_sensor_decorator.py
[2026-03-12T11:12:27.243+0000] {logging_mixin.py:188} INFO - [2026-03-12T11:12:27.243+0000] {dag.py:3036} INFO - Sync 1 DAGs
[2026-03-12T11:12:27.252+0000] {logging_mixin.py:188} INFO - [2026-03-12T11:12:27.252+0000] {dag.py:3823} INFO - Setting next_dagrun for example_sensor_decorator to None, run_after=None
[2026-03-12T11:12:27.269+0000] {processor.py:183} INFO - Processing /home/airflow/.local/lib/python3.8/site-packages/airflow/example_dags/example_sensor_decorator.py took 0.056 seconds
[2026-03-12T11:12:58.037+0000] {processor.py:161} INFO - Started process (PID=882) to work on /home/airflow/.local/lib/python3.8/site-packages/airflow/example_dags/example_sensor_decorator.py
[2026-03-12T11:12:58.039+0000] {processor.py:830} INFO - Processing file /home/airflow/.local/lib/python3.8/site-packages/airflow/example_dags/example_sensor_decorator.py for tasks to queue
[2026-03-12T11:12:58.041+0000] {logging_mixin.py:188} INFO - [2026-03-12T11:12:58.040+0000] {dagbag.py:538} INFO - Filling up the DagBag from /home/airflow/.local/lib/python3.8/site-packages/airflow/example_dags/example_sensor_decorator.py
[2026-03-12T11:12:58.047+0000] {processor.py:840} INFO - DAG(s) 'example_sensor_decorator' retrieved from /home/airflow/.local/lib/python3.8/site-packages/airflow/example_dags/example_sensor_decorator.py
[2026-03-12T11:12:58.064+0000] {logging_mixin.py:188} INFO - [2026-03-12T11:12:58.063+0000] {dag.py:3036} INFO - Sync 1 DAGs
[2026-03-12T11:12:58.073+0000] {logging_mixin.py:188} INFO - [2026-03-12T11:12:58.073+0000] {dag.py:3823} INFO - Setting next_dagrun for example_sensor_decorator to None, run_after=None
[2026-03-12T11:12:58.089+0000] {processor.py:183} INFO - Processing /home/airflow/.local/lib/python3.8/site-packages/airflow/example_dags/example_sensor_decorator.py took 0.055 seconds
[2026-03-12T11:13:28.467+0000] {processor.py:161} INFO - Started process (PID=938) to work on /home/airflow/.local/lib/python3.8/site-packages/airflow/example_dags/example_sensor_decorator.py
[2026-03-12T11:13:28.469+0000] {processor.py:830} INFO - Processing file /home/airflow/.local/lib/python3.8/site-packages/airflow/example_dags/example_sensor_decorator.py for tasks to queue
[2026-03-12T11:13:28.472+0000] {logging_mixin.py:188} INFO - [2026-03-12T11:13:28.471+0000] {dagbag.py:538} INFO - Filling up the DagBag from /home/airflow/.local/lib/python3.8/site-packages/airflow/example_dags/example_sensor_decorator.py
[2026-03-12T11:13:28.479+0000] {processor.py:840} INFO - DAG(s) 'example_sensor_decorator' retrieved from /home/airflow/.local/lib/python3.8/site-packages/airflow/example_dags/example_sensor_decorator.py
[2026-03-12T11:13:28.502+0000] {logging_mixin.py:188} INFO - [2026-03-12T11:13:28.502+0000] {dag.py:3036} INFO - Sync 1 DAGs
[2026-03-12T11:13:28.512+0000] {logging_mixin.py:188} INFO - [2026-03-12T11:13:28.512+0000] {dag.py:3823} INFO - Setting next_dagrun for example_sensor_decorator to None, run_after=None
[2026-03-12T11:13:28.533+0000] {processor.py:183} INFO - Processing /home/airflow/.local/lib/python3.8/site-packages/airflow/example_dags/example_sensor_decorator.py took 0.072 seconds
[2026-03-12T11:13:59.410+0000] {processor.py:161} INFO - Started process (PID=994) to work on /home/airflow/.local/lib/python3.8/site-packages/airflow/example_dags/example_sensor_decorator.py
[2026-03-12T11:13:59.412+0000] {processor.py:830} INFO - Processing file /home/airflow/.local/lib/python3.8/site-packages/airflow/example_dags/example_sensor_decorator.py for tasks to queue
[2026-03-12T11:13:59.414+0000] {logging_mixin.py:188} INFO - [2026-03-12T11:13:59.413+0000] {dagbag.py:538} INFO - Filling up the DagBag from /home/airflow/.local/lib/python3.8/site-packages/airflow/example_dags/example_sensor_decorator.py
[2026-03-12T11:13:59.420+0000] {processor.py:840} INFO - DAG(s) 'example_sensor_decorator' retrieved from /home/airflow/.local/lib/python3.8/site-packages/airflow/example_dags/example_sensor_decorator.py
[2026-03-12T11:13:59.438+0000] {logging_mixin.py:188} INFO - [2026-03-12T11:13:59.437+0000] {dag.py:3036} INFO - Sync 1 DAGs
[2026-03-12T11:13:59.448+0000] {logging_mixin.py:188} INFO - [2026-03-12T11:13:59.448+0000] {dag.py:3823} INFO - Setting next_dagrun for example_sensor_decorator to None, run_after=None
[2026-03-12T11:13:59.465+0000] {processor.py:183} INFO - Processing /home/airflow/.local/lib/python3.8/site-packages/airflow/example_dags/example_sensor_decorator.py took 0.058 seconds
[2026-03-12T11:14:29.994+0000] {processor.py:161} INFO - Started process (PID=1050) to work on /home/airflow/.local/lib/python3.8/site-packages/airflow/example_dags/example_sensor_decorator.py
[2026-03-12T11:14:29.995+0000] {processor.py:830} INFO - Processing file /home/airflow/.local/lib/python3.8/site-packages/airflow/example_dags/example_sensor_decorator.py for tasks to queue
[2026-03-12T11:14:29.997+0000] {logging_mixin.py:188} INFO - [2026-03-12T11:14:29.997+0000] {dagbag.py:538} INFO - Filling up the DagBag from /home/airflow/.local/lib/python3.8/site-packages/airflow/example_dags/example_sensor_decorator.py
[2026-03-12T11:14:30.004+0000] {processor.py:840} INFO - DAG(s) 'example_sensor_decorator' retrieved from /home/airflow/.local/lib/python3.8/site-packages/airflow/example_dags/example_sensor_decorator.py
[2026-03-12T11:14:30.023+0000] {logging_mixin.py:188} INFO - [2026-03-12T11:14:30.023+0000] {dag.py:3036} INFO - Sync 1 DAGs
[2026-03-12T11:14:30.032+0000] {logging_mixin.py:188} INFO - [2026-03-12T11:14:30.032+0000] {dag.py:3823} INFO - Setting next_dagrun for example_sensor_decorator to None, run_after=None
[2026-03-12T11:14:30.051+0000] {processor.py:183} INFO - Processing /home/airflow/.local/lib/python3.8/site-packages/airflow/example_dags/example_sensor_decorator.py took 0.061 seconds
[2026-03-12T11:15:00.124+0000] {processor.py:161} INFO - Started process (PID=1106) to work on /home/airflow/.local/lib/python3.8/site-packages/airflow/example_dags/example_sensor_decorator.py
[2026-03-12T11:15:00.125+0000] {processor.py:830} INFO - Processing file /home/airflow/.local/lib/python3.8/site-packages/airflow/example_dags/example_sensor_decorator.py for tasks to queue
[2026-03-12T11:15:00.128+0000] {logging_mixin.py:188} INFO - [2026-03-12T11:15:00.128+0000] {dagbag.py:538} INFO - Filling up the DagBag from /home/airflow/.local/lib/python3.8/site-packages/airflow/example_dags/example_sensor_decorator.py
[2026-03-12T11:15:00.134+0000] {processor.py:840} INFO - DAG(s) 'example_sensor_decorator' retrieved from /home/airflow/.local/lib/python3.8/site-packages/airflow/example_dags/example_sensor_decorator.py
[2026-03-12T11:15:00.154+0000] {logging_mixin.py:188} INFO - [2026-03-12T11:15:00.154+0000] {dag.py:3036} INFO - Sync 1 DAGs
[2026-03-12T11:15:00.166+0000] {logging_mixin.py:188} INFO - [2026-03-12T11:15:00.166+0000] {dag.py:3823} INFO - Setting next_dagrun for example_sensor_decorator to None, run_after=None
[2026-03-12T11:15:00.186+0000] {processor.py:183} INFO - Processing /home/airflow/.local/lib/python3.8/site-packages/airflow/example_dags/example_sensor_decorator.py took 0.065 seconds
[2026-03-12T11:15:30.611+0000] {processor.py:161} INFO - Started process (PID=1162) to work on /home/airflow/.local/lib/python3.8/site-packages/airflow/example_dags/example_sensor_decorator.py
[2026-03-12T11:15:30.612+0000] {processor.py:830} INFO - Processing file /home/airflow/.local/lib/python3.8/site-packages/airflow/example_dags/example_sensor_decorator.py for tasks to queue
[2026-03-12T11:15:30.614+0000] {logging_mixin.py:188} INFO - [2026-03-12T11:15:30.614+0000] {dagbag.py:538} INFO - Filling up the DagBag from /home/airflow/.local/lib/python3.8/site-packages/airflow/example_dags/example_sensor_decorator.py
[2026-03-12T11:15:30.620+0000] {processor.py:840} INFO - DAG(s) 'example_sensor_decorator' retrieved from /home/airflow/.local/lib/python3.8/site-packages/airflow/example_dags/example_sensor_decorator.py
[2026-03-12T11:15:30.639+0000] {logging_mixin.py:188} INFO - [2026-03-12T11:15:30.639+0000] {dag.py:3036} INFO - Sync 1 DAGs
[2026-03-12T11:15:30.650+0000] {logging_mixin.py:188} INFO - [2026-03-12T11:15:30.650+0000] {dag.py:3823} INFO - Setting next_dagrun for example_sensor_decorator to None, run_after=None
[2026-03-12T11:15:30.666+0000] {processor.py:183} INFO - Processing /home/airflow/.local/lib/python3.8/site-packages/airflow/example_dags/example_sensor_decorator.py took 0.058 seconds
