[2026-03-12T11:05:49.398+0000] {processor.py:161} INFO - Started process (PID=94) to work on /home/airflow/.local/lib/python3.8/site-packages/airflow/example_dags/example_latest_only.py
[2026-03-12T11:05:49.409+0000] {processor.py:830} INFO - Processing file /home/airflow/.local/lib/python3.8/site-packages/airflow/example_dags/example_latest_only.py for tasks to queue
[2026-03-12T11:05:49.419+0000] {logging_mixin.py:188} INFO - [2026-03-12T11:05:49.418+0000] {dagbag.py:538} INFO - Filling up the DagBag from /home/airflow/.local/lib/python3.8/site-packages/airflow/example_dags/example_latest_only.py
[2026-03-12T11:05:49.488+0000] {processor.py:840} INFO - DAG(s) 'latest_only' retrieved from /home/airflow/.local/lib/python3.8/site-packages/airflow/example_dags/example_latest_only.py
[2026-03-12T11:05:49.556+0000] {logging_mixin.py:188} INFO - [2026-03-12T11:05:49.555+0000] {dag.py:3036} INFO - Sync 1 DAGs
[2026-03-12T11:05:49.610+0000] {logging_mixin.py:188} INFO - [2026-03-12T11:05:49.610+0000] {dag.py:3823} INFO - Setting next_dagrun for latest_only to 2026-03-12 04:00:00+00:00, run_after=2026-03-12 08:00:00+00:00
[2026-03-12T11:05:49.638+0000] {processor.py:183} INFO - Processing /home/airflow/.local/lib/python3.8/site-packages/airflow/example_dags/example_latest_only.py took 0.250 seconds
[2026-03-12T11:06:19.896+0000] {processor.py:161} INFO - Started process (PID=149) to work on /home/airflow/.local/lib/python3.8/site-packages/airflow/example_dags/example_latest_only.py
[2026-03-12T11:06:19.901+0000] {processor.py:830} INFO - Processing file /home/airflow/.local/lib/python3.8/site-packages/airflow/example_dags/example_latest_only.py for tasks to queue
[2026-03-12T11:06:19.904+0000] {logging_mixin.py:188} INFO - [2026-03-12T11:06:19.904+0000] {dagbag.py:538} INFO - Filling up the DagBag from /home/airflow/.local/lib/python3.8/site-packages/airflow/example_dags/example_latest_only.py
[2026-03-12T11:06:19.911+0000] {processor.py:840} INFO - DAG(s) 'latest_only' retrieved from /home/airflow/.local/lib/python3.8/site-packages/airflow/example_dags/example_latest_only.py
[2026-03-12T11:06:20.013+0000] {logging_mixin.py:188} INFO - [2026-03-12T11:06:20.012+0000] {dag.py:3036} INFO - Sync 1 DAGs
[2026-03-12T11:06:20.031+0000] {logging_mixin.py:188} INFO - [2026-03-12T11:06:20.030+0000] {dag.py:3823} INFO - Setting next_dagrun for latest_only to 2026-03-12 04:00:00+00:00, run_after=2026-03-12 08:00:00+00:00
[2026-03-12T11:06:20.056+0000] {processor.py:183} INFO - Processing /home/airflow/.local/lib/python3.8/site-packages/airflow/example_dags/example_latest_only.py took 0.164 seconds
[2026-03-12T11:06:50.209+0000] {processor.py:161} INFO - Started process (PID=204) to work on /home/airflow/.local/lib/python3.8/site-packages/airflow/example_dags/example_latest_only.py
[2026-03-12T11:06:50.210+0000] {processor.py:830} INFO - Processing file /home/airflow/.local/lib/python3.8/site-packages/airflow/example_dags/example_latest_only.py for tasks to queue
[2026-03-12T11:06:50.213+0000] {logging_mixin.py:188} INFO - [2026-03-12T11:06:50.213+0000] {dagbag.py:538} INFO - Filling up the DagBag from /home/airflow/.local/lib/python3.8/site-packages/airflow/example_dags/example_latest_only.py
[2026-03-12T11:06:50.221+0000] {processor.py:840} INFO - DAG(s) 'latest_only' retrieved from /home/airflow/.local/lib/python3.8/site-packages/airflow/example_dags/example_latest_only.py
[2026-03-12T11:06:50.245+0000] {logging_mixin.py:188} INFO - [2026-03-12T11:06:50.245+0000] {dag.py:3036} INFO - Sync 1 DAGs
[2026-03-12T11:06:50.268+0000] {logging_mixin.py:188} INFO - [2026-03-12T11:06:50.268+0000] {dag.py:3823} INFO - Setting next_dagrun for latest_only to 2026-03-12 04:00:00+00:00, run_after=2026-03-12 08:00:00+00:00
[2026-03-12T11:06:50.290+0000] {processor.py:183} INFO - Processing /home/airflow/.local/lib/python3.8/site-packages/airflow/example_dags/example_latest_only.py took 0.084 seconds
[2026-03-12T11:07:20.736+0000] {processor.py:161} INFO - Started process (PID=259) to work on /home/airflow/.local/lib/python3.8/site-packages/airflow/example_dags/example_latest_only.py
[2026-03-12T11:07:20.737+0000] {processor.py:830} INFO - Processing file /home/airflow/.local/lib/python3.8/site-packages/airflow/example_dags/example_latest_only.py for tasks to queue
[2026-03-12T11:07:20.739+0000] {logging_mixin.py:188} INFO - [2026-03-12T11:07:20.739+0000] {dagbag.py:538} INFO - Filling up the DagBag from /home/airflow/.local/lib/python3.8/site-packages/airflow/example_dags/example_latest_only.py
[2026-03-12T11:07:20.744+0000] {processor.py:840} INFO - DAG(s) 'latest_only' retrieved from /home/airflow/.local/lib/python3.8/site-packages/airflow/example_dags/example_latest_only.py
[2026-03-12T11:07:20.761+0000] {logging_mixin.py:188} INFO - [2026-03-12T11:07:20.761+0000] {dag.py:3036} INFO - Sync 1 DAGs
[2026-03-12T11:07:20.780+0000] {logging_mixin.py:188} INFO - [2026-03-12T11:07:20.780+0000] {dag.py:3823} INFO - Setting next_dagrun for latest_only to 2026-03-12 04:00:00+00:00, run_after=2026-03-12 08:00:00+00:00
[2026-03-12T11:07:20.795+0000] {processor.py:183} INFO - Processing /home/airflow/.local/lib/python3.8/site-packages/airflow/example_dags/example_latest_only.py took 0.063 seconds
[2026-03-12T11:07:51.287+0000] {processor.py:161} INFO - Started process (PID=314) to work on /home/airflow/.local/lib/python3.8/site-packages/airflow/example_dags/example_latest_only.py
[2026-03-12T11:07:51.288+0000] {processor.py:830} INFO - Processing file /home/airflow/.local/lib/python3.8/site-packages/airflow/example_dags/example_latest_only.py for tasks to queue
[2026-03-12T11:07:51.290+0000] {logging_mixin.py:188} INFO - [2026-03-12T11:07:51.289+0000] {dagbag.py:538} INFO - Filling up the DagBag from /home/airflow/.local/lib/python3.8/site-packages/airflow/example_dags/example_latest_only.py
[2026-03-12T11:07:51.294+0000] {processor.py:840} INFO - DAG(s) 'latest_only' retrieved from /home/airflow/.local/lib/python3.8/site-packages/airflow/example_dags/example_latest_only.py
[2026-03-12T11:07:51.313+0000] {logging_mixin.py:188} INFO - [2026-03-12T11:07:51.313+0000] {dag.py:3036} INFO - Sync 1 DAGs
[2026-03-12T11:07:51.332+0000] {logging_mixin.py:188} INFO - [2026-03-12T11:07:51.332+0000] {dag.py:3823} INFO - Setting next_dagrun for latest_only to 2026-03-12 04:00:00+00:00, run_after=2026-03-12 08:00:00+00:00
[2026-03-12T11:07:51.348+0000] {processor.py:183} INFO - Processing /home/airflow/.local/lib/python3.8/site-packages/airflow/example_dags/example_latest_only.py took 0.065 seconds
[2026-03-12T11:08:21.539+0000] {processor.py:161} INFO - Started process (PID=369) to work on /home/airflow/.local/lib/python3.8/site-packages/airflow/example_dags/example_latest_only.py
[2026-03-12T11:08:21.540+0000] {processor.py:830} INFO - Processing file /home/airflow/.local/lib/python3.8/site-packages/airflow/example_dags/example_latest_only.py for tasks to queue
[2026-03-12T11:08:21.543+0000] {logging_mixin.py:188} INFO - [2026-03-12T11:08:21.542+0000] {dagbag.py:538} INFO - Filling up the DagBag from /home/airflow/.local/lib/python3.8/site-packages/airflow/example_dags/example_latest_only.py
[2026-03-12T11:08:21.549+0000] {processor.py:840} INFO - DAG(s) 'latest_only' retrieved from /home/airflow/.local/lib/python3.8/site-packages/airflow/example_dags/example_latest_only.py
[2026-03-12T11:08:21.573+0000] {logging_mixin.py:188} INFO - [2026-03-12T11:08:21.573+0000] {dag.py:3036} INFO - Sync 1 DAGs
[2026-03-12T11:08:21.597+0000] {logging_mixin.py:188} INFO - [2026-03-12T11:08:21.597+0000] {dag.py:3823} INFO - Setting next_dagrun for latest_only to 2026-03-12 04:00:00+00:00, run_after=2026-03-12 08:00:00+00:00
[2026-03-12T11:08:21.616+0000] {processor.py:183} INFO - Processing /home/airflow/.local/lib/python3.8/site-packages/airflow/example_dags/example_latest_only.py took 0.080 seconds
[2026-03-12T11:08:52.315+0000] {processor.py:161} INFO - Started process (PID=424) to work on /home/airflow/.local/lib/python3.8/site-packages/airflow/example_dags/example_latest_only.py
[2026-03-12T11:08:52.318+0000] {processor.py:830} INFO - Processing file /home/airflow/.local/lib/python3.8/site-packages/airflow/example_dags/example_latest_only.py for tasks to queue
[2026-03-12T11:08:52.322+0000] {logging_mixin.py:188} INFO - [2026-03-12T11:08:52.322+0000] {dagbag.py:538} INFO - Filling up the DagBag from /home/airflow/.local/lib/python3.8/site-packages/airflow/example_dags/example_latest_only.py
[2026-03-12T11:08:52.329+0000] {processor.py:840} INFO - DAG(s) 'latest_only' retrieved from /home/airflow/.local/lib/python3.8/site-packages/airflow/example_dags/example_latest_only.py
[2026-03-12T11:08:52.356+0000] {logging_mixin.py:188} INFO - [2026-03-12T11:08:52.355+0000] {dag.py:3036} INFO - Sync 1 DAGs
[2026-03-12T11:08:52.384+0000] {logging_mixin.py:188} INFO - [2026-03-12T11:08:52.384+0000] {dag.py:3823} INFO - Setting next_dagrun for latest_only to 2026-03-12 04:00:00+00:00, run_after=2026-03-12 08:00:00+00:00
[2026-03-12T11:08:52.414+0000] {processor.py:183} INFO - Processing /home/airflow/.local/lib/python3.8/site-packages/airflow/example_dags/example_latest_only.py took 0.105 seconds
[2026-03-12T11:09:22.940+0000] {processor.py:161} INFO - Started process (PID=479) to work on /home/airflow/.local/lib/python3.8/site-packages/airflow/example_dags/example_latest_only.py
[2026-03-12T11:09:22.941+0000] {processor.py:830} INFO - Processing file /home/airflow/.local/lib/python3.8/site-packages/airflow/example_dags/example_latest_only.py for tasks to queue
[2026-03-12T11:09:22.943+0000] {logging_mixin.py:188} INFO - [2026-03-12T11:09:22.943+0000] {dagbag.py:538} INFO - Filling up the DagBag from /home/airflow/.local/lib/python3.8/site-packages/airflow/example_dags/example_latest_only.py
[2026-03-12T11:09:22.948+0000] {processor.py:840} INFO - DAG(s) 'latest_only' retrieved from /home/airflow/.local/lib/python3.8/site-packages/airflow/example_dags/example_latest_only.py
[2026-03-12T11:09:22.969+0000] {logging_mixin.py:188} INFO - [2026-03-12T11:09:22.968+0000] {dag.py:3036} INFO - Sync 1 DAGs
[2026-03-12T11:09:22.990+0000] {logging_mixin.py:188} INFO - [2026-03-12T11:09:22.990+0000] {dag.py:3823} INFO - Setting next_dagrun for latest_only to 2026-03-12 04:00:00+00:00, run_after=2026-03-12 08:00:00+00:00
[2026-03-12T11:09:23.011+0000] {processor.py:183} INFO - Processing /home/airflow/.local/lib/python3.8/site-packages/airflow/example_dags/example_latest_only.py took 0.074 seconds
[2026-03-12T11:09:54.163+0000] {processor.py:161} INFO - Started process (PID=534) to work on /home/airflow/.local/lib/python3.8/site-packages/airflow/example_dags/example_latest_only.py
[2026-03-12T11:09:54.165+0000] {processor.py:830} INFO - Processing file /home/airflow/.local/lib/python3.8/site-packages/airflow/example_dags/example_latest_only.py for tasks to queue
[2026-03-12T11:09:54.168+0000] {logging_mixin.py:188} INFO - [2026-03-12T11:09:54.168+0000] {dagbag.py:538} INFO - Filling up the DagBag from /home/airflow/.local/lib/python3.8/site-packages/airflow/example_dags/example_latest_only.py
[2026-03-12T11:09:54.174+0000] {processor.py:840} INFO - DAG(s) 'latest_only' retrieved from /home/airflow/.local/lib/python3.8/site-packages/airflow/example_dags/example_latest_only.py
[2026-03-12T11:09:54.196+0000] {logging_mixin.py:188} INFO - [2026-03-12T11:09:54.196+0000] {dag.py:3036} INFO - Sync 1 DAGs
[2026-03-12T11:09:54.217+0000] {logging_mixin.py:188} INFO - [2026-03-12T11:09:54.217+0000] {dag.py:3823} INFO - Setting next_dagrun for latest_only to 2026-03-12 04:00:00+00:00, run_after=2026-03-12 08:00:00+00:00
[2026-03-12T11:09:54.240+0000] {processor.py:183} INFO - Processing /home/airflow/.local/lib/python3.8/site-packages/airflow/example_dags/example_latest_only.py took 0.079 seconds
[2026-03-12T11:10:25.150+0000] {processor.py:161} INFO - Started process (PID=589) to work on /home/airflow/.local/lib/python3.8/site-packages/airflow/example_dags/example_latest_only.py
[2026-03-12T11:10:25.152+0000] {processor.py:830} INFO - Processing file /home/airflow/.local/lib/python3.8/site-packages/airflow/example_dags/example_latest_only.py for tasks to queue
[2026-03-12T11:10:25.157+0000] {logging_mixin.py:188} INFO - [2026-03-12T11:10:25.157+0000] {dagbag.py:538} INFO - Filling up the DagBag from /home/airflow/.local/lib/python3.8/site-packages/airflow/example_dags/example_latest_only.py
[2026-03-12T11:10:25.167+0000] {processor.py:840} INFO - DAG(s) 'latest_only' retrieved from /home/airflow/.local/lib/python3.8/site-packages/airflow/example_dags/example_latest_only.py
[2026-03-12T11:10:25.196+0000] {logging_mixin.py:188} INFO - [2026-03-12T11:10:25.196+0000] {dag.py:3036} INFO - Sync 1 DAGs
[2026-03-12T11:10:25.226+0000] {logging_mixin.py:188} INFO - [2026-03-12T11:10:25.225+0000] {dag.py:3823} INFO - Setting next_dagrun for latest_only to 2026-03-12 04:00:00+00:00, run_after=2026-03-12 08:00:00+00:00
[2026-03-12T11:10:25.252+0000] {processor.py:183} INFO - Processing /home/airflow/.local/lib/python3.8/site-packages/airflow/example_dags/example_latest_only.py took 0.107 seconds
[2026-03-12T11:10:55.564+0000] {processor.py:161} INFO - Started process (PID=645) to work on /home/airflow/.local/lib/python3.8/site-packages/airflow/example_dags/example_latest_only.py
[2026-03-12T11:10:55.565+0000] {processor.py:830} INFO - Processing file /home/airflow/.local/lib/python3.8/site-packages/airflow/example_dags/example_latest_only.py for tasks to queue
[2026-03-12T11:10:55.567+0000] {logging_mixin.py:188} INFO - [2026-03-12T11:10:55.567+0000] {dagbag.py:538} INFO - Filling up the DagBag from /home/airflow/.local/lib/python3.8/site-packages/airflow/example_dags/example_latest_only.py
[2026-03-12T11:10:55.572+0000] {processor.py:840} INFO - DAG(s) 'latest_only' retrieved from /home/airflow/.local/lib/python3.8/site-packages/airflow/example_dags/example_latest_only.py
[2026-03-12T11:10:55.590+0000] {logging_mixin.py:188} INFO - [2026-03-12T11:10:55.590+0000] {dag.py:3036} INFO - Sync 1 DAGs
[2026-03-12T11:10:55.606+0000] {logging_mixin.py:188} INFO - [2026-03-12T11:10:55.606+0000] {dag.py:3823} INFO - Setting next_dagrun for latest_only to 2026-03-12 04:00:00+00:00, run_after=2026-03-12 08:00:00+00:00
[2026-03-12T11:10:55.622+0000] {processor.py:183} INFO - Processing /home/airflow/.local/lib/python3.8/site-packages/airflow/example_dags/example_latest_only.py took 0.061 seconds
[2026-03-12T11:11:25.765+0000] {processor.py:161} INFO - Started process (PID=701) to work on /home/airflow/.local/lib/python3.8/site-packages/airflow/example_dags/example_latest_only.py
[2026-03-12T11:11:25.766+0000] {processor.py:830} INFO - Processing file /home/airflow/.local/lib/python3.8/site-packages/airflow/example_dags/example_latest_only.py for tasks to queue
[2026-03-12T11:11:25.768+0000] {logging_mixin.py:188} INFO - [2026-03-12T11:11:25.768+0000] {dagbag.py:538} INFO - Filling up the DagBag from /home/airflow/.local/lib/python3.8/site-packages/airflow/example_dags/example_latest_only.py
[2026-03-12T11:11:25.772+0000] {processor.py:840} INFO - DAG(s) 'latest_only' retrieved from /home/airflow/.local/lib/python3.8/site-packages/airflow/example_dags/example_latest_only.py
[2026-03-12T11:11:25.792+0000] {logging_mixin.py:188} INFO - [2026-03-12T11:11:25.792+0000] {dag.py:3036} INFO - Sync 1 DAGs
[2026-03-12T11:11:25.813+0000] {logging_mixin.py:188} INFO - [2026-03-12T11:11:25.813+0000] {dag.py:3823} INFO - Setting next_dagrun for latest_only to 2026-03-12 04:00:00+00:00, run_after=2026-03-12 08:00:00+00:00
[2026-03-12T11:11:25.831+0000] {processor.py:183} INFO - Processing /home/airflow/.local/lib/python3.8/site-packages/airflow/example_dags/example_latest_only.py took 0.070 seconds
[2026-03-12T11:11:55.934+0000] {processor.py:161} INFO - Started process (PID=758) to work on /home/airflow/.local/lib/python3.8/site-packages/airflow/example_dags/example_latest_only.py
[2026-03-12T11:11:55.936+0000] {processor.py:830} INFO - Processing file /home/airflow/.local/lib/python3.8/site-packages/airflow/example_dags/example_latest_only.py for tasks to queue
[2026-03-12T11:11:55.939+0000] {logging_mixin.py:188} INFO - [2026-03-12T11:11:55.938+0000] {dagbag.py:538} INFO - Filling up the DagBag from /home/airflow/.local/lib/python3.8/site-packages/airflow/example_dags/example_latest_only.py
[2026-03-12T11:11:55.945+0000] {processor.py:840} INFO - DAG(s) 'latest_only' retrieved from /home/airflow/.local/lib/python3.8/site-packages/airflow/example_dags/example_latest_only.py
[2026-03-12T11:11:55.964+0000] {logging_mixin.py:188} INFO - [2026-03-12T11:11:55.964+0000] {dag.py:3036} INFO - Sync 1 DAGs
[2026-03-12T11:11:55.983+0000] {logging_mixin.py:188} INFO - [2026-03-12T11:11:55.983+0000] {dag.py:3823} INFO - Setting next_dagrun for latest_only to 2026-03-12 04:00:00+00:00, run_after=2026-03-12 08:00:00+00:00
[2026-03-12T11:11:56.002+0000] {processor.py:183} INFO - Processing /home/airflow/.local/lib/python3.8/site-packages/airflow/example_dags/example_latest_only.py took 0.072 seconds
[2026-03-12T11:12:26.435+0000] {processor.py:161} INFO - Started process (PID=814) to work on /home/airflow/.local/lib/python3.8/site-packages/airflow/example_dags/example_latest_only.py
[2026-03-12T11:12:26.436+0000] {processor.py:830} INFO - Processing file /home/airflow/.local/lib/python3.8/site-packages/airflow/example_dags/example_latest_only.py for tasks to queue
[2026-03-12T11:12:26.438+0000] {logging_mixin.py:188} INFO - [2026-03-12T11:12:26.438+0000] {dagbag.py:538} INFO - Filling up the DagBag from /home/airflow/.local/lib/python3.8/site-packages/airflow/example_dags/example_latest_only.py
[2026-03-12T11:12:26.443+0000] {processor.py:840} INFO - DAG(s) 'latest_only' retrieved from /home/airflow/.local/lib/python3.8/site-packages/airflow/example_dags/example_latest_only.py
[2026-03-12T11:12:26.460+0000] {logging_mixin.py:188} INFO - [2026-03-12T11:12:26.460+0000] {dag.py:3036} INFO - Sync 1 DAGs
[2026-03-12T11:12:26.476+0000] {logging_mixin.py:188} INFO - [2026-03-12T11:12:26.476+0000] {dag.py:3823} INFO - Setting next_dagrun for latest_only to 2026-03-12 04:00:00+00:00, run_after=2026-03-12 08:00:00+00:00
[2026-03-12T11:12:26.493+0000] {processor.py:183} INFO - Processing /home/airflow/.local/lib/python3.8/site-packages/airflow/example_dags/example_latest_only.py took 0.061 seconds
[2026-03-12T11:12:57.258+0000] {processor.py:161} INFO - Started process (PID=870) to work on /home/airflow/.local/lib/python3.8/site-packages/airflow/example_dags/example_latest_only.py
[2026-03-12T11:12:57.260+0000] {processor.py:830} INFO - Processing file /home/airflow/.local/lib/python3.8/site-packages/airflow/example_dags/example_latest_only.py for tasks to queue
[2026-03-12T11:12:57.263+0000] {logging_mixin.py:188} INFO - [2026-03-12T11:12:57.263+0000] {dagbag.py:538} INFO - Filling up the DagBag from /home/airflow/.local/lib/python3.8/site-packages/airflow/example_dags/example_latest_only.py
[2026-03-12T11:12:57.273+0000] {processor.py:840} INFO - DAG(s) 'latest_only' retrieved from /home/airflow/.local/lib/python3.8/site-packages/airflow/example_dags/example_latest_only.py
[2026-03-12T11:12:57.302+0000] {logging_mixin.py:188} INFO - [2026-03-12T11:12:57.302+0000] {dag.py:3036} INFO - Sync 1 DAGs
[2026-03-12T11:12:57.332+0000] {logging_mixin.py:188} INFO - [2026-03-12T11:12:57.332+0000] {dag.py:3823} INFO - Setting next_dagrun for latest_only to 2026-03-12 04:00:00+00:00, run_after=2026-03-12 08:00:00+00:00
[2026-03-12T11:12:57.362+0000] {processor.py:183} INFO - Processing /home/airflow/.local/lib/python3.8/site-packages/airflow/example_dags/example_latest_only.py took 0.109 seconds
[2026-03-12T11:13:27.519+0000] {processor.py:161} INFO - Started process (PID=926) to work on /home/airflow/.local/lib/python3.8/site-packages/airflow/example_dags/example_latest_only.py
[2026-03-12T11:13:27.520+0000] {processor.py:830} INFO - Processing file /home/airflow/.local/lib/python3.8/site-packages/airflow/example_dags/example_latest_only.py for tasks to queue
[2026-03-12T11:13:27.522+0000] {logging_mixin.py:188} INFO - [2026-03-12T11:13:27.522+0000] {dagbag.py:538} INFO - Filling up the DagBag from /home/airflow/.local/lib/python3.8/site-packages/airflow/example_dags/example_latest_only.py
[2026-03-12T11:13:27.527+0000] {processor.py:840} INFO - DAG(s) 'latest_only' retrieved from /home/airflow/.local/lib/python3.8/site-packages/airflow/example_dags/example_latest_only.py
[2026-03-12T11:13:27.544+0000] {logging_mixin.py:188} INFO - [2026-03-12T11:13:27.544+0000] {dag.py:3036} INFO - Sync 1 DAGs
[2026-03-12T11:13:27.567+0000] {logging_mixin.py:188} INFO - [2026-03-12T11:13:27.567+0000] {dag.py:3823} INFO - Setting next_dagrun for latest_only to 2026-03-12 04:00:00+00:00, run_after=2026-03-12 08:00:00+00:00
[2026-03-12T11:13:27.585+0000] {processor.py:183} INFO - Processing /home/airflow/.local/lib/python3.8/site-packages/airflow/example_dags/example_latest_only.py took 0.069 seconds
[2026-03-12T11:13:57.747+0000] {processor.py:161} INFO - Started process (PID=982) to work on /home/airflow/.local/lib/python3.8/site-packages/airflow/example_dags/example_latest_only.py
[2026-03-12T11:13:57.748+0000] {processor.py:830} INFO - Processing file /home/airflow/.local/lib/python3.8/site-packages/airflow/example_dags/example_latest_only.py for tasks to queue
[2026-03-12T11:13:57.753+0000] {logging_mixin.py:188} INFO - [2026-03-12T11:13:57.753+0000] {dagbag.py:538} INFO - Filling up the DagBag from /home/airflow/.local/lib/python3.8/site-packages/airflow/example_dags/example_latest_only.py
[2026-03-12T11:13:57.759+0000] {processor.py:840} INFO - DAG(s) 'latest_only' retrieved from /home/airflow/.local/lib/python3.8/site-packages/airflow/example_dags/example_latest_only.py
[2026-03-12T11:13:57.782+0000] {logging_mixin.py:188} INFO - [2026-03-12T11:13:57.781+0000] {dag.py:3036} INFO - Sync 1 DAGs
[2026-03-12T11:13:57.808+0000] {logging_mixin.py:188} INFO - [2026-03-12T11:13:57.808+0000] {dag.py:3823} INFO - Setting next_dagrun for latest_only to 2026-03-12 04:00:00+00:00, run_after=2026-03-12 08:00:00+00:00
[2026-03-12T11:13:57.828+0000] {processor.py:183} INFO - Processing /home/airflow/.local/lib/python3.8/site-packages/airflow/example_dags/example_latest_only.py took 0.085 seconds
[2026-03-12T11:14:28.348+0000] {processor.py:161} INFO - Started process (PID=1038) to work on /home/airflow/.local/lib/python3.8/site-packages/airflow/example_dags/example_latest_only.py
[2026-03-12T11:14:28.349+0000] {processor.py:830} INFO - Processing file /home/airflow/.local/lib/python3.8/site-packages/airflow/example_dags/example_latest_only.py for tasks to queue
[2026-03-12T11:14:28.351+0000] {logging_mixin.py:188} INFO - [2026-03-12T11:14:28.351+0000] {dagbag.py:538} INFO - Filling up the DagBag from /home/airflow/.local/lib/python3.8/site-packages/airflow/example_dags/example_latest_only.py
[2026-03-12T11:14:28.356+0000] {processor.py:840} INFO - DAG(s) 'latest_only' retrieved from /home/airflow/.local/lib/python3.8/site-packages/airflow/example_dags/example_latest_only.py
[2026-03-12T11:14:28.374+0000] {logging_mixin.py:188} INFO - [2026-03-12T11:14:28.374+0000] {dag.py:3036} INFO - Sync 1 DAGs
[2026-03-12T11:14:28.393+0000] {logging_mixin.py:188} INFO - [2026-03-12T11:14:28.393+0000] {dag.py:3823} INFO - Setting next_dagrun for latest_only to 2026-03-12 04:00:00+00:00, run_after=2026-03-12 08:00:00+00:00
[2026-03-12T11:14:28.409+0000] {processor.py:183} INFO - Processing /home/airflow/.local/lib/python3.8/site-packages/airflow/example_dags/example_latest_only.py took 0.063 seconds
[2026-03-12T11:14:58.520+0000] {processor.py:161} INFO - Started process (PID=1094) to work on /home/airflow/.local/lib/python3.8/site-packages/airflow/example_dags/example_latest_only.py
[2026-03-12T11:14:58.522+0000] {processor.py:830} INFO - Processing file /home/airflow/.local/lib/python3.8/site-packages/airflow/example_dags/example_latest_only.py for tasks to queue
[2026-03-12T11:14:58.524+0000] {logging_mixin.py:188} INFO - [2026-03-12T11:14:58.524+0000] {dagbag.py:538} INFO - Filling up the DagBag from /home/airflow/.local/lib/python3.8/site-packages/airflow/example_dags/example_latest_only.py
[2026-03-12T11:14:58.528+0000] {processor.py:840} INFO - DAG(s) 'latest_only' retrieved from /home/airflow/.local/lib/python3.8/site-packages/airflow/example_dags/example_latest_only.py
[2026-03-12T11:14:58.545+0000] {logging_mixin.py:188} INFO - [2026-03-12T11:14:58.545+0000] {dag.py:3036} INFO - Sync 1 DAGs
[2026-03-12T11:14:58.562+0000] {logging_mixin.py:188} INFO - [2026-03-12T11:14:58.562+0000] {dag.py:3823} INFO - Setting next_dagrun for latest_only to 2026-03-12 04:00:00+00:00, run_after=2026-03-12 08:00:00+00:00
[2026-03-12T11:14:58.578+0000] {processor.py:183} INFO - Processing /home/airflow/.local/lib/python3.8/site-packages/airflow/example_dags/example_latest_only.py took 0.061 seconds
[2026-03-12T11:15:28.898+0000] {processor.py:161} INFO - Started process (PID=1150) to work on /home/airflow/.local/lib/python3.8/site-packages/airflow/example_dags/example_latest_only.py
[2026-03-12T11:15:28.899+0000] {processor.py:830} INFO - Processing file /home/airflow/.local/lib/python3.8/site-packages/airflow/example_dags/example_latest_only.py for tasks to queue
[2026-03-12T11:15:28.901+0000] {logging_mixin.py:188} INFO - [2026-03-12T11:15:28.901+0000] {dagbag.py:538} INFO - Filling up the DagBag from /home/airflow/.local/lib/python3.8/site-packages/airflow/example_dags/example_latest_only.py
[2026-03-12T11:15:28.906+0000] {processor.py:840} INFO - DAG(s) 'latest_only' retrieved from /home/airflow/.local/lib/python3.8/site-packages/airflow/example_dags/example_latest_only.py
[2026-03-12T11:15:28.925+0000] {logging_mixin.py:188} INFO - [2026-03-12T11:15:28.924+0000] {dag.py:3036} INFO - Sync 1 DAGs
[2026-03-12T11:15:28.944+0000] {logging_mixin.py:188} INFO - [2026-03-12T11:15:28.944+0000] {dag.py:3823} INFO - Setting next_dagrun for latest_only to 2026-03-12 04:00:00+00:00, run_after=2026-03-12 08:00:00+00:00
[2026-03-12T11:15:28.962+0000] {processor.py:183} INFO - Processing /home/airflow/.local/lib/python3.8/site-packages/airflow/example_dags/example_latest_only.py took 0.068 seconds
