[2026-03-12T17:44:51.411+0000] {taskinstance.py:1956} INFO - Dependencies all met for dep_context=non-requeueable deps ti=<TaskInstance: data_pipeline_local.check_file manual__2026-03-12T17:44:49.487661+00:00 [queued]>
[2026-03-12T17:44:51.420+0000] {taskinstance.py:1956} INFO - Dependencies all met for dep_context=requeueable deps ti=<TaskInstance: data_pipeline_local.check_file manual__2026-03-12T17:44:49.487661+00:00 [queued]>
[2026-03-12T17:44:51.422+0000] {taskinstance.py:2170} INFO - Starting attempt 1 of 1
[2026-03-12T17:44:51.436+0000] {taskinstance.py:2191} INFO - Executing <Task(PythonOperator): check_file> on 2026-03-12 17:44:49.487661+00:00
[2026-03-12T17:44:51.442+0000] {standard_task_runner.py:60} INFO - Started process 82 to run task
[2026-03-12T17:44:51.446+0000] {standard_task_runner.py:87} INFO - Running: ['***', 'tasks', 'run', 'data_pipeline_local', 'check_file', 'manual__2026-03-12T17:44:49.487661+00:00', '--job-id', '19', '--raw', '--subdir', 'DAGS_FOLDER/first_dag.py', '--cfg-path', '/tmp/tmp4bc5g2af']
[2026-03-12T17:44:51.448+0000] {standard_task_runner.py:88} INFO - Job 19: Subtask check_file
[2026-03-12T17:44:51.711+0000] {task_command.py:423} INFO - Running <TaskInstance: data_pipeline_local.check_file manual__2026-03-12T17:44:49.487661+00:00 [running]> on host 8278888bf0c7
[2026-03-12T17:44:51.780+0000] {taskinstance.py:2480} INFO - Exporting env vars: AIRFLOW_CTX_DAG_OWNER='***' AIRFLOW_CTX_DAG_ID='data_pipeline_local' AIRFLOW_CTX_TASK_ID='check_file' AIRFLOW_CTX_EXECUTION_DATE='2026-03-12T17:44:49.487661+00:00' AIRFLOW_CTX_TRY_NUMBER='1' AIRFLOW_CTX_DAG_RUN_ID='manual__2026-03-12T17:44:49.487661+00:00'
[2026-03-12T17:44:51.781+0000] {taskinstance.py:2698} ERROR - Task failed with exception
Traceback (most recent call last):
  File "/home/airflow/.local/lib/python3.8/site-packages/airflow/models/taskinstance.py", line 433, in _execute_task
    result = execute_callable(context=context, **execute_callable_kwargs)
  File "/home/airflow/.local/lib/python3.8/site-packages/airflow/operators/python.py", line 199, in execute
    return_value = self.execute_callable()
  File "/home/airflow/.local/lib/python3.8/site-packages/airflow/operators/python.py", line 216, in execute_callable
    return self.python_callable(*self.op_args, **self.op_kwargs)
  File "/opt/airflow/dags/first_dag.py", line 15, in check_file
    raise FileNotFoundError("CSV file not found")
FileNotFoundError: CSV file not found
[2026-03-12T17:44:51.801+0000] {taskinstance.py:1138} INFO - Marking task as FAILED. dag_id=data_pipeline_local, task_id=check_file, execution_date=20260312T174449, start_date=20260312T174451, end_date=20260312T174451
[2026-03-12T17:44:51.815+0000] {standard_task_runner.py:107} ERROR - Failed to execute job 19 for task check_file (CSV file not found; 82)
[2026-03-12T17:44:51.860+0000] {local_task_job_runner.py:234} INFO - Task exited with return code 1
[2026-03-12T17:44:52.013+0000] {taskinstance.py:3280} INFO - 0 downstream tasks scheduled from follow-on schedule check
