[2026-03-12T11:26:13.332+0000] {processor.py:161} INFO - Started process (PID=186) to work on /opt/airflow/dags/dag_file.py
[2026-03-12T11:26:13.333+0000] {processor.py:830} INFO - Processing file /opt/airflow/dags/dag_file.py for tasks to queue
[2026-03-12T11:26:13.334+0000] {logging_mixin.py:188} INFO - [2026-03-12T11:26:13.334+0000] {dagbag.py:538} INFO - Filling up the DagBag from /opt/airflow/dags/dag_file.py
[2026-03-12T11:26:13.363+0000] {processor.py:840} INFO - DAG(s) 'first_dag' retrieved from /opt/airflow/dags/dag_file.py
[2026-03-12T11:26:13.566+0000] {logging_mixin.py:188} INFO - [2026-03-12T11:26:13.566+0000] {dag.py:3036} INFO - Sync 1 DAGs
[2026-03-12T11:26:13.574+0000] {logging_mixin.py:188} INFO - [2026-03-12T11:26:13.573+0000] {dag.py:3823} INFO - Setting next_dagrun for first_dag to None, run_after=None
[2026-03-12T11:26:13.601+0000] {processor.py:183} INFO - Processing /opt/airflow/dags/dag_file.py took 0.272 seconds
[2026-03-12T11:26:43.834+0000] {processor.py:161} INFO - Started process (PID=193) to work on /opt/airflow/dags/dag_file.py
[2026-03-12T11:26:43.835+0000] {processor.py:830} INFO - Processing file /opt/airflow/dags/dag_file.py for tasks to queue
[2026-03-12T11:26:43.837+0000] {logging_mixin.py:188} INFO - [2026-03-12T11:26:43.836+0000] {dagbag.py:538} INFO - Filling up the DagBag from /opt/airflow/dags/dag_file.py
[2026-03-12T11:26:43.855+0000] {processor.py:840} INFO - DAG(s) 'first_dag' retrieved from /opt/airflow/dags/dag_file.py
[2026-03-12T11:26:43.877+0000] {logging_mixin.py:188} INFO - [2026-03-12T11:26:43.877+0000] {dag.py:3036} INFO - Sync 1 DAGs
[2026-03-12T11:26:43.890+0000] {logging_mixin.py:188} INFO - [2026-03-12T11:26:43.890+0000] {dag.py:3823} INFO - Setting next_dagrun for first_dag to None, run_after=None
[2026-03-12T11:26:43.911+0000] {processor.py:183} INFO - Processing /opt/airflow/dags/dag_file.py took 0.080 seconds
[2026-03-12T11:27:14.100+0000] {processor.py:161} INFO - Started process (PID=200) to work on /opt/airflow/dags/dag_file.py
[2026-03-12T11:27:14.102+0000] {processor.py:830} INFO - Processing file /opt/airflow/dags/dag_file.py for tasks to queue
[2026-03-12T11:27:14.104+0000] {logging_mixin.py:188} INFO - [2026-03-12T11:27:14.103+0000] {dagbag.py:538} INFO - Filling up the DagBag from /opt/airflow/dags/dag_file.py
[2026-03-12T11:27:14.142+0000] {processor.py:840} INFO - DAG(s) 'first_dag' retrieved from /opt/airflow/dags/dag_file.py
[2026-03-12T11:27:14.172+0000] {logging_mixin.py:188} INFO - [2026-03-12T11:27:14.172+0000] {dag.py:3036} INFO - Sync 1 DAGs
[2026-03-12T11:27:14.185+0000] {logging_mixin.py:188} INFO - [2026-03-12T11:27:14.185+0000] {dag.py:3823} INFO - Setting next_dagrun for first_dag to None, run_after=None
[2026-03-12T11:27:14.214+0000] {processor.py:183} INFO - Processing /opt/airflow/dags/dag_file.py took 0.119 seconds
[2026-03-12T11:27:44.399+0000] {processor.py:161} INFO - Started process (PID=207) to work on /opt/airflow/dags/dag_file.py
[2026-03-12T11:27:44.401+0000] {processor.py:830} INFO - Processing file /opt/airflow/dags/dag_file.py for tasks to queue
[2026-03-12T11:27:44.402+0000] {logging_mixin.py:188} INFO - [2026-03-12T11:27:44.401+0000] {dagbag.py:538} INFO - Filling up the DagBag from /opt/airflow/dags/dag_file.py
[2026-03-12T11:27:44.420+0000] {processor.py:840} INFO - DAG(s) 'first_dag' retrieved from /opt/airflow/dags/dag_file.py
[2026-03-12T11:27:44.441+0000] {logging_mixin.py:188} INFO - [2026-03-12T11:27:44.441+0000] {dag.py:3036} INFO - Sync 1 DAGs
[2026-03-12T11:27:44.450+0000] {logging_mixin.py:188} INFO - [2026-03-12T11:27:44.450+0000] {dag.py:3823} INFO - Setting next_dagrun for first_dag to None, run_after=None
[2026-03-12T11:27:44.468+0000] {processor.py:183} INFO - Processing /opt/airflow/dags/dag_file.py took 0.072 seconds
[2026-03-12T11:28:14.746+0000] {processor.py:161} INFO - Started process (PID=214) to work on /opt/airflow/dags/dag_file.py
[2026-03-12T11:28:14.747+0000] {processor.py:830} INFO - Processing file /opt/airflow/dags/dag_file.py for tasks to queue
[2026-03-12T11:28:14.748+0000] {logging_mixin.py:188} INFO - [2026-03-12T11:28:14.747+0000] {dagbag.py:538} INFO - Filling up the DagBag from /opt/airflow/dags/dag_file.py
[2026-03-12T11:28:14.801+0000] {processor.py:840} INFO - DAG(s) 'first_dag' retrieved from /opt/airflow/dags/dag_file.py
[2026-03-12T11:28:14.832+0000] {logging_mixin.py:188} INFO - [2026-03-12T11:28:14.832+0000] {dag.py:3036} INFO - Sync 1 DAGs
[2026-03-12T11:28:14.849+0000] {logging_mixin.py:188} INFO - [2026-03-12T11:28:14.848+0000] {dag.py:3823} INFO - Setting next_dagrun for first_dag to None, run_after=None
[2026-03-12T11:28:14.871+0000] {processor.py:183} INFO - Processing /opt/airflow/dags/dag_file.py took 0.128 seconds
[2026-03-12T11:28:45.363+0000] {processor.py:161} INFO - Started process (PID=227) to work on /opt/airflow/dags/dag_file.py
[2026-03-12T11:28:45.365+0000] {processor.py:830} INFO - Processing file /opt/airflow/dags/dag_file.py for tasks to queue
[2026-03-12T11:28:45.367+0000] {logging_mixin.py:188} INFO - [2026-03-12T11:28:45.367+0000] {dagbag.py:538} INFO - Filling up the DagBag from /opt/airflow/dags/dag_file.py
[2026-03-12T11:28:45.420+0000] {processor.py:840} INFO - DAG(s) 'first_dag' retrieved from /opt/airflow/dags/dag_file.py
[2026-03-12T11:28:45.445+0000] {logging_mixin.py:188} INFO - [2026-03-12T11:28:45.445+0000] {dag.py:3036} INFO - Sync 1 DAGs
[2026-03-12T11:28:45.456+0000] {logging_mixin.py:188} INFO - [2026-03-12T11:28:45.456+0000] {dag.py:3823} INFO - Setting next_dagrun for first_dag to None, run_after=None
[2026-03-12T11:28:45.517+0000] {processor.py:183} INFO - Processing /opt/airflow/dags/dag_file.py took 0.159 seconds
[2026-03-12T11:29:15.801+0000] {processor.py:161} INFO - Started process (PID=240) to work on /opt/airflow/dags/dag_file.py
[2026-03-12T11:29:15.802+0000] {processor.py:830} INFO - Processing file /opt/airflow/dags/dag_file.py for tasks to queue
[2026-03-12T11:29:15.803+0000] {logging_mixin.py:188} INFO - [2026-03-12T11:29:15.803+0000] {dagbag.py:538} INFO - Filling up the DagBag from /opt/airflow/dags/dag_file.py
[2026-03-12T11:29:15.819+0000] {processor.py:840} INFO - DAG(s) 'first_dag' retrieved from /opt/airflow/dags/dag_file.py
[2026-03-12T11:29:15.843+0000] {logging_mixin.py:188} INFO - [2026-03-12T11:29:15.843+0000] {dag.py:3036} INFO - Sync 1 DAGs
[2026-03-12T11:29:15.857+0000] {logging_mixin.py:188} INFO - [2026-03-12T11:29:15.856+0000] {dag.py:3823} INFO - Setting next_dagrun for first_dag to None, run_after=None
[2026-03-12T11:29:15.884+0000] {processor.py:183} INFO - Processing /opt/airflow/dags/dag_file.py took 0.086 seconds
[2026-03-12T11:29:46.274+0000] {processor.py:161} INFO - Started process (PID=254) to work on /opt/airflow/dags/dag_file.py
[2026-03-12T11:29:46.276+0000] {processor.py:830} INFO - Processing file /opt/airflow/dags/dag_file.py for tasks to queue
[2026-03-12T11:29:46.277+0000] {logging_mixin.py:188} INFO - [2026-03-12T11:29:46.276+0000] {dagbag.py:538} INFO - Filling up the DagBag from /opt/airflow/dags/dag_file.py
[2026-03-12T11:29:46.294+0000] {processor.py:840} INFO - DAG(s) 'first_dag' retrieved from /opt/airflow/dags/dag_file.py
[2026-03-12T11:29:46.315+0000] {logging_mixin.py:188} INFO - [2026-03-12T11:29:46.315+0000] {dag.py:3036} INFO - Sync 1 DAGs
[2026-03-12T11:29:46.325+0000] {logging_mixin.py:188} INFO - [2026-03-12T11:29:46.325+0000] {dag.py:3823} INFO - Setting next_dagrun for first_dag to None, run_after=None
[2026-03-12T11:29:46.341+0000] {processor.py:183} INFO - Processing /opt/airflow/dags/dag_file.py took 0.070 seconds
[2026-03-12T11:30:16.573+0000] {processor.py:161} INFO - Started process (PID=261) to work on /opt/airflow/dags/dag_file.py
[2026-03-12T11:30:16.576+0000] {processor.py:830} INFO - Processing file /opt/airflow/dags/dag_file.py for tasks to queue
[2026-03-12T11:30:16.578+0000] {logging_mixin.py:188} INFO - [2026-03-12T11:30:16.578+0000] {dagbag.py:538} INFO - Filling up the DagBag from /opt/airflow/dags/dag_file.py
[2026-03-12T11:30:16.622+0000] {processor.py:840} INFO - DAG(s) 'first_dag' retrieved from /opt/airflow/dags/dag_file.py
[2026-03-12T11:30:16.687+0000] {logging_mixin.py:188} INFO - [2026-03-12T11:30:16.687+0000] {dag.py:3036} INFO - Sync 1 DAGs
[2026-03-12T11:30:16.702+0000] {logging_mixin.py:188} INFO - [2026-03-12T11:30:16.702+0000] {dag.py:3823} INFO - Setting next_dagrun for first_dag to None, run_after=None
[2026-03-12T11:30:16.776+0000] {processor.py:183} INFO - Processing /opt/airflow/dags/dag_file.py took 0.225 seconds
[2026-03-12T11:30:47.215+0000] {processor.py:161} INFO - Started process (PID=268) to work on /opt/airflow/dags/dag_file.py
[2026-03-12T11:30:47.222+0000] {processor.py:830} INFO - Processing file /opt/airflow/dags/dag_file.py for tasks to queue
[2026-03-12T11:30:47.229+0000] {logging_mixin.py:188} INFO - [2026-03-12T11:30:47.227+0000] {dagbag.py:538} INFO - Filling up the DagBag from /opt/airflow/dags/dag_file.py
[2026-03-12T11:30:47.405+0000] {processor.py:840} INFO - DAG(s) 'first_dag' retrieved from /opt/airflow/dags/dag_file.py
[2026-03-12T11:30:47.549+0000] {logging_mixin.py:188} INFO - [2026-03-12T11:30:47.549+0000] {dag.py:3036} INFO - Sync 1 DAGs
[2026-03-12T11:30:47.596+0000] {logging_mixin.py:188} INFO - [2026-03-12T11:30:47.596+0000] {dag.py:3823} INFO - Setting next_dagrun for first_dag to None, run_after=None
[2026-03-12T11:30:47.673+0000] {processor.py:183} INFO - Processing /opt/airflow/dags/dag_file.py took 0.495 seconds
[2026-03-12T11:31:18.078+0000] {processor.py:161} INFO - Started process (PID=275) to work on /opt/airflow/dags/dag_file.py
[2026-03-12T11:31:18.081+0000] {processor.py:830} INFO - Processing file /opt/airflow/dags/dag_file.py for tasks to queue
[2026-03-12T11:31:18.085+0000] {logging_mixin.py:188} INFO - [2026-03-12T11:31:18.083+0000] {dagbag.py:538} INFO - Filling up the DagBag from /opt/airflow/dags/dag_file.py
[2026-03-12T11:31:18.165+0000] {processor.py:840} INFO - DAG(s) 'first_dag' retrieved from /opt/airflow/dags/dag_file.py
[2026-03-12T11:31:18.297+0000] {logging_mixin.py:188} INFO - [2026-03-12T11:31:18.297+0000] {dag.py:3036} INFO - Sync 1 DAGs
[2026-03-12T11:31:18.345+0000] {logging_mixin.py:188} INFO - [2026-03-12T11:31:18.345+0000] {dag.py:3823} INFO - Setting next_dagrun for first_dag to None, run_after=None
[2026-03-12T11:31:18.374+0000] {processor.py:183} INFO - Processing /opt/airflow/dags/dag_file.py took 0.306 seconds
[2026-03-12T11:31:48.744+0000] {processor.py:161} INFO - Started process (PID=282) to work on /opt/airflow/dags/dag_file.py
[2026-03-12T11:31:48.749+0000] {processor.py:830} INFO - Processing file /opt/airflow/dags/dag_file.py for tasks to queue
[2026-03-12T11:31:48.752+0000] {logging_mixin.py:188} INFO - [2026-03-12T11:31:48.751+0000] {dagbag.py:538} INFO - Filling up the DagBag from /opt/airflow/dags/dag_file.py
[2026-03-12T11:31:48.824+0000] {processor.py:840} INFO - DAG(s) 'first_dag' retrieved from /opt/airflow/dags/dag_file.py
[2026-03-12T11:31:48.883+0000] {logging_mixin.py:188} INFO - [2026-03-12T11:31:48.882+0000] {dag.py:3036} INFO - Sync 1 DAGs
[2026-03-12T11:31:48.910+0000] {logging_mixin.py:188} INFO - [2026-03-12T11:31:48.910+0000] {dag.py:3823} INFO - Setting next_dagrun for first_dag to None, run_after=None
[2026-03-12T11:31:48.950+0000] {processor.py:183} INFO - Processing /opt/airflow/dags/dag_file.py took 0.217 seconds
[2026-03-12T11:32:19.180+0000] {processor.py:161} INFO - Started process (PID=289) to work on /opt/airflow/dags/dag_file.py
[2026-03-12T11:32:19.187+0000] {processor.py:830} INFO - Processing file /opt/airflow/dags/dag_file.py for tasks to queue
[2026-03-12T11:32:19.190+0000] {logging_mixin.py:188} INFO - [2026-03-12T11:32:19.189+0000] {dagbag.py:538} INFO - Filling up the DagBag from /opt/airflow/dags/dag_file.py
[2026-03-12T11:32:19.248+0000] {processor.py:840} INFO - DAG(s) 'first_dag' retrieved from /opt/airflow/dags/dag_file.py
[2026-03-12T11:32:19.306+0000] {logging_mixin.py:188} INFO - [2026-03-12T11:32:19.306+0000] {dag.py:3036} INFO - Sync 1 DAGs
[2026-03-12T11:32:19.327+0000] {logging_mixin.py:188} INFO - [2026-03-12T11:32:19.327+0000] {dag.py:3823} INFO - Setting next_dagrun for first_dag to None, run_after=None
[2026-03-12T11:32:19.357+0000] {processor.py:183} INFO - Processing /opt/airflow/dags/dag_file.py took 0.190 seconds
[2026-03-12T11:32:49.671+0000] {processor.py:161} INFO - Started process (PID=296) to work on /opt/airflow/dags/dag_file.py
[2026-03-12T11:32:49.679+0000] {processor.py:830} INFO - Processing file /opt/airflow/dags/dag_file.py for tasks to queue
[2026-03-12T11:32:49.686+0000] {logging_mixin.py:188} INFO - [2026-03-12T11:32:49.683+0000] {dagbag.py:538} INFO - Filling up the DagBag from /opt/airflow/dags/dag_file.py
[2026-03-12T11:32:49.806+0000] {processor.py:840} INFO - DAG(s) 'first_dag' retrieved from /opt/airflow/dags/dag_file.py
[2026-03-12T11:32:49.937+0000] {logging_mixin.py:188} INFO - [2026-03-12T11:32:49.936+0000] {dag.py:3036} INFO - Sync 1 DAGs
[2026-03-12T11:32:49.978+0000] {logging_mixin.py:188} INFO - [2026-03-12T11:32:49.978+0000] {dag.py:3823} INFO - Setting next_dagrun for first_dag to None, run_after=None
[2026-03-12T11:32:50.018+0000] {processor.py:183} INFO - Processing /opt/airflow/dags/dag_file.py took 0.378 seconds
[2026-03-12T11:33:20.277+0000] {processor.py:161} INFO - Started process (PID=303) to work on /opt/airflow/dags/dag_file.py
[2026-03-12T11:33:20.279+0000] {processor.py:830} INFO - Processing file /opt/airflow/dags/dag_file.py for tasks to queue
[2026-03-12T11:33:20.280+0000] {logging_mixin.py:188} INFO - [2026-03-12T11:33:20.280+0000] {dagbag.py:538} INFO - Filling up the DagBag from /opt/airflow/dags/dag_file.py
[2026-03-12T11:33:20.300+0000] {processor.py:840} INFO - DAG(s) 'first_dag' retrieved from /opt/airflow/dags/dag_file.py
[2026-03-12T11:33:20.323+0000] {logging_mixin.py:188} INFO - [2026-03-12T11:33:20.322+0000] {dag.py:3036} INFO - Sync 1 DAGs
[2026-03-12T11:33:20.334+0000] {logging_mixin.py:188} INFO - [2026-03-12T11:33:20.333+0000] {dag.py:3823} INFO - Setting next_dagrun for first_dag to None, run_after=None
[2026-03-12T11:33:20.351+0000] {processor.py:183} INFO - Processing /opt/airflow/dags/dag_file.py took 0.078 seconds
[2026-03-12T11:33:50.509+0000] {processor.py:161} INFO - Started process (PID=310) to work on /opt/airflow/dags/dag_file.py
[2026-03-12T11:33:50.511+0000] {processor.py:830} INFO - Processing file /opt/airflow/dags/dag_file.py for tasks to queue
[2026-03-12T11:33:50.511+0000] {logging_mixin.py:188} INFO - [2026-03-12T11:33:50.511+0000] {dagbag.py:538} INFO - Filling up the DagBag from /opt/airflow/dags/dag_file.py
[2026-03-12T11:33:50.528+0000] {processor.py:840} INFO - DAG(s) 'first_dag' retrieved from /opt/airflow/dags/dag_file.py
[2026-03-12T11:33:50.549+0000] {logging_mixin.py:188} INFO - [2026-03-12T11:33:50.549+0000] {dag.py:3036} INFO - Sync 1 DAGs
[2026-03-12T11:33:50.559+0000] {logging_mixin.py:188} INFO - [2026-03-12T11:33:50.558+0000] {dag.py:3823} INFO - Setting next_dagrun for first_dag to None, run_after=None
[2026-03-12T11:33:50.575+0000] {processor.py:183} INFO - Processing /opt/airflow/dags/dag_file.py took 0.069 seconds
[2026-03-12T11:34:20.808+0000] {processor.py:161} INFO - Started process (PID=317) to work on /opt/airflow/dags/dag_file.py
[2026-03-12T11:34:20.809+0000] {processor.py:830} INFO - Processing file /opt/airflow/dags/dag_file.py for tasks to queue
[2026-03-12T11:34:20.810+0000] {logging_mixin.py:188} INFO - [2026-03-12T11:34:20.810+0000] {dagbag.py:538} INFO - Filling up the DagBag from /opt/airflow/dags/dag_file.py
[2026-03-12T11:34:20.850+0000] {processor.py:840} INFO - DAG(s) 'first_dag' retrieved from /opt/airflow/dags/dag_file.py
[2026-03-12T11:34:20.877+0000] {logging_mixin.py:188} INFO - [2026-03-12T11:34:20.877+0000] {dag.py:3036} INFO - Sync 1 DAGs
[2026-03-12T11:34:20.890+0000] {logging_mixin.py:188} INFO - [2026-03-12T11:34:20.889+0000] {dag.py:3823} INFO - Setting next_dagrun for first_dag to None, run_after=None
[2026-03-12T11:34:20.915+0000] {processor.py:183} INFO - Processing /opt/airflow/dags/dag_file.py took 0.110 seconds
[2026-03-12T11:34:51.069+0000] {processor.py:161} INFO - Started process (PID=324) to work on /opt/airflow/dags/dag_file.py
[2026-03-12T11:34:51.070+0000] {processor.py:830} INFO - Processing file /opt/airflow/dags/dag_file.py for tasks to queue
[2026-03-12T11:34:51.071+0000] {logging_mixin.py:188} INFO - [2026-03-12T11:34:51.071+0000] {dagbag.py:538} INFO - Filling up the DagBag from /opt/airflow/dags/dag_file.py
[2026-03-12T11:34:51.088+0000] {processor.py:840} INFO - DAG(s) 'first_dag' retrieved from /opt/airflow/dags/dag_file.py
[2026-03-12T11:34:51.111+0000] {logging_mixin.py:188} INFO - [2026-03-12T11:34:51.110+0000] {dag.py:3036} INFO - Sync 1 DAGs
[2026-03-12T11:34:51.119+0000] {logging_mixin.py:188} INFO - [2026-03-12T11:34:51.119+0000] {dag.py:3823} INFO - Setting next_dagrun for first_dag to None, run_after=None
[2026-03-12T11:34:51.137+0000] {processor.py:183} INFO - Processing /opt/airflow/dags/dag_file.py took 0.071 seconds
[2026-03-12T11:35:21.400+0000] {processor.py:161} INFO - Started process (PID=331) to work on /opt/airflow/dags/dag_file.py
[2026-03-12T11:35:21.401+0000] {processor.py:830} INFO - Processing file /opt/airflow/dags/dag_file.py for tasks to queue
[2026-03-12T11:35:21.402+0000] {logging_mixin.py:188} INFO - [2026-03-12T11:35:21.402+0000] {dagbag.py:538} INFO - Filling up the DagBag from /opt/airflow/dags/dag_file.py
[2026-03-12T11:35:21.419+0000] {processor.py:840} INFO - DAG(s) 'first_dag' retrieved from /opt/airflow/dags/dag_file.py
[2026-03-12T11:35:21.438+0000] {logging_mixin.py:188} INFO - [2026-03-12T11:35:21.438+0000] {dag.py:3036} INFO - Sync 1 DAGs
[2026-03-12T11:35:21.448+0000] {logging_mixin.py:188} INFO - [2026-03-12T11:35:21.448+0000] {dag.py:3823} INFO - Setting next_dagrun for first_dag to None, run_after=None
[2026-03-12T11:35:21.465+0000] {processor.py:183} INFO - Processing /opt/airflow/dags/dag_file.py took 0.067 seconds
[2026-03-12T11:35:51.677+0000] {processor.py:161} INFO - Started process (PID=338) to work on /opt/airflow/dags/dag_file.py
[2026-03-12T11:35:51.678+0000] {processor.py:830} INFO - Processing file /opt/airflow/dags/dag_file.py for tasks to queue
[2026-03-12T11:35:51.679+0000] {logging_mixin.py:188} INFO - [2026-03-12T11:35:51.679+0000] {dagbag.py:538} INFO - Filling up the DagBag from /opt/airflow/dags/dag_file.py
[2026-03-12T11:35:51.706+0000] {processor.py:840} INFO - DAG(s) 'first_dag' retrieved from /opt/airflow/dags/dag_file.py
[2026-03-12T11:35:51.728+0000] {logging_mixin.py:188} INFO - [2026-03-12T11:35:51.727+0000] {dag.py:3036} INFO - Sync 1 DAGs
[2026-03-12T11:35:51.738+0000] {logging_mixin.py:188} INFO - [2026-03-12T11:35:51.738+0000] {dag.py:3823} INFO - Setting next_dagrun for first_dag to None, run_after=None
[2026-03-12T11:35:51.759+0000] {processor.py:183} INFO - Processing /opt/airflow/dags/dag_file.py took 0.086 seconds
[2026-03-12T11:36:22.056+0000] {processor.py:161} INFO - Started process (PID=351) to work on /opt/airflow/dags/dag_file.py
[2026-03-12T11:36:22.057+0000] {processor.py:830} INFO - Processing file /opt/airflow/dags/dag_file.py for tasks to queue
[2026-03-12T11:36:22.058+0000] {logging_mixin.py:188} INFO - [2026-03-12T11:36:22.058+0000] {dagbag.py:538} INFO - Filling up the DagBag from /opt/airflow/dags/dag_file.py
[2026-03-12T11:36:22.074+0000] {processor.py:840} INFO - DAG(s) 'first_dag' retrieved from /opt/airflow/dags/dag_file.py
[2026-03-12T11:36:22.093+0000] {logging_mixin.py:188} INFO - [2026-03-12T11:36:22.093+0000] {dag.py:3036} INFO - Sync 1 DAGs
[2026-03-12T11:36:22.107+0000] {logging_mixin.py:188} INFO - [2026-03-12T11:36:22.106+0000] {dag.py:3823} INFO - Setting next_dagrun for first_dag to None, run_after=None
[2026-03-12T11:36:22.129+0000] {processor.py:183} INFO - Processing /opt/airflow/dags/dag_file.py took 0.075 seconds
[2026-03-12T11:36:52.334+0000] {processor.py:161} INFO - Started process (PID=358) to work on /opt/airflow/dags/dag_file.py
[2026-03-12T11:36:52.336+0000] {processor.py:830} INFO - Processing file /opt/airflow/dags/dag_file.py for tasks to queue
[2026-03-12T11:36:52.337+0000] {logging_mixin.py:188} INFO - [2026-03-12T11:36:52.337+0000] {dagbag.py:538} INFO - Filling up the DagBag from /opt/airflow/dags/dag_file.py
[2026-03-12T11:36:52.365+0000] {processor.py:840} INFO - DAG(s) 'first_dag' retrieved from /opt/airflow/dags/dag_file.py
[2026-03-12T11:36:52.388+0000] {logging_mixin.py:188} INFO - [2026-03-12T11:36:52.388+0000] {dag.py:3036} INFO - Sync 1 DAGs
[2026-03-12T11:36:52.399+0000] {logging_mixin.py:188} INFO - [2026-03-12T11:36:52.399+0000] {dag.py:3823} INFO - Setting next_dagrun for first_dag to None, run_after=None
[2026-03-12T11:36:52.429+0000] {processor.py:183} INFO - Processing /opt/airflow/dags/dag_file.py took 0.097 seconds
[2026-03-12T11:37:22.594+0000] {processor.py:161} INFO - Started process (PID=365) to work on /opt/airflow/dags/dag_file.py
[2026-03-12T11:37:22.596+0000] {processor.py:830} INFO - Processing file /opt/airflow/dags/dag_file.py for tasks to queue
[2026-03-12T11:37:22.597+0000] {logging_mixin.py:188} INFO - [2026-03-12T11:37:22.597+0000] {dagbag.py:538} INFO - Filling up the DagBag from /opt/airflow/dags/dag_file.py
[2026-03-12T11:37:22.616+0000] {processor.py:840} INFO - DAG(s) 'first_dag' retrieved from /opt/airflow/dags/dag_file.py
[2026-03-12T11:37:22.640+0000] {logging_mixin.py:188} INFO - [2026-03-12T11:37:22.640+0000] {dag.py:3036} INFO - Sync 1 DAGs
[2026-03-12T11:37:22.649+0000] {logging_mixin.py:188} INFO - [2026-03-12T11:37:22.649+0000] {dag.py:3823} INFO - Setting next_dagrun for first_dag to None, run_after=None
[2026-03-12T11:37:22.668+0000] {processor.py:183} INFO - Processing /opt/airflow/dags/dag_file.py took 0.076 seconds
[2026-03-12T11:37:53.049+0000] {processor.py:161} INFO - Started process (PID=372) to work on /opt/airflow/dags/dag_file.py
[2026-03-12T11:37:53.051+0000] {processor.py:830} INFO - Processing file /opt/airflow/dags/dag_file.py for tasks to queue
[2026-03-12T11:37:53.052+0000] {logging_mixin.py:188} INFO - [2026-03-12T11:37:53.052+0000] {dagbag.py:538} INFO - Filling up the DagBag from /opt/airflow/dags/dag_file.py
[2026-03-12T11:37:53.073+0000] {processor.py:840} INFO - DAG(s) 'first_dag' retrieved from /opt/airflow/dags/dag_file.py
[2026-03-12T11:37:53.095+0000] {logging_mixin.py:188} INFO - [2026-03-12T11:37:53.094+0000] {dag.py:3036} INFO - Sync 1 DAGs
[2026-03-12T11:37:53.106+0000] {logging_mixin.py:188} INFO - [2026-03-12T11:37:53.106+0000] {dag.py:3823} INFO - Setting next_dagrun for first_dag to None, run_after=None
[2026-03-12T11:37:53.142+0000] {processor.py:183} INFO - Processing /opt/airflow/dags/dag_file.py took 0.096 seconds
[2026-03-12T11:38:23.309+0000] {processor.py:161} INFO - Started process (PID=379) to work on /opt/airflow/dags/dag_file.py
[2026-03-12T11:38:23.310+0000] {processor.py:830} INFO - Processing file /opt/airflow/dags/dag_file.py for tasks to queue
[2026-03-12T11:38:23.311+0000] {logging_mixin.py:188} INFO - [2026-03-12T11:38:23.311+0000] {dagbag.py:538} INFO - Filling up the DagBag from /opt/airflow/dags/dag_file.py
[2026-03-12T11:38:23.334+0000] {processor.py:840} INFO - DAG(s) 'first_dag' retrieved from /opt/airflow/dags/dag_file.py
[2026-03-12T11:38:23.357+0000] {logging_mixin.py:188} INFO - [2026-03-12T11:38:23.357+0000] {dag.py:3036} INFO - Sync 1 DAGs
[2026-03-12T11:38:23.370+0000] {logging_mixin.py:188} INFO - [2026-03-12T11:38:23.370+0000] {dag.py:3823} INFO - Setting next_dagrun for first_dag to None, run_after=None
[2026-03-12T11:38:23.392+0000] {processor.py:183} INFO - Processing /opt/airflow/dags/dag_file.py took 0.086 seconds
[2026-03-12T11:38:53.796+0000] {processor.py:161} INFO - Started process (PID=386) to work on /opt/airflow/dags/dag_file.py
[2026-03-12T11:38:53.799+0000] {processor.py:830} INFO - Processing file /opt/airflow/dags/dag_file.py for tasks to queue
[2026-03-12T11:38:53.800+0000] {logging_mixin.py:188} INFO - [2026-03-12T11:38:53.800+0000] {dagbag.py:538} INFO - Filling up the DagBag from /opt/airflow/dags/dag_file.py
[2026-03-12T11:38:53.854+0000] {processor.py:840} INFO - DAG(s) 'first_dag' retrieved from /opt/airflow/dags/dag_file.py
[2026-03-12T11:38:53.877+0000] {logging_mixin.py:188} INFO - [2026-03-12T11:38:53.877+0000] {dag.py:3036} INFO - Sync 1 DAGs
[2026-03-12T11:38:53.887+0000] {logging_mixin.py:188} INFO - [2026-03-12T11:38:53.887+0000] {dag.py:3823} INFO - Setting next_dagrun for first_dag to None, run_after=None
[2026-03-12T11:38:53.917+0000] {processor.py:183} INFO - Processing /opt/airflow/dags/dag_file.py took 0.128 seconds
[2026-03-12T11:39:24.319+0000] {processor.py:161} INFO - Started process (PID=393) to work on /opt/airflow/dags/dag_file.py
[2026-03-12T11:39:24.326+0000] {processor.py:830} INFO - Processing file /opt/airflow/dags/dag_file.py for tasks to queue
[2026-03-12T11:39:24.329+0000] {logging_mixin.py:188} INFO - [2026-03-12T11:39:24.329+0000] {dagbag.py:538} INFO - Filling up the DagBag from /opt/airflow/dags/dag_file.py
[2026-03-12T11:39:24.476+0000] {processor.py:840} INFO - DAG(s) 'first_dag' retrieved from /opt/airflow/dags/dag_file.py
[2026-03-12T11:39:24.505+0000] {logging_mixin.py:188} INFO - [2026-03-12T11:39:24.505+0000] {dag.py:3036} INFO - Sync 1 DAGs
[2026-03-12T11:39:24.517+0000] {logging_mixin.py:188} INFO - [2026-03-12T11:39:24.517+0000] {dag.py:3823} INFO - Setting next_dagrun for first_dag to None, run_after=None
[2026-03-12T11:39:24.545+0000] {processor.py:183} INFO - Processing /opt/airflow/dags/dag_file.py took 0.233 seconds
[2026-03-12T11:39:54.914+0000] {processor.py:161} INFO - Started process (PID=400) to work on /opt/airflow/dags/dag_file.py
[2026-03-12T11:39:54.915+0000] {processor.py:830} INFO - Processing file /opt/airflow/dags/dag_file.py for tasks to queue
[2026-03-12T11:39:54.916+0000] {logging_mixin.py:188} INFO - [2026-03-12T11:39:54.916+0000] {dagbag.py:538} INFO - Filling up the DagBag from /opt/airflow/dags/dag_file.py
[2026-03-12T11:39:54.957+0000] {processor.py:840} INFO - DAG(s) 'first_dag' retrieved from /opt/airflow/dags/dag_file.py
[2026-03-12T11:39:54.976+0000] {logging_mixin.py:188} INFO - [2026-03-12T11:39:54.976+0000] {dag.py:3036} INFO - Sync 1 DAGs
[2026-03-12T11:39:54.986+0000] {logging_mixin.py:188} INFO - [2026-03-12T11:39:54.986+0000] {dag.py:3823} INFO - Setting next_dagrun for first_dag to None, run_after=None
[2026-03-12T11:39:55.006+0000] {processor.py:183} INFO - Processing /opt/airflow/dags/dag_file.py took 0.095 seconds
[2026-03-12T11:40:25.213+0000] {processor.py:161} INFO - Started process (PID=413) to work on /opt/airflow/dags/dag_file.py
[2026-03-12T11:40:25.215+0000] {processor.py:830} INFO - Processing file /opt/airflow/dags/dag_file.py for tasks to queue
[2026-03-12T11:40:25.216+0000] {logging_mixin.py:188} INFO - [2026-03-12T11:40:25.216+0000] {dagbag.py:538} INFO - Filling up the DagBag from /opt/airflow/dags/dag_file.py
[2026-03-12T11:40:25.249+0000] {processor.py:840} INFO - DAG(s) 'first_dag' retrieved from /opt/airflow/dags/dag_file.py
[2026-03-12T11:40:25.269+0000] {logging_mixin.py:188} INFO - [2026-03-12T11:40:25.269+0000] {dag.py:3036} INFO - Sync 1 DAGs
[2026-03-12T11:40:25.278+0000] {logging_mixin.py:188} INFO - [2026-03-12T11:40:25.278+0000] {dag.py:3823} INFO - Setting next_dagrun for first_dag to None, run_after=None
[2026-03-12T11:40:25.296+0000] {processor.py:183} INFO - Processing /opt/airflow/dags/dag_file.py took 0.086 seconds
[2026-03-12T11:40:55.450+0000] {processor.py:161} INFO - Started process (PID=420) to work on /opt/airflow/dags/dag_file.py
[2026-03-12T11:40:55.452+0000] {processor.py:830} INFO - Processing file /opt/airflow/dags/dag_file.py for tasks to queue
[2026-03-12T11:40:55.453+0000] {logging_mixin.py:188} INFO - [2026-03-12T11:40:55.453+0000] {dagbag.py:538} INFO - Filling up the DagBag from /opt/airflow/dags/dag_file.py
[2026-03-12T11:40:55.470+0000] {processor.py:840} INFO - DAG(s) 'first_dag' retrieved from /opt/airflow/dags/dag_file.py
[2026-03-12T11:40:55.489+0000] {logging_mixin.py:188} INFO - [2026-03-12T11:40:55.489+0000] {dag.py:3036} INFO - Sync 1 DAGs
[2026-03-12T11:40:55.499+0000] {logging_mixin.py:188} INFO - [2026-03-12T11:40:55.499+0000] {dag.py:3823} INFO - Setting next_dagrun for first_dag to None, run_after=None
[2026-03-12T11:40:55.518+0000] {processor.py:183} INFO - Processing /opt/airflow/dags/dag_file.py took 0.071 seconds
[2026-03-12T11:41:25.711+0000] {processor.py:161} INFO - Started process (PID=427) to work on /opt/airflow/dags/dag_file.py
[2026-03-12T11:41:25.713+0000] {processor.py:830} INFO - Processing file /opt/airflow/dags/dag_file.py for tasks to queue
[2026-03-12T11:41:25.715+0000] {logging_mixin.py:188} INFO - [2026-03-12T11:41:25.715+0000] {dagbag.py:538} INFO - Filling up the DagBag from /opt/airflow/dags/dag_file.py
[2026-03-12T11:41:25.735+0000] {processor.py:840} INFO - DAG(s) 'first_dag' retrieved from /opt/airflow/dags/dag_file.py
[2026-03-12T11:41:25.758+0000] {logging_mixin.py:188} INFO - [2026-03-12T11:41:25.758+0000] {dag.py:3036} INFO - Sync 1 DAGs
[2026-03-12T11:41:25.767+0000] {logging_mixin.py:188} INFO - [2026-03-12T11:41:25.767+0000] {dag.py:3823} INFO - Setting next_dagrun for first_dag to None, run_after=None
[2026-03-12T11:41:25.782+0000] {processor.py:183} INFO - Processing /opt/airflow/dags/dag_file.py took 0.074 seconds
[2026-03-12T11:41:56.041+0000] {processor.py:161} INFO - Started process (PID=434) to work on /opt/airflow/dags/dag_file.py
[2026-03-12T11:41:56.042+0000] {processor.py:830} INFO - Processing file /opt/airflow/dags/dag_file.py for tasks to queue
[2026-03-12T11:41:56.043+0000] {logging_mixin.py:188} INFO - [2026-03-12T11:41:56.043+0000] {dagbag.py:538} INFO - Filling up the DagBag from /opt/airflow/dags/dag_file.py
[2026-03-12T11:41:56.057+0000] {processor.py:840} INFO - DAG(s) 'first_dag' retrieved from /opt/airflow/dags/dag_file.py
[2026-03-12T11:41:56.077+0000] {logging_mixin.py:188} INFO - [2026-03-12T11:41:56.077+0000] {dag.py:3036} INFO - Sync 1 DAGs
[2026-03-12T11:41:56.086+0000] {logging_mixin.py:188} INFO - [2026-03-12T11:41:56.086+0000] {dag.py:3823} INFO - Setting next_dagrun for first_dag to None, run_after=None
[2026-03-12T11:41:56.110+0000] {processor.py:183} INFO - Processing /opt/airflow/dags/dag_file.py took 0.072 seconds
[2026-03-12T11:42:26.256+0000] {processor.py:161} INFO - Started process (PID=441) to work on /opt/airflow/dags/dag_file.py
[2026-03-12T11:42:26.258+0000] {processor.py:830} INFO - Processing file /opt/airflow/dags/dag_file.py for tasks to queue
[2026-03-12T11:42:26.259+0000] {logging_mixin.py:188} INFO - [2026-03-12T11:42:26.258+0000] {dagbag.py:538} INFO - Filling up the DagBag from /opt/airflow/dags/dag_file.py
[2026-03-12T11:42:26.282+0000] {processor.py:840} INFO - DAG(s) 'first_dag' retrieved from /opt/airflow/dags/dag_file.py
[2026-03-12T11:42:26.305+0000] {logging_mixin.py:188} INFO - [2026-03-12T11:42:26.305+0000] {dag.py:3036} INFO - Sync 1 DAGs
[2026-03-12T11:42:26.316+0000] {logging_mixin.py:188} INFO - [2026-03-12T11:42:26.316+0000] {dag.py:3823} INFO - Setting next_dagrun for first_dag to None, run_after=None
[2026-03-12T11:42:26.333+0000] {processor.py:183} INFO - Processing /opt/airflow/dags/dag_file.py took 0.081 seconds
[2026-03-12T11:42:56.618+0000] {processor.py:161} INFO - Started process (PID=448) to work on /opt/airflow/dags/dag_file.py
[2026-03-12T11:42:56.624+0000] {processor.py:830} INFO - Processing file /opt/airflow/dags/dag_file.py for tasks to queue
[2026-03-12T11:42:56.628+0000] {logging_mixin.py:188} INFO - [2026-03-12T11:42:56.627+0000] {dagbag.py:538} INFO - Filling up the DagBag from /opt/airflow/dags/dag_file.py
[2026-03-12T11:42:56.728+0000] {processor.py:840} INFO - DAG(s) 'first_dag' retrieved from /opt/airflow/dags/dag_file.py
[2026-03-12T11:42:56.772+0000] {logging_mixin.py:188} INFO - [2026-03-12T11:42:56.772+0000] {dag.py:3036} INFO - Sync 1 DAGs
[2026-03-12T11:42:56.789+0000] {logging_mixin.py:188} INFO - [2026-03-12T11:42:56.788+0000] {dag.py:3823} INFO - Setting next_dagrun for first_dag to None, run_after=None
[2026-03-12T11:42:56.828+0000] {processor.py:183} INFO - Processing /opt/airflow/dags/dag_file.py took 0.218 seconds
