[2026-03-12T17:45:56.049+0000] {taskinstance.py:1956} INFO - Dependencies all met for dep_context=non-requeueable deps ti=<TaskInstance: data_pipeline_local.check_file manual__2026-03-12T17:45:53.847087+00:00 [queued]>
[2026-03-12T17:45:56.057+0000] {taskinstance.py:1956} INFO - Dependencies all met for dep_context=requeueable deps ti=<TaskInstance: data_pipeline_local.check_file manual__2026-03-12T17:45:53.847087+00:00 [queued]>
[2026-03-12T17:45:56.058+0000] {taskinstance.py:2170} INFO - Starting attempt 1 of 1
[2026-03-12T17:45:56.070+0000] {taskinstance.py:2191} INFO - Executing <Task(PythonOperator): check_file> on 2026-03-12 17:45:53.847087+00:00
[2026-03-12T17:45:56.075+0000] {standard_task_runner.py:60} INFO - Started process 104 to run task
[2026-03-12T17:45:56.078+0000] {standard_task_runner.py:87} INFO - Running: ['***', 'tasks', 'run', 'data_pipeline_local', 'check_file', 'manual__2026-03-12T17:45:53.847087+00:00', '--job-id', '21', '--raw', '--subdir', 'DAGS_FOLDER/first_dag.py', '--cfg-path', '/tmp/tmp4q90akpy']
[2026-03-12T17:45:56.081+0000] {standard_task_runner.py:88} INFO - Job 21: Subtask check_file
[2026-03-12T17:45:56.145+0000] {task_command.py:423} INFO - Running <TaskInstance: data_pipeline_local.check_file manual__2026-03-12T17:45:53.847087+00:00 [running]> on host 8278888bf0c7
[2026-03-12T17:45:56.379+0000] {taskinstance.py:2480} INFO - Exporting env vars: AIRFLOW_CTX_DAG_OWNER='***' AIRFLOW_CTX_DAG_ID='data_pipeline_local' AIRFLOW_CTX_TASK_ID='check_file' AIRFLOW_CTX_EXECUTION_DATE='2026-03-12T17:45:53.847087+00:00' AIRFLOW_CTX_TRY_NUMBER='1' AIRFLOW_CTX_DAG_RUN_ID='manual__2026-03-12T17:45:53.847087+00:00'
[2026-03-12T17:45:56.381+0000] {taskinstance.py:2698} ERROR - Task failed with exception
Traceback (most recent call last):
  File "/home/airflow/.local/lib/python3.8/site-packages/airflow/models/taskinstance.py", line 433, in _execute_task
    result = execute_callable(context=context, **execute_callable_kwargs)
  File "/home/airflow/.local/lib/python3.8/site-packages/airflow/operators/python.py", line 199, in execute
    return_value = self.execute_callable()
  File "/home/airflow/.local/lib/python3.8/site-packages/airflow/operators/python.py", line 216, in execute_callable
    return self.python_callable(*self.op_args, **self.op_kwargs)
  File "/opt/airflow/dags/first_dag.py", line 15, in check_file
    raise FileNotFoundError("CSV file not found")
FileNotFoundError: CSV file not found
[2026-03-12T17:45:56.393+0000] {taskinstance.py:1138} INFO - Marking task as FAILED. dag_id=data_pipeline_local, task_id=check_file, execution_date=20260312T174553, start_date=20260312T174556, end_date=20260312T174556
[2026-03-12T17:45:56.404+0000] {standard_task_runner.py:107} ERROR - Failed to execute job 21 for task check_file (CSV file not found; 104)
[2026-03-12T17:45:56.455+0000] {local_task_job_runner.py:234} INFO - Task exited with return code 1
[2026-03-12T17:45:56.482+0000] {taskinstance.py:3280} INFO - 0 downstream tasks scheduled from follow-on schedule check
