[2026-03-12T17:46:09.108+0000] {taskinstance.py:1956} INFO - Dependencies all met for dep_context=non-requeueable deps ti=<TaskInstance: data_pipeline_local.check_file manual__2026-03-12T17:46:07.819970+00:00 [queued]>
[2026-03-12T17:46:09.118+0000] {taskinstance.py:1956} INFO - Dependencies all met for dep_context=requeueable deps ti=<TaskInstance: data_pipeline_local.check_file manual__2026-03-12T17:46:07.819970+00:00 [queued]>
[2026-03-12T17:46:09.119+0000] {taskinstance.py:2170} INFO - Starting attempt 1 of 1
[2026-03-12T17:46:09.136+0000] {taskinstance.py:2191} INFO - Executing <Task(PythonOperator): check_file> on 2026-03-12 17:46:07.819970+00:00
[2026-03-12T17:46:09.142+0000] {standard_task_runner.py:60} INFO - Started process 115 to run task
[2026-03-12T17:46:09.146+0000] {standard_task_runner.py:87} INFO - Running: ['***', 'tasks', 'run', 'data_pipeline_local', 'check_file', 'manual__2026-03-12T17:46:07.819970+00:00', '--job-id', '22', '--raw', '--subdir', 'DAGS_FOLDER/first_dag.py', '--cfg-path', '/tmp/tmpxylg_kab']
[2026-03-12T17:46:09.150+0000] {standard_task_runner.py:88} INFO - Job 22: Subtask check_file
[2026-03-12T17:46:09.219+0000] {task_command.py:423} INFO - Running <TaskInstance: data_pipeline_local.check_file manual__2026-03-12T17:46:07.819970+00:00 [running]> on host 8278888bf0c7
[2026-03-12T17:46:09.460+0000] {taskinstance.py:2480} INFO - Exporting env vars: AIRFLOW_CTX_DAG_OWNER='***' AIRFLOW_CTX_DAG_ID='data_pipeline_local' AIRFLOW_CTX_TASK_ID='check_file' AIRFLOW_CTX_EXECUTION_DATE='2026-03-12T17:46:07.819970+00:00' AIRFLOW_CTX_TRY_NUMBER='1' AIRFLOW_CTX_DAG_RUN_ID='manual__2026-03-12T17:46:07.819970+00:00'
[2026-03-12T17:46:09.462+0000] {taskinstance.py:2698} ERROR - Task failed with exception
Traceback (most recent call last):
  File "/home/airflow/.local/lib/python3.8/site-packages/airflow/models/taskinstance.py", line 433, in _execute_task
    result = execute_callable(context=context, **execute_callable_kwargs)
  File "/home/airflow/.local/lib/python3.8/site-packages/airflow/operators/python.py", line 199, in execute
    return_value = self.execute_callable()
  File "/home/airflow/.local/lib/python3.8/site-packages/airflow/operators/python.py", line 216, in execute_callable
    return self.python_callable(*self.op_args, **self.op_kwargs)
  File "/opt/airflow/dags/first_dag.py", line 15, in check_file
    raise FileNotFoundError("CSV file not found")
FileNotFoundError: CSV file not found
[2026-03-12T17:46:09.476+0000] {taskinstance.py:1138} INFO - Marking task as FAILED. dag_id=data_pipeline_local, task_id=check_file, execution_date=20260312T174607, start_date=20260312T174609, end_date=20260312T174609
[2026-03-12T17:46:09.495+0000] {standard_task_runner.py:107} ERROR - Failed to execute job 22 for task check_file (CSV file not found; 115)
[2026-03-12T17:46:09.520+0000] {local_task_job_runner.py:234} INFO - Task exited with return code 1
[2026-03-12T17:46:09.539+0000] {taskinstance.py:3280} INFO - 0 downstream tasks scheduled from follow-on schedule check
